T8508 000:000.420   SEGGER J-Link V8.12c Log File
T8508 000:000.513   DLL Compiled: Jan 22 2025 12:55:59
T8508 000:000.519   Logging started @ 2025-03-19 16:23
T8508 000:000.525   Process: C:\Users\a8456\.eclipse\com.renesas.platform_1309835749\DebugComp\RA\e2-server-gdb.exe
T8508 000:000.534 - 0.530ms 
T8508 000:000.544 JLINK_GetDLLVersion()
T8508 000:000.551 - 0.006ms returns 81203
T8508 000:001.877 JLINK_OpenEx(...)
T8508 000:007.318   Firmware: J-Link V9 compiled May  7 2021 16:26:12
T8508 000:007.839   Firmware: J-Link V9 compiled May  7 2021 16:26:12
T8508 000:007.947   Decompressing FW timestamp took 87 us
T8508 000:013.504   Hardware: V9.60
T8508 000:013.533   S/N: 69660718
T8508 000:013.541   OEM: SEGGER
T8508 000:013.549   Feature(s): RDI, GDB, FlashDL, FlashBP, JFlash
T8508 000:013.969   Bootloader: (FW returned invalid version)
T8508 000:014.565   TELNET listener socket opened on port 19021
T8508 000:014.690   WEBSRV WEBSRV_Init(): Starting webserver thread(s)
T8508 000:014.868   WEBSRV Webserver running on local port 19080
T8508 000:014.976   Looking for J-Link GUI Server exe at: C:\Users\a8456\.eclipse\com.renesas.platform_1309835749\DebugComp\RA\ARM\Segger_v8.12.3\JLinkGUIServer.exe
T8508 000:015.076   Looking for J-Link GUI Server exe at: C:\Program Files\SEGGER\JLink_V818\JLinkGUIServer.exe
T8508 000:015.103   Forking J-Link GUI Server: C:\Program Files\SEGGER\JLink_V818\JLinkGUIServer.exe
T8508 000:039.695   J-Link GUI Server info: "J-Link GUI server V8.18 "
T8508 000:046.262 - 44.379ms returns "O.K."
T8508 000:046.446 JLINK_TIF_Select(JLINKARM_TIF_SWD)
T8508 000:046.966 - 0.519ms returns 0x00
T8508 000:047.005 JLINK_ClrRESET()
T8508 000:047.354 - 0.348ms 
T8508 000:097.718 JLINK_SetSpeed(1500)
T8508 000:097.824 - 0.111ms 
T8508 000:097.853 JLINK_CORESIGHT_Configure(PerformTIFInit=0)
T8508 000:098.198 - 0.349ms returns 0
T8508 000:098.221 JLINK_CORESIGHT_ReadAPDPReg(DP reg 0x00)
T8508 000:098.395   Value=0x6BA02477
T8508 000:098.406 - 0.186ms returns 0
T8508 000:098.414 JLINK_CORESIGHT_WriteAPDPReg(DP reg 0x00, 0x0000001F)
T8508 000:098.569 - 0.155ms returns 0
T8508 000:098.578 JLINK_CORESIGHT_ReadAPDPReg(DP reg 0x00)
T8508 000:098.783   Value=0x6BA02477
T8508 000:098.797 - 0.219ms returns 0
T8508 000:098.807 JLINK_CORESIGHT_WriteAPDPReg(DP reg 0x02, 0x00000000)
T8508 000:098.999 - 0.192ms returns 0
T8508 000:099.010 JLINK_CORESIGHT_WriteAPDPReg(DP reg 0x01, 0x50000000)
T8508 000:099.175 - 0.165ms returns 0
T8508 000:099.213 JLINK_CORESIGHT_ReadAPDPReg(DP reg 0x01)
T8508 000:099.395   Value=0xD0000040
T8508 000:099.411 - 0.198ms returns 0
T8508 000:099.425 JLINK_CORESIGHT_ReadAPDPReg(DP reg 0x01)
T8508 000:099.626   Value=0xD0000040
T8508 000:099.635 - 0.210ms returns 0
T8508 000:099.642 JLINK_CORESIGHT_ReadAPDPReg(DP reg 0x01)
T8508 000:099.878   Value=0xD0000040
T8508 000:099.893 - 0.251ms returns 0
T8508 000:099.902 JLINK_CORESIGHT_ReadAPDPReg(DP reg 0x01)
T8508 000:100.075   Value=0xD0000040
T8508 000:100.089 - 0.186ms returns 0
T8508 000:100.097 JLINK_CORESIGHT_ReadAPDPReg(DP reg 0x01)
T8508 000:100.292   Value=0xD0000040
T8508 000:100.305 - 0.207ms returns 0
T8508 000:100.313 JLINK_CORESIGHT_ReadAPDPReg(DP reg 0x01)
T8508 000:100.484   Value=0xD0000040
T8508 000:100.499 - 0.186ms returns 0
T8508 000:100.508 JLINK_CORESIGHT_ReadAPDPReg(DP reg 0x01)
T8508 000:100.725   Value=0xD0000040
T8508 000:100.736 - 0.228ms returns 0
T8508 000:100.745 JLINK_CORESIGHT_ReadAPDPReg(DP reg 0x01)
T8508 000:100.912   Value=0xF0000040
T8508 000:100.945 - 0.200ms returns 0
T8508 000:100.960 JLINK_CORESIGHT_WriteAPDPReg(DP reg 0x00, 0x0000001F)
T8508 000:101.128 - 0.168ms returns 0
T8508 000:101.144 JLINK_CORESIGHT_ReadAPDPReg(DP reg 0x00)
T8508 000:101.339   Value=0x6BA02477
T8508 000:101.351 - 0.207ms returns 0
T8508 000:101.359 JLINK_CORESIGHT_WriteAPDPReg(DP reg 0x01, 0x54000000)
T8508 000:101.522 - 0.162ms returns 0
T8508 000:101.531 JLINK_CORESIGHT_WriteAPDPReg(DP reg 0x01, 0x50000F00)
T8508 000:101.844 - 0.313ms returns 0
T8508 000:101.857 JLINK_CORESIGHT_WriteAPDPReg(DP reg 0x02, 0x01000000)
T8508 000:102.092 - 0.234ms returns 0
T8508 000:102.121 JLINK_CORESIGHT_WriteAPDPReg(AP reg 0x00, 0x80000002)
T8508 000:102.341 - 0.219ms returns 0
T8508 000:102.361 JLINK_CORESIGHT_WriteAPDPReg(AP reg 0x01, 0x80011100)
T8508 000:102.569 - 0.208ms returns 0
T8508 000:102.591 JLINK_CORESIGHT_WriteAPDPReg(AP reg 0x03, 0x000000A5)
T8508 000:102.778 - 0.186ms returns 0
T8508 000:102.792 JLINK_CORESIGHT_WriteAPDPReg(AP reg 0x00, 0x80000002)
T8508 000:102.959 - 0.166ms returns 0
T8508 000:102.969 JLINK_CORESIGHT_WriteAPDPReg(AP reg 0x01, 0x80011100)
T8508 000:103.135 - 0.166ms returns 0
T8508 000:103.159 JLINK_CORESIGHT_ReadAPDPReg(AP reg 0x03)
T8508 000:103.397   Value=0x000000A5
T8508 000:103.413 - 0.254ms returns 0
T8508 000:103.422 JLINK_ClrTMS()
T8508 000:103.471 - 0.048ms 
T8508 000:108.640 JLINK_SetTCK()
T8508 000:108.746 - 0.105ms returns 0
T8508 000:114.629 JLINK_SetRESET()
T8508 000:114.785 - 0.156ms 
T8508 000:315.431 JLINK_CORESIGHT_WriteAPDPReg(AP reg 0x00, 0x80000002)
T8508 000:315.676 - 0.245ms returns 0
T8508 000:315.690 JLINK_CORESIGHT_WriteAPDPReg(AP reg 0x01, 0x80011100)
T8508 000:315.897 - 0.207ms returns 0
T8508 000:315.905 JLINK_CORESIGHT_ReadAPDPReg(AP reg 0x03)
T8508 000:316.137   Value=0x00000000
T8508 000:316.146 - 0.241ms returns 0
T8508 000:316.154 JLINK_CORESIGHT_WriteAPDPReg(AP reg 0x00, 0x80000002)
T8508 000:316.360 - 0.206ms returns 0
T8508 000:316.367 JLINK_CORESIGHT_WriteAPDPReg(AP reg 0x01, 0x80011140)
T8508 000:316.565 - 0.197ms returns 0
T8508 000:316.574 JLINK_CORESIGHT_ReadAPDPReg(AP reg 0x03)
T8508 000:316.773   Value=0x00000002
T8508 000:316.781 - 0.207ms returns 0
T8508 000:316.788 JLINK_CORESIGHT_WriteAPDPReg(AP reg 0x00, 0x80000002)
T8508 000:316.947 - 0.159ms returns 0
T8508 000:316.955 JLINK_CORESIGHT_WriteAPDPReg(AP reg 0x01, 0x80011120)
T8508 000:317.151 - 0.196ms returns 0
T8508 000:317.158 JLINK_CORESIGHT_WriteAPDPReg(AP reg 0x03, 0x00000055)
T8508 000:317.322 - 0.164ms returns 0
T8508 000:317.330 JLINK_CORESIGHT_WriteAPDPReg(AP reg 0x00, 0x80000002)
T8508 000:317.473 - 0.143ms returns 0
T8508 000:317.481 JLINK_CORESIGHT_WriteAPDPReg(AP reg 0x01, 0x80011140)
T8508 000:317.724 - 0.242ms returns 0
T8508 000:317.731 JLINK_CORESIGHT_ReadAPDPReg(AP reg 0x03)
T8508 000:317.948   Value=0x00000000
T8508 000:317.956 - 0.225ms returns 0
T8508 000:317.963 JLINK_CORESIGHT_WriteAPDPReg(AP reg 0x00, 0x80000002)
T8508 000:318.122 - 0.159ms returns 0
T8508 000:318.130 JLINK_CORESIGHT_WriteAPDPReg(AP reg 0x01, 0x80011130)
T8508 000:318.300 - 0.170ms returns 0
T8508 000:318.307 JLINK_CORESIGHT_ReadAPDPReg(AP reg 0x03)
T8508 000:318.522   Value=0x000000C6
T8508 000:318.532 - 0.225ms returns 0
T8508 000:318.549 JLINK_CORESIGHT_WriteAPDPReg(AP reg 0x00, 0x80000002)
T8508 000:318.724 - 0.174ms returns 0
T8508 000:318.731 JLINK_CORESIGHT_WriteAPDPReg(AP reg 0x01, 0x80011140)
T8508 000:318.872 - 0.141ms returns 0
T8508 000:318.879 JLINK_CORESIGHT_ReadAPDPReg(AP reg 0x03)
T8508 000:319.072   Value=0x00000002
T8508 000:319.081 - 0.201ms returns 0
T8508 000:319.088 JLINK_CORESIGHT_WriteAPDPReg(AP reg 0x00, 0x80000002)
T8508 000:319.247 - 0.159ms returns 0
T8508 000:319.254 JLINK_CORESIGHT_WriteAPDPReg(AP reg 0x01, 0x80011120)
T8508 000:319.397 - 0.143ms returns 0
T8508 000:319.405 JLINK_CORESIGHT_WriteAPDPReg(AP reg 0x03, 0x3A010001)
T8508 000:319.572 - 0.167ms returns 0
T8508 000:319.579 JLINK_CORESIGHT_WriteAPDPReg(AP reg 0x00, 0x80000002)
T8508 000:319.749 - 0.169ms returns 0
T8508 000:319.756 JLINK_CORESIGHT_WriteAPDPReg(AP reg 0x01, 0x80011140)
T8508 000:319.908 - 0.152ms returns 0
T8508 000:319.915 JLINK_CORESIGHT_ReadAPDPReg(AP reg 0x03)
T8508 000:320.122   Value=0x00000002
T8508 000:320.130 - 0.215ms returns 0
T8508 000:320.137 JLINK_CORESIGHT_WriteAPDPReg(AP reg 0x00, 0x80000002)
T8508 000:320.297 - 0.159ms returns 0
T8508 000:320.304 JLINK_CORESIGHT_WriteAPDPReg(AP reg 0x01, 0x80011120)
T8508 000:320.472 - 0.168ms returns 0
T8508 000:320.481 JLINK_CORESIGHT_WriteAPDPReg(AP reg 0x03, 0x000003C5)
T8508 000:320.723 - 0.242ms returns 0
T8508 000:320.733 JLINK_CORESIGHT_WriteAPDPReg(AP reg 0x00, 0x80000002)
T8508 000:320.872 - 0.139ms returns 0
T8508 000:320.880 JLINK_CORESIGHT_WriteAPDPReg(AP reg 0x01, 0x80011140)
T8508 000:321.044 - 0.164ms returns 0
T8508 000:321.052 JLINK_CORESIGHT_ReadAPDPReg(AP reg 0x03)
T8508 000:321.247   Value=0x00000002
T8508 000:321.255 - 0.203ms returns 0
T8508 000:321.262 JLINK_CORESIGHT_ReadAPDPReg(AP reg 0x03)
T8508 000:321.448   Value=0x00000002
T8508 000:321.459 - 0.196ms returns 0
T8508 000:321.466 JLINK_CORESIGHT_ReadAPDPReg(AP reg 0x03)
T8508 000:321.724   Value=0x00000002
T8508 000:321.733 - 0.266ms returns 0
T8508 000:321.740 JLINK_CORESIGHT_ReadAPDPReg(AP reg 0x03)
T8508 000:321.947   Value=0x00000002
T8508 000:321.956 - 0.216ms returns 0
T8508 000:321.962 JLINK_CORESIGHT_ReadAPDPReg(AP reg 0x03)
T8508 000:322.147   Value=0x00000002
T8508 000:322.155 - 0.193ms returns 0
T8508 000:322.162 JLINK_CORESIGHT_ReadAPDPReg(AP reg 0x03)
T8508 000:322.346   Value=0x00000000
T8508 000:322.355 - 0.192ms returns 0
T8508 000:322.362 JLINK_CORESIGHT_WriteAPDPReg(AP reg 0x00, 0x80000002)
T8508 000:322.503 - 0.141ms returns 0
T8508 000:322.511 JLINK_CORESIGHT_WriteAPDPReg(AP reg 0x01, 0x80011130)
T8508 000:322.766 - 0.254ms returns 0
T8508 000:322.775 JLINK_CORESIGHT_ReadAPDPReg(AP reg 0x03)
T8508 000:322.971   Value=0x3A2A0081
T8508 000:322.980 - 0.205ms returns 0
T8508 000:322.987 JLINK_CORESIGHT_WriteAPDPReg(AP reg 0x00, 0x80000002)
T8508 000:323.141 - 0.153ms returns 0
T8508 000:323.148 JLINK_CORESIGHT_WriteAPDPReg(AP reg 0x01, 0x80011140)
T8508 000:323.323 - 0.175ms returns 0
T8508 000:323.330 JLINK_CORESIGHT_ReadAPDPReg(AP reg 0x03)
T8508 000:323.533   Value=0x00000000
T8508 000:323.543 - 0.212ms returns 0
T8508 000:323.550 JLINK_CORESIGHT_WriteAPDPReg(AP reg 0x00, 0x80000002)
T8508 000:323.723 - 0.172ms returns 0
T8508 000:323.730 JLINK_CORESIGHT_WriteAPDPReg(AP reg 0x01, 0x80011130)
T8508 000:323.872 - 0.142ms returns 0
T8508 000:323.880 JLINK_CORESIGHT_ReadAPDPReg(AP reg 0x03)
T8508 000:324.072   Value=0x80841E00
T8508 000:324.081 - 0.201ms returns 0
T8508 000:324.088 JLINK_CORESIGHT_WriteAPDPReg(AP reg 0x00, 0x80000002)
T8508 000:324.247 - 0.159ms returns 0
T8508 000:324.254 JLINK_CORESIGHT_WriteAPDPReg(AP reg 0x01, 0x80011140)
T8508 000:324.399 - 0.144ms returns 0
T8508 000:324.415 JLINK_CORESIGHT_ReadAPDPReg(AP reg 0x03)
T8508 000:324.622   Value=0x00000000
T8508 000:324.632 - 0.218ms returns 0
T8508 000:324.640 JLINK_CORESIGHT_WriteAPDPReg(AP reg 0x00, 0x80000002)
T8508 000:324.859 - 0.219ms returns 0
T8508 000:324.867 JLINK_CORESIGHT_WriteAPDPReg(AP reg 0x01, 0x80011130)
T8508 000:325.027 - 0.160ms returns 0
T8508 000:325.034 JLINK_CORESIGHT_ReadAPDPReg(AP reg 0x03)
T8508 000:325.269   Value=0x000D0803
T8508 000:325.277 - 0.243ms returns 0
T8508 000:325.284 JLINK_CORESIGHT_WriteAPDPReg(AP reg 0x00, 0x80000002)
T8508 000:325.442 - 0.157ms returns 0
T8508 000:325.450 JLINK_CORESIGHT_WriteAPDPReg(AP reg 0x01, 0x80011140)
T8508 000:325.596 - 0.145ms returns 0
T8508 000:325.604 JLINK_CORESIGHT_ReadAPDPReg(AP reg 0x03)
T8508 000:325.858   Value=0x00000000
T8508 000:325.890 - 0.286ms returns 0
T8508 000:325.905 JLINK_CORESIGHT_WriteAPDPReg(AP reg 0x00, 0x80000002)
T8508 000:326.091 - 0.185ms returns 0
T8508 000:326.117 JLINK_CORESIGHT_WriteAPDPReg(AP reg 0x01, 0x80011130)
T8508 000:326.351 - 0.234ms returns 0
T8508 000:326.378 JLINK_CORESIGHT_ReadAPDPReg(AP reg 0x03)
T8508 000:326.729   Value=0x31574B02
T8508 000:326.763 - 0.384ms returns 0
T8508 000:326.777 JLINK_CORESIGHT_WriteAPDPReg(AP reg 0x00, 0x80000002)
T8508 000:327.027 - 0.249ms returns 0
T8508 000:327.046 JLINK_CORESIGHT_WriteAPDPReg(AP reg 0x01, 0x80011140)
T8508 000:327.218 - 0.171ms returns 0
T8508 000:327.235 JLINK_CORESIGHT_ReadAPDPReg(AP reg 0x03)
T8508 000:327.450   Value=0x00000000
T8508 000:327.491 - 0.255ms returns 0
T8508 000:327.523 JLINK_CORESIGHT_WriteAPDPReg(AP reg 0x00, 0x80000002)
T8508 000:327.728 - 0.204ms returns 0
T8508 000:327.758 JLINK_CORESIGHT_WriteAPDPReg(AP reg 0x01, 0x80011130)
T8508 000:327.946 - 0.187ms returns 0
T8508 000:327.964 JLINK_CORESIGHT_ReadAPDPReg(AP reg 0x03)
T8508 000:328.209   Value=0x333A7674
T8508 000:328.218 - 0.254ms returns 0
T8508 000:328.225 JLINK_CORESIGHT_WriteAPDPReg(AP reg 0x00, 0x80000002)
T8508 000:328.422 - 0.196ms returns 0
T8508 000:328.438 JLINK_CORESIGHT_WriteAPDPReg(AP reg 0x01, 0x80011140)
T8508 000:328.609 - 0.171ms returns 0
T8508 000:328.618 JLINK_CORESIGHT_ReadAPDPReg(AP reg 0x03)
T8508 000:328.918   Value=0x00000000
T8508 000:328.933 - 0.315ms returns 0
T8508 000:328.942 JLINK_CORESIGHT_WriteAPDPReg(AP reg 0x00, 0x80000002)
T8508 000:329.102 - 0.159ms returns 0
T8508 000:329.127 JLINK_CORESIGHT_WriteAPDPReg(AP reg 0x01, 0x80011130)
T8508 000:329.332 - 0.205ms returns 0
T8508 000:329.344 JLINK_CORESIGHT_ReadAPDPReg(AP reg 0x03)
T8508 000:329.589   Value=0x30383334
T8508 000:329.601 - 0.256ms returns 0
T8508 000:329.618 JLINK_CORESIGHT_WriteAPDPReg(AP reg 0x00, 0x80000002)
T8508 000:329.853 - 0.234ms returns 0
T8508 000:329.879 JLINK_CORESIGHT_WriteAPDPReg(AP reg 0x01, 0x80011140)
T8508 000:330.090 - 0.211ms returns 0
T8508 000:330.107 JLINK_CORESIGHT_ReadAPDPReg(AP reg 0x03)
T8508 000:330.334   Value=0x00000000
T8508 000:330.344 - 0.236ms returns 0
T8508 000:330.353 JLINK_CORESIGHT_WriteAPDPReg(AP reg 0x00, 0x80000002)
T8508 000:330.511 - 0.158ms returns 0
T8508 000:330.519 JLINK_CORESIGHT_WriteAPDPReg(AP reg 0x01, 0x80011130)
T8508 000:330.722 - 0.203ms returns 0
T8508 000:330.731 JLINK_CORESIGHT_ReadAPDPReg(AP reg 0x03)
T8508 000:330.939   Value=0x11103130
T8508 000:330.947 - 0.216ms returns 0
T8508 000:330.955 JLINK_CORESIGHT_WriteAPDPReg(AP reg 0x00, 0x80000002)
T8508 000:331.104 - 0.148ms returns 0
T8508 000:331.113 JLINK_CORESIGHT_WriteAPDPReg(AP reg 0x01, 0x80011140)
T8508 000:331.277 - 0.163ms returns 0
T8508 000:331.285 JLINK_CORESIGHT_ReadAPDPReg(AP reg 0x03)
T8508 000:331.508   Value=0x00000000
T8508 000:331.524 - 0.238ms returns 0
T8508 000:331.534 JLINK_CORESIGHT_WriteAPDPReg(AP reg 0x00, 0x80000002)
T8508 000:331.723 - 0.189ms returns 0
T8508 000:331.732 JLINK_CORESIGHT_WriteAPDPReg(AP reg 0x01, 0x80011130)
T8508 000:331.897 - 0.166ms returns 0
T8508 000:331.906 JLINK_CORESIGHT_ReadAPDPReg(AP reg 0x03)
T8508 000:332.105   Value=0x4637520E
T8508 000:332.115 - 0.209ms returns 0
T8508 000:332.123 JLINK_CORESIGHT_WriteAPDPReg(AP reg 0x00, 0x80000002)
T8508 000:332.281 - 0.158ms returns 0
T8508 000:332.289 JLINK_CORESIGHT_WriteAPDPReg(AP reg 0x01, 0x80011140)
T8508 000:332.444 - 0.155ms returns 0
T8508 000:332.453 JLINK_CORESIGHT_ReadAPDPReg(AP reg 0x03)
T8508 000:332.734   Value=0x00000000
T8508 000:332.745 - 0.291ms returns 0
T8508 000:332.753 JLINK_CORESIGHT_WriteAPDPReg(AP reg 0x00, 0x80000002)
T8508 000:332.930 - 0.176ms returns 0
T8508 000:332.942 JLINK_CORESIGHT_WriteAPDPReg(AP reg 0x01, 0x80011130)
T8508 000:333.096 - 0.154ms returns 0
T8508 000:333.106 JLINK_CORESIGHT_ReadAPDPReg(AP reg 0x03)
T8508 000:333.318   Value=0x314C3441
T8508 000:333.327 - 0.220ms returns 0
T8508 000:333.334 JLINK_CORESIGHT_WriteAPDPReg(AP reg 0x00, 0x80000002)
T8508 000:333.502 - 0.167ms returns 0
T8508 000:333.510 JLINK_CORESIGHT_WriteAPDPReg(AP reg 0x01, 0x80011140)
T8508 000:333.738 - 0.228ms returns 0
T8508 000:333.749 JLINK_CORESIGHT_ReadAPDPReg(AP reg 0x03)
T8508 000:333.972   Value=0x00000000
T8508 000:333.981 - 0.231ms returns 0
T8508 000:333.988 JLINK_CORESIGHT_WriteAPDPReg(AP reg 0x00, 0x80000002)
T8508 000:334.153 - 0.164ms returns 0
T8508 000:334.163 JLINK_CORESIGHT_WriteAPDPReg(AP reg 0x01, 0x80011130)
T8508 000:334.318 - 0.154ms returns 0
T8508 000:334.326 JLINK_CORESIGHT_ReadAPDPReg(AP reg 0x03)
T8508 000:334.533   Value=0x43344442
T8508 000:334.559 - 0.232ms returns 0
T8508 000:334.578 JLINK_CORESIGHT_WriteAPDPReg(AP reg 0x00, 0x80000002)
T8508 000:334.757 - 0.178ms returns 0
T8508 000:334.766 JLINK_CORESIGHT_WriteAPDPReg(AP reg 0x01, 0x80011140)
T8508 000:334.920 - 0.154ms returns 0
T8508 000:334.933 JLINK_CORESIGHT_ReadAPDPReg(AP reg 0x03)
T8508 000:335.188   Value=0x00000000
T8508 000:335.197 - 0.264ms returns 0
T8508 000:335.206 JLINK_CORESIGHT_WriteAPDPReg(AP reg 0x00, 0x80000002)
T8508 000:335.358 - 0.152ms returns 0
T8508 000:335.366 JLINK_CORESIGHT_WriteAPDPReg(AP reg 0x01, 0x80011130)
T8508 000:335.519 - 0.153ms returns 0
T8508 000:335.527 JLINK_CORESIGHT_ReadAPDPReg(AP reg 0x03)
T8508 000:335.723   Value=0x20205046
T8508 000:335.731 - 0.203ms returns 0
T8508 000:335.738 JLINK_CORESIGHT_WriteAPDPReg(AP reg 0x00, 0x80000002)
T8508 000:335.894 - 0.156ms returns 0
T8508 000:335.902 JLINK_CORESIGHT_WriteAPDPReg(AP reg 0x01, 0x80011140)
T8508 000:336.067 - 0.165ms returns 0
T8508 000:336.077 JLINK_CORESIGHT_ReadAPDPReg(AP reg 0x03)
T8508 000:336.270   Value=0x00000000
T8508 000:336.278 - 0.201ms returns 0
T8508 000:336.286 JLINK_CORESIGHT_WriteAPDPReg(AP reg 0x00, 0x80000002)
T8508 000:336.441 - 0.155ms returns 0
T8508 000:336.449 JLINK_CORESIGHT_WriteAPDPReg(AP reg 0x01, 0x80011130)
T8508 000:336.596 - 0.147ms returns 0
T8508 000:336.604 JLINK_CORESIGHT_ReadAPDPReg(AP reg 0x03)
T8508 000:336.822   Value=0x00032320
T8508 000:336.830 - 0.226ms returns 0
T8508 000:336.896 JLINK_CORESIGHT_WriteAPDPReg(AP reg 0x00, 0x80000002)
T8508 000:337.048 - 0.152ms returns 0
T8508 000:337.056 JLINK_CORESIGHT_WriteAPDPReg(AP reg 0x01, 0x80011140)
T8508 000:337.221 - 0.165ms returns 0
T8508 000:337.228 JLINK_CORESIGHT_ReadAPDPReg(AP reg 0x03)
T8508 000:337.441   Value=0x00000002
T8508 000:337.450 - 0.221ms returns 0
T8508 000:337.456 JLINK_CORESIGHT_WriteAPDPReg(AP reg 0x00, 0x80000002)
T8508 000:337.596 - 0.139ms returns 0
T8508 000:337.603 JLINK_CORESIGHT_WriteAPDPReg(AP reg 0x01, 0x80011120)
T8508 000:337.778 - 0.174ms returns 0
T8508 000:337.785 JLINK_CORESIGHT_WriteAPDPReg(AP reg 0x03, 0x2C010001)
T8508 000:337.971 - 0.186ms returns 0
T8508 000:337.979 JLINK_CORESIGHT_WriteAPDPReg(AP reg 0x00, 0x80000002)
T8508 000:338.149 - 0.170ms returns 0
T8508 000:338.158 JLINK_CORESIGHT_WriteAPDPReg(AP reg 0x01, 0x80011140)
T8508 000:338.320 - 0.162ms returns 0
T8508 000:338.328 JLINK_CORESIGHT_ReadAPDPReg(AP reg 0x03)
T8508 000:338.587   Value=0x00000002
T8508 000:338.596 - 0.268ms returns 0
T8508 000:338.603 JLINK_CORESIGHT_WriteAPDPReg(AP reg 0x00, 0x80000002)
T8508 000:338.772 - 0.169ms returns 0
T8508 000:338.779 JLINK_CORESIGHT_WriteAPDPReg(AP reg 0x01, 0x80011120)
T8508 000:338.943 - 0.164ms returns 0
T8508 000:338.950 JLINK_CORESIGHT_WriteAPDPReg(AP reg 0x03, 0x000003D3)
T8508 000:339.097 - 0.146ms returns 0
T8508 000:339.106 JLINK_CORESIGHT_WriteAPDPReg(AP reg 0x00, 0x80000002)
T8508 000:339.274 - 0.168ms returns 0
T8508 000:339.282 JLINK_CORESIGHT_WriteAPDPReg(AP reg 0x01, 0x80011140)
T8508 000:339.445 - 0.163ms returns 0
T8508 000:339.453 JLINK_CORESIGHT_ReadAPDPReg(AP reg 0x03)
T8508 000:339.723   Value=0x00000000
T8508 000:339.731 - 0.278ms returns 0
T8508 000:339.738 JLINK_CORESIGHT_WriteAPDPReg(AP reg 0x00, 0x80000002)
T8508 000:339.905 - 0.167ms returns 0
T8508 000:339.913 JLINK_CORESIGHT_WriteAPDPReg(AP reg 0x01, 0x80011130)
T8508 000:340.097 - 0.184ms returns 0
T8508 000:340.105 JLINK_CORESIGHT_ReadAPDPReg(AP reg 0x03)
T8508 000:340.316   Value=0x2C020081
T8508 000:340.325 - 0.219ms returns 0
T8508 000:340.332 JLINK_CORESIGHT_WriteAPDPReg(AP reg 0x00, 0x80000002)
T8508 000:340.472 - 0.140ms returns 0
T8508 000:340.479 JLINK_CORESIGHT_WriteAPDPReg(AP reg 0x01, 0x80011140)
T8508 000:340.648 - 0.168ms returns 0
T8508 000:340.655 JLINK_CORESIGHT_ReadAPDPReg(AP reg 0x03)
T8508 000:340.915   Value=0x00000000
T8508 000:340.923 - 0.268ms returns 0
T8508 000:340.930 JLINK_CORESIGHT_WriteAPDPReg(AP reg 0x00, 0x80000002)
T8508 000:341.087 - 0.157ms returns 0
T8508 000:341.095 JLINK_CORESIGHT_WriteAPDPReg(AP reg 0x01, 0x80011130)
T8508 000:341.266 - 0.171ms returns 0
T8508 000:341.273 JLINK_CORESIGHT_ReadAPDPReg(AP reg 0x03)
T8508 000:341.485   Value=0x0003D002
T8508 000:341.493 - 0.219ms returns 0
T8508 000:341.502 JLINK_CORESIGHT_WriteAPDPReg(AP reg 0x00, 0x80000002)
T8508 000:341.730 - 0.228ms returns 0
T8508 000:341.738 JLINK_CORESIGHT_WriteAPDPReg(AP reg 0x01, 0x80011140)
T8508 000:341.900 - 0.162ms returns 0
T8508 000:341.907 JLINK_CORESIGHT_ReadAPDPReg(AP reg 0x03)
T8508 000:342.097   Value=0x00000002
T8508 000:342.107 - 0.199ms returns 0
T8508 000:342.114 JLINK_CORESIGHT_WriteAPDPReg(AP reg 0x00, 0x80000002)
T8508 000:342.274 - 0.159ms returns 0
T8508 000:342.281 JLINK_CORESIGHT_WriteAPDPReg(AP reg 0x01, 0x80011120)
T8508 000:342.455 - 0.173ms returns 0
T8508 000:342.468 JLINK_CORESIGHT_WriteAPDPReg(AP reg 0x03, 0x4F010001)
T8508 000:342.727 - 0.258ms returns 0
T8508 000:342.741 JLINK_CORESIGHT_WriteAPDPReg(AP reg 0x00, 0x80000002)
T8508 000:342.964 - 0.223ms returns 0
T8508 000:342.974 JLINK_CORESIGHT_WriteAPDPReg(AP reg 0x01, 0x80011140)
T8508 000:343.277 - 0.301ms returns 0
T8508 000:343.305 JLINK_CORESIGHT_ReadAPDPReg(AP reg 0x03)
T8508 000:343.549   Value=0x00000002
T8508 000:343.576 - 0.270ms returns 0
T8508 000:343.604 JLINK_CORESIGHT_WriteAPDPReg(AP reg 0x00, 0x80000002)
T8508 000:343.878 - 0.274ms returns 0
T8508 000:343.922 JLINK_CORESIGHT_WriteAPDPReg(AP reg 0x01, 0x80011120)
T8508 000:344.154 - 0.231ms returns 0
T8508 000:344.176 JLINK_CORESIGHT_WriteAPDPReg(AP reg 0x03, 0x000003B0)
T8508 000:344.376 - 0.200ms returns 0
T8508 000:344.391 JLINK_CORESIGHT_WriteAPDPReg(AP reg 0x00, 0x80000002)
T8508 000:344.576 - 0.184ms returns 0
T8508 000:344.602 JLINK_CORESIGHT_WriteAPDPReg(AP reg 0x01, 0x80011140)
T8508 000:344.863 - 0.260ms returns 0
T8508 000:344.874 JLINK_CORESIGHT_ReadAPDPReg(AP reg 0x03)
T8508 000:345.155   Value=0x00000000
T8508 000:345.170 - 0.295ms returns 0
T8508 000:345.179 JLINK_CORESIGHT_WriteAPDPReg(AP reg 0x00, 0x80000002)
T8508 000:345.375 - 0.196ms returns 0
T8508 000:345.387 JLINK_CORESIGHT_WriteAPDPReg(AP reg 0x01, 0x80011130)
T8508 000:345.552 - 0.164ms returns 0
T8508 000:345.561 JLINK_CORESIGHT_ReadAPDPReg(AP reg 0x03)
T8508 000:345.777   Value=0x4F0B0081
T8508 000:345.795 - 0.234ms returns 0
T8508 000:345.805 JLINK_CORESIGHT_WriteAPDPReg(AP reg 0x00, 0x80000002)
T8508 000:345.972 - 0.167ms returns 0
T8508 000:345.981 JLINK_CORESIGHT_WriteAPDPReg(AP reg 0x01, 0x80011140)
T8508 000:346.170 - 0.189ms returns 0
T8508 000:346.180 JLINK_CORESIGHT_ReadAPDPReg(AP reg 0x03)
T8508 000:346.372   Value=0x00000000
T8508 000:346.381 - 0.201ms returns 0
T8508 000:346.388 JLINK_CORESIGHT_WriteAPDPReg(AP reg 0x00, 0x80000002)
T8508 000:346.546 - 0.157ms returns 0
T8508 000:346.553 JLINK_CORESIGHT_WriteAPDPReg(AP reg 0x01, 0x80011130)
T8508 000:346.723 - 0.170ms returns 0
T8508 000:346.730 JLINK_CORESIGHT_ReadAPDPReg(AP reg 0x03)
T8508 000:346.967   Value=0x20000B00
T8508 000:346.978 - 0.248ms returns 0
T8508 000:346.987 JLINK_CORESIGHT_WriteAPDPReg(AP reg 0x00, 0x80000002)
T8508 000:347.143 - 0.155ms returns 0
T8508 000:347.156 JLINK_CORESIGHT_WriteAPDPReg(AP reg 0x01, 0x80011140)
T8508 000:347.323 - 0.167ms returns 0
T8508 000:347.333 JLINK_CORESIGHT_ReadAPDPReg(AP reg 0x03)
T8508 000:347.572   Value=0x00000000
T8508 000:347.581 - 0.248ms returns 0
T8508 000:347.588 JLINK_CORESIGHT_WriteAPDPReg(AP reg 0x00, 0x80000002)
T8508 000:347.748 - 0.160ms returns 0
T8508 000:347.756 JLINK_CORESIGHT_WriteAPDPReg(AP reg 0x01, 0x80011130)
T8508 000:347.908 - 0.152ms returns 0
T8508 000:347.915 JLINK_CORESIGHT_ReadAPDPReg(AP reg 0x03)
T8508 000:348.125   Value=0x03000000
T8508 000:348.140 - 0.224ms returns 0
T8508 000:348.148 JLINK_CORESIGHT_WriteAPDPReg(AP reg 0x00, 0x80000002)
T8508 000:348.323 - 0.175ms returns 0
T8508 000:348.334 JLINK_CORESIGHT_WriteAPDPReg(AP reg 0x01, 0x80011140)
T8508 000:348.497 - 0.163ms returns 0
T8508 000:348.505 JLINK_CORESIGHT_ReadAPDPReg(AP reg 0x03)
T8508 000:348.723   Value=0x00000000
T8508 000:348.732 - 0.226ms returns 0
T8508 000:348.738 JLINK_CORESIGHT_WriteAPDPReg(AP reg 0x00, 0x80000002)
T8508 000:348.903 - 0.163ms returns 0
T8508 000:348.926 JLINK_CORESIGHT_WriteAPDPReg(AP reg 0x01, 0x80011130)
T8508 000:349.097 - 0.171ms returns 0
T8508 000:349.112 JLINK_CORESIGHT_ReadAPDPReg(AP reg 0x03)
T8508 000:349.322   Value=0x03700800
T8508 000:349.331 - 0.218ms returns 0
T8508 000:349.401 JLINK_CORESIGHT_ReadAPDPReg(DP reg 0x01)
T8508 000:349.572   Value=0xF0000F40
T8508 000:349.580 - 0.179ms returns 0
T8508 000:349.587 JLINK_CORESIGHT_WriteAPDPReg(DP reg 0x01, 0xA0000F40)
T8508 000:349.778 - 0.191ms returns 0
T8508 000:349.791 JLINK_CORESIGHT_ReadAPDPReg(DP reg 0x01)
T8508 000:349.976   Value=0x00000F40
T8508 000:350.010 - 0.219ms returns 0
T8508 000:350.025 JLINK_ClrRESET()
T8508 000:350.428 - 0.402ms 
T8508 000:457.923 JLINK_Close()
T8508 000:461.608 - 3.682ms
T8508 000:461.649   
T8508 000:461.661   Closed
