T0724 000:000.787   SEGGER J-Link V8.12c Log File
T0724 000:000.905   DLL Compiled: Jan 22 2025 12:55:59
T0724 000:000.919   Logging started @ 2025-03-19 13:19
T0724 000:000.933   Process: C:\Users\a8456\.eclipse\com.renesas.platform_1309835749\DebugComp\RA\e2-server-gdb.exe
T0724 000:000.949 - 0.946ms 
T0724 000:000.969 JLINK_GetDLLVersion()
T0724 000:000.984 - 0.015ms returns 81203
T0724 000:002.513 JLINK_OpenEx(...)
T0724 000:008.428   Firmware: J-Link V9 compiled May  7 2021 16:26:12
T0724 000:008.921   Firmware: J-Link V9 compiled May  7 2021 16:26:12
T0724 000:009.072   Decompressing FW timestamp took 98 us
T0724 000:014.569   Hardware: V9.60
T0724 000:014.663   S/N: 69660718
T0724 000:014.706   OEM: SEGGER
T0724 000:014.969   Feature(s): RDI, GDB, FlashDL, FlashBP, JFlash
T0724 000:015.390   Bootloader: (FW returned invalid version)
T0724 000:016.005   TELNET listener socket opened on port 19021
T0724 000:016.116   WEBSRV WEBSRV_Init(): Starting webserver thread(s)
T0724 000:016.326   WEBSRV Webserver running on local port 19080
T0724 000:016.430   Looking for J-Link GUI Server exe at: C:\Users\a8456\.eclipse\com.renesas.platform_1309835749\DebugComp\RA\ARM\Segger_v8.12.3\JLinkGUIServer.exe
T0724 000:016.540   Looking for J-Link GUI Server exe at: C:\Program Files\SEGGER\JLink_V818\JLinkGUIServer.exe
T0724 000:016.572   Forking J-Link GUI Server: C:\Program Files\SEGGER\JLink_V818\JLinkGUIServer.exe
T0724 000:038.473   J-Link GUI Server info: "J-Link GUI server V8.18 "
T0724 000:042.233 - 39.713ms returns "O.K."
T0724 000:042.327 JLINK_TIF_Select(JLINKARM_TIF_SWD)
T0724 000:042.776 - 0.454ms returns 0x00
T0724 000:042.797 JLINK_ClrRESET()
T0724 000:043.216 - 0.419ms 
T0724 000:094.238 JLINK_SetSpeed(1500)
T0724 000:094.459 - 0.228ms 
T0724 000:094.493 JLINK_CORESIGHT_Configure(PerformTIFInit=0)
T0724 000:094.837 - 0.345ms returns 0
T0724 000:094.850 JLINK_CORESIGHT_ReadAPDPReg(DP reg 0x00)
T0724 000:095.219   Value=0x6BA02477
T0724 000:095.244 - 0.396ms returns 0
T0724 000:095.251 JLINK_CORESIGHT_WriteAPDPReg(DP reg 0x00, 0x0000001F)
T0724 000:095.411 - 0.160ms returns 0
T0724 000:095.419 JLINK_CORESIGHT_ReadAPDPReg(DP reg 0x00)
T0724 000:095.578   Value=0x6BA02477
T0724 000:095.587 - 0.168ms returns 0
T0724 000:095.594 JLINK_CORESIGHT_WriteAPDPReg(DP reg 0x02, 0x00000000)
T0724 000:095.760 - 0.166ms returns 0
T0724 000:095.768 JLINK_CORESIGHT_WriteAPDPReg(DP reg 0x01, 0x50000000)
T0724 000:095.934 - 0.166ms returns 0
T0724 000:095.957 JLINK_CORESIGHT_ReadAPDPReg(DP reg 0x01)
T0724 000:096.114   Value=0xD0000040
T0724 000:096.129 - 0.172ms returns 0
T0724 000:096.142 JLINK_CORESIGHT_ReadAPDPReg(DP reg 0x01)
T0724 000:096.351   Value=0xD0000040
T0724 000:096.361 - 0.219ms returns 0
T0724 000:096.369 JLINK_CORESIGHT_ReadAPDPReg(DP reg 0x01)
T0724 000:096.529   Value=0xD0000040
T0724 000:096.540 - 0.170ms returns 0
T0724 000:096.548 JLINK_CORESIGHT_ReadAPDPReg(DP reg 0x01)
T0724 000:096.708   Value=0xD0000040
T0724 000:096.732 - 0.184ms returns 0
T0724 000:096.747 JLINK_CORESIGHT_ReadAPDPReg(DP reg 0x01)
T0724 000:096.929   Value=0xD0000040
T0724 000:096.942 - 0.195ms returns 0
T0724 000:096.950 JLINK_CORESIGHT_ReadAPDPReg(DP reg 0x01)
T0724 000:097.135   Value=0xD0000040
T0724 000:097.144 - 0.194ms returns 0
T0724 000:097.151 JLINK_CORESIGHT_ReadAPDPReg(DP reg 0x01)
T0724 000:097.362   Value=0xD0000040
T0724 000:097.373 - 0.222ms returns 0
T0724 000:097.380 JLINK_CORESIGHT_ReadAPDPReg(DP reg 0x01)
T0724 000:097.534   Value=0xF0000040
T0724 000:097.543 - 0.162ms returns 0
T0724 000:097.550 JLINK_CORESIGHT_WriteAPDPReg(DP reg 0x00, 0x0000001F)
T0724 000:097.706 - 0.155ms returns 0
T0724 000:097.722 JLINK_CORESIGHT_ReadAPDPReg(DP reg 0x00)
T0724 000:097.938   Value=0x6BA02477
T0724 000:097.949 - 0.227ms returns 0
T0724 000:097.957 JLINK_CORESIGHT_WriteAPDPReg(DP reg 0x01, 0x54000000)
T0724 000:098.114 - 0.157ms returns 0
T0724 000:098.122 JLINK_CORESIGHT_WriteAPDPReg(DP reg 0x01, 0x50000F00)
T0724 000:098.369 - 0.246ms returns 0
T0724 000:098.393 JLINK_CORESIGHT_WriteAPDPReg(DP reg 0x02, 0x01000000)
T0724 000:098.692 - 0.297ms returns 0
T0724 000:098.723 JLINK_CORESIGHT_WriteAPDPReg(AP reg 0x00, 0x80000002)
T0724 000:098.922 - 0.199ms returns 0
T0724 000:098.939 JLINK_CORESIGHT_WriteAPDPReg(AP reg 0x01, 0x80011100)
T0724 000:099.130 - 0.190ms returns 0
T0724 000:099.152 JLINK_CORESIGHT_WriteAPDPReg(AP reg 0x03, 0x000000A5)
T0724 000:099.352 - 0.199ms returns 0
T0724 000:099.366 JLINK_CORESIGHT_WriteAPDPReg(AP reg 0x00, 0x80000002)
T0724 000:099.529 - 0.162ms returns 0
T0724 000:099.538 JLINK_CORESIGHT_WriteAPDPReg(AP reg 0x01, 0x80011100)
T0724 000:099.701 - 0.163ms returns 0
T0724 000:099.710 JLINK_CORESIGHT_ReadAPDPReg(AP reg 0x03)
T0724 000:099.916   Value=0x000000A5
T0724 000:099.925 - 0.215ms returns 0
T0724 000:099.932 JLINK_ClrTMS()
T0724 000:099.974 - 0.042ms 
T0724 000:105.178 JLINK_SetTCK()
T0724 000:105.228 - 0.049ms returns 0
T0724 000:111.159 JLINK_SetRESET()
T0724 000:111.262 - 0.102ms 
T0724 000:311.632 JLINK_CORESIGHT_WriteAPDPReg(AP reg 0x00, 0x80000002)
T0724 000:312.014 - 0.382ms returns 0
T0724 000:312.047 JLINK_CORESIGHT_WriteAPDPReg(AP reg 0x01, 0x80011100)
T0724 000:312.277 - 0.229ms returns 0
T0724 000:312.293 JLINK_CORESIGHT_ReadAPDPReg(AP reg 0x03)
T0724 000:312.578   Value=0x00000000
T0724 000:312.607 - 0.313ms returns 0
T0724 000:312.623 JLINK_CORESIGHT_WriteAPDPReg(AP reg 0x00, 0x80000002)
T0724 000:312.880 - 0.258ms returns 0
T0724 000:312.896 JLINK_CORESIGHT_WriteAPDPReg(AP reg 0x01, 0x80011140)
T0724 000:313.103 - 0.207ms returns 0
T0724 000:313.118 JLINK_CORESIGHT_ReadAPDPReg(AP reg 0x03)
T0724 000:313.398   Value=0x00000002
T0724 000:313.429 - 0.311ms returns 0
T0724 000:313.445 JLINK_CORESIGHT_WriteAPDPReg(AP reg 0x00, 0x80000002)
T0724 000:313.877 - 0.432ms returns 0
T0724 000:314.330 JLINK_CORESIGHT_WriteAPDPReg(AP reg 0x01, 0x80011120)
T0724 000:314.527 - 0.196ms returns 0
T0724 000:314.555 JLINK_CORESIGHT_WriteAPDPReg(AP reg 0x03, 0x00000055)
T0724 000:314.744 - 0.189ms returns 0
T0724 000:314.767 JLINK_CORESIGHT_WriteAPDPReg(AP reg 0x00, 0x80000002)
T0724 000:314.956 - 0.188ms returns 0
T0724 000:314.975 JLINK_CORESIGHT_WriteAPDPReg(AP reg 0x01, 0x80011140)
T0724 000:315.146 - 0.170ms returns 0
T0724 000:315.172 JLINK_CORESIGHT_ReadAPDPReg(AP reg 0x03)
T0724 000:315.443   Value=0x00000000
T0724 000:315.467 - 0.294ms returns 0
T0724 000:315.483 JLINK_CORESIGHT_WriteAPDPReg(AP reg 0x00, 0x80000002)
T0724 000:315.670 - 0.187ms returns 0
T0724 000:315.684 JLINK_CORESIGHT_WriteAPDPReg(AP reg 0x01, 0x80011130)
T0724 000:315.840 - 0.155ms returns 0
T0724 000:315.854 JLINK_CORESIGHT_ReadAPDPReg(AP reg 0x03)
T0724 000:316.066   Value=0x000000C6
T0724 000:316.082 - 0.228ms returns 0
T0724 000:316.108 JLINK_CORESIGHT_WriteAPDPReg(AP reg 0x00, 0x80000002)
T0724 000:316.353 - 0.244ms returns 0
T0724 000:316.367 JLINK_CORESIGHT_WriteAPDPReg(AP reg 0x01, 0x80011140)
T0724 000:316.546 - 0.178ms returns 0
T0724 000:316.566 JLINK_CORESIGHT_ReadAPDPReg(AP reg 0x03)
T0724 000:316.816   Value=0x00000002
T0724 000:316.833 - 0.266ms returns 0
T0724 000:316.846 JLINK_CORESIGHT_WriteAPDPReg(AP reg 0x00, 0x80000002)
T0724 000:317.015 - 0.169ms returns 0
T0724 000:317.029 JLINK_CORESIGHT_WriteAPDPReg(AP reg 0x01, 0x80011120)
T0724 000:317.216 - 0.186ms returns 0
T0724 000:317.230 JLINK_CORESIGHT_WriteAPDPReg(AP reg 0x03, 0x3A010001)
T0724 000:317.401 - 0.171ms returns 0
T0724 000:317.416 JLINK_CORESIGHT_WriteAPDPReg(AP reg 0x00, 0x80000002)
T0724 000:317.590 - 0.173ms returns 0
T0724 000:317.606 JLINK_CORESIGHT_WriteAPDPReg(AP reg 0x01, 0x80011140)
T0724 000:317.784 - 0.178ms returns 0
T0724 000:317.792 JLINK_CORESIGHT_ReadAPDPReg(AP reg 0x03)
T0724 000:317.987   Value=0x00000002
T0724 000:317.996 - 0.203ms returns 0
T0724 000:318.003 JLINK_CORESIGHT_WriteAPDPReg(AP reg 0x00, 0x80000002)
T0724 000:318.213 - 0.210ms returns 0
T0724 000:318.220 JLINK_CORESIGHT_WriteAPDPReg(AP reg 0x01, 0x80011120)
T0724 000:318.393 - 0.172ms returns 0
T0724 000:318.415 JLINK_CORESIGHT_WriteAPDPReg(AP reg 0x03, 0x000003C5)
T0724 000:318.675 - 0.260ms returns 0
T0724 000:318.699 JLINK_CORESIGHT_WriteAPDPReg(AP reg 0x00, 0x80000002)
T0724 000:318.867 - 0.167ms returns 0
T0724 000:318.883 JLINK_CORESIGHT_WriteAPDPReg(AP reg 0x01, 0x80011140)
T0724 000:319.065 - 0.181ms returns 0
T0724 000:319.080 JLINK_CORESIGHT_ReadAPDPReg(AP reg 0x03)
T0724 000:319.297   Value=0x00000002
T0724 000:319.307 - 0.227ms returns 0
T0724 000:319.315 JLINK_CORESIGHT_ReadAPDPReg(AP reg 0x03)
T0724 000:319.512   Value=0x00000002
T0724 000:319.522 - 0.207ms returns 0
T0724 000:319.530 JLINK_CORESIGHT_ReadAPDPReg(AP reg 0x03)
T0724 000:319.712   Value=0x00000000
T0724 000:319.720 - 0.190ms returns 0
T0724 000:319.727 JLINK_CORESIGHT_WriteAPDPReg(AP reg 0x00, 0x80000002)
T0724 000:319.881 - 0.154ms returns 0
T0724 000:319.888 JLINK_CORESIGHT_WriteAPDPReg(AP reg 0x01, 0x80011130)
T0724 000:320.063 - 0.175ms returns 0
T0724 000:320.071 JLINK_CORESIGHT_ReadAPDPReg(AP reg 0x03)
T0724 000:320.264   Value=0x3A2A0081
T0724 000:320.272 - 0.201ms returns 0
T0724 000:320.279 JLINK_CORESIGHT_WriteAPDPReg(AP reg 0x00, 0x80000002)
T0724 000:320.465 - 0.186ms returns 0
T0724 000:320.487 JLINK_CORESIGHT_WriteAPDPReg(AP reg 0x01, 0x80011140)
T0724 000:320.665 - 0.178ms returns 0
T0724 000:320.680 JLINK_CORESIGHT_ReadAPDPReg(AP reg 0x03)
T0724 000:320.890   Value=0x00000000
T0724 000:320.907 - 0.226ms returns 0
T0724 000:320.920 JLINK_CORESIGHT_WriteAPDPReg(AP reg 0x00, 0x80000002)
T0724 000:321.089 - 0.170ms returns 0
T0724 000:321.104 JLINK_CORESIGHT_WriteAPDPReg(AP reg 0x01, 0x80011130)
T0724 000:321.341 - 0.237ms returns 0
T0724 000:321.363 JLINK_CORESIGHT_ReadAPDPReg(AP reg 0x03)
T0724 000:321.609   Value=0x80841E00
T0724 000:321.630 - 0.267ms returns 0
T0724 000:321.640 JLINK_CORESIGHT_WriteAPDPReg(AP reg 0x00, 0x80000002)
T0724 000:321.813 - 0.173ms returns 0
T0724 000:321.820 JLINK_CORESIGHT_WriteAPDPReg(AP reg 0x01, 0x80011140)
T0724 000:321.987 - 0.166ms returns 0
T0724 000:321.995 JLINK_CORESIGHT_ReadAPDPReg(AP reg 0x03)
T0724 000:322.213   Value=0x00000000
T0724 000:322.221 - 0.227ms returns 0
T0724 000:322.228 JLINK_CORESIGHT_WriteAPDPReg(AP reg 0x00, 0x80000002)
T0724 000:322.387 - 0.158ms returns 0
T0724 000:322.394 JLINK_CORESIGHT_WriteAPDPReg(AP reg 0x01, 0x80011130)
T0724 000:322.563 - 0.168ms returns 0
T0724 000:322.572 JLINK_CORESIGHT_ReadAPDPReg(AP reg 0x03)
T0724 000:322.762   Value=0x000D0803
T0724 000:322.771 - 0.199ms returns 0
T0724 000:322.778 JLINK_CORESIGHT_WriteAPDPReg(AP reg 0x00, 0x80000002)
T0724 000:322.937 - 0.159ms returns 0
T0724 000:322.944 JLINK_CORESIGHT_WriteAPDPReg(AP reg 0x01, 0x80011140)
T0724 000:323.111 - 0.167ms returns 0
T0724 000:323.119 JLINK_CORESIGHT_ReadAPDPReg(AP reg 0x03)
T0724 000:323.388   Value=0x00000000
T0724 000:323.396 - 0.277ms returns 0
T0724 000:323.403 JLINK_CORESIGHT_WriteAPDPReg(AP reg 0x00, 0x80000002)
T0724 000:323.567 - 0.163ms returns 0
T0724 000:323.589 JLINK_CORESIGHT_WriteAPDPReg(AP reg 0x01, 0x80011130)
T0724 000:323.765 - 0.176ms returns 0
T0724 000:323.780 JLINK_CORESIGHT_ReadAPDPReg(AP reg 0x03)
T0724 000:323.991   Value=0x31574B02
T0724 000:324.013 - 0.233ms returns 0
T0724 000:324.027 JLINK_CORESIGHT_WriteAPDPReg(AP reg 0x00, 0x80000002)
T0724 000:324.249 - 0.222ms returns 0
T0724 000:324.263 JLINK_CORESIGHT_WriteAPDPReg(AP reg 0x01, 0x80011140)
T0724 000:324.443 - 0.179ms returns 0
T0724 000:324.463 JLINK_CORESIGHT_ReadAPDPReg(AP reg 0x03)
T0724 000:324.714   Value=0x00000000
T0724 000:324.727 - 0.264ms returns 0
T0724 000:324.735 JLINK_CORESIGHT_WriteAPDPReg(AP reg 0x00, 0x80000002)
T0724 000:324.910 - 0.174ms returns 0
T0724 000:324.917 JLINK_CORESIGHT_WriteAPDPReg(AP reg 0x01, 0x80011130)
T0724 000:325.086 - 0.169ms returns 0
T0724 000:325.093 JLINK_CORESIGHT_ReadAPDPReg(AP reg 0x03)
T0724 000:325.297   Value=0x333A7674
T0724 000:325.305 - 0.211ms returns 0
T0724 000:325.312 JLINK_CORESIGHT_WriteAPDPReg(AP reg 0x00, 0x80000002)
T0724 000:325.467 - 0.154ms returns 0
T0724 000:325.489 JLINK_CORESIGHT_WriteAPDPReg(AP reg 0x01, 0x80011140)
T0724 000:325.691 - 0.202ms returns 0
T0724 000:325.711 JLINK_CORESIGHT_ReadAPDPReg(AP reg 0x03)
T0724 000:325.925   Value=0x00000000
T0724 000:325.938 - 0.227ms returns 0
T0724 000:325.946 JLINK_CORESIGHT_WriteAPDPReg(AP reg 0x00, 0x80000002)
T0724 000:326.111 - 0.165ms returns 0
T0724 000:326.118 JLINK_CORESIGHT_WriteAPDPReg(AP reg 0x01, 0x80011130)
T0724 000:326.349 - 0.231ms returns 0
T0724 000:326.357 JLINK_CORESIGHT_ReadAPDPReg(AP reg 0x03)
T0724 000:326.605   Value=0x30383334
T0724 000:326.639 - 0.282ms returns 0
T0724 000:326.655 JLINK_CORESIGHT_WriteAPDPReg(AP reg 0x00, 0x80000002)
T0724 000:326.842 - 0.186ms returns 0
T0724 000:326.863 JLINK_CORESIGHT_WriteAPDPReg(AP reg 0x01, 0x80011140)
T0724 000:327.039 - 0.176ms returns 0
T0724 000:327.056 JLINK_CORESIGHT_ReadAPDPReg(AP reg 0x03)
T0724 000:327.266   Value=0x00000000
T0724 000:327.283 - 0.227ms returns 0
T0724 000:327.297 JLINK_CORESIGHT_WriteAPDPReg(AP reg 0x00, 0x80000002)
T0724 000:327.467 - 0.170ms returns 0
T0724 000:327.493 JLINK_CORESIGHT_WriteAPDPReg(AP reg 0x01, 0x80011130)
T0724 000:327.661 - 0.168ms returns 0
T0724 000:327.670 JLINK_CORESIGHT_ReadAPDPReg(AP reg 0x03)
T0724 000:327.887   Value=0x11103130
T0724 000:327.896 - 0.226ms returns 0
T0724 000:327.903 JLINK_CORESIGHT_WriteAPDPReg(AP reg 0x00, 0x80000002)
T0724 000:328.062 - 0.158ms returns 0
T0724 000:328.070 JLINK_CORESIGHT_WriteAPDPReg(AP reg 0x01, 0x80011140)
T0724 000:328.213 - 0.143ms returns 0
T0724 000:328.221 JLINK_CORESIGHT_ReadAPDPReg(AP reg 0x03)
T0724 000:328.443   Value=0x00000000
T0724 000:328.457 - 0.235ms returns 0
T0724 000:328.466 JLINK_CORESIGHT_WriteAPDPReg(AP reg 0x00, 0x80000002)
T0724 000:328.617 - 0.151ms returns 0
T0724 000:328.625 JLINK_CORESIGHT_WriteAPDPReg(AP reg 0x01, 0x80011130)
T0724 000:328.791 - 0.165ms returns 0
T0724 000:328.799 JLINK_CORESIGHT_ReadAPDPReg(AP reg 0x03)
T0724 000:328.987   Value=0x4637520E
T0724 000:328.995 - 0.196ms returns 0
T0724 000:329.003 JLINK_CORESIGHT_WriteAPDPReg(AP reg 0x00, 0x80000002)
T0724 000:329.254 - 0.251ms returns 0
T0724 000:329.276 JLINK_CORESIGHT_WriteAPDPReg(AP reg 0x01, 0x80011140)
T0724 000:329.454 - 0.178ms returns 0
T0724 000:329.466 JLINK_CORESIGHT_ReadAPDPReg(AP reg 0x03)
T0724 000:329.663   Value=0x00000000
T0724 000:329.672 - 0.205ms returns 0
T0724 000:329.680 JLINK_CORESIGHT_WriteAPDPReg(AP reg 0x00, 0x80000002)
T0724 000:329.836 - 0.156ms returns 0
T0724 000:329.844 JLINK_CORESIGHT_WriteAPDPReg(AP reg 0x01, 0x80011130)
T0724 000:330.037 - 0.192ms returns 0
T0724 000:330.062 JLINK_CORESIGHT_ReadAPDPReg(AP reg 0x03)
T0724 000:330.331   Value=0x314C3441
T0724 000:330.357 - 0.295ms returns 0
T0724 000:330.373 JLINK_CORESIGHT_WriteAPDPReg(AP reg 0x00, 0x80000002)
T0724 000:330.785 - 0.412ms returns 0
T0724 000:330.801 JLINK_CORESIGHT_WriteAPDPReg(AP reg 0x01, 0x80011140)
T0724 000:331.150 - 0.348ms returns 0
T0724 000:331.806 JLINK_CORESIGHT_ReadAPDPReg(AP reg 0x03)
T0724 000:332.221   Value=0x00000000
T0724 000:332.252 - 0.446ms returns 0
T0724 000:332.270 JLINK_CORESIGHT_WriteAPDPReg(AP reg 0x00, 0x80000002)
T0724 000:332.468 - 0.198ms returns 0
T0724 000:332.497 JLINK_CORESIGHT_WriteAPDPReg(AP reg 0x01, 0x80011130)
T0724 000:332.685 - 0.188ms returns 0
T0724 000:332.703 JLINK_CORESIGHT_ReadAPDPReg(AP reg 0x03)
T0724 000:332.919   Value=0x43344442
T0724 000:332.940 - 0.236ms returns 0
T0724 000:332.955 JLINK_CORESIGHT_WriteAPDPReg(AP reg 0x00, 0x80000002)
T0724 000:333.140 - 0.185ms returns 0
T0724 000:333.161 JLINK_CORESIGHT_WriteAPDPReg(AP reg 0x01, 0x80011140)
T0724 000:333.333 - 0.172ms returns 0
T0724 000:333.348 JLINK_CORESIGHT_ReadAPDPReg(AP reg 0x03)
T0724 000:333.558   Value=0x00000000
T0724 000:333.575 - 0.227ms returns 0
T0724 000:333.589 JLINK_CORESIGHT_WriteAPDPReg(AP reg 0x00, 0x80000002)
T0724 000:333.790 - 0.201ms returns 0
T0724 000:333.805 JLINK_CORESIGHT_WriteAPDPReg(AP reg 0x01, 0x80011130)
T0724 000:333.967 - 0.161ms returns 0
T0724 000:333.988 JLINK_CORESIGHT_ReadAPDPReg(AP reg 0x03)
T0724 000:334.295   Value=0x20205046
T0724 000:334.322 - 0.333ms returns 0
T0724 000:334.337 JLINK_CORESIGHT_WriteAPDPReg(AP reg 0x00, 0x80000002)
T0724 000:334.519 - 0.181ms returns 0
T0724 000:334.546 JLINK_CORESIGHT_WriteAPDPReg(AP reg 0x01, 0x80011140)
T0724 000:334.763 - 0.217ms returns 0
T0724 000:334.784 JLINK_CORESIGHT_ReadAPDPReg(AP reg 0x03)
T0724 000:335.033   Value=0x00000000
T0724 000:335.050 - 0.266ms returns 0
T0724 000:335.060 JLINK_CORESIGHT_WriteAPDPReg(AP reg 0x00, 0x80000002)
T0724 000:335.243 - 0.182ms returns 0
T0724 000:335.252 JLINK_CORESIGHT_WriteAPDPReg(AP reg 0x01, 0x80011130)
T0724 000:335.425 - 0.173ms returns 0
T0724 000:335.450 JLINK_CORESIGHT_ReadAPDPReg(AP reg 0x03)
T0724 000:335.678   Value=0x00032320
T0724 000:335.687 - 0.237ms returns 0
T0724 000:335.746 JLINK_CORESIGHT_WriteAPDPReg(AP reg 0x00, 0x80000002)
T0724 000:335.904 - 0.157ms returns 0
T0724 000:335.911 JLINK_CORESIGHT_WriteAPDPReg(AP reg 0x01, 0x80011140)
T0724 000:336.075 - 0.164ms returns 0
T0724 000:336.083 JLINK_CORESIGHT_ReadAPDPReg(AP reg 0x03)
T0724 000:336.315   Value=0x00000002
T0724 000:336.335 - 0.252ms returns 0
T0724 000:336.343 JLINK_CORESIGHT_WriteAPDPReg(AP reg 0x00, 0x80000002)
T0724 000:336.510 - 0.167ms returns 0
T0724 000:336.519 JLINK_CORESIGHT_WriteAPDPReg(AP reg 0x01, 0x80011120)
T0724 000:336.681 - 0.162ms returns 0
T0724 000:336.689 JLINK_CORESIGHT_WriteAPDPReg(AP reg 0x03, 0x2C010001)
T0724 000:336.837 - 0.148ms returns 0
T0724 000:336.844 JLINK_CORESIGHT_WriteAPDPReg(AP reg 0x00, 0x80000002)
T0724 000:337.013 - 0.169ms returns 0
T0724 000:337.020 JLINK_CORESIGHT_WriteAPDPReg(AP reg 0x01, 0x80011140)
T0724 000:337.214 - 0.193ms returns 0
T0724 000:337.221 JLINK_CORESIGHT_ReadAPDPReg(AP reg 0x03)
T0724 000:337.433   Value=0x00000002
T0724 000:337.458 - 0.237ms returns 0
T0724 000:337.472 JLINK_CORESIGHT_WriteAPDPReg(AP reg 0x00, 0x80000002)
T0724 000:337.646 - 0.173ms returns 0
T0724 000:337.657 JLINK_CORESIGHT_WriteAPDPReg(AP reg 0x01, 0x80011120)
T0724 000:337.821 - 0.164ms returns 0
T0724 000:337.828 JLINK_CORESIGHT_WriteAPDPReg(AP reg 0x03, 0x000003D3)
T0724 000:337.994 - 0.165ms returns 0
T0724 000:338.001 JLINK_CORESIGHT_WriteAPDPReg(AP reg 0x00, 0x80000002)
T0724 000:338.213 - 0.212ms returns 0
T0724 000:338.220 JLINK_CORESIGHT_WriteAPDPReg(AP reg 0x01, 0x80011140)
T0724 000:338.387 - 0.166ms returns 0
T0724 000:338.398 JLINK_CORESIGHT_ReadAPDPReg(AP reg 0x03)
T0724 000:338.640   Value=0x00000002
T0724 000:338.665 - 0.266ms returns 0
T0724 000:338.678 JLINK_CORESIGHT_ReadAPDPReg(AP reg 0x03)
T0724 000:338.895   Value=0x00000002
T0724 000:338.912 - 0.233ms returns 0
T0724 000:338.924 JLINK_CORESIGHT_ReadAPDPReg(AP reg 0x03)
T0724 000:339.137   Value=0x00000002
T0724 000:339.153 - 0.229ms returns 0
T0724 000:339.165 JLINK_CORESIGHT_ReadAPDPReg(AP reg 0x03)
T0724 000:339.417   Value=0x00000002
T0724 000:339.443 - 0.277ms returns 0
T0724 000:339.456 JLINK_CORESIGHT_ReadAPDPReg(AP reg 0x03)
T0724 000:339.679   Value=0x00000002
T0724 000:339.695 - 0.239ms returns 0
T0724 000:339.707 JLINK_CORESIGHT_ReadAPDPReg(AP reg 0x03)
T0724 000:339.936   Value=0x00000002
T0724 000:339.953 - 0.245ms returns 0
T0724 000:339.965 JLINK_CORESIGHT_ReadAPDPReg(AP reg 0x03)
T0724 000:340.345   Value=0x00000002
T0724 000:340.368 - 0.403ms returns 0
T0724 000:340.383 JLINK_CORESIGHT_ReadAPDPReg(AP reg 0x03)
T0724 000:340.625   Value=0x00000002
T0724 000:340.655 - 0.272ms returns 0
T0724 000:340.670 JLINK_CORESIGHT_ReadAPDPReg(AP reg 0x03)
T0724 000:340.888   Value=0x00000002
T0724 000:340.909 - 0.239ms returns 0
T0724 000:340.922 JLINK_CORESIGHT_ReadAPDPReg(AP reg 0x03)
T0724 000:341.217   Value=0x00000002
T0724 000:341.241 - 0.318ms returns 0
T0724 000:341.254 JLINK_CORESIGHT_ReadAPDPReg(AP reg 0x03)
T0724 000:341.834   Value=0x00000002
T0724 000:341.863 - 0.609ms returns 0
T0724 000:341.877 JLINK_CORESIGHT_ReadAPDPReg(AP reg 0x03)
T0724 000:342.090   Value=0x00000002
T0724 000:342.111 - 0.234ms returns 0
T0724 000:342.124 JLINK_CORESIGHT_ReadAPDPReg(AP reg 0x03)
T0724 000:342.466   Value=0x00000000
T0724 000:342.492 - 0.368ms returns 0
T0724 000:342.507 JLINK_CORESIGHT_WriteAPDPReg(AP reg 0x00, 0x80000002)
T0724 000:342.685 - 0.178ms returns 0
T0724 000:342.700 JLINK_CORESIGHT_WriteAPDPReg(AP reg 0x01, 0x80011130)
T0724 000:342.872 - 0.171ms returns 0
T0724 000:342.891 JLINK_CORESIGHT_ReadAPDPReg(AP reg 0x03)
T0724 000:343.118   Value=0x2C020081
T0724 000:343.136 - 0.245ms returns 0
T0724 000:343.149 JLINK_CORESIGHT_WriteAPDPReg(AP reg 0x00, 0x80000002)
T0724 000:343.365 - 0.216ms returns 0
T0724 000:343.382 JLINK_CORESIGHT_WriteAPDPReg(AP reg 0x01, 0x80011140)
T0724 000:343.591 - 0.209ms returns 0
T0724 000:343.612 JLINK_CORESIGHT_ReadAPDPReg(AP reg 0x03)
T0724 000:343.828   Value=0x00000000
T0724 000:343.844 - 0.232ms returns 0
T0724 000:343.857 JLINK_CORESIGHT_WriteAPDPReg(AP reg 0x00, 0x80000002)
T0724 000:344.057 - 0.200ms returns 0
T0724 000:344.072 JLINK_CORESIGHT_WriteAPDPReg(AP reg 0x01, 0x80011130)
T0724 000:344.271 - 0.199ms returns 0
T0724 000:344.290 JLINK_CORESIGHT_ReadAPDPReg(AP reg 0x03)
T0724 000:344.526   Value=0x0003D002
T0724 000:344.554 - 0.263ms returns 0
T0724 000:344.578 JLINK_CORESIGHT_WriteAPDPReg(AP reg 0x00, 0x80000002)
T0724 000:344.765 - 0.187ms returns 0
T0724 000:344.789 JLINK_CORESIGHT_WriteAPDPReg(AP reg 0x01, 0x80011140)
T0724 000:344.980 - 0.191ms returns 0
T0724 000:345.004 JLINK_CORESIGHT_ReadAPDPReg(AP reg 0x03)
T0724 000:345.218   Value=0x00000002
T0724 000:345.243 - 0.239ms returns 0
T0724 000:345.261 JLINK_CORESIGHT_WriteAPDPReg(AP reg 0x00, 0x80000002)
T0724 000:345.478 - 0.216ms returns 0
T0724 000:345.500 JLINK_CORESIGHT_WriteAPDPReg(AP reg 0x01, 0x80011120)
T0724 000:345.695 - 0.194ms returns 0
T0724 000:345.716 JLINK_CORESIGHT_WriteAPDPReg(AP reg 0x03, 0x4F010001)
T0724 000:345.890 - 0.174ms returns 0
T0724 000:345.904 JLINK_CORESIGHT_WriteAPDPReg(AP reg 0x00, 0x80000002)
T0724 000:346.070 - 0.166ms returns 0
T0724 000:346.090 JLINK_CORESIGHT_WriteAPDPReg(AP reg 0x01, 0x80011140)
T0724 000:346.269 - 0.179ms returns 0
T0724 000:346.288 JLINK_CORESIGHT_ReadAPDPReg(AP reg 0x03)
T0724 000:346.519   Value=0x00000002
T0724 000:346.543 - 0.255ms returns 0
T0724 000:346.557 JLINK_CORESIGHT_WriteAPDPReg(AP reg 0x00, 0x80000002)
T0724 000:348.835 - 2.277ms returns 0
T0724 000:348.881 JLINK_CORESIGHT_WriteAPDPReg(AP reg 0x01, 0x80011120)
T0724 000:350.057 - 1.173ms returns 0
T0724 000:350.267 JLINK_CORESIGHT_WriteAPDPReg(AP reg 0x03, 0x000003B0)
T0724 000:350.656 - 0.389ms returns 0
T0724 000:350.686 JLINK_CORESIGHT_WriteAPDPReg(AP reg 0x00, 0x80000002)
T0724 000:350.868 - 0.181ms returns 0
T0724 000:350.891 JLINK_CORESIGHT_WriteAPDPReg(AP reg 0x01, 0x80011140)
T0724 000:351.093 - 0.201ms returns 0
T0724 000:351.120 JLINK_CORESIGHT_ReadAPDPReg(AP reg 0x03)
T0724 000:351.400   Value=0x00000000
T0724 000:351.428 - 0.307ms returns 0
T0724 000:351.443 JLINK_CORESIGHT_WriteAPDPReg(AP reg 0x00, 0x80000002)
T0724 000:351.618 - 0.175ms returns 0
T0724 000:351.640 JLINK_CORESIGHT_WriteAPDPReg(AP reg 0x01, 0x80011130)
T0724 000:351.816 - 0.176ms returns 0
T0724 000:351.831 JLINK_CORESIGHT_ReadAPDPReg(AP reg 0x03)
T0724 000:352.065   Value=0x4F0B0081
T0724 000:352.083 - 0.252ms returns 0
T0724 000:352.096 JLINK_CORESIGHT_WriteAPDPReg(AP reg 0x00, 0x80000002)
T0724 000:352.269 - 0.172ms returns 0
T0724 000:352.285 JLINK_CORESIGHT_WriteAPDPReg(AP reg 0x01, 0x80011140)
T0724 000:352.466 - 0.181ms returns 0
T0724 000:352.498 JLINK_CORESIGHT_ReadAPDPReg(AP reg 0x03)
T0724 000:352.742   Value=0x00000000
T0724 000:352.770 - 0.271ms returns 0
T0724 000:352.785 JLINK_CORESIGHT_WriteAPDPReg(AP reg 0x00, 0x80000002)
T0724 000:352.967 - 0.182ms returns 0
T0724 000:352.990 JLINK_CORESIGHT_WriteAPDPReg(AP reg 0x01, 0x80011130)
T0724 000:353.218 - 0.228ms returns 0
T0724 000:353.237 JLINK_CORESIGHT_ReadAPDPReg(AP reg 0x03)
T0724 000:353.464   Value=0x20001400
T0724 000:353.485 - 0.248ms returns 0
T0724 000:353.495 JLINK_CORESIGHT_WriteAPDPReg(AP reg 0x00, 0x80000002)
T0724 000:353.712 - 0.217ms returns 0
T0724 000:353.723 JLINK_CORESIGHT_WriteAPDPReg(AP reg 0x01, 0x80011140)
T0724 000:353.869 - 0.146ms returns 0
T0724 000:353.877 JLINK_CORESIGHT_ReadAPDPReg(AP reg 0x03)
T0724 000:354.088   Value=0x00000000
T0724 000:354.096 - 0.219ms returns 0
T0724 000:354.103 JLINK_CORESIGHT_WriteAPDPReg(AP reg 0x00, 0x80000002)
T0724 000:354.276 - 0.169ms returns 0
T0724 000:354.284 JLINK_CORESIGHT_WriteAPDPReg(AP reg 0x01, 0x80011130)
T0724 000:354.467 - 0.182ms returns 0
T0724 000:354.490 JLINK_CORESIGHT_ReadAPDPReg(AP reg 0x03)
T0724 000:354.716   Value=0x0B000000
T0724 000:354.734 - 0.244ms returns 0
T0724 000:354.747 JLINK_CORESIGHT_WriteAPDPReg(AP reg 0x00, 0x80000002)
T0724 000:354.929 - 0.182ms returns 0
T0724 000:354.944 JLINK_CORESIGHT_WriteAPDPReg(AP reg 0x01, 0x80011140)
T0724 000:355.111 - 0.167ms returns 0
T0724 000:355.118 JLINK_CORESIGHT_ReadAPDPReg(AP reg 0x03)
T0724 000:355.394   Value=0x00000000
T0724 000:355.420 - 0.301ms returns 0
T0724 000:355.428 JLINK_CORESIGHT_WriteAPDPReg(AP reg 0x00, 0x80000002)
T0724 000:355.587 - 0.158ms returns 0
T0724 000:355.594 JLINK_CORESIGHT_WriteAPDPReg(AP reg 0x01, 0x80011130)
T0724 000:355.758 - 0.164ms returns 0
T0724 000:355.766 JLINK_CORESIGHT_ReadAPDPReg(AP reg 0x03)
T0724 000:355.962   Value=0x03571000
T0724 000:355.970 - 0.204ms returns 0
T0724 000:356.038 JLINK_CORESIGHT_WriteAPDPReg(AP reg 0x00, 0x80000002)
T0724 000:356.231 - 0.194ms returns 0
T0724 000:356.239 JLINK_CORESIGHT_WriteAPDPReg(AP reg 0x01, 0x80011140)
T0724 000:356.408 - 0.169ms returns 0
T0724 000:356.425 JLINK_CORESIGHT_ReadAPDPReg(AP reg 0x03)
T0724 000:356.641   Value=0x00000002
T0724 000:356.658 - 0.234ms returns 0
T0724 000:356.671 JLINK_CORESIGHT_WriteAPDPReg(AP reg 0x00, 0x80000002)
T0724 000:356.840 - 0.168ms returns 0
T0724 000:356.854 JLINK_CORESIGHT_WriteAPDPReg(AP reg 0x01, 0x80011120)
T0724 000:357.035 - 0.181ms returns 0
T0724 000:357.044 JLINK_CORESIGHT_WriteAPDPReg(AP reg 0x03, 0x2C010001)
T0724 000:357.213 - 0.169ms returns 0
T0724 000:357.220 JLINK_CORESIGHT_WriteAPDPReg(AP reg 0x00, 0x80000002)
T0724 000:357.573 - 0.353ms returns 0
T0724 000:357.656 JLINK_CORESIGHT_WriteAPDPReg(AP reg 0x01, 0x80011140)
T0724 000:357.864 - 0.208ms returns 0
T0724 000:357.875 JLINK_CORESIGHT_ReadAPDPReg(AP reg 0x03)
T0724 000:358.087   Value=0x00000002
T0724 000:358.096 - 0.221ms returns 0
T0724 000:358.103 JLINK_CORESIGHT_WriteAPDPReg(AP reg 0x00, 0x80000002)
T0724 000:358.355 - 0.251ms returns 0
T0724 000:358.368 JLINK_CORESIGHT_WriteAPDPReg(AP reg 0x01, 0x80011120)
T0724 000:358.535 - 0.166ms returns 0
T0724 000:358.542 JLINK_CORESIGHT_WriteAPDPReg(AP reg 0x03, 0x000003D3)
T0724 000:358.711 - 0.169ms returns 0
T0724 000:358.719 JLINK_CORESIGHT_WriteAPDPReg(AP reg 0x00, 0x80000002)
T0724 000:358.883 - 0.164ms returns 0
T0724 000:358.891 JLINK_CORESIGHT_WriteAPDPReg(AP reg 0x01, 0x80011140)
T0724 000:359.045 - 0.154ms returns 0
T0724 000:359.052 JLINK_CORESIGHT_ReadAPDPReg(AP reg 0x03)
T0724 000:359.310   Value=0x00000002
T0724 000:359.321 - 0.269ms returns 0
T0724 000:359.350 JLINK_CORESIGHT_ReadAPDPReg(AP reg 0x03)
T0724 000:359.590   Value=0x00000002
T0724 000:359.607 - 0.257ms returns 0
T0724 000:359.615 JLINK_CORESIGHT_ReadAPDPReg(AP reg 0x03)
T0724 000:359.814   Value=0x00000002
T0724 000:359.825 - 0.210ms returns 0
T0724 000:359.833 JLINK_CORESIGHT_ReadAPDPReg(AP reg 0x03)
T0724 000:360.062   Value=0x00000002
T0724 000:360.070 - 0.237ms returns 0
T0724 000:360.077 JLINK_CORESIGHT_ReadAPDPReg(AP reg 0x03)
T0724 000:360.265   Value=0x00000002
T0724 000:360.273 - 0.196ms returns 0
T0724 000:360.280 JLINK_CORESIGHT_ReadAPDPReg(AP reg 0x03)
T0724 000:360.461   Value=0x00000002
T0724 000:360.471 - 0.190ms returns 0
T0724 000:360.478 JLINK_CORESIGHT_ReadAPDPReg(AP reg 0x03)
T0724 000:360.670   Value=0x00000002
T0724 000:360.678 - 0.200ms returns 0
T0724 000:360.685 JLINK_CORESIGHT_ReadAPDPReg(AP reg 0x03)
T0724 000:360.862   Value=0x00000002
T0724 000:360.870 - 0.185ms returns 0
T0724 000:360.879 JLINK_CORESIGHT_ReadAPDPReg(AP reg 0x03)
T0724 000:361.086   Value=0x00000002
T0724 000:361.094 - 0.214ms returns 0
T0724 000:361.101 JLINK_CORESIGHT_ReadAPDPReg(AP reg 0x03)
T0724 000:361.315   Value=0x00000002
T0724 000:361.343 - 0.242ms returns 0
T0724 000:361.352 JLINK_CORESIGHT_ReadAPDPReg(AP reg 0x03)
T0724 000:361.545   Value=0x00000002
T0724 000:361.560 - 0.208ms returns 0
T0724 000:361.567 JLINK_CORESIGHT_ReadAPDPReg(AP reg 0x03)
T0724 000:361.759   Value=0x00000002
T0724 000:361.767 - 0.199ms returns 0
T0724 000:361.774 JLINK_CORESIGHT_ReadAPDPReg(AP reg 0x03)
T0724 000:361.962   Value=0x00000002
T0724 000:361.970 - 0.195ms returns 0
T0724 000:361.978 JLINK_CORESIGHT_ReadAPDPReg(AP reg 0x03)
T0724 000:362.213   Value=0x00000000
T0724 000:362.221 - 0.243ms returns 0
T0724 000:362.229 JLINK_CORESIGHT_WriteAPDPReg(AP reg 0x00, 0x80000002)
T0724 000:362.388 - 0.158ms returns 0
T0724 000:362.400 JLINK_CORESIGHT_WriteAPDPReg(AP reg 0x01, 0x80011130)
T0724 000:362.594 - 0.193ms returns 0
T0724 000:362.620 JLINK_CORESIGHT_ReadAPDPReg(AP reg 0x03)
T0724 000:362.841   Value=0x2C020081
T0724 000:362.865 - 0.244ms returns 0
T0724 000:362.880 JLINK_CORESIGHT_WriteAPDPReg(AP reg 0x00, 0x80000002)
T0724 000:363.068 - 0.187ms returns 0
T0724 000:363.090 JLINK_CORESIGHT_WriteAPDPReg(AP reg 0x01, 0x80011140)
T0724 000:363.337 - 0.246ms returns 0
T0724 000:363.364 JLINK_CORESIGHT_ReadAPDPReg(AP reg 0x03)
T0724 000:363.717   Value=0x00000000
T0724 000:363.745 - 0.380ms returns 0
T0724 000:363.762 JLINK_CORESIGHT_WriteAPDPReg(AP reg 0x00, 0x80000002)
T0724 000:363.992 - 0.229ms returns 0
T0724 000:364.017 JLINK_CORESIGHT_WriteAPDPReg(AP reg 0x01, 0x80011130)
T0724 000:364.218 - 0.200ms returns 0
T0724 000:364.234 JLINK_CORESIGHT_ReadAPDPReg(AP reg 0x03)
T0724 000:364.454   Value=0x0003D002
T0724 000:364.479 - 0.245ms returns 0
T0724 000:364.535 JLINK_CORESIGHT_WriteAPDPReg(AP reg 0x00, 0x80000002)
T0724 000:364.774 - 0.239ms returns 0
T0724 000:364.801 JLINK_CORESIGHT_WriteAPDPReg(AP reg 0x01, 0x80011140)
T0724 000:364.979 - 0.178ms returns 0
T0724 000:365.001 JLINK_CORESIGHT_ReadAPDPReg(AP reg 0x03)
T0724 000:365.246   Value=0x00000002
T0724 000:365.263 - 0.261ms returns 0
T0724 000:365.276 JLINK_CORESIGHT_WriteAPDPReg(AP reg 0x00, 0x80000002)
T0724 000:365.445 - 0.169ms returns 0
T0724 000:365.459 JLINK_CORESIGHT_WriteAPDPReg(AP reg 0x01, 0x80011120)
T0724 000:365.641 - 0.181ms returns 0
T0724 000:365.661 JLINK_CORESIGHT_WriteAPDPReg(AP reg 0x03, 0x4E0B0001)
T0724 000:365.872 - 0.211ms returns 0
T0724 000:365.897 JLINK_CORESIGHT_WriteAPDPReg(AP reg 0x00, 0x80000002)
T0724 000:366.075 - 0.177ms returns 0
T0724 000:366.099 JLINK_CORESIGHT_WriteAPDPReg(AP reg 0x01, 0x80011140)
T0724 000:366.331 - 0.232ms returns 0
T0724 000:366.350 JLINK_CORESIGHT_ReadAPDPReg(AP reg 0x03)
T0724 000:366.568   Value=0x00000002
T0724 000:366.596 - 0.246ms returns 0
T0724 000:366.612 JLINK_CORESIGHT_WriteAPDPReg(AP reg 0x00, 0x80000002)
T0724 000:366.834 - 0.222ms returns 0
T0724 000:366.854 JLINK_CORESIGHT_WriteAPDPReg(AP reg 0x01, 0x80011120)
T0724 000:367.033 - 0.179ms returns 0
T0724 000:367.055 JLINK_CORESIGHT_WriteAPDPReg(AP reg 0x03, 0x20001300)
T0724 000:367.248 - 0.192ms returns 0
T0724 000:367.268 JLINK_CORESIGHT_WriteAPDPReg(AP reg 0x00, 0x80000002)
T0724 000:367.491 - 0.222ms returns 0
T0724 000:367.512 JLINK_CORESIGHT_WriteAPDPReg(AP reg 0x01, 0x80011140)
T0724 000:367.715 - 0.202ms returns 0
T0724 000:367.730 JLINK_CORESIGHT_ReadAPDPReg(AP reg 0x03)
T0724 000:367.941   Value=0x00000002
T0724 000:367.958 - 0.228ms returns 0
T0724 000:367.971 JLINK_CORESIGHT_WriteAPDPReg(AP reg 0x00, 0x80000002)
T0724 000:368.137 - 0.166ms returns 0
T0724 000:368.152 JLINK_CORESIGHT_WriteAPDPReg(AP reg 0x01, 0x80011120)
T0724 000:368.366 - 0.214ms returns 0
T0724 000:368.382 JLINK_CORESIGHT_WriteAPDPReg(AP reg 0x03, 0x0B000000)
T0724 000:368.557 - 0.175ms returns 0
T0724 000:368.577 JLINK_CORESIGHT_WriteAPDPReg(AP reg 0x00, 0x80000002)
T0724 000:368.750 - 0.172ms returns 0
T0724 000:368.770 JLINK_CORESIGHT_WriteAPDPReg(AP reg 0x01, 0x80011140)
T0724 000:368.938 - 0.168ms returns 0
T0724 000:368.957 JLINK_CORESIGHT_ReadAPDPReg(AP reg 0x03)
T0724 000:369.255   Value=0x00000002
T0724 000:369.265 - 0.308ms returns 0
T0724 000:369.273 JLINK_CORESIGHT_WriteAPDPReg(AP reg 0x00, 0x80000002)
T0724 000:369.453 - 0.179ms returns 0
T0724 000:369.462 JLINK_CORESIGHT_WriteAPDPReg(AP reg 0x01, 0x80011120)
T0724 000:369.632 - 0.170ms returns 0
T0724 000:369.639 JLINK_CORESIGHT_WriteAPDPReg(AP reg 0x03, 0x03591000)
T0724 000:369.803 - 0.164ms returns 0
T0724 000:369.811 JLINK_CORESIGHT_WriteAPDPReg(AP reg 0x00, 0x80000002)
T0724 000:369.976 - 0.166ms returns 0
T0724 000:369.984 JLINK_CORESIGHT_WriteAPDPReg(AP reg 0x01, 0x80011140)
T0724 000:370.213 - 0.229ms returns 0
T0724 000:370.220 JLINK_CORESIGHT_ReadAPDPReg(AP reg 0x03)
T0724 000:370.434   Value=0x00000002
T0724 000:370.444 - 0.223ms returns 0
T0724 000:370.451 JLINK_CORESIGHT_ReadAPDPReg(AP reg 0x03)
T0724 000:370.678   Value=0x00000002
T0724 000:370.686 - 0.234ms returns 0
T0724 000:370.693 JLINK_CORESIGHT_ReadAPDPReg(AP reg 0x03)
T0724 000:370.892   Value=0x00000002
T0724 000:370.900 - 0.207ms returns 0
T0724 000:370.907 JLINK_CORESIGHT_ReadAPDPReg(AP reg 0x03)
T0724 000:371.086   Value=0x00000002
T0724 000:371.094 - 0.187ms returns 0
T0724 000:371.101 JLINK_CORESIGHT_ReadAPDPReg(AP reg 0x03)
T0724 000:371.311   Value=0x00000002
T0724 000:371.322 - 0.220ms returns 0
T0724 000:371.329 JLINK_CORESIGHT_ReadAPDPReg(AP reg 0x03)
T0724 000:371.533   Value=0x00000002
T0724 000:371.542 - 0.212ms returns 0
T0724 000:371.549 JLINK_CORESIGHT_ReadAPDPReg(AP reg 0x03)
T0724 000:371.748   Value=0x00000002
T0724 000:371.756 - 0.207ms returns 0
T0724 000:371.763 JLINK_CORESIGHT_ReadAPDPReg(AP reg 0x03)
T0724 000:371.978   Value=0x00000002
T0724 000:371.986 - 0.223ms returns 0
T0724 000:371.993 JLINK_CORESIGHT_ReadAPDPReg(AP reg 0x03)
T0724 000:372.409   Value=0x00000002
T0724 000:372.437 - 0.443ms returns 0
T0724 000:372.452 JLINK_CORESIGHT_ReadAPDPReg(AP reg 0x03)
T0724 000:372.665   Value=0x00000002
T0724 000:372.691 - 0.238ms returns 0
T0724 000:372.705 JLINK_CORESIGHT_ReadAPDPReg(AP reg 0x03)
T0724 000:372.929   Value=0x00000002
T0724 000:372.949 - 0.244ms returns 0
T0724 000:372.962 JLINK_CORESIGHT_ReadAPDPReg(AP reg 0x03)
T0724 000:373.217   Value=0x00000002
T0724 000:373.240 - 0.277ms returns 0
T0724 000:373.254 JLINK_CORESIGHT_ReadAPDPReg(AP reg 0x03)
T0724 000:373.482   Value=0x00000002
T0724 000:373.510 - 0.256ms returns 0
T0724 000:373.526 JLINK_CORESIGHT_ReadAPDPReg(AP reg 0x03)
T0724 000:373.744   Value=0x00000002
T0724 000:373.776 - 0.250ms returns 0
T0724 000:373.790 JLINK_CORESIGHT_ReadAPDPReg(AP reg 0x03)
T0724 000:374.014   Value=0x00000002
T0724 000:374.036 - 0.246ms returns 0
T0724 000:374.050 JLINK_CORESIGHT_ReadAPDPReg(AP reg 0x03)
T0724 000:374.271   Value=0x00000002
T0724 000:374.306 - 0.256ms returns 0
T0724 000:374.316 JLINK_CORESIGHT_ReadAPDPReg(AP reg 0x03)
T0724 000:374.513   Value=0x00000002
T0724 000:374.530 - 0.214ms returns 0
T0724 000:374.543 JLINK_CORESIGHT_ReadAPDPReg(AP reg 0x03)
T0724 000:374.770   Value=0x00000002
T0724 000:374.787 - 0.244ms returns 0
T0724 000:374.799 JLINK_CORESIGHT_ReadAPDPReg(AP reg 0x03)
T0724 000:375.010   Value=0x00000002
T0724 000:375.027 - 0.227ms returns 0
T0724 000:375.039 JLINK_CORESIGHT_ReadAPDPReg(AP reg 0x03)
T0724 000:375.259   Value=0x00000002
T0724 000:375.295 - 0.255ms returns 0
T0724 000:375.312 JLINK_CORESIGHT_ReadAPDPReg(AP reg 0x03)
T0724 000:375.555   Value=0x00000002
T0724 000:375.591 - 0.272ms returns 0
T0724 000:375.613 JLINK_CORESIGHT_ReadAPDPReg(AP reg 0x03)
T0724 000:375.831   Value=0x00000002
T0724 000:375.851 - 0.238ms returns 0
T0724 000:375.864 JLINK_CORESIGHT_ReadAPDPReg(AP reg 0x03)
T0724 000:376.079   Value=0x00000002
T0724 000:376.101 - 0.236ms returns 0
T0724 000:376.115 JLINK_CORESIGHT_ReadAPDPReg(AP reg 0x03)
T0724 000:376.409   Value=0x00000002
T0724 000:376.432 - 0.317ms returns 0
T0724 000:376.451 JLINK_CORESIGHT_ReadAPDPReg(AP reg 0x03)
T0724 000:376.666   Value=0x00000002
T0724 000:376.683 - 0.232ms returns 0
T0724 000:376.696 JLINK_CORESIGHT_ReadAPDPReg(AP reg 0x03)
T0724 000:376.898   Value=0x00000002
T0724 000:376.915 - 0.218ms returns 0
T0724 000:376.927 JLINK_CORESIGHT_ReadAPDPReg(AP reg 0x03)
T0724 000:377.137   Value=0x00000002
T0724 000:377.154 - 0.226ms returns 0
T0724 000:377.166 JLINK_CORESIGHT_ReadAPDPReg(AP reg 0x03)
T0724 000:377.367   Value=0x00000002
T0724 000:377.389 - 0.223ms returns 0
T0724 000:377.403 JLINK_CORESIGHT_ReadAPDPReg(AP reg 0x03)
T0724 000:377.623   Value=0x00000002
T0724 000:377.640 - 0.237ms returns 0
T0724 000:377.653 JLINK_CORESIGHT_ReadAPDPReg(AP reg 0x03)
T0724 000:377.887   Value=0x00000002
T0724 000:377.904 - 0.251ms returns 0
T0724 000:377.917 JLINK_CORESIGHT_ReadAPDPReg(AP reg 0x03)
T0724 000:378.117   Value=0x00000002
T0724 000:378.132 - 0.215ms returns 0
T0724 000:378.141 JLINK_CORESIGHT_ReadAPDPReg(AP reg 0x03)
T0724 000:378.363   Value=0x00000002
T0724 000:378.373 - 0.232ms returns 0
T0724 000:378.380 JLINK_CORESIGHT_ReadAPDPReg(AP reg 0x03)
T0724 000:378.577   Value=0x00000002
T0724 000:378.586 - 0.205ms returns 0
T0724 000:378.592 JLINK_CORESIGHT_ReadAPDPReg(AP reg 0x03)
T0724 000:378.799   Value=0x00000002
T0724 000:378.807 - 0.215ms returns 0
T0724 000:378.814 JLINK_CORESIGHT_ReadAPDPReg(AP reg 0x03)
T0724 000:379.014   Value=0x00000002
T0724 000:379.022 - 0.208ms returns 0
T0724 000:379.029 JLINK_CORESIGHT_ReadAPDPReg(AP reg 0x03)
T0724 000:379.250   Value=0x00000002
T0724 000:379.287 - 0.257ms returns 0
T0724 000:379.302 JLINK_CORESIGHT_ReadAPDPReg(AP reg 0x03)
T0724 000:379.514   Value=0x00000002
T0724 000:379.536 - 0.234ms returns 0
T0724 000:379.550 JLINK_CORESIGHT_ReadAPDPReg(AP reg 0x03)
T0724 000:379.760   Value=0x00000002
T0724 000:379.782 - 0.232ms returns 0
T0724 000:379.796 JLINK_CORESIGHT_ReadAPDPReg(AP reg 0x03)
T0724 000:380.028   Value=0x00000002
T0724 000:380.091 - 0.295ms returns 0
T0724 000:380.132 JLINK_CORESIGHT_ReadAPDPReg(AP reg 0x03)
T0724 000:380.509   Value=0x00000002
T0724 000:380.536 - 0.404ms returns 0
T0724 000:380.550 JLINK_CORESIGHT_ReadAPDPReg(AP reg 0x03)
T0724 000:381.978   Value=0x00000002
T0724 000:382.013 - 1.462ms returns 0
T0724 000:382.028 JLINK_CORESIGHT_ReadAPDPReg(AP reg 0x03)
T0724 000:382.245   Value=0x00000002
T0724 000:382.282 - 0.253ms returns 0
T0724 000:382.297 JLINK_CORESIGHT_ReadAPDPReg(AP reg 0x03)
T0724 000:382.520   Value=0x00000002
T0724 000:382.550 - 0.252ms returns 0
T0724 000:382.564 JLINK_CORESIGHT_ReadAPDPReg(AP reg 0x03)
T0724 000:382.818   Value=0x00000002
T0724 000:382.842 - 0.278ms returns 0
T0724 000:382.855 JLINK_CORESIGHT_ReadAPDPReg(AP reg 0x03)
T0724 000:383.074   Value=0x00000002
T0724 000:383.101 - 0.246ms returns 0
T0724 000:383.115 JLINK_CORESIGHT_ReadAPDPReg(AP reg 0x03)
T0724 000:383.377   Value=0x00000002
T0724 000:383.406 - 0.290ms returns 0
T0724 000:383.420 JLINK_CORESIGHT_ReadAPDPReg(AP reg 0x03)
T0724 000:383.641   Value=0x00000002
T0724 000:383.661 - 0.241ms returns 0
T0724 000:383.674 JLINK_CORESIGHT_ReadAPDPReg(AP reg 0x03)
T0724 000:383.892   Value=0x00000002
T0724 000:383.910 - 0.236ms returns 0
T0724 000:383.923 JLINK_CORESIGHT_ReadAPDPReg(AP reg 0x03)
T0724 000:384.141   Value=0x00000002
T0724 000:384.158 - 0.235ms returns 0
T0724 000:384.171 JLINK_CORESIGHT_ReadAPDPReg(AP reg 0x03)
T0724 000:384.391   Value=0x00000000
T0724 000:384.407 - 0.236ms returns 0
T0724 000:384.421 JLINK_CORESIGHT_WriteAPDPReg(AP reg 0x00, 0x80000002)
T0724 000:384.591 - 0.170ms returns 0
T0724 000:384.613 JLINK_CORESIGHT_WriteAPDPReg(AP reg 0x01, 0x80011130)
T0724 000:384.793 - 0.179ms returns 0
T0724 000:384.817 JLINK_CORESIGHT_ReadAPDPReg(AP reg 0x03)
T0724 000:385.067   Value=0x4E0A0081
T0724 000:385.085 - 0.269ms returns 0
T0724 000:385.097 JLINK_CORESIGHT_WriteAPDPReg(AP reg 0x00, 0x80000002)
T0724 000:385.517 - 0.419ms returns 0
T0724 000:385.544 JLINK_CORESIGHT_WriteAPDPReg(AP reg 0x01, 0x80011140)
T0724 000:385.744 - 0.199ms returns 0
T0724 000:385.772 JLINK_CORESIGHT_ReadAPDPReg(AP reg 0x03)
T0724 000:386.048   Value=0x00000000
T0724 000:386.075 - 0.302ms returns 0
T0724 000:386.089 JLINK_CORESIGHT_WriteAPDPReg(AP reg 0x00, 0x80000002)
T0724 000:386.419 - 0.329ms returns 0
T0724 000:386.444 JLINK_CORESIGHT_WriteAPDPReg(AP reg 0x01, 0x80011130)
T0724 000:386.617 - 0.172ms returns 0
T0724 000:386.640 JLINK_CORESIGHT_ReadAPDPReg(AP reg 0x03)
T0724 000:386.869   Value=0xFFFFFF00
T0724 000:386.890 - 0.250ms returns 0
T0724 000:386.905 JLINK_CORESIGHT_WriteAPDPReg(AP reg 0x00, 0x80000002)
T0724 000:387.092 - 0.187ms returns 0
T0724 000:387.108 JLINK_CORESIGHT_WriteAPDPReg(AP reg 0x01, 0x80011140)
T0724 000:387.354 - 0.246ms returns 0
T0724 000:387.377 JLINK_CORESIGHT_ReadAPDPReg(AP reg 0x03)
T0724 000:387.590   Value=0x00000000
T0724 000:387.607 - 0.230ms returns 0
T0724 000:387.620 JLINK_CORESIGHT_WriteAPDPReg(AP reg 0x00, 0x80000002)
T0724 000:387.796 - 0.176ms returns 0
T0724 000:387.811 JLINK_CORESIGHT_WriteAPDPReg(AP reg 0x01, 0x80011130)
T0724 000:387.965 - 0.154ms returns 0
T0724 000:387.979 JLINK_CORESIGHT_ReadAPDPReg(AP reg 0x03)
T0724 000:388.374   Value=0xFFFFFFFF
T0724 000:388.399 - 0.419ms returns 0
T0724 000:388.413 JLINK_CORESIGHT_WriteAPDPReg(AP reg 0x00, 0x80000002)
T0724 000:388.619 - 0.206ms returns 0
T0724 000:388.642 JLINK_CORESIGHT_WriteAPDPReg(AP reg 0x01, 0x80011140)
T0724 000:388.844 - 0.201ms returns 0
T0724 000:388.867 JLINK_CORESIGHT_ReadAPDPReg(AP reg 0x03)
T0724 000:389.091   Value=0x00000000
T0724 000:389.109 - 0.242ms returns 0
T0724 000:389.122 JLINK_CORESIGHT_WriteAPDPReg(AP reg 0x00, 0x80000002)
T0724 000:389.343 - 0.221ms returns 0
T0724 000:389.362 JLINK_CORESIGHT_WriteAPDPReg(AP reg 0x01, 0x80011130)
T0724 000:389.566 - 0.204ms returns 0
T0724 000:389.581 JLINK_CORESIGHT_ReadAPDPReg(AP reg 0x03)
T0724 000:389.817   Value=0x0003B0FF
T0724 000:389.836 - 0.255ms returns 0
T0724 000:389.851 JLINK_CORESIGHT_WriteAPDPReg(AP reg 0x00, 0x80000002)
T0724 000:390.017 - 0.165ms returns 0
T0724 000:390.030 JLINK_CORESIGHT_WriteAPDPReg(AP reg 0x01, 0x80011140)
T0724 000:390.217 - 0.186ms returns 0
T0724 000:390.304 JLINK_CORESIGHT_ReadAPDPReg(AP reg 0x03)
T0724 000:390.570   Value=0x00000002
T0724 000:390.594 - 0.291ms returns 0
T0724 000:390.609 JLINK_CORESIGHT_WriteAPDPReg(AP reg 0x00, 0x80000002)
T0724 000:390.797 - 0.188ms returns 0
T0724 000:390.814 JLINK_CORESIGHT_WriteAPDPReg(AP reg 0x01, 0x80011120)
T0724 000:390.993 - 0.178ms returns 0
T0724 000:391.013 JLINK_CORESIGHT_WriteAPDPReg(AP reg 0x03, 0x4F010001)
T0724 000:391.222 - 0.208ms returns 0
T0724 000:391.249 JLINK_CORESIGHT_WriteAPDPReg(AP reg 0x00, 0x80000002)
T0724 000:391.468 - 0.219ms returns 0
T0724 000:391.493 JLINK_CORESIGHT_WriteAPDPReg(AP reg 0x01, 0x80011140)
T0724 000:391.693 - 0.199ms returns 0
T0724 000:391.710 JLINK_CORESIGHT_ReadAPDPReg(AP reg 0x03)
T0724 000:391.965   Value=0x00000002
T0724 000:391.982 - 0.272ms returns 0
T0724 000:391.995 JLINK_CORESIGHT_WriteAPDPReg(AP reg 0x00, 0x80000002)
T0724 000:392.218 - 0.223ms returns 0
T0724 000:392.233 JLINK_CORESIGHT_WriteAPDPReg(AP reg 0x01, 0x80011120)
T0724 000:392.409 - 0.176ms returns 0
T0724 000:392.423 JLINK_CORESIGHT_WriteAPDPReg(AP reg 0x03, 0x000003B0)
T0724 000:392.591 - 0.168ms returns 0
T0724 000:392.605 JLINK_CORESIGHT_WriteAPDPReg(AP reg 0x00, 0x80000002)
T0724 000:392.788 - 0.183ms returns 0
T0724 000:392.802 JLINK_CORESIGHT_WriteAPDPReg(AP reg 0x01, 0x80011140)
T0724 000:392.966 - 0.164ms returns 0
T0724 000:392.980 JLINK_CORESIGHT_ReadAPDPReg(AP reg 0x03)
T0724 000:393.218   Value=0x00000000
T0724 000:393.236 - 0.256ms returns 0
T0724 000:393.249 JLINK_CORESIGHT_WriteAPDPReg(AP reg 0x00, 0x80000002)
T0724 000:393.477 - 0.228ms returns 0
T0724 000:393.492 JLINK_CORESIGHT_WriteAPDPReg(AP reg 0x01, 0x80011130)
T0724 000:393.664 - 0.172ms returns 0
T0724 000:393.677 JLINK_CORESIGHT_ReadAPDPReg(AP reg 0x03)
T0724 000:393.891   Value=0x4F0B0081
T0724 000:393.907 - 0.229ms returns 0
T0724 000:393.928 JLINK_CORESIGHT_WriteAPDPReg(AP reg 0x00, 0x80000002)
T0724 000:394.091 - 0.163ms returns 0
T0724 000:394.104 JLINK_CORESIGHT_WriteAPDPReg(AP reg 0x01, 0x80011140)
T0724 000:394.355 - 0.250ms returns 0
T0724 000:394.376 JLINK_CORESIGHT_ReadAPDPReg(AP reg 0x03)
T0724 000:394.591   Value=0x00000000
T0724 000:394.610 - 0.234ms returns 0
T0724 000:394.624 JLINK_CORESIGHT_WriteAPDPReg(AP reg 0x00, 0x80000002)
T0724 000:394.817 - 0.193ms returns 0
T0724 000:394.831 JLINK_CORESIGHT_WriteAPDPReg(AP reg 0x01, 0x80011130)
T0724 000:395.011 - 0.179ms returns 0
T0724 000:395.025 JLINK_CORESIGHT_ReadAPDPReg(AP reg 0x03)
T0724 000:395.245   Value=0x20001300
T0724 000:395.267 - 0.242ms returns 0
T0724 000:395.281 JLINK_CORESIGHT_WriteAPDPReg(AP reg 0x00, 0x80000002)
T0724 000:395.466 - 0.185ms returns 0
T0724 000:395.482 JLINK_CORESIGHT_WriteAPDPReg(AP reg 0x01, 0x80011140)
T0724 000:395.641 - 0.159ms returns 0
T0724 000:395.656 JLINK_CORESIGHT_ReadAPDPReg(AP reg 0x03)
T0724 000:395.865   Value=0x00000000
T0724 000:395.882 - 0.226ms returns 0
T0724 000:395.895 JLINK_CORESIGHT_WriteAPDPReg(AP reg 0x00, 0x80000002)
T0724 000:396.065 - 0.170ms returns 0
T0724 000:396.080 JLINK_CORESIGHT_WriteAPDPReg(AP reg 0x01, 0x80011130)
T0724 000:396.243 - 0.162ms returns 0
T0724 000:396.264 JLINK_CORESIGHT_ReadAPDPReg(AP reg 0x03)
T0724 000:396.494   Value=0x0B000000
T0724 000:396.511 - 0.246ms returns 0
T0724 000:396.524 JLINK_CORESIGHT_WriteAPDPReg(AP reg 0x00, 0x80000002)
T0724 000:396.733 - 0.208ms returns 0
T0724 000:396.799 JLINK_CORESIGHT_WriteAPDPReg(AP reg 0x01, 0x80011140)
T0724 000:397.015 - 0.216ms returns 0
T0724 000:397.041 JLINK_CORESIGHT_ReadAPDPReg(AP reg 0x03)
T0724 000:397.425   Value=0x00000000
T0724 000:397.452 - 0.411ms returns 0
T0724 000:397.475 JLINK_CORESIGHT_WriteAPDPReg(AP reg 0x00, 0x80000002)
T0724 000:398.487 - 1.011ms returns 0
T0724 000:398.516 JLINK_CORESIGHT_WriteAPDPReg(AP reg 0x01, 0x80011130)
T0724 000:399.189 - 0.672ms returns 0
T0724 000:399.362 JLINK_CORESIGHT_ReadAPDPReg(AP reg 0x03)
T0724 000:399.607   Value=0x03581000
T0724 000:399.634 - 0.272ms returns 0
T0724 000:399.801 JLINK_CORESIGHT_WriteAPDPReg(AP reg 0x00, 0x80000002)
T0724 000:400.000 - 0.198ms returns 0
T0724 000:400.022 JLINK_CORESIGHT_WriteAPDPReg(AP reg 0x01, 0x80011140)
T0724 000:400.219 - 0.197ms returns 0
T0724 000:400.246 JLINK_CORESIGHT_ReadAPDPReg(AP reg 0x03)
T0724 000:400.520   Value=0x00000002
T0724 000:400.547 - 0.300ms returns 0
T0724 000:400.560 JLINK_CORESIGHT_WriteAPDPReg(AP reg 0x00, 0x80000002)
T0724 000:400.739 - 0.179ms returns 0
T0724 000:400.754 JLINK_CORESIGHT_WriteAPDPReg(AP reg 0x01, 0x80011120)
T0724 000:400.916 - 0.162ms returns 0
T0724 000:400.930 JLINK_CORESIGHT_WriteAPDPReg(AP reg 0x03, 0x4F010001)
T0724 000:401.090 - 0.159ms returns 0
T0724 000:401.108 JLINK_CORESIGHT_WriteAPDPReg(AP reg 0x00, 0x80000002)
T0724 000:401.364 - 0.255ms returns 0
T0724 000:401.374 JLINK_CORESIGHT_WriteAPDPReg(AP reg 0x01, 0x80011140)
T0724 000:401.544 - 0.169ms returns 0
T0724 000:401.552 JLINK_CORESIGHT_ReadAPDPReg(AP reg 0x03)
T0724 000:401.758   Value=0x00000002
T0724 000:401.767 - 0.215ms returns 0
T0724 000:401.774 JLINK_CORESIGHT_WriteAPDPReg(AP reg 0x00, 0x80000002)
T0724 000:401.930 - 0.156ms returns 0
T0724 000:401.938 JLINK_CORESIGHT_WriteAPDPReg(AP reg 0x01, 0x80011120)
T0724 000:402.102 - 0.164ms returns 0
T0724 000:402.109 JLINK_CORESIGHT_WriteAPDPReg(AP reg 0x03, 0x000003B0)
T0724 000:402.349 - 0.240ms returns 0
T0724 000:402.358 JLINK_CORESIGHT_WriteAPDPReg(AP reg 0x00, 0x80000002)
T0724 000:402.516 - 0.158ms returns 0
T0724 000:402.524 JLINK_CORESIGHT_WriteAPDPReg(AP reg 0x01, 0x80011140)
T0724 000:402.688 - 0.164ms returns 0
T0724 000:402.696 JLINK_CORESIGHT_ReadAPDPReg(AP reg 0x03)
T0724 000:402.927   Value=0x00000000
T0724 000:402.936 - 0.240ms returns 0
T0724 000:402.942 JLINK_CORESIGHT_WriteAPDPReg(AP reg 0x00, 0x80000002)
T0724 000:403.098 - 0.156ms returns 0
T0724 000:403.106 JLINK_CORESIGHT_WriteAPDPReg(AP reg 0x01, 0x80011130)
T0724 000:403.350 - 0.244ms returns 0
T0724 000:403.361 JLINK_CORESIGHT_ReadAPDPReg(AP reg 0x03)
T0724 000:403.560   Value=0x4F0B0081
T0724 000:403.569 - 0.207ms returns 0
T0724 000:403.576 JLINK_CORESIGHT_WriteAPDPReg(AP reg 0x00, 0x80000002)
T0724 000:403.759 - 0.183ms returns 0
T0724 000:403.767 JLINK_CORESIGHT_WriteAPDPReg(AP reg 0x01, 0x80011140)
T0724 000:403.951 - 0.184ms returns 0
T0724 000:403.958 JLINK_CORESIGHT_ReadAPDPReg(AP reg 0x03)
T0724 000:404.339   Value=0x00000000
T0724 000:404.368 - 0.409ms returns 0
T0724 000:404.383 JLINK_CORESIGHT_WriteAPDPReg(AP reg 0x00, 0x80000002)
T0724 000:404.593 - 0.209ms returns 0
T0724 000:404.617 JLINK_CORESIGHT_WriteAPDPReg(AP reg 0x01, 0x80011130)
T0724 000:404.843 - 0.226ms returns 0
T0724 000:404.867 JLINK_CORESIGHT_ReadAPDPReg(AP reg 0x03)
T0724 000:405.117   Value=0x20001300
T0724 000:405.137 - 0.270ms returns 0
T0724 000:405.151 JLINK_CORESIGHT_WriteAPDPReg(AP reg 0x00, 0x80000002)
T0724 000:405.368 - 0.217ms returns 0
T0724 000:405.389 JLINK_CORESIGHT_WriteAPDPReg(AP reg 0x01, 0x80011140)
T0724 000:405.570 - 0.181ms returns 0
T0724 000:405.590 JLINK_CORESIGHT_ReadAPDPReg(AP reg 0x03)
T0724 000:405.816   Value=0x00000000
T0724 000:405.833 - 0.243ms returns 0
T0724 000:405.846 JLINK_CORESIGHT_WriteAPDPReg(AP reg 0x00, 0x80000002)
T0724 000:406.020 - 0.173ms returns 0
T0724 000:406.034 JLINK_CORESIGHT_WriteAPDPReg(AP reg 0x01, 0x80011130)
T0724 000:406.217 - 0.182ms returns 0
T0724 000:406.231 JLINK_CORESIGHT_ReadAPDPReg(AP reg 0x03)
T0724 000:406.444   Value=0x0B000000
T0724 000:406.461 - 0.229ms returns 0
T0724 000:406.473 JLINK_CORESIGHT_WriteAPDPReg(AP reg 0x00, 0x80000002)
T0724 000:406.639 - 0.166ms returns 0
T0724 000:406.654 JLINK_CORESIGHT_WriteAPDPReg(AP reg 0x01, 0x80011140)
T0724 000:406.826 - 0.172ms returns 0
T0724 000:406.840 JLINK_CORESIGHT_ReadAPDPReg(AP reg 0x03)
T0724 000:407.057   Value=0x00000000
T0724 000:407.074 - 0.233ms returns 0
T0724 000:407.086 JLINK_CORESIGHT_WriteAPDPReg(AP reg 0x00, 0x80000002)
T0724 000:407.262 - 0.175ms returns 0
T0724 000:407.282 JLINK_CORESIGHT_WriteAPDPReg(AP reg 0x01, 0x80011130)
T0724 000:407.469 - 0.187ms returns 0
T0724 000:407.484 JLINK_CORESIGHT_ReadAPDPReg(AP reg 0x03)
T0724 000:407.686   Value=0x03581000
T0724 000:407.703 - 0.219ms returns 0
T0724 000:407.722 JLINK_CORESIGHT_ReadAPDPReg(DP reg 0x01)
T0724 000:407.896   Value=0xF0000F40
T0724 000:407.913 - 0.191ms returns 0
T0724 000:407.926 JLINK_CORESIGHT_WriteAPDPReg(DP reg 0x01, 0xA0000F40)
T0724 000:408.111 - 0.184ms returns 0
T0724 000:408.125 JLINK_CORESIGHT_ReadAPDPReg(DP reg 0x01)
T0724 000:408.344   Value=0x00000F40
T0724 000:408.367 - 0.241ms returns 0
T0724 000:408.381 JLINK_ClrRESET()
T0724 000:408.751 - 0.369ms 
T0724 000:519.946 JLINK_Close()
T0724 000:523.535 - 3.588ms
T0724 000:523.552   
T0724 000:523.557   Closed
