T8AF8 000:000.467   SEGGER J-Link V8.12c Log File
T8AF8 000:000.569   DLL Compiled: Jan 22 2025 12:55:59
T8AF8 000:000.575   Logging started @ 2025-03-19 16:02
T8AF8 000:000.581   Process: C:\Users\a8456\.eclipse\com.renesas.platform_1309835749\DebugComp\RA\e2-server-gdb.exe
T8AF8 000:000.590 - 0.587ms 
T8AF8 000:000.602 JLINK_GetDLLVersion()
T8AF8 000:000.609 - 0.007ms returns 81203
T8AF8 000:002.037 JLINK_OpenEx(...)
T8AF8 000:007.794   Firmware: J-Link V9 compiled May  7 2021 16:26:12
T8AF8 000:008.584   Firmware: J-Link V9 compiled May  7 2021 16:26:12
T8AF8 000:008.826   Decompressing FW timestamp took 177 us
T8AF8 000:014.220   Hardware: V9.60
T8AF8 000:014.240   S/N: 69660718
T8AF8 000:014.274   OEM: SEGGER
T8AF8 000:014.284   Feature(s): RDI, GDB, FlashDL, FlashBP, JFlash
T8AF8 000:014.690   Bootloader: (FW returned invalid version)
T8AF8 000:015.200   TELNET listener socket opened on port 19021
T8AF8 000:015.404   WEBSRV WEBSRV_Init(): Starting webserver thread(s)
T8AF8 000:015.652   WEBSRV Webserver running on local port 19080
T8AF8 000:015.761   Looking for J-Link GUI Server exe at: C:\Users\a8456\.eclipse\com.renesas.platform_1309835749\DebugComp\RA\ARM\Segger_v8.12.3\JLinkGUIServer.exe
T8AF8 000:015.840   Looking for J-Link GUI Server exe at: C:\Program Files\SEGGER\JLink_V818\JLinkGUIServer.exe
T8AF8 000:015.866   Forking J-Link GUI Server: C:\Program Files\SEGGER\JLink_V818\JLinkGUIServer.exe
T8AF8 000:120.599   J-Link GUI Server info: "J-Link GUI server V8.18 "
T8AF8 000:123.782 - 121.741ms returns "O.K."
T8AF8 000:123.861 JLINK_TIF_Select(JLINKARM_TIF_SWD)
T8AF8 000:124.467 - 0.606ms returns 0x00
T8AF8 000:124.495 JLINK_ClrRESET()
T8AF8 000:124.910 - 0.312ms 
T8AF8 000:176.092 JLINK_SetSpeed(1500)
T8AF8 000:176.506 - 0.431ms 
T8AF8 000:176.574 JLINK_CORESIGHT_Configure(PerformTIFInit=0)
T8AF8 000:177.604 - 1.039ms returns 0
T8AF8 000:177.835 JLINK_CORESIGHT_ReadAPDPReg(DP reg 0x00)
T8AF8 000:178.368   Value=0x6BA02477
T8AF8 000:178.398 - 0.570ms returns 0
T8AF8 000:178.412 JLINK_CORESIGHT_WriteAPDPReg(DP reg 0x00, 0x0000001F)
T8AF8 000:178.701 - 0.287ms returns 0
T8AF8 000:178.740 JLINK_CORESIGHT_ReadAPDPReg(DP reg 0x00)
T8AF8 000:179.016   Value=0x6BA02477
T8AF8 000:179.046 - 0.306ms returns 0
T8AF8 000:179.061 JLINK_CORESIGHT_WriteAPDPReg(DP reg 0x02, 0x00000000)
T8AF8 000:179.276 - 0.215ms returns 0
T8AF8 000:179.292 JLINK_CORESIGHT_WriteAPDPReg(DP reg 0x01, 0x50000000)
T8AF8 000:179.502 - 0.210ms returns 0
T8AF8 000:179.516 JLINK_CORESIGHT_ReadAPDPReg(DP reg 0x01)
T8AF8 000:179.676   Value=0xF0000040
T8AF8 000:179.693 - 0.176ms returns 0
T8AF8 000:179.702 JLINK_CORESIGHT_WriteAPDPReg(DP reg 0x00, 0x0000001F)
T8AF8 000:179.900 - 0.198ms returns 0
T8AF8 000:179.908 JLINK_CORESIGHT_ReadAPDPReg(DP reg 0x00)
T8AF8 000:180.072   Value=0x6BA02477
T8AF8 000:180.080 - 0.172ms returns 0
T8AF8 000:180.087 JLINK_CORESIGHT_WriteAPDPReg(DP reg 0x01, 0x54000000)
T8AF8 000:180.240 - 0.152ms returns 0
T8AF8 000:180.247 JLINK_CORESIGHT_WriteAPDPReg(DP reg 0x01, 0x50000F00)
T8AF8 000:180.399 - 0.152ms returns 0
T8AF8 000:180.406 JLINK_CORESIGHT_WriteAPDPReg(DP reg 0x02, 0x01000000)
T8AF8 000:180.642 - 0.235ms returns 0
T8AF8 000:180.664 JLINK_CORESIGHT_WriteAPDPReg(AP reg 0x00, 0x80000002)
T8AF8 000:180.852 - 0.187ms returns 0
T8AF8 000:180.868 JLINK_CORESIGHT_WriteAPDPReg(AP reg 0x01, 0x80011100)
T8AF8 000:181.027 - 0.159ms returns 0
T8AF8 000:181.034 JLINK_CORESIGHT_WriteAPDPReg(AP reg 0x03, 0x000000A5)
T8AF8 000:181.199 - 0.164ms returns 0
T8AF8 000:181.206 JLINK_CORESIGHT_WriteAPDPReg(AP reg 0x00, 0x80000002)
T8AF8 000:181.367 - 0.160ms returns 0
T8AF8 000:181.374 JLINK_CORESIGHT_WriteAPDPReg(AP reg 0x01, 0x80011100)
T8AF8 000:181.552 - 0.177ms returns 0
T8AF8 000:181.571 JLINK_CORESIGHT_ReadAPDPReg(AP reg 0x03)
T8AF8 000:181.826   Value=0x000000A5
T8AF8 000:181.852 - 0.280ms returns 0
T8AF8 000:181.867 JLINK_ClrTMS()
T8AF8 000:181.934 - 0.067ms 
T8AF8 000:187.625 JLINK_SetTCK()
T8AF8 000:187.674 - 0.049ms returns 0
T8AF8 000:193.633 JLINK_SetRESET()
T8AF8 000:193.846 - 0.211ms 
T8AF8 000:394.342 JLINK_CORESIGHT_WriteAPDPReg(AP reg 0x00, 0x80000002)
T8AF8 000:394.644 - 0.301ms returns 0
T8AF8 000:394.675 JLINK_CORESIGHT_WriteAPDPReg(AP reg 0x01, 0x80011100)
T8AF8 000:394.879 - 0.203ms returns 0
T8AF8 000:394.905 JLINK_CORESIGHT_ReadAPDPReg(AP reg 0x03)
T8AF8 000:395.129   Value=0x00000000
T8AF8 000:395.154 - 0.248ms returns 0
T8AF8 000:395.169 JLINK_CORESIGHT_WriteAPDPReg(AP reg 0x00, 0x80000002)
T8AF8 000:395.363 - 0.193ms returns 0
T8AF8 000:395.399 JLINK_CORESIGHT_WriteAPDPReg(AP reg 0x01, 0x80011140)
T8AF8 000:395.633 - 0.233ms returns 0
T8AF8 000:395.669 JLINK_CORESIGHT_ReadAPDPReg(AP reg 0x03)
T8AF8 000:395.905   Value=0x00000002
T8AF8 000:395.962 - 0.292ms returns 0
T8AF8 000:395.977 JLINK_CORESIGHT_WriteAPDPReg(AP reg 0x00, 0x80000002)
T8AF8 000:396.129 - 0.152ms returns 0
T8AF8 000:396.139 JLINK_CORESIGHT_WriteAPDPReg(AP reg 0x01, 0x80011120)
T8AF8 000:396.332 - 0.192ms returns 0
T8AF8 000:396.344 JLINK_CORESIGHT_WriteAPDPReg(AP reg 0x03, 0x00000055)
T8AF8 000:396.504 - 0.160ms returns 0
T8AF8 000:396.520 JLINK_CORESIGHT_WriteAPDPReg(AP reg 0x00, 0x80000002)
T8AF8 000:396.730 - 0.209ms returns 0
T8AF8 000:396.756 JLINK_CORESIGHT_WriteAPDPReg(AP reg 0x01, 0x80011140)
T8AF8 000:396.953 - 0.196ms returns 0
T8AF8 000:396.973 JLINK_CORESIGHT_ReadAPDPReg(AP reg 0x03)
T8AF8 000:397.228   Value=0x00000000
T8AF8 000:397.246 - 0.273ms returns 0
T8AF8 000:397.259 JLINK_CORESIGHT_WriteAPDPReg(AP reg 0x00, 0x80000002)
T8AF8 000:397.506 - 0.246ms returns 0
T8AF8 000:397.532 JLINK_CORESIGHT_WriteAPDPReg(AP reg 0x01, 0x80011130)
T8AF8 000:397.732 - 0.200ms returns 0
T8AF8 000:397.756 JLINK_CORESIGHT_ReadAPDPReg(AP reg 0x03)
T8AF8 000:397.967   Value=0x000000C6
T8AF8 000:397.982 - 0.226ms returns 0
T8AF8 000:398.000 JLINK_CORESIGHT_WriteAPDPReg(AP reg 0x00, 0x80000002)
T8AF8 000:398.199 - 0.198ms returns 0
T8AF8 000:398.207 JLINK_CORESIGHT_WriteAPDPReg(AP reg 0x01, 0x80011140)
T8AF8 000:398.366 - 0.159ms returns 0
T8AF8 000:398.375 JLINK_CORESIGHT_ReadAPDPReg(AP reg 0x03)
T8AF8 000:398.699   Value=0x00000002
T8AF8 000:398.757 - 0.380ms returns 0
T8AF8 000:398.799 JLINK_CORESIGHT_WriteAPDPReg(AP reg 0x00, 0x80000002)
T8AF8 000:398.991 - 0.192ms returns 0
T8AF8 000:399.003 JLINK_CORESIGHT_WriteAPDPReg(AP reg 0x01, 0x80011120)
T8AF8 000:399.216 - 0.213ms returns 0
T8AF8 000:399.224 JLINK_CORESIGHT_WriteAPDPReg(AP reg 0x03, 0x3A010001)
T8AF8 000:399.393 - 0.168ms returns 0
T8AF8 000:399.421 JLINK_CORESIGHT_WriteAPDPReg(AP reg 0x00, 0x80000002)
T8AF8 000:399.643 - 0.221ms returns 0
T8AF8 000:399.679 JLINK_CORESIGHT_WriteAPDPReg(AP reg 0x01, 0x80011140)
T8AF8 000:399.850 - 0.170ms returns 0
T8AF8 000:399.863 JLINK_CORESIGHT_ReadAPDPReg(AP reg 0x03)
T8AF8 000:400.120   Value=0x00000002
T8AF8 000:400.146 - 0.282ms returns 0
T8AF8 000:400.162 JLINK_CORESIGHT_WriteAPDPReg(AP reg 0x00, 0x80000002)
T8AF8 000:400.345 - 0.183ms returns 0
T8AF8 000:400.367 JLINK_CORESIGHT_WriteAPDPReg(AP reg 0x01, 0x80011120)
T8AF8 000:400.558 - 0.190ms returns 0
T8AF8 000:400.583 JLINK_CORESIGHT_WriteAPDPReg(AP reg 0x03, 0x000003C5)
T8AF8 000:400.769 - 0.186ms returns 0
T8AF8 000:400.792 JLINK_CORESIGHT_WriteAPDPReg(AP reg 0x00, 0x80000002)
T8AF8 000:400.956 - 0.164ms returns 0
T8AF8 000:400.970 JLINK_CORESIGHT_WriteAPDPReg(AP reg 0x01, 0x80011140)
T8AF8 000:401.183 - 0.212ms returns 0
T8AF8 000:401.205 JLINK_CORESIGHT_ReadAPDPReg(AP reg 0x03)
T8AF8 000:401.541   Value=0x00000002
T8AF8 000:401.567 - 0.362ms returns 0
T8AF8 000:401.582 JLINK_CORESIGHT_ReadAPDPReg(AP reg 0x03)
T8AF8 000:401.803   Value=0x00000002
T8AF8 000:401.828 - 0.246ms returns 0
T8AF8 000:401.842 JLINK_CORESIGHT_ReadAPDPReg(AP reg 0x03)
T8AF8 000:402.048   Value=0x00000002
T8AF8 000:402.072 - 0.230ms returns 0
T8AF8 000:402.087 JLINK_CORESIGHT_ReadAPDPReg(AP reg 0x03)
T8AF8 000:402.440   Value=0x00000000
T8AF8 000:402.469 - 0.382ms returns 0
T8AF8 000:402.485 JLINK_CORESIGHT_WriteAPDPReg(AP reg 0x00, 0x80000002)
T8AF8 000:402.811 - 0.325ms returns 0
T8AF8 000:402.835 JLINK_CORESIGHT_WriteAPDPReg(AP reg 0x01, 0x80011130)
T8AF8 000:403.050 - 0.216ms returns 0
T8AF8 000:403.064 JLINK_CORESIGHT_ReadAPDPReg(AP reg 0x03)
T8AF8 000:403.299   Value=0x3A2A0081
T8AF8 000:403.309 - 0.245ms returns 0
T8AF8 000:403.317 JLINK_CORESIGHT_WriteAPDPReg(AP reg 0x00, 0x80000002)
T8AF8 000:403.506 - 0.188ms returns 0
T8AF8 000:403.531 JLINK_CORESIGHT_WriteAPDPReg(AP reg 0x01, 0x80011140)
T8AF8 000:403.728 - 0.196ms returns 0
T8AF8 000:403.761 JLINK_CORESIGHT_ReadAPDPReg(AP reg 0x03)
T8AF8 000:404.022   Value=0x00000000
T8AF8 000:404.052 - 0.291ms returns 0
T8AF8 000:404.061 JLINK_CORESIGHT_WriteAPDPReg(AP reg 0x00, 0x80000002)
T8AF8 000:404.285 - 0.223ms returns 0
T8AF8 000:404.295 JLINK_CORESIGHT_WriteAPDPReg(AP reg 0x01, 0x80011130)
T8AF8 000:404.503 - 0.207ms returns 0
T8AF8 000:404.545 JLINK_CORESIGHT_ReadAPDPReg(AP reg 0x03)
T8AF8 000:404.800   Value=0x80841E00
T8AF8 000:404.832 - 0.287ms returns 0
T8AF8 000:404.853 JLINK_CORESIGHT_WriteAPDPReg(AP reg 0x00, 0x80000002)
T8AF8 000:405.031 - 0.177ms returns 0
T8AF8 000:405.054 JLINK_CORESIGHT_WriteAPDPReg(AP reg 0x01, 0x80011140)
T8AF8 000:405.243 - 0.189ms returns 0
T8AF8 000:405.261 JLINK_CORESIGHT_ReadAPDPReg(AP reg 0x03)
T8AF8 000:405.503   Value=0x00000000
T8AF8 000:405.517 - 0.256ms returns 0
T8AF8 000:405.525 JLINK_CORESIGHT_WriteAPDPReg(AP reg 0x00, 0x80000002)
T8AF8 000:405.693 - 0.167ms returns 0
T8AF8 000:405.705 JLINK_CORESIGHT_WriteAPDPReg(AP reg 0x01, 0x80011130)
T8AF8 000:405.867 - 0.162ms returns 0
T8AF8 000:405.879 JLINK_CORESIGHT_ReadAPDPReg(AP reg 0x03)
T8AF8 000:406.088   Value=0x000D0803
T8AF8 000:406.097 - 0.218ms returns 0
T8AF8 000:406.105 JLINK_CORESIGHT_WriteAPDPReg(AP reg 0x00, 0x80000002)
T8AF8 000:406.262 - 0.157ms returns 0
T8AF8 000:406.303 JLINK_CORESIGHT_WriteAPDPReg(AP reg 0x01, 0x80011140)
T8AF8 000:406.505 - 0.202ms returns 0
T8AF8 000:406.516 JLINK_CORESIGHT_ReadAPDPReg(AP reg 0x03)
T8AF8 000:406.718   Value=0x00000000
T8AF8 000:406.731 - 0.215ms returns 0
T8AF8 000:406.740 JLINK_CORESIGHT_WriteAPDPReg(AP reg 0x00, 0x80000002)
T8AF8 000:406.923 - 0.183ms returns 0
T8AF8 000:406.934 JLINK_CORESIGHT_WriteAPDPReg(AP reg 0x01, 0x80011130)
T8AF8 000:407.094 - 0.160ms returns 0
T8AF8 000:407.103 JLINK_CORESIGHT_ReadAPDPReg(AP reg 0x03)
T8AF8 000:407.299   Value=0x31574B02
T8AF8 000:407.313 - 0.209ms returns 0
T8AF8 000:407.323 JLINK_CORESIGHT_WriteAPDPReg(AP reg 0x00, 0x80000002)
T8AF8 000:407.506 - 0.182ms returns 0
T8AF8 000:407.533 JLINK_CORESIGHT_WriteAPDPReg(AP reg 0x01, 0x80011140)
T8AF8 000:407.718 - 0.185ms returns 0
T8AF8 000:407.733 JLINK_CORESIGHT_ReadAPDPReg(AP reg 0x03)
T8AF8 000:408.071   Value=0x00000000
T8AF8 000:408.099 - 0.365ms returns 0
T8AF8 000:408.116 JLINK_CORESIGHT_WriteAPDPReg(AP reg 0x00, 0x80000002)
T8AF8 000:408.347 - 0.230ms returns 0
T8AF8 000:408.375 JLINK_CORESIGHT_WriteAPDPReg(AP reg 0x01, 0x80011130)
T8AF8 000:408.680 - 0.304ms returns 0
T8AF8 000:408.711 JLINK_CORESIGHT_ReadAPDPReg(AP reg 0x03)
T8AF8 000:408.981   Value=0x333A7674
T8AF8 000:409.011 - 0.300ms returns 0
T8AF8 000:409.028 JLINK_CORESIGHT_WriteAPDPReg(AP reg 0x00, 0x80000002)
T8AF8 000:409.384 - 0.356ms returns 0
T8AF8 000:409.412 JLINK_CORESIGHT_WriteAPDPReg(AP reg 0x01, 0x80011140)
T8AF8 000:409.618 - 0.206ms returns 0
T8AF8 000:409.647 JLINK_CORESIGHT_ReadAPDPReg(AP reg 0x03)
T8AF8 000:409.924   Value=0x00000000
T8AF8 000:409.941 - 0.294ms returns 0
T8AF8 000:409.951 JLINK_CORESIGHT_WriteAPDPReg(AP reg 0x00, 0x80000002)
T8AF8 000:410.158 - 0.206ms returns 0
T8AF8 000:410.185 JLINK_CORESIGHT_WriteAPDPReg(AP reg 0x01, 0x80011130)
T8AF8 000:410.371 - 0.186ms returns 0
T8AF8 000:410.389 JLINK_CORESIGHT_ReadAPDPReg(AP reg 0x03)
T8AF8 000:410.677   Value=0x30383334
T8AF8 000:410.693 - 0.304ms returns 0
T8AF8 000:410.702 JLINK_CORESIGHT_WriteAPDPReg(AP reg 0x00, 0x80000002)
T8AF8 000:410.866 - 0.163ms returns 0
T8AF8 000:410.874 JLINK_CORESIGHT_WriteAPDPReg(AP reg 0x01, 0x80011140)
T8AF8 000:411.045 - 0.171ms returns 0
T8AF8 000:411.053 JLINK_CORESIGHT_ReadAPDPReg(AP reg 0x03)
T8AF8 000:411.268   Value=0x00000000
T8AF8 000:411.298 - 0.244ms returns 0
T8AF8 000:411.315 JLINK_CORESIGHT_WriteAPDPReg(AP reg 0x00, 0x80000002)
T8AF8 000:411.542 - 0.226ms returns 0
T8AF8 000:411.557 JLINK_CORESIGHT_WriteAPDPReg(AP reg 0x01, 0x80011130)
T8AF8 000:411.731 - 0.173ms returns 0
T8AF8 000:411.762 JLINK_CORESIGHT_ReadAPDPReg(AP reg 0x03)
T8AF8 000:412.013   Value=0x11103130
T8AF8 000:412.027 - 0.265ms returns 0
T8AF8 000:412.036 JLINK_CORESIGHT_WriteAPDPReg(AP reg 0x00, 0x80000002)
T8AF8 000:412.200 - 0.163ms returns 0
T8AF8 000:412.212 JLINK_CORESIGHT_WriteAPDPReg(AP reg 0x01, 0x80011140)
T8AF8 000:412.366 - 0.154ms returns 0
T8AF8 000:412.378 JLINK_CORESIGHT_ReadAPDPReg(AP reg 0x03)
T8AF8 000:412.593   Value=0x00000000
T8AF8 000:412.607 - 0.229ms returns 0
T8AF8 000:412.616 JLINK_CORESIGHT_WriteAPDPReg(AP reg 0x00, 0x80000002)
T8AF8 000:412.798 - 0.181ms returns 0
T8AF8 000:412.812 JLINK_CORESIGHT_WriteAPDPReg(AP reg 0x01, 0x80011130)
T8AF8 000:412.971 - 0.159ms returns 0
T8AF8 000:412.985 JLINK_CORESIGHT_ReadAPDPReg(AP reg 0x03)
T8AF8 000:413.216   Value=0x4637520E
T8AF8 000:413.230 - 0.245ms returns 0
T8AF8 000:413.240 JLINK_CORESIGHT_WriteAPDPReg(AP reg 0x00, 0x80000002)
T8AF8 000:413.402 - 0.162ms returns 0
T8AF8 000:413.414 JLINK_CORESIGHT_WriteAPDPReg(AP reg 0x01, 0x80011140)
T8AF8 000:413.617 - 0.203ms returns 0
T8AF8 000:413.631 JLINK_CORESIGHT_ReadAPDPReg(AP reg 0x03)
T8AF8 000:413.891   Value=0x00000000
T8AF8 000:413.902 - 0.271ms returns 0
T8AF8 000:413.912 JLINK_CORESIGHT_WriteAPDPReg(AP reg 0x00, 0x80000002)
T8AF8 000:414.116 - 0.204ms returns 0
T8AF8 000:414.130 JLINK_CORESIGHT_WriteAPDPReg(AP reg 0x01, 0x80011130)
T8AF8 000:414.299 - 0.169ms returns 0
T8AF8 000:414.315 JLINK_CORESIGHT_ReadAPDPReg(AP reg 0x03)
T8AF8 000:414.546   Value=0x314C3441
T8AF8 000:414.558 - 0.243ms returns 0
T8AF8 000:414.574 JLINK_CORESIGHT_WriteAPDPReg(AP reg 0x00, 0x80000002)
T8AF8 000:414.771 - 0.197ms returns 0
T8AF8 000:414.796 JLINK_CORESIGHT_WriteAPDPReg(AP reg 0x01, 0x80011140)
T8AF8 000:415.020 - 0.224ms returns 0
T8AF8 000:415.046 JLINK_CORESIGHT_ReadAPDPReg(AP reg 0x03)
T8AF8 000:415.251   Value=0x00000000
T8AF8 000:415.264 - 0.218ms returns 0
T8AF8 000:415.273 JLINK_CORESIGHT_WriteAPDPReg(AP reg 0x00, 0x80000002)
T8AF8 000:415.502 - 0.228ms returns 0
T8AF8 000:415.510 JLINK_CORESIGHT_WriteAPDPReg(AP reg 0x01, 0x80011130)
T8AF8 000:415.679 - 0.169ms returns 0
T8AF8 000:415.688 JLINK_CORESIGHT_ReadAPDPReg(AP reg 0x03)
T8AF8 000:415.943   Value=0x43344442
T8AF8 000:415.959 - 0.270ms returns 0
T8AF8 000:415.969 JLINK_CORESIGHT_WriteAPDPReg(AP reg 0x00, 0x80000002)
T8AF8 000:416.147 - 0.178ms returns 0
T8AF8 000:416.161 JLINK_CORESIGHT_WriteAPDPReg(AP reg 0x01, 0x80011140)
T8AF8 000:416.341 - 0.180ms returns 0
T8AF8 000:416.352 JLINK_CORESIGHT_ReadAPDPReg(AP reg 0x03)
T8AF8 000:416.557   Value=0x00000000
T8AF8 000:416.569 - 0.217ms returns 0
T8AF8 000:416.579 JLINK_CORESIGHT_WriteAPDPReg(AP reg 0x00, 0x80000002)
T8AF8 000:416.756 - 0.177ms returns 0
T8AF8 000:416.784 JLINK_CORESIGHT_WriteAPDPReg(AP reg 0x01, 0x80011130)
T8AF8 000:416.977 - 0.193ms returns 0
T8AF8 000:416.991 JLINK_CORESIGHT_ReadAPDPReg(AP reg 0x03)
T8AF8 000:417.226   Value=0x20205046
T8AF8 000:417.440 - 0.448ms returns 0
T8AF8 000:417.467 JLINK_CORESIGHT_WriteAPDPReg(AP reg 0x00, 0x80000002)
T8AF8 000:417.628 - 0.160ms returns 0
T8AF8 000:417.642 JLINK_CORESIGHT_WriteAPDPReg(AP reg 0x01, 0x80011140)
T8AF8 000:417.828 - 0.186ms returns 0
T8AF8 000:417.852 JLINK_CORESIGHT_ReadAPDPReg(AP reg 0x03)
T8AF8 000:418.101   Value=0x00000000
T8AF8 000:418.112 - 0.259ms returns 0
T8AF8 000:418.120 JLINK_CORESIGHT_WriteAPDPReg(AP reg 0x00, 0x80000002)
T8AF8 000:418.280 - 0.159ms returns 0
T8AF8 000:418.304 JLINK_CORESIGHT_WriteAPDPReg(AP reg 0x01, 0x80011130)
T8AF8 000:418.512 - 0.207ms returns 0
T8AF8 000:418.537 JLINK_CORESIGHT_ReadAPDPReg(AP reg 0x03)
T8AF8 000:418.777   Value=0x00032320
T8AF8 000:418.791 - 0.254ms returns 0
T8AF8 000:418.854 JLINK_CORESIGHT_WriteAPDPReg(AP reg 0x00, 0x80000002)
T8AF8 000:419.031 - 0.176ms returns 0
T8AF8 000:419.058 JLINK_CORESIGHT_WriteAPDPReg(AP reg 0x01, 0x80011140)
T8AF8 000:419.233 - 0.176ms returns 0
T8AF8 000:419.267 JLINK_CORESIGHT_ReadAPDPReg(AP reg 0x03)
T8AF8 000:419.503   Value=0x00000002
T8AF8 000:419.520 - 0.252ms returns 0
T8AF8 000:419.530 JLINK_CORESIGHT_WriteAPDPReg(AP reg 0x00, 0x80000002)
T8AF8 000:419.731 - 0.201ms returns 0
T8AF8 000:419.758 JLINK_CORESIGHT_WriteAPDPReg(AP reg 0x01, 0x80011120)
T8AF8 000:419.952 - 0.194ms returns 0
T8AF8 000:419.977 JLINK_CORESIGHT_WriteAPDPReg(AP reg 0x03, 0x2C010001)
T8AF8 000:420.153 - 0.176ms returns 0
T8AF8 000:420.174 JLINK_CORESIGHT_WriteAPDPReg(AP reg 0x00, 0x80000002)
T8AF8 000:420.377 - 0.203ms returns 0
T8AF8 000:420.393 JLINK_CORESIGHT_WriteAPDPReg(AP reg 0x01, 0x80011140)
T8AF8 000:420.634 - 0.241ms returns 0
T8AF8 000:420.660 JLINK_CORESIGHT_ReadAPDPReg(AP reg 0x03)
T8AF8 000:420.881   Value=0x00000002
T8AF8 000:420.900 - 0.239ms returns 0
T8AF8 000:420.909 JLINK_CORESIGHT_WriteAPDPReg(AP reg 0x00, 0x80000002)
T8AF8 000:421.106 - 0.196ms returns 0
T8AF8 000:421.131 JLINK_CORESIGHT_WriteAPDPReg(AP reg 0x01, 0x80011120)
T8AF8 000:421.307 - 0.176ms returns 0
T8AF8 000:421.332 JLINK_CORESIGHT_WriteAPDPReg(AP reg 0x03, 0x000003D3)
T8AF8 000:421.573 - 0.240ms returns 0
T8AF8 000:421.606 JLINK_CORESIGHT_WriteAPDPReg(AP reg 0x00, 0x80000002)
T8AF8 000:421.826 - 0.220ms returns 0
T8AF8 000:421.898 JLINK_CORESIGHT_WriteAPDPReg(AP reg 0x01, 0x80011140)
T8AF8 000:422.157 - 0.258ms returns 0
T8AF8 000:422.187 JLINK_CORESIGHT_ReadAPDPReg(AP reg 0x03)
T8AF8 000:422.508   Value=0x00000002
T8AF8 000:422.524 - 0.337ms returns 0
T8AF8 000:422.533 JLINK_CORESIGHT_ReadAPDPReg(AP reg 0x03)
T8AF8 000:422.755   Value=0x00000002
T8AF8 000:422.782 - 0.248ms returns 0
T8AF8 000:422.797 JLINK_CORESIGHT_ReadAPDPReg(AP reg 0x03)
T8AF8 000:423.029   Value=0x00000002
T8AF8 000:423.049 - 0.252ms returns 0
T8AF8 000:423.062 JLINK_CORESIGHT_ReadAPDPReg(AP reg 0x03)
T8AF8 000:423.281   Value=0x00000002
T8AF8 000:423.307 - 0.244ms returns 0
T8AF8 000:423.321 JLINK_CORESIGHT_ReadAPDPReg(AP reg 0x03)
T8AF8 000:423.556   Value=0x00000002
T8AF8 000:423.579 - 0.258ms returns 0
T8AF8 000:423.593 JLINK_CORESIGHT_ReadAPDPReg(AP reg 0x03)
T8AF8 000:423.806   Value=0x00000002
T8AF8 000:423.823 - 0.230ms returns 0
T8AF8 000:423.832 JLINK_CORESIGHT_ReadAPDPReg(AP reg 0x03)
T8AF8 000:424.056   Value=0x00000000
T8AF8 000:424.082 - 0.250ms returns 0
T8AF8 000:424.098 JLINK_CORESIGHT_WriteAPDPReg(AP reg 0x00, 0x80000002)
T8AF8 000:424.280 - 0.181ms returns 0
T8AF8 000:424.302 JLINK_CORESIGHT_WriteAPDPReg(AP reg 0x01, 0x80011130)
T8AF8 000:424.702 - 0.400ms returns 0
T8AF8 000:424.772 JLINK_CORESIGHT_ReadAPDPReg(AP reg 0x03)
T8AF8 000:425.099   Value=0x2C020081
T8AF8 000:425.118 - 0.345ms returns 0
T8AF8 000:425.127 JLINK_CORESIGHT_WriteAPDPReg(AP reg 0x00, 0x80000002)
T8AF8 000:426.490 - 1.362ms returns 0
T8AF8 000:426.516 JLINK_CORESIGHT_WriteAPDPReg(AP reg 0x01, 0x80011140)
T8AF8 000:427.917 - 1.395ms returns 0
T8AF8 000:427.979 JLINK_CORESIGHT_ReadAPDPReg(AP reg 0x03)
T8AF8 000:428.446   Value=0x00000000
T8AF8 000:428.479 - 0.500ms returns 0
T8AF8 000:428.496 JLINK_CORESIGHT_WriteAPDPReg(AP reg 0x00, 0x80000002)
T8AF8 000:428.778 - 0.280ms returns 0
T8AF8 000:428.793 JLINK_CORESIGHT_WriteAPDPReg(AP reg 0x01, 0x80011130)
T8AF8 000:429.104 - 0.310ms returns 0
T8AF8 000:429.142 JLINK_CORESIGHT_ReadAPDPReg(AP reg 0x03)
T8AF8 000:429.428   Value=0x0003D002
T8AF8 000:429.445 - 0.303ms returns 0
T8AF8 000:429.463 JLINK_CORESIGHT_WriteAPDPReg(AP reg 0x00, 0x80000002)
T8AF8 000:429.628 - 0.164ms returns 0
T8AF8 000:429.646 JLINK_CORESIGHT_WriteAPDPReg(AP reg 0x01, 0x80011140)
T8AF8 000:429.829 - 0.182ms returns 0
T8AF8 000:429.861 JLINK_CORESIGHT_ReadAPDPReg(AP reg 0x03)
T8AF8 000:430.131   Value=0x00000002
T8AF8 000:430.144 - 0.284ms returns 0
T8AF8 000:430.153 JLINK_CORESIGHT_WriteAPDPReg(AP reg 0x00, 0x80000002)
T8AF8 000:430.328 - 0.175ms returns 0
T8AF8 000:430.362 JLINK_CORESIGHT_WriteAPDPReg(AP reg 0x01, 0x80011120)
T8AF8 000:430.673 - 0.310ms returns 0
T8AF8 000:430.687 JLINK_CORESIGHT_WriteAPDPReg(AP reg 0x03, 0x4F010001)
T8AF8 000:430.858 - 0.171ms returns 0
T8AF8 000:430.874 JLINK_CORESIGHT_WriteAPDPReg(AP reg 0x00, 0x80000002)
T8AF8 000:431.054 - 0.179ms returns 0
T8AF8 000:431.067 JLINK_CORESIGHT_WriteAPDPReg(AP reg 0x01, 0x80011140)
T8AF8 000:431.279 - 0.211ms returns 0
T8AF8 000:431.298 JLINK_CORESIGHT_ReadAPDPReg(AP reg 0x03)
T8AF8 000:431.547   Value=0x00000002
T8AF8 000:431.567 - 0.268ms returns 0
T8AF8 000:431.576 JLINK_CORESIGHT_WriteAPDPReg(AP reg 0x00, 0x80000002)
T8AF8 000:431.754 - 0.178ms returns 0
T8AF8 000:431.772 JLINK_CORESIGHT_WriteAPDPReg(AP reg 0x01, 0x80011120)
T8AF8 000:431.948 - 0.176ms returns 0
T8AF8 000:431.972 JLINK_CORESIGHT_WriteAPDPReg(AP reg 0x03, 0x000003B0)
T8AF8 000:432.148 - 0.176ms returns 0
T8AF8 000:432.163 JLINK_CORESIGHT_WriteAPDPReg(AP reg 0x00, 0x80000002)
T8AF8 000:432.358 - 0.195ms returns 0
T8AF8 000:432.382 JLINK_CORESIGHT_WriteAPDPReg(AP reg 0x01, 0x80011140)
T8AF8 000:432.639 - 0.256ms returns 0
T8AF8 000:432.652 JLINK_CORESIGHT_ReadAPDPReg(AP reg 0x03)
T8AF8 000:432.869   Value=0x00000000
T8AF8 000:432.885 - 0.232ms returns 0
T8AF8 000:432.894 JLINK_CORESIGHT_WriteAPDPReg(AP reg 0x00, 0x80000002)
T8AF8 000:433.117 - 0.223ms returns 0
T8AF8 000:433.130 JLINK_CORESIGHT_WriteAPDPReg(AP reg 0x01, 0x80011130)
T8AF8 000:433.298 - 0.167ms returns 0
T8AF8 000:433.305 JLINK_CORESIGHT_ReadAPDPReg(AP reg 0x03)
T8AF8 000:433.501   Value=0x4F0B0081
T8AF8 000:433.511 - 0.206ms returns 0
T8AF8 000:433.518 JLINK_CORESIGHT_WriteAPDPReg(AP reg 0x00, 0x80000002)
T8AF8 000:433.704 - 0.185ms returns 0
T8AF8 000:433.714 JLINK_CORESIGHT_WriteAPDPReg(AP reg 0x01, 0x80011140)
T8AF8 000:433.876 - 0.161ms returns 0
T8AF8 000:433.893 JLINK_CORESIGHT_ReadAPDPReg(AP reg 0x03)
T8AF8 000:434.104   Value=0x00000000
T8AF8 000:434.121 - 0.227ms returns 0
T8AF8 000:434.130 JLINK_CORESIGHT_WriteAPDPReg(AP reg 0x00, 0x80000002)
T8AF8 000:434.285 - 0.155ms returns 0
T8AF8 000:434.297 JLINK_CORESIGHT_WriteAPDPReg(AP reg 0x01, 0x80011130)
T8AF8 000:434.505 - 0.208ms returns 0
T8AF8 000:434.514 JLINK_CORESIGHT_ReadAPDPReg(AP reg 0x03)
T8AF8 000:434.742   Value=0x20000300
T8AF8 000:434.755 - 0.240ms returns 0
T8AF8 000:434.780 JLINK_CORESIGHT_WriteAPDPReg(AP reg 0x00, 0x80000002)
T8AF8 000:434.962 - 0.182ms returns 0
T8AF8 000:434.972 JLINK_CORESIGHT_WriteAPDPReg(AP reg 0x01, 0x80011140)
T8AF8 000:435.136 - 0.164ms returns 0
T8AF8 000:435.144 JLINK_CORESIGHT_ReadAPDPReg(AP reg 0x03)
T8AF8 000:435.349   Value=0x00000000
T8AF8 000:435.358 - 0.214ms returns 0
T8AF8 000:435.365 JLINK_CORESIGHT_WriteAPDPReg(AP reg 0x00, 0x80000002)
T8AF8 000:435.555 - 0.190ms returns 0
T8AF8 000:435.567 JLINK_CORESIGHT_WriteAPDPReg(AP reg 0x01, 0x80011130)
T8AF8 000:435.728 - 0.160ms returns 0
T8AF8 000:435.745 JLINK_CORESIGHT_ReadAPDPReg(AP reg 0x03)
T8AF8 000:435.946   Value=0x02000000
T8AF8 000:435.961 - 0.216ms returns 0
T8AF8 000:435.970 JLINK_CORESIGHT_WriteAPDPReg(AP reg 0x00, 0x80000002)
T8AF8 000:436.124 - 0.153ms returns 0
T8AF8 000:436.131 JLINK_CORESIGHT_WriteAPDPReg(AP reg 0x01, 0x80011140)
T8AF8 000:436.301 - 0.169ms returns 0
T8AF8 000:436.308 JLINK_CORESIGHT_ReadAPDPReg(AP reg 0x03)
T8AF8 000:436.555   Value=0x00000000
T8AF8 000:436.567 - 0.258ms returns 0
T8AF8 000:436.575 JLINK_CORESIGHT_WriteAPDPReg(AP reg 0x00, 0x80000002)
T8AF8 000:436.774 - 0.199ms returns 0
T8AF8 000:436.785 JLINK_CORESIGHT_WriteAPDPReg(AP reg 0x01, 0x80011130)
T8AF8 000:436.947 - 0.161ms returns 0
T8AF8 000:436.959 JLINK_CORESIGHT_ReadAPDPReg(AP reg 0x03)
T8AF8 000:437.161   Value=0x03790800
T8AF8 000:437.172 - 0.212ms returns 0
T8AF8 000:437.240 JLINK_CORESIGHT_WriteAPDPReg(AP reg 0x00, 0x80000002)
T8AF8 000:437.401 - 0.161ms returns 0
T8AF8 000:437.409 JLINK_CORESIGHT_WriteAPDPReg(AP reg 0x01, 0x80011140)
T8AF8 000:437.655 - 0.245ms returns 0
T8AF8 000:437.670 JLINK_CORESIGHT_ReadAPDPReg(AP reg 0x03)
T8AF8 000:437.875   Value=0x00000002
T8AF8 000:437.892 - 0.221ms returns 0
T8AF8 000:437.900 JLINK_CORESIGHT_WriteAPDPReg(AP reg 0x00, 0x80000002)
T8AF8 000:438.055 - 0.155ms returns 0
T8AF8 000:438.063 JLINK_CORESIGHT_WriteAPDPReg(AP reg 0x01, 0x80011120)
T8AF8 000:438.234 - 0.171ms returns 0
T8AF8 000:438.241 JLINK_CORESIGHT_WriteAPDPReg(AP reg 0x03, 0x2C010001)
T8AF8 000:438.410 - 0.168ms returns 0
T8AF8 000:438.418 JLINK_CORESIGHT_WriteAPDPReg(AP reg 0x00, 0x80000002)
T8AF8 000:438.640 - 0.222ms returns 0
T8AF8 000:438.654 JLINK_CORESIGHT_WriteAPDPReg(AP reg 0x01, 0x80011140)
T8AF8 000:438.819 - 0.164ms returns 0
T8AF8 000:438.831 JLINK_CORESIGHT_ReadAPDPReg(AP reg 0x03)
T8AF8 000:439.036   Value=0x00000002
T8AF8 000:439.050 - 0.219ms returns 0
T8AF8 000:439.058 JLINK_CORESIGHT_WriteAPDPReg(AP reg 0x00, 0x80000002)
T8AF8 000:439.215 - 0.156ms returns 0
T8AF8 000:439.224 JLINK_CORESIGHT_WriteAPDPReg(AP reg 0x01, 0x80011120)
T8AF8 000:439.391 - 0.167ms returns 0
T8AF8 000:439.398 JLINK_CORESIGHT_WriteAPDPReg(AP reg 0x03, 0x000003D3)
T8AF8 000:439.645 - 0.246ms returns 0
T8AF8 000:439.668 JLINK_CORESIGHT_WriteAPDPReg(AP reg 0x00, 0x80000002)
T8AF8 000:439.825 - 0.156ms returns 0
T8AF8 000:439.833 JLINK_CORESIGHT_WriteAPDPReg(AP reg 0x01, 0x80011140)
T8AF8 000:439.993 - 0.160ms returns 0
T8AF8 000:440.006 JLINK_CORESIGHT_ReadAPDPReg(AP reg 0x03)
T8AF8 000:440.216   Value=0x00000002
T8AF8 000:440.226 - 0.220ms returns 0
T8AF8 000:440.233 JLINK_CORESIGHT_ReadAPDPReg(AP reg 0x03)
T8AF8 000:440.501   Value=0x00000002
T8AF8 000:440.509 - 0.276ms returns 0
T8AF8 000:440.516 JLINK_CORESIGHT_ReadAPDPReg(AP reg 0x03)
T8AF8 000:440.717   Value=0x00000002
T8AF8 000:440.728 - 0.211ms returns 0
T8AF8 000:440.736 JLINK_CORESIGHT_ReadAPDPReg(AP reg 0x03)
T8AF8 000:440.946   Value=0x00000002
T8AF8 000:440.958 - 0.222ms returns 0
T8AF8 000:440.966 JLINK_CORESIGHT_ReadAPDPReg(AP reg 0x03)
T8AF8 000:441.303   Value=0x00000002
T8AF8 000:441.324 - 0.357ms returns 0
T8AF8 000:441.332 JLINK_CORESIGHT_ReadAPDPReg(AP reg 0x03)
T8AF8 000:441.601   Value=0x00000002
T8AF8 000:441.656 - 0.323ms returns 0
T8AF8 000:441.672 JLINK_CORESIGHT_ReadAPDPReg(AP reg 0x03)
T8AF8 000:441.971   Value=0x00000002
T8AF8 000:442.002 - 0.330ms returns 0
T8AF8 000:442.129 JLINK_CORESIGHT_ReadAPDPReg(AP reg 0x03)
T8AF8 000:442.365   Value=0x00000002
T8AF8 000:442.393 - 0.263ms returns 0
T8AF8 000:442.408 JLINK_CORESIGHT_ReadAPDPReg(AP reg 0x03)
T8AF8 000:442.653   Value=0x00000002
T8AF8 000:442.679 - 0.271ms returns 0
T8AF8 000:442.693 JLINK_CORESIGHT_ReadAPDPReg(AP reg 0x03)
T8AF8 000:442.913   Value=0x00000002
T8AF8 000:442.938 - 0.245ms returns 0
T8AF8 000:442.953 JLINK_CORESIGHT_ReadAPDPReg(AP reg 0x03)
T8AF8 000:443.177   Value=0x00000002
T8AF8 000:443.203 - 0.250ms returns 0
T8AF8 000:443.218 JLINK_CORESIGHT_ReadAPDPReg(AP reg 0x03)
T8AF8 000:443.504   Value=0x00000002
T8AF8 000:443.523 - 0.304ms returns 0
T8AF8 000:443.533 JLINK_CORESIGHT_ReadAPDPReg(AP reg 0x03)
T8AF8 000:443.739   Value=0x00000000
T8AF8 000:443.755 - 0.221ms returns 0
T8AF8 000:443.765 JLINK_CORESIGHT_WriteAPDPReg(AP reg 0x00, 0x80000002)
T8AF8 000:443.979 - 0.213ms returns 0
T8AF8 000:444.005 JLINK_CORESIGHT_WriteAPDPReg(AP reg 0x01, 0x80011130)
T8AF8 000:444.173 - 0.167ms returns 0
T8AF8 000:444.190 JLINK_CORESIGHT_ReadAPDPReg(AP reg 0x03)
T8AF8 000:444.413   Value=0x2C020081
T8AF8 000:444.423 - 0.232ms returns 0
T8AF8 000:444.432 JLINK_CORESIGHT_WriteAPDPReg(AP reg 0x00, 0x80000002)
T8AF8 000:444.615 - 0.183ms returns 0
T8AF8 000:444.634 JLINK_CORESIGHT_WriteAPDPReg(AP reg 0x01, 0x80011140)
T8AF8 000:444.843 - 0.209ms returns 0
T8AF8 000:444.854 JLINK_CORESIGHT_ReadAPDPReg(AP reg 0x03)
T8AF8 000:445.059   Value=0x00000000
T8AF8 000:445.076 - 0.221ms returns 0
T8AF8 000:445.086 JLINK_CORESIGHT_WriteAPDPReg(AP reg 0x00, 0x80000002)
T8AF8 000:445.249 - 0.164ms returns 0
T8AF8 000:445.258 JLINK_CORESIGHT_WriteAPDPReg(AP reg 0x01, 0x80011130)
T8AF8 000:445.426 - 0.168ms returns 0
T8AF8 000:445.434 JLINK_CORESIGHT_ReadAPDPReg(AP reg 0x03)
T8AF8 000:445.698   Value=0x0003D002
T8AF8 000:445.710 - 0.276ms returns 0
T8AF8 000:445.748 JLINK_CORESIGHT_WriteAPDPReg(AP reg 0x00, 0x80000002)
T8AF8 000:445.919 - 0.171ms returns 0
T8AF8 000:445.928 JLINK_CORESIGHT_WriteAPDPReg(AP reg 0x01, 0x80011140)
T8AF8 000:446.091 - 0.163ms returns 0
T8AF8 000:446.100 JLINK_CORESIGHT_ReadAPDPReg(AP reg 0x03)
T8AF8 000:446.306   Value=0x00000002
T8AF8 000:446.314 - 0.214ms returns 0
T8AF8 000:446.322 JLINK_CORESIGHT_WriteAPDPReg(AP reg 0x00, 0x80000002)
T8AF8 000:446.592 - 0.270ms returns 0
T8AF8 000:446.600 JLINK_CORESIGHT_WriteAPDPReg(AP reg 0x01, 0x80011120)
T8AF8 000:446.766 - 0.166ms returns 0
T8AF8 000:446.777 JLINK_CORESIGHT_WriteAPDPReg(AP reg 0x03, 0x4E0B0001)
T8AF8 000:446.943 - 0.166ms returns 0
T8AF8 000:446.957 JLINK_CORESIGHT_WriteAPDPReg(AP reg 0x00, 0x80000002)
T8AF8 000:447.124 - 0.166ms returns 0
T8AF8 000:447.132 JLINK_CORESIGHT_WriteAPDPReg(AP reg 0x01, 0x80011140)
T8AF8 000:447.304 - 0.172ms returns 0
T8AF8 000:447.320 JLINK_CORESIGHT_ReadAPDPReg(AP reg 0x03)
T8AF8 000:447.584   Value=0x00000002
T8AF8 000:447.637 - 0.316ms returns 0
T8AF8 000:447.662 JLINK_CORESIGHT_WriteAPDPReg(AP reg 0x00, 0x80000002)
T8AF8 000:447.863 - 0.201ms returns 0
T8AF8 000:447.873 JLINK_CORESIGHT_WriteAPDPReg(AP reg 0x01, 0x80011120)
T8AF8 000:448.037 - 0.163ms returns 0
T8AF8 000:448.066 JLINK_CORESIGHT_WriteAPDPReg(AP reg 0x03, 0x20000B00)
T8AF8 000:448.222 - 0.156ms returns 0
T8AF8 000:448.230 JLINK_CORESIGHT_WriteAPDPReg(AP reg 0x00, 0x80000002)
T8AF8 000:448.403 - 0.173ms returns 0
T8AF8 000:448.410 JLINK_CORESIGHT_WriteAPDPReg(AP reg 0x01, 0x80011140)
T8AF8 000:448.653 - 0.242ms returns 0
T8AF8 000:448.667 JLINK_CORESIGHT_ReadAPDPReg(AP reg 0x03)
T8AF8 000:448.867   Value=0x00000002
T8AF8 000:448.880 - 0.212ms returns 0
T8AF8 000:448.888 JLINK_CORESIGHT_WriteAPDPReg(AP reg 0x00, 0x80000002)
T8AF8 000:449.047 - 0.159ms returns 0
T8AF8 000:449.054 JLINK_CORESIGHT_WriteAPDPReg(AP reg 0x01, 0x80011120)
T8AF8 000:449.219 - 0.164ms returns 0
T8AF8 000:449.226 JLINK_CORESIGHT_WriteAPDPReg(AP reg 0x03, 0x03000000)
T8AF8 000:449.374 - 0.147ms returns 0
T8AF8 000:449.381 JLINK_CORESIGHT_WriteAPDPReg(AP reg 0x00, 0x80000002)
T8AF8 000:449.558 - 0.176ms returns 0
T8AF8 000:449.567 JLINK_CORESIGHT_WriteAPDPReg(AP reg 0x01, 0x80011140)
T8AF8 000:449.750 - 0.183ms returns 0
T8AF8 000:449.761 JLINK_CORESIGHT_ReadAPDPReg(AP reg 0x03)
T8AF8 000:449.969   Value=0x00000002
T8AF8 000:449.980 - 0.218ms returns 0
T8AF8 000:449.987 JLINK_CORESIGHT_WriteAPDPReg(AP reg 0x00, 0x80000002)
T8AF8 000:450.172 - 0.185ms returns 0
T8AF8 000:450.180 JLINK_CORESIGHT_WriteAPDPReg(AP reg 0x01, 0x80011120)
T8AF8 000:450.344 - 0.164ms returns 0
T8AF8 000:450.351 JLINK_CORESIGHT_WriteAPDPReg(AP reg 0x03, 0x03710800)
T8AF8 000:450.506 - 0.154ms returns 0
T8AF8 000:450.522 JLINK_CORESIGHT_WriteAPDPReg(AP reg 0x00, 0x80000002)
T8AF8 000:450.730 - 0.207ms returns 0
T8AF8 000:450.753 JLINK_CORESIGHT_WriteAPDPReg(AP reg 0x01, 0x80011140)
T8AF8 000:450.927 - 0.173ms returns 0
T8AF8 000:450.941 JLINK_CORESIGHT_ReadAPDPReg(AP reg 0x03)
T8AF8 000:451.151   Value=0x00000002
T8AF8 000:451.162 - 0.221ms returns 0
T8AF8 000:451.170 JLINK_CORESIGHT_ReadAPDPReg(AP reg 0x03)
T8AF8 000:451.373   Value=0x00000002
T8AF8 000:451.382 - 0.212ms returns 0
T8AF8 000:451.389 JLINK_CORESIGHT_ReadAPDPReg(AP reg 0x03)
T8AF8 000:451.655   Value=0x00000002
T8AF8 000:451.682 - 0.292ms returns 0
T8AF8 000:451.710 JLINK_CORESIGHT_ReadAPDPReg(AP reg 0x03)
T8AF8 000:451.924   Value=0x00000002
T8AF8 000:451.937 - 0.227ms returns 0
T8AF8 000:451.945 JLINK_CORESIGHT_ReadAPDPReg(AP reg 0x03)
T8AF8 000:452.151   Value=0x00000002
T8AF8 000:452.164 - 0.218ms returns 0
T8AF8 000:452.171 JLINK_CORESIGHT_ReadAPDPReg(AP reg 0x03)
T8AF8 000:452.374   Value=0x00000002
T8AF8 000:452.383 - 0.211ms returns 0
T8AF8 000:452.390 JLINK_CORESIGHT_ReadAPDPReg(AP reg 0x03)
T8AF8 000:452.652   Value=0x00000002
T8AF8 000:452.666 - 0.276ms returns 0
T8AF8 000:452.713 JLINK_CORESIGHT_ReadAPDPReg(AP reg 0x03)
T8AF8 000:452.930   Value=0x00000002
T8AF8 000:452.960 - 0.246ms returns 0
T8AF8 000:452.974 JLINK_CORESIGHT_ReadAPDPReg(AP reg 0x03)
T8AF8 000:453.177   Value=0x00000002
T8AF8 000:453.191 - 0.217ms returns 0
T8AF8 000:453.200 JLINK_CORESIGHT_ReadAPDPReg(AP reg 0x03)
T8AF8 000:453.399   Value=0x00000002
T8AF8 000:453.407 - 0.207ms returns 0
T8AF8 000:453.414 JLINK_CORESIGHT_ReadAPDPReg(AP reg 0x03)
T8AF8 000:453.652   Value=0x00000002
T8AF8 000:453.668 - 0.253ms returns 0
T8AF8 000:453.676 JLINK_CORESIGHT_ReadAPDPReg(AP reg 0x03)
T8AF8 000:453.877   Value=0x00000002
T8AF8 000:453.892 - 0.216ms returns 0
T8AF8 000:453.901 JLINK_CORESIGHT_ReadAPDPReg(AP reg 0x03)
T8AF8 000:454.101   Value=0x00000002
T8AF8 000:454.114 - 0.212ms returns 0
T8AF8 000:454.122 JLINK_CORESIGHT_ReadAPDPReg(AP reg 0x03)
T8AF8 000:454.349   Value=0x00000002
T8AF8 000:454.358 - 0.235ms returns 0
T8AF8 000:454.365 JLINK_CORESIGHT_ReadAPDPReg(AP reg 0x03)
T8AF8 000:454.554   Value=0x00000002
T8AF8 000:454.563 - 0.198ms returns 0
T8AF8 000:454.575 JLINK_CORESIGHT_ReadAPDPReg(AP reg 0x03)
T8AF8 000:454.776   Value=0x00000002
T8AF8 000:454.784 - 0.210ms returns 0
T8AF8 000:454.791 JLINK_CORESIGHT_ReadAPDPReg(AP reg 0x03)
T8AF8 000:454.974   Value=0x00000002
T8AF8 000:454.983 - 0.191ms returns 0
T8AF8 000:454.990 JLINK_CORESIGHT_ReadAPDPReg(AP reg 0x03)
T8AF8 000:455.175   Value=0x00000002
T8AF8 000:455.183 - 0.193ms returns 0
T8AF8 000:455.191 JLINK_CORESIGHT_ReadAPDPReg(AP reg 0x03)
T8AF8 000:455.375   Value=0x00000002
T8AF8 000:455.385 - 0.194ms returns 0
T8AF8 000:455.392 JLINK_CORESIGHT_ReadAPDPReg(AP reg 0x03)
T8AF8 000:455.654   Value=0x00000002
T8AF8 000:455.684 - 0.292ms returns 0
T8AF8 000:455.695 JLINK_CORESIGHT_ReadAPDPReg(AP reg 0x03)
T8AF8 000:455.902   Value=0x00000002
T8AF8 000:455.916 - 0.220ms returns 0
T8AF8 000:455.924 JLINK_CORESIGHT_ReadAPDPReg(AP reg 0x03)
T8AF8 000:456.126   Value=0x00000002
T8AF8 000:456.139 - 0.214ms returns 0
T8AF8 000:456.147 JLINK_CORESIGHT_ReadAPDPReg(AP reg 0x03)
T8AF8 000:456.352   Value=0x00000002
T8AF8 000:456.366 - 0.219ms returns 0
T8AF8 000:456.375 JLINK_CORESIGHT_ReadAPDPReg(AP reg 0x03)
T8AF8 000:456.581   Value=0x00000002
T8AF8 000:456.592 - 0.217ms returns 0
T8AF8 000:456.599 JLINK_CORESIGHT_ReadAPDPReg(AP reg 0x03)
T8AF8 000:456.800   Value=0x00000002
T8AF8 000:456.810 - 0.210ms returns 0
T8AF8 000:456.817 JLINK_CORESIGHT_ReadAPDPReg(AP reg 0x03)
T8AF8 000:457.024   Value=0x00000002
T8AF8 000:457.033 - 0.216ms returns 0
T8AF8 000:457.040 JLINK_CORESIGHT_ReadAPDPReg(AP reg 0x03)
T8AF8 000:457.249   Value=0x00000002
T8AF8 000:457.258 - 0.218ms returns 0
T8AF8 000:457.265 JLINK_CORESIGHT_ReadAPDPReg(AP reg 0x03)
T8AF8 000:457.501   Value=0x00000002
T8AF8 000:457.510 - 0.245ms returns 0
T8AF8 000:457.517 JLINK_CORESIGHT_ReadAPDPReg(AP reg 0x03)
T8AF8 000:457.705   Value=0x00000002
T8AF8 000:457.717 - 0.199ms returns 0
T8AF8 000:457.724 JLINK_CORESIGHT_ReadAPDPReg(AP reg 0x03)
T8AF8 000:457.944   Value=0x00000002
T8AF8 000:457.971 - 0.246ms returns 0
T8AF8 000:457.986 JLINK_CORESIGHT_ReadAPDPReg(AP reg 0x03)
T8AF8 000:458.228   Value=0x00000002
T8AF8 000:458.243 - 0.257ms returns 0
T8AF8 000:458.251 JLINK_CORESIGHT_ReadAPDPReg(AP reg 0x03)
T8AF8 000:458.527   Value=0x00000002
T8AF8 000:458.555 - 0.304ms returns 0
T8AF8 000:458.586 JLINK_CORESIGHT_ReadAPDPReg(AP reg 0x03)
T8AF8 000:458.950   Value=0x00000002
T8AF8 000:458.981 - 0.395ms returns 0
T8AF8 000:458.996 JLINK_CORESIGHT_ReadAPDPReg(AP reg 0x03)
T8AF8 000:459.250   Value=0x00000002
T8AF8 000:459.280 - 0.284ms returns 0
T8AF8 000:459.295 JLINK_CORESIGHT_ReadAPDPReg(AP reg 0x03)
T8AF8 000:459.757   Value=0x00000002
T8AF8 000:459.807 - 0.512ms returns 0
T8AF8 000:459.823 JLINK_CORESIGHT_ReadAPDPReg(AP reg 0x03)
T8AF8 000:460.056   Value=0x00000002
T8AF8 000:460.150 - 0.326ms returns 0
T8AF8 000:460.165 JLINK_CORESIGHT_ReadAPDPReg(AP reg 0x03)
T8AF8 000:460.425   Value=0x00000002
T8AF8 000:460.443 - 0.278ms returns 0
T8AF8 000:460.455 JLINK_CORESIGHT_ReadAPDPReg(AP reg 0x03)
T8AF8 000:460.650   Value=0x00000002
T8AF8 000:460.659 - 0.204ms returns 0
T8AF8 000:460.666 JLINK_CORESIGHT_ReadAPDPReg(AP reg 0x03)
T8AF8 000:460.850   Value=0x00000002
T8AF8 000:460.858 - 0.192ms returns 0
T8AF8 000:460.865 JLINK_CORESIGHT_ReadAPDPReg(AP reg 0x03)
T8AF8 000:461.049   Value=0x00000002
T8AF8 000:461.058 - 0.192ms returns 0
T8AF8 000:461.065 JLINK_CORESIGHT_ReadAPDPReg(AP reg 0x03)
T8AF8 000:461.250   Value=0x00000002
T8AF8 000:461.258 - 0.193ms returns 0
T8AF8 000:461.265 JLINK_CORESIGHT_ReadAPDPReg(AP reg 0x03)
T8AF8 000:461.510   Value=0x00000002
T8AF8 000:461.529 - 0.264ms returns 0
T8AF8 000:461.537 JLINK_CORESIGHT_ReadAPDPReg(AP reg 0x03)
T8AF8 000:461.765   Value=0x00000002
T8AF8 000:461.780 - 0.242ms returns 0
T8AF8 000:461.788 JLINK_CORESIGHT_ReadAPDPReg(AP reg 0x03)
T8AF8 000:461.999   Value=0x00000002
T8AF8 000:462.008 - 0.219ms returns 0
T8AF8 000:462.015 JLINK_CORESIGHT_ReadAPDPReg(AP reg 0x03)
T8AF8 000:462.211   Value=0x00000002
T8AF8 000:462.219 - 0.204ms returns 0
T8AF8 000:462.226 JLINK_CORESIGHT_ReadAPDPReg(AP reg 0x03)
T8AF8 000:462.423   Value=0x00000002
T8AF8 000:462.433 - 0.206ms returns 0
T8AF8 000:462.440 JLINK_CORESIGHT_ReadAPDPReg(AP reg 0x03)
T8AF8 000:462.655   Value=0x00000002
T8AF8 000:462.663 - 0.223ms returns 0
T8AF8 000:462.670 JLINK_CORESIGHT_ReadAPDPReg(AP reg 0x03)
T8AF8 000:462.873   Value=0x00000002
T8AF8 000:462.882 - 0.211ms returns 0
T8AF8 000:462.888 JLINK_CORESIGHT_ReadAPDPReg(AP reg 0x03)
T8AF8 000:463.082   Value=0x00000002
T8AF8 000:463.091 - 0.202ms returns 0
T8AF8 000:463.098 JLINK_CORESIGHT_ReadAPDPReg(AP reg 0x03)
T8AF8 000:463.275   Value=0x00000002
T8AF8 000:463.283 - 0.185ms returns 0
T8AF8 000:463.290 JLINK_CORESIGHT_ReadAPDPReg(AP reg 0x03)
T8AF8 000:463.505   Value=0x00000002
T8AF8 000:463.523 - 0.233ms returns 0
T8AF8 000:463.532 JLINK_CORESIGHT_ReadAPDPReg(AP reg 0x03)
T8AF8 000:463.853   Value=0x00000002
T8AF8 000:463.871 - 0.338ms returns 0
T8AF8 000:463.879 JLINK_CORESIGHT_ReadAPDPReg(AP reg 0x03)
T8AF8 000:464.107   Value=0x00000002
T8AF8 000:464.122 - 0.242ms returns 0
T8AF8 000:464.130 JLINK_CORESIGHT_ReadAPDPReg(AP reg 0x03)
T8AF8 000:464.387   Value=0x00000000
T8AF8 000:464.397 - 0.266ms returns 0
T8AF8 000:464.405 JLINK_CORESIGHT_WriteAPDPReg(AP reg 0x00, 0x80000002)
T8AF8 000:464.622 - 0.216ms returns 0
T8AF8 000:464.634 JLINK_CORESIGHT_WriteAPDPReg(AP reg 0x01, 0x80011130)
T8AF8 000:464.791 - 0.156ms returns 0
T8AF8 000:464.802 JLINK_CORESIGHT_ReadAPDPReg(AP reg 0x03)
T8AF8 000:464.999   Value=0x4E0A0081
T8AF8 000:465.008 - 0.205ms returns 0
T8AF8 000:465.015 JLINK_CORESIGHT_WriteAPDPReg(AP reg 0x00, 0x80000002)
T8AF8 000:465.155 - 0.139ms returns 0
T8AF8 000:465.162 JLINK_CORESIGHT_WriteAPDPReg(AP reg 0x01, 0x80011140)
T8AF8 000:465.323 - 0.160ms returns 0
T8AF8 000:465.330 JLINK_CORESIGHT_ReadAPDPReg(AP reg 0x03)
T8AF8 000:465.546   Value=0x00000000
T8AF8 000:465.556 - 0.226ms returns 0
T8AF8 000:465.564 JLINK_CORESIGHT_WriteAPDPReg(AP reg 0x00, 0x80000002)
T8AF8 000:465.717 - 0.152ms returns 0
T8AF8 000:465.724 JLINK_CORESIGHT_WriteAPDPReg(AP reg 0x01, 0x80011130)
T8AF8 000:465.874 - 0.149ms returns 0
T8AF8 000:465.881 JLINK_CORESIGHT_ReadAPDPReg(AP reg 0x03)
T8AF8 000:466.092   Value=0xFFFFFF00
T8AF8 000:466.100 - 0.219ms returns 0
T8AF8 000:466.108 JLINK_CORESIGHT_WriteAPDPReg(AP reg 0x00, 0x80000002)
T8AF8 000:466.252 - 0.144ms returns 0
T8AF8 000:466.259 JLINK_CORESIGHT_WriteAPDPReg(AP reg 0x01, 0x80011140)
T8AF8 000:466.406 - 0.146ms returns 0
T8AF8 000:466.413 JLINK_CORESIGHT_ReadAPDPReg(AP reg 0x03)
T8AF8 000:466.674   Value=0x00000000
T8AF8 000:466.684 - 0.271ms returns 0
T8AF8 000:466.692 JLINK_CORESIGHT_WriteAPDPReg(AP reg 0x00, 0x80000002)
T8AF8 000:466.852 - 0.159ms returns 0
T8AF8 000:466.860 JLINK_CORESIGHT_WriteAPDPReg(AP reg 0x01, 0x80011130)
T8AF8 000:467.006 - 0.146ms returns 0
T8AF8 000:467.013 JLINK_CORESIGHT_ReadAPDPReg(AP reg 0x03)
T8AF8 000:467.217   Value=0xFFFFFFFF
T8AF8 000:467.230 - 0.217ms returns 0
T8AF8 000:467.237 JLINK_CORESIGHT_WriteAPDPReg(AP reg 0x00, 0x80000002)
T8AF8 000:467.378 - 0.141ms returns 0
T8AF8 000:467.393 JLINK_CORESIGHT_WriteAPDPReg(AP reg 0x01, 0x80011140)
T8AF8 000:467.636 - 0.242ms returns 0
T8AF8 000:467.647 JLINK_CORESIGHT_ReadAPDPReg(AP reg 0x03)
T8AF8 000:467.847   Value=0x00000000
T8AF8 000:467.855 - 0.208ms returns 0
T8AF8 000:467.863 JLINK_CORESIGHT_WriteAPDPReg(AP reg 0x00, 0x80000002)
T8AF8 000:468.008 - 0.145ms returns 0
T8AF8 000:468.020 JLINK_CORESIGHT_WriteAPDPReg(AP reg 0x01, 0x80011130)
T8AF8 000:468.180 - 0.159ms returns 0
T8AF8 000:468.187 JLINK_CORESIGHT_ReadAPDPReg(AP reg 0x03)
T8AF8 000:468.374   Value=0x0003B0FF
T8AF8 000:468.382 - 0.195ms returns 0
T8AF8 000:468.391 JLINK_CORESIGHT_WriteAPDPReg(AP reg 0x00, 0x80000002)
T8AF8 000:468.550 - 0.159ms returns 0
T8AF8 000:468.560 JLINK_CORESIGHT_WriteAPDPReg(AP reg 0x01, 0x80011140)
T8AF8 000:468.707 - 0.147ms returns 0
T8AF8 000:468.714 JLINK_CORESIGHT_ReadAPDPReg(AP reg 0x03)
T8AF8 000:468.908   Value=0x00000002
T8AF8 000:468.917 - 0.203ms returns 0
T8AF8 000:468.924 JLINK_CORESIGHT_WriteAPDPReg(AP reg 0x00, 0x80000002)
T8AF8 000:469.085 - 0.159ms returns 0
T8AF8 000:469.097 JLINK_CORESIGHT_WriteAPDPReg(AP reg 0x01, 0x80011120)
T8AF8 000:469.256 - 0.158ms returns 0
T8AF8 000:469.266 JLINK_CORESIGHT_WriteAPDPReg(AP reg 0x03, 0x4F010001)
T8AF8 000:469.501 - 0.235ms returns 0
T8AF8 000:469.511 JLINK_CORESIGHT_WriteAPDPReg(AP reg 0x00, 0x80000002)
T8AF8 000:469.673 - 0.162ms returns 0
T8AF8 000:469.681 JLINK_CORESIGHT_WriteAPDPReg(AP reg 0x01, 0x80011140)
T8AF8 000:469.845 - 0.164ms returns 0
T8AF8 000:469.852 JLINK_CORESIGHT_ReadAPDPReg(AP reg 0x03)
T8AF8 000:470.047   Value=0x00000002
T8AF8 000:470.055 - 0.203ms returns 0
T8AF8 000:470.062 JLINK_CORESIGHT_WriteAPDPReg(AP reg 0x00, 0x80000002)
T8AF8 000:470.219 - 0.156ms returns 0
T8AF8 000:470.226 JLINK_CORESIGHT_WriteAPDPReg(AP reg 0x01, 0x80011120)
T8AF8 000:470.374 - 0.148ms returns 0
T8AF8 000:470.381 JLINK_CORESIGHT_WriteAPDPReg(AP reg 0x03, 0x000003B0)
T8AF8 000:470.557 - 0.175ms returns 0
T8AF8 000:470.566 JLINK_CORESIGHT_WriteAPDPReg(AP reg 0x00, 0x80000002)
T8AF8 000:470.750 - 0.183ms returns 0
T8AF8 000:470.758 JLINK_CORESIGHT_WriteAPDPReg(AP reg 0x01, 0x80011140)
T8AF8 000:470.973 - 0.215ms returns 0
T8AF8 000:470.981 JLINK_CORESIGHT_ReadAPDPReg(AP reg 0x03)
T8AF8 000:471.195   Value=0x00000000
T8AF8 000:471.204 - 0.223ms returns 0
T8AF8 000:471.211 JLINK_CORESIGHT_WriteAPDPReg(AP reg 0x00, 0x80000002)
T8AF8 000:471.365 - 0.154ms returns 0
T8AF8 000:471.372 JLINK_CORESIGHT_WriteAPDPReg(AP reg 0x01, 0x80011130)
T8AF8 000:471.549 - 0.176ms returns 0
T8AF8 000:471.560 JLINK_CORESIGHT_ReadAPDPReg(AP reg 0x03)
T8AF8 000:471.762   Value=0x4F0B0081
T8AF8 000:471.774 - 0.213ms returns 0
T8AF8 000:471.783 JLINK_CORESIGHT_WriteAPDPReg(AP reg 0x00, 0x80000002)
T8AF8 000:471.941 - 0.158ms returns 0
T8AF8 000:471.950 JLINK_CORESIGHT_WriteAPDPReg(AP reg 0x01, 0x80011140)
T8AF8 000:472.113 - 0.163ms returns 0
T8AF8 000:472.121 JLINK_CORESIGHT_ReadAPDPReg(AP reg 0x03)
T8AF8 000:472.328   Value=0x00000000
T8AF8 000:472.336 - 0.215ms returns 0
T8AF8 000:472.344 JLINK_CORESIGHT_WriteAPDPReg(AP reg 0x00, 0x80000002)
T8AF8 000:472.501 - 0.157ms returns 0
T8AF8 000:472.511 JLINK_CORESIGHT_WriteAPDPReg(AP reg 0x01, 0x80011130)
T8AF8 000:472.678 - 0.167ms returns 0
T8AF8 000:472.687 JLINK_CORESIGHT_ReadAPDPReg(AP reg 0x03)
T8AF8 000:472.922   Value=0x20000B00
T8AF8 000:472.931 - 0.243ms returns 0
T8AF8 000:472.939 JLINK_CORESIGHT_WriteAPDPReg(AP reg 0x00, 0x80000002)
T8AF8 000:473.094 - 0.155ms returns 0
T8AF8 000:473.102 JLINK_CORESIGHT_WriteAPDPReg(AP reg 0x01, 0x80011140)
T8AF8 000:473.250 - 0.148ms returns 0
T8AF8 000:473.258 JLINK_CORESIGHT_ReadAPDPReg(AP reg 0x03)
T8AF8 000:473.501   Value=0x00000000
T8AF8 000:473.512 - 0.253ms returns 0
T8AF8 000:473.521 JLINK_CORESIGHT_WriteAPDPReg(AP reg 0x00, 0x80000002)
T8AF8 000:473.697 - 0.176ms returns 0
T8AF8 000:473.706 JLINK_CORESIGHT_WriteAPDPReg(AP reg 0x01, 0x80011130)
T8AF8 000:473.865 - 0.159ms returns 0
T8AF8 000:473.873 JLINK_CORESIGHT_ReadAPDPReg(AP reg 0x03)
T8AF8 000:474.090   Value=0x03000000
T8AF8 000:474.098 - 0.225ms returns 0
T8AF8 000:474.106 JLINK_CORESIGHT_WriteAPDPReg(AP reg 0x00, 0x80000002)
T8AF8 000:474.266 - 0.160ms returns 0
T8AF8 000:474.275 JLINK_CORESIGHT_WriteAPDPReg(AP reg 0x01, 0x80011140)
T8AF8 000:474.512 - 0.237ms returns 0
T8AF8 000:474.537 JLINK_CORESIGHT_ReadAPDPReg(AP reg 0x03)
T8AF8 000:474.744   Value=0x00000000
T8AF8 000:474.778 - 0.240ms returns 0
T8AF8 000:474.795 JLINK_CORESIGHT_WriteAPDPReg(AP reg 0x00, 0x80000002)
T8AF8 000:475.010 - 0.214ms returns 0
T8AF8 000:475.039 JLINK_CORESIGHT_WriteAPDPReg(AP reg 0x01, 0x80011130)
T8AF8 000:475.225 - 0.186ms returns 0
T8AF8 000:475.252 JLINK_CORESIGHT_ReadAPDPReg(AP reg 0x03)
T8AF8 000:475.505   Value=0x03700800
T8AF8 000:475.529 - 0.276ms returns 0
T8AF8 000:475.701 JLINK_CORESIGHT_WriteAPDPReg(AP reg 0x00, 0x80000002)
T8AF8 000:475.914 - 0.213ms returns 0
T8AF8 000:475.933 JLINK_CORESIGHT_WriteAPDPReg(AP reg 0x01, 0x80011140)
T8AF8 000:476.105 - 0.171ms returns 0
T8AF8 000:476.133 JLINK_CORESIGHT_ReadAPDPReg(AP reg 0x03)
T8AF8 000:476.409   Value=0x00000002
T8AF8 000:476.439 - 0.306ms returns 0
T8AF8 000:476.453 JLINK_CORESIGHT_WriteAPDPReg(AP reg 0x00, 0x80000002)
T8AF8 000:476.646 - 0.192ms returns 0
T8AF8 000:476.669 JLINK_CORESIGHT_WriteAPDPReg(AP reg 0x01, 0x80011120)
T8AF8 000:476.840 - 0.171ms returns 0
T8AF8 000:476.848 JLINK_CORESIGHT_WriteAPDPReg(AP reg 0x03, 0x4F010001)
T8AF8 000:477.011 - 0.162ms returns 0
T8AF8 000:477.018 JLINK_CORESIGHT_WriteAPDPReg(AP reg 0x00, 0x80000002)
T8AF8 000:477.172 - 0.153ms returns 0
T8AF8 000:477.179 JLINK_CORESIGHT_WriteAPDPReg(AP reg 0x01, 0x80011140)
T8AF8 000:477.344 - 0.164ms returns 0
T8AF8 000:477.351 JLINK_CORESIGHT_ReadAPDPReg(AP reg 0x03)
T8AF8 000:477.552   Value=0x00000002
T8AF8 000:477.569 - 0.217ms returns 0
T8AF8 000:477.578 JLINK_CORESIGHT_WriteAPDPReg(AP reg 0x00, 0x80000002)
T8AF8 000:477.770 - 0.191ms returns 0
T8AF8 000:477.778 JLINK_CORESIGHT_WriteAPDPReg(AP reg 0x01, 0x80011120)
T8AF8 000:477.945 - 0.166ms returns 0
T8AF8 000:477.961 JLINK_CORESIGHT_WriteAPDPReg(AP reg 0x03, 0x000003B0)
T8AF8 000:478.113 - 0.151ms returns 0
T8AF8 000:478.121 JLINK_CORESIGHT_WriteAPDPReg(AP reg 0x00, 0x80000002)
T8AF8 000:478.297 - 0.176ms returns 0
T8AF8 000:478.304 JLINK_CORESIGHT_WriteAPDPReg(AP reg 0x01, 0x80011140)
T8AF8 000:478.602 - 0.298ms returns 0
T8AF8 000:478.613 JLINK_CORESIGHT_ReadAPDPReg(AP reg 0x03)
T8AF8 000:478.821   Value=0x00000000
T8AF8 000:478.831 - 0.218ms returns 0
T8AF8 000:478.839 JLINK_CORESIGHT_WriteAPDPReg(AP reg 0x00, 0x80000002)
T8AF8 000:478.999 - 0.160ms returns 0
T8AF8 000:479.008 JLINK_CORESIGHT_WriteAPDPReg(AP reg 0x01, 0x80011130)
T8AF8 000:479.177 - 0.168ms returns 0
T8AF8 000:479.184 JLINK_CORESIGHT_ReadAPDPReg(AP reg 0x03)
T8AF8 000:479.375   Value=0x4F0B0081
T8AF8 000:479.384 - 0.199ms returns 0
T8AF8 000:479.392 JLINK_CORESIGHT_WriteAPDPReg(AP reg 0x00, 0x80000002)
T8AF8 000:479.639 - 0.247ms returns 0
T8AF8 000:479.655 JLINK_CORESIGHT_WriteAPDPReg(AP reg 0x01, 0x80011140)
T8AF8 000:479.816 - 0.161ms returns 0
T8AF8 000:479.823 JLINK_CORESIGHT_ReadAPDPReg(AP reg 0x03)
T8AF8 000:480.032   Value=0x00000000
T8AF8 000:480.042 - 0.218ms returns 0
T8AF8 000:480.050 JLINK_CORESIGHT_WriteAPDPReg(AP reg 0x00, 0x80000002)
T8AF8 000:480.203 - 0.153ms returns 0
T8AF8 000:480.210 JLINK_CORESIGHT_WriteAPDPReg(AP reg 0x01, 0x80011130)
T8AF8 000:480.387 - 0.177ms returns 0
T8AF8 000:480.394 JLINK_CORESIGHT_ReadAPDPReg(AP reg 0x03)
T8AF8 000:480.674   Value=0x20000B00
T8AF8 000:480.682 - 0.287ms returns 0
T8AF8 000:480.689 JLINK_CORESIGHT_WriteAPDPReg(AP reg 0x00, 0x80000002)
T8AF8 000:480.846 - 0.156ms returns 0
T8AF8 000:480.853 JLINK_CORESIGHT_WriteAPDPReg(AP reg 0x01, 0x80011140)
T8AF8 000:481.000 - 0.147ms returns 0
T8AF8 000:481.011 JLINK_CORESIGHT_ReadAPDPReg(AP reg 0x03)
T8AF8 000:481.236   Value=0x00000000
T8AF8 000:481.257 - 0.245ms returns 0
T8AF8 000:481.265 JLINK_CORESIGHT_WriteAPDPReg(AP reg 0x00, 0x80000002)
T8AF8 000:481.422 - 0.156ms returns 0
T8AF8 000:481.429 JLINK_CORESIGHT_WriteAPDPReg(AP reg 0x01, 0x80011130)
T8AF8 000:481.649 - 0.220ms returns 0
T8AF8 000:481.658 JLINK_CORESIGHT_ReadAPDPReg(AP reg 0x03)
T8AF8 000:481.864   Value=0x03000000
T8AF8 000:481.872 - 0.214ms returns 0
T8AF8 000:481.879 JLINK_CORESIGHT_WriteAPDPReg(AP reg 0x00, 0x80000002)
T8AF8 000:482.037 - 0.158ms returns 0
T8AF8 000:482.047 JLINK_CORESIGHT_WriteAPDPReg(AP reg 0x01, 0x80011140)
T8AF8 000:482.215 - 0.168ms returns 0
T8AF8 000:482.223 JLINK_CORESIGHT_ReadAPDPReg(AP reg 0x03)
T8AF8 000:482.507   Value=0x00000000
T8AF8 000:482.516 - 0.293ms returns 0
T8AF8 000:482.523 JLINK_CORESIGHT_WriteAPDPReg(AP reg 0x00, 0x80000002)
T8AF8 000:482.675 - 0.152ms returns 0
T8AF8 000:482.683 JLINK_CORESIGHT_WriteAPDPReg(AP reg 0x01, 0x80011130)
T8AF8 000:482.847 - 0.164ms returns 0
T8AF8 000:482.855 JLINK_CORESIGHT_ReadAPDPReg(AP reg 0x03)
T8AF8 000:483.091   Value=0x03700800
T8AF8 000:483.101 - 0.246ms returns 0
T8AF8 000:483.115 JLINK_CORESIGHT_ReadAPDPReg(DP reg 0x01)
T8AF8 000:483.300   Value=0xF0000F40
T8AF8 000:483.312 - 0.197ms returns 0
T8AF8 000:483.320 JLINK_CORESIGHT_WriteAPDPReg(DP reg 0x01, 0xA0000F40)
T8AF8 000:483.502 - 0.182ms returns 0
T8AF8 000:483.511 JLINK_CORESIGHT_ReadAPDPReg(DP reg 0x01)
T8AF8 000:483.675   Value=0x00000F40
T8AF8 000:483.686 - 0.174ms returns 0
T8AF8 000:483.694 JLINK_ClrRESET()
T8AF8 000:484.051 - 0.357ms 
T8AF8 000:590.453 JLINK_Close()
T8AF8 000:604.046 - 13.592ms
T8AF8 000:604.071   
T8AF8 000:604.077   Closed
