***** 2025/03/19 23:57:35 *****
QE Version                                        :4.1.0.v20250123-0520
Project Path                                      :C:\Users\a8456\e2_studio\workspace_5.8\RA4L1_Project20
Configuration File                                :RA4L1_Project20
IDE                                               :e2 studio with Emulator
Emulator                                          :
MCU                                               :RA4L1 R7FA4L1BD4CFP
<< METHOD 0 >>
[Button(self) 0]
TS                                                : TS00,
[Button(self) 1]
TS                                                : TS01,

<<<< Tuning Type : Normal >>>>
System Clock Frequency (MHz)                      :32.000
PCLKB Frequency (MHz)                             :16.000
CTSU Operating Frequency (MHz)                    :16.000
Operating Voltage (V)                             :3.300

---------- Phase1 ----------
<< METHOD 0 >>
[TS00]
Measurement Value                                 : 4920
Resistance Value (ohm)                            : 560
Parasitic Capacitance (pF)                        : 34.166668
Sensor Drive Pulse Frequency (MHz)                : 1.0

[TS01]
Measurement Value                                 : 5323
Resistance Value (ohm)                            : 560
Parasitic Capacitance (pF)                        : 36.96528
Sensor Drive Pulse Frequency (MHz)                : 1.0


---------- Phase2 ----------
<< METHOD 0 >>
[TS00]
Sensor Drive Pulse Frequency (MHz)                : 1.0
CTSUSNUM                                          : 15
CTSUSDPA                                          : 15
CTSUSO                                            : 244

[TS01]
Sensor Drive Pulse Frequency (MHz)                : 1.0
CTSUSNUM                                          : 15
CTSUSDPA                                          : 15
CTSUSO                                            : 272


---------- Phase3 ----------
<< METHOD 0 >>
[Button(self) 0]
  << TS00 >>
  Measurement Value (Off)                         : 11560
  Measurement Value (On)                          : 45180
  Threshold                                       : 20172
  Hysteresis                                      : 1008

[Button(self) 1]
  << TS01 >>
  Measurement Value (Off)                         : 11505
  Measurement Value (On)                          : 45562
  Threshold                                       : 20434
  Hysteresis                                      : 1021

