T451C 000:000.538   SEGGER J-Link V8.12c Log File
T451C 000:000.639   DLL Compiled: Jan 22 2025 12:55:59
T451C 000:000.645   Logging started @ 2025-03-16 15:11
T451C 000:000.651   Process: C:\Users\a8456\.eclipse\com.renesas.platform_1309835749\DebugComp\RA\e2-server-gdb.exe
T451C 000:000.661 - 0.657ms 
T451C 000:000.673 JLINK_GetDLLVersion()
T451C 000:000.679 - 0.006ms returns 81203
T451C 000:002.121 JLINK_OpenEx(...)
T451C 000:009.148   Firmware: J-Link V9 compiled May  7 2021 16:26:12
T451C 000:009.642   Firmware: J-Link V9 compiled May  7 2021 16:26:12
T451C 000:009.749   Decompressing FW timestamp took 87 us
T451C 000:015.078   Hardware: V9.60
T451C 000:015.097   S/N: 69660718
T451C 000:015.105   OEM: SEGGER
T451C 000:015.113   Feature(s): RDI, GDB, FlashDL, FlashBP, JFlash
T451C 000:015.515   Bootloader: (FW returned invalid version)
T451C 000:016.140   TELNET listener socket opened on port 19021
T451C 000:016.259   WEBSRV WEBSRV_Init(): Starting webserver thread(s)
T451C 000:016.385   WEBSRV Webserver running on local port 19080
T451C 000:016.490   Looking for J-Link GUI Server exe at: C:\Users\a8456\.eclipse\com.renesas.platform_1309835749\DebugComp\RA\ARM\Segger_v8.12.3\JLinkGUIServer.exe
T451C 000:016.567   Looking for J-Link GUI Server exe at: C:\Program Files\SEGGER\JLink_V818\JLinkGUIServer.exe
T451C 000:016.593   Forking J-Link GUI Server: C:\Program Files\SEGGER\JLink_V818\JLinkGUIServer.exe
T451C 000:036.949   J-Link GUI Server info: "J-Link GUI server V8.18 "
T451C 000:042.588 - 40.461ms returns "O.K."
T451C 000:042.693 JLINK_TIF_Select(JLINKARM_TIF_SWD)
T451C 000:043.253 - 0.560ms returns 0x00
T451C 000:043.282 JLINK_ClrRESET()
T451C 000:043.593 - 0.310ms 
T451C 000:094.297 JLINK_SetSpeed(1500)
T451C 000:094.409 - 0.118ms 
T451C 000:094.437 JLINK_CORESIGHT_Configure(PerformTIFInit=0)
T451C 000:094.760 - 0.328ms returns 0
T451C 000:094.830 JLINK_CORESIGHT_ReadAPDPReg(DP reg 0x00)
T451C 000:095.199   Value=0x6BA02477
T451C 000:095.208 - 0.379ms returns 0
T451C 000:095.215 JLINK_CORESIGHT_WriteAPDPReg(DP reg 0x00, 0x0000001F)
T451C 000:095.366 - 0.151ms returns 0
T451C 000:095.373 JLINK_CORESIGHT_ReadAPDPReg(DP reg 0x00)
T451C 000:095.519   Value=0x6BA02477
T451C 000:095.527 - 0.153ms returns 0
T451C 000:095.534 JLINK_CORESIGHT_WriteAPDPReg(DP reg 0x02, 0x00000000)
T451C 000:095.685 - 0.150ms returns 0
T451C 000:095.692 JLINK_CORESIGHT_WriteAPDPReg(DP reg 0x01, 0x50000000)
T451C 000:095.843 - 0.151ms returns 0
T451C 000:095.853 JLINK_CORESIGHT_ReadAPDPReg(DP reg 0x01)
T451C 000:096.020   Value=0xD0000040
T451C 000:096.029 - 0.175ms returns 0
T451C 000:096.036 JLINK_CORESIGHT_ReadAPDPReg(DP reg 0x01)
T451C 000:096.189   Value=0xD0000040
T451C 000:096.198 - 0.161ms returns 0
T451C 000:096.204 JLINK_CORESIGHT_ReadAPDPReg(DP reg 0x01)
T451C 000:096.355   Value=0xD0000040
T451C 000:096.363 - 0.158ms returns 0
T451C 000:096.370 JLINK_CORESIGHT_ReadAPDPReg(DP reg 0x01)
T451C 000:096.519   Value=0xD0000040
T451C 000:096.527 - 0.157ms returns 0
T451C 000:096.534 JLINK_CORESIGHT_ReadAPDPReg(DP reg 0x01)
T451C 000:096.685   Value=0xD0000040
T451C 000:096.693 - 0.159ms returns 0
T451C 000:096.700 JLINK_CORESIGHT_ReadAPDPReg(DP reg 0x01)
T451C 000:096.851   Value=0xD0000040
T451C 000:096.859 - 0.159ms returns 0
T451C 000:096.866 JLINK_CORESIGHT_ReadAPDPReg(DP reg 0x01)
T451C 000:097.027   Value=0xD0000040
T451C 000:097.037 - 0.170ms returns 0
T451C 000:097.045 JLINK_CORESIGHT_ReadAPDPReg(DP reg 0x01)
T451C 000:097.200   Value=0xD0000040
T451C 000:097.209 - 0.163ms returns 0
T451C 000:097.216 JLINK_CORESIGHT_ReadAPDPReg(DP reg 0x01)
T451C 000:097.402   Value=0xF0000040
T451C 000:097.433 - 0.217ms returns 0
T451C 000:097.447 JLINK_CORESIGHT_WriteAPDPReg(DP reg 0x00, 0x0000001F)
T451C 000:097.644 - 0.197ms returns 0
T451C 000:097.660 JLINK_CORESIGHT_ReadAPDPReg(DP reg 0x00)
T451C 000:097.826   Value=0x6BA02477
T451C 000:097.835 - 0.175ms returns 0
T451C 000:097.843 JLINK_CORESIGHT_WriteAPDPReg(DP reg 0x01, 0x54000000)
T451C 000:098.025 - 0.181ms returns 0
T451C 000:098.086 JLINK_CORESIGHT_WriteAPDPReg(DP reg 0x01, 0x50000F00)
T451C 000:098.242 - 0.156ms returns 0
T451C 000:098.250 JLINK_CORESIGHT_WriteAPDPReg(DP reg 0x02, 0x01000000)
T451C 000:098.409 - 0.158ms returns 0
T451C 000:098.422 JLINK_CORESIGHT_WriteAPDPReg(AP reg 0x00, 0x80000002)
T451C 000:098.605 - 0.183ms returns 0
T451C 000:098.622 JLINK_CORESIGHT_WriteAPDPReg(AP reg 0x01, 0x80011100)
T451C 000:098.782 - 0.160ms returns 0
T451C 000:098.790 JLINK_CORESIGHT_WriteAPDPReg(AP reg 0x03, 0x000000A5)
T451C 000:098.942 - 0.152ms returns 0
T451C 000:098.949 JLINK_CORESIGHT_WriteAPDPReg(AP reg 0x00, 0x80000002)
T451C 000:099.143 - 0.194ms returns 0
T451C 000:099.150 JLINK_CORESIGHT_WriteAPDPReg(AP reg 0x01, 0x80011100)
T451C 000:099.303 - 0.152ms returns 0
T451C 000:099.311 JLINK_CORESIGHT_ReadAPDPReg(AP reg 0x03)
T451C 000:099.511   Value=0x000000A5
T451C 000:099.520 - 0.209ms returns 0
T451C 000:099.527 JLINK_ClrTMS()
T451C 000:099.569 - 0.042ms 
T451C 000:105.284 JLINK_SetTCK()
T451C 000:105.332 - 0.047ms returns 0
T451C 000:110.789 JLINK_SetRESET()
T451C 000:110.868 - 0.082ms 
T451C 000:311.396 JLINK_CORESIGHT_WriteAPDPReg(AP reg 0x00, 0x80000002)
T451C 000:311.720 - 0.324ms returns 0
T451C 000:311.749 JLINK_CORESIGHT_WriteAPDPReg(AP reg 0x01, 0x80011100)
T451C 000:311.980 - 0.231ms returns 0
T451C 000:311.997 JLINK_CORESIGHT_ReadAPDPReg(AP reg 0x03)
T451C 000:312.278   Value=0x00000000
T451C 000:312.295 - 0.298ms returns 0
T451C 000:312.309 JLINK_CORESIGHT_WriteAPDPReg(AP reg 0x00, 0x80000002)
T451C 000:312.543 - 0.233ms returns 0
T451C 000:312.574 JLINK_CORESIGHT_WriteAPDPReg(AP reg 0x01, 0x80011140)
T451C 000:312.821 - 0.246ms returns 0
T451C 000:312.840 JLINK_CORESIGHT_ReadAPDPReg(AP reg 0x03)
T451C 000:313.061   Value=0x00000002
T451C 000:313.084 - 0.243ms returns 0
T451C 000:313.098 JLINK_CORESIGHT_WriteAPDPReg(AP reg 0x00, 0x80000002)
T451C 000:313.287 - 0.188ms returns 0
T451C 000:313.310 JLINK_CORESIGHT_WriteAPDPReg(AP reg 0x01, 0x80011120)
T451C 000:313.512 - 0.201ms returns 0
T451C 000:313.527 JLINK_CORESIGHT_WriteAPDPReg(AP reg 0x03, 0x00000055)
T451C 000:313.698 - 0.170ms returns 0
T451C 000:313.712 JLINK_CORESIGHT_WriteAPDPReg(AP reg 0x00, 0x80000002)
T451C 000:313.885 - 0.172ms returns 0
T451C 000:313.903 JLINK_CORESIGHT_WriteAPDPReg(AP reg 0x01, 0x80011140)
T451C 000:314.143 - 0.240ms returns 0
T451C 000:314.158 JLINK_CORESIGHT_ReadAPDPReg(AP reg 0x03)
T451C 000:314.401   Value=0x00000000
T451C 000:314.418 - 0.260ms returns 0
T451C 000:314.431 JLINK_CORESIGHT_WriteAPDPReg(AP reg 0x00, 0x80000002)
T451C 000:314.600 - 0.169ms returns 0
T451C 000:314.614 JLINK_CORESIGHT_WriteAPDPReg(AP reg 0x01, 0x80011130)
T451C 000:314.784 - 0.170ms returns 0
T451C 000:314.798 JLINK_CORESIGHT_ReadAPDPReg(AP reg 0x03)
T451C 000:315.023   Value=0x000000C6
T451C 000:315.039 - 0.241ms returns 0
T451C 000:315.065 JLINK_CORESIGHT_WriteAPDPReg(AP reg 0x00, 0x80000002)
T451C 000:315.236 - 0.170ms returns 0
T451C 000:315.260 JLINK_CORESIGHT_WriteAPDPReg(AP reg 0x01, 0x80011140)
T451C 000:315.536 - 0.275ms returns 0
T451C 000:315.564 JLINK_CORESIGHT_ReadAPDPReg(AP reg 0x03)
T451C 000:315.821   Value=0x00000002
T451C 000:315.846 - 0.281ms returns 0
T451C 000:315.860 JLINK_CORESIGHT_WriteAPDPReg(AP reg 0x00, 0x80000002)
T451C 000:316.061 - 0.201ms returns 0
T451C 000:316.076 JLINK_CORESIGHT_WriteAPDPReg(AP reg 0x01, 0x80011120)
T451C 000:316.245 - 0.169ms returns 0
T451C 000:316.260 JLINK_CORESIGHT_WriteAPDPReg(AP reg 0x03, 0x3A010001)
T451C 000:316.422 - 0.162ms returns 0
T451C 000:316.437 JLINK_CORESIGHT_WriteAPDPReg(AP reg 0x00, 0x80000002)
T451C 000:316.609 - 0.172ms returns 0
T451C 000:316.624 JLINK_CORESIGHT_WriteAPDPReg(AP reg 0x01, 0x80011140)
T451C 000:316.788 - 0.164ms returns 0
T451C 000:316.809 JLINK_CORESIGHT_ReadAPDPReg(AP reg 0x03)
T451C 000:317.060   Value=0x00000002
T451C 000:317.078 - 0.268ms returns 0
T451C 000:317.090 JLINK_CORESIGHT_WriteAPDPReg(AP reg 0x00, 0x80000002)
T451C 000:317.261 - 0.170ms returns 0
T451C 000:317.275 JLINK_CORESIGHT_WriteAPDPReg(AP reg 0x01, 0x80011120)
T451C 000:317.458 - 0.182ms returns 0
T451C 000:317.478 JLINK_CORESIGHT_WriteAPDPReg(AP reg 0x03, 0x000003C5)
T451C 000:317.657 - 0.178ms returns 0
T451C 000:317.677 JLINK_CORESIGHT_WriteAPDPReg(AP reg 0x00, 0x80000002)
T451C 000:317.852 - 0.175ms returns 0
T451C 000:317.867 JLINK_CORESIGHT_WriteAPDPReg(AP reg 0x01, 0x80011140)
T451C 000:318.055 - 0.188ms returns 0
T451C 000:318.070 JLINK_CORESIGHT_ReadAPDPReg(AP reg 0x03)
T451C 000:318.280   Value=0x00000002
T451C 000:318.304 - 0.234ms returns 0
T451C 000:318.317 JLINK_CORESIGHT_ReadAPDPReg(AP reg 0x03)
T451C 000:318.534   Value=0x00000002
T451C 000:318.551 - 0.234ms returns 0
T451C 000:318.564 JLINK_CORESIGHT_ReadAPDPReg(AP reg 0x03)
T451C 000:318.778   Value=0x00000002
T451C 000:318.794 - 0.230ms returns 0
T451C 000:318.807 JLINK_CORESIGHT_ReadAPDPReg(AP reg 0x03)
T451C 000:319.028   Value=0x00000002
T451C 000:319.047 - 0.240ms returns 0
T451C 000:319.060 JLINK_CORESIGHT_ReadAPDPReg(AP reg 0x03)
T451C 000:319.263   Value=0x00000002
T451C 000:319.280 - 0.220ms returns 0
T451C 000:319.293 JLINK_CORESIGHT_ReadAPDPReg(AP reg 0x03)
T451C 000:319.496   Value=0x00000002
T451C 000:319.513 - 0.220ms returns 0
T451C 000:319.525 JLINK_CORESIGHT_ReadAPDPReg(AP reg 0x03)
T451C 000:319.720   Value=0x00000002
T451C 000:319.736 - 0.211ms returns 0
T451C 000:319.749 JLINK_CORESIGHT_ReadAPDPReg(AP reg 0x03)
T451C 000:320.027   Value=0x00000002
T451C 000:320.044 - 0.295ms returns 0
T451C 000:320.056 JLINK_CORESIGHT_ReadAPDPReg(AP reg 0x03)
T451C 000:320.272   Value=0x00000002
T451C 000:320.288 - 0.232ms returns 0
T451C 000:320.301 JLINK_CORESIGHT_ReadAPDPReg(AP reg 0x03)
T451C 000:320.522   Value=0x00000002
T451C 000:320.538 - 0.237ms returns 0
T451C 000:320.550 JLINK_CORESIGHT_ReadAPDPReg(AP reg 0x03)
T451C 000:320.763   Value=0x00000002
T451C 000:320.780 - 0.229ms returns 0
T451C 000:320.792 JLINK_CORESIGHT_ReadAPDPReg(AP reg 0x03)
T451C 000:321.028   Value=0x00000002
T451C 000:321.044 - 0.252ms returns 0
T451C 000:321.056 JLINK_CORESIGHT_ReadAPDPReg(AP reg 0x03)
T451C 000:321.261   Value=0x00000002
T451C 000:321.285 - 0.228ms returns 0
T451C 000:321.298 JLINK_CORESIGHT_ReadAPDPReg(AP reg 0x03)
T451C 000:321.527   Value=0x00000002
T451C 000:321.544 - 0.246ms returns 0
T451C 000:321.557 JLINK_CORESIGHT_ReadAPDPReg(AP reg 0x03)
T451C 000:321.773   Value=0x00000000
T451C 000:321.790 - 0.233ms returns 0
T451C 000:321.803 JLINK_CORESIGHT_WriteAPDPReg(AP reg 0x00, 0x80000002)
T451C 000:322.037 - 0.234ms returns 0
T451C 000:322.051 JLINK_CORESIGHT_WriteAPDPReg(AP reg 0x01, 0x80011130)
T451C 000:323.647 - 1.594ms returns 0
T451C 000:323.700 JLINK_CORESIGHT_ReadAPDPReg(AP reg 0x03)
T451C 000:324.027   Value=0x3A2A0081
T451C 000:324.052 - 0.352ms returns 0
T451C 000:324.066 JLINK_CORESIGHT_WriteAPDPReg(AP reg 0x00, 0x80000002)
T451C 000:324.264 - 0.197ms returns 0
T451C 000:324.307 JLINK_CORESIGHT_WriteAPDPReg(AP reg 0x01, 0x80011140)
T451C 000:324.514 - 0.207ms returns 0
T451C 000:324.542 JLINK_CORESIGHT_ReadAPDPReg(AP reg 0x03)
T451C 000:324.787   Value=0x00000000
T451C 000:324.813 - 0.270ms returns 0
T451C 000:324.827 JLINK_CORESIGHT_WriteAPDPReg(AP reg 0x00, 0x80000002)
T451C 000:325.026 - 0.198ms returns 0
T451C 000:325.043 JLINK_CORESIGHT_WriteAPDPReg(AP reg 0x01, 0x80011130)
T451C 000:325.218 - 0.174ms returns 0
T451C 000:325.275 JLINK_CORESIGHT_ReadAPDPReg(AP reg 0x03)
T451C 000:325.524   Value=0x80841E00
T451C 000:325.544 - 0.269ms returns 0
T451C 000:325.557 JLINK_CORESIGHT_WriteAPDPReg(AP reg 0x00, 0x80000002)
T451C 000:325.734 - 0.176ms returns 0
T451C 000:325.759 JLINK_CORESIGHT_WriteAPDPReg(AP reg 0x01, 0x80011140)
T451C 000:326.026 - 0.266ms returns 0
T451C 000:326.050 JLINK_CORESIGHT_ReadAPDPReg(AP reg 0x03)
T451C 000:326.286   Value=0x00000000
T451C 000:326.309 - 0.259ms returns 0
T451C 000:326.325 JLINK_CORESIGHT_WriteAPDPReg(AP reg 0x00, 0x80000002)
T451C 000:326.496 - 0.171ms returns 0
T451C 000:326.512 JLINK_CORESIGHT_WriteAPDPReg(AP reg 0x01, 0x80011130)
T451C 000:326.685 - 0.172ms returns 0
T451C 000:326.704 JLINK_CORESIGHT_ReadAPDPReg(AP reg 0x03)
T451C 000:326.927   Value=0x000D0803
T451C 000:326.944 - 0.240ms returns 0
T451C 000:326.958 JLINK_CORESIGHT_WriteAPDPReg(AP reg 0x00, 0x80000002)
T451C 000:327.137 - 0.179ms returns 0
T451C 000:327.152 JLINK_CORESIGHT_WriteAPDPReg(AP reg 0x01, 0x80011140)
T451C 000:327.321 - 0.168ms returns 0
T451C 000:327.342 JLINK_CORESIGHT_ReadAPDPReg(AP reg 0x03)
T451C 000:327.573   Value=0x00000000
T451C 000:327.598 - 0.256ms returns 0
T451C 000:327.613 JLINK_CORESIGHT_WriteAPDPReg(AP reg 0x00, 0x80000002)
T451C 000:327.795 - 0.182ms returns 0
T451C 000:327.811 JLINK_CORESIGHT_WriteAPDPReg(AP reg 0x01, 0x80011130)
T451C 000:328.026 - 0.215ms returns 0
T451C 000:328.048 JLINK_CORESIGHT_ReadAPDPReg(AP reg 0x03)
T451C 000:328.268   Value=0x31574B02
T451C 000:328.291 - 0.242ms returns 0
T451C 000:328.305 JLINK_CORESIGHT_WriteAPDPReg(AP reg 0x00, 0x80000002)
T451C 000:328.478 - 0.173ms returns 0
T451C 000:328.494 JLINK_CORESIGHT_WriteAPDPReg(AP reg 0x01, 0x80011140)
T451C 000:328.669 - 0.175ms returns 0
T451C 000:328.685 JLINK_CORESIGHT_ReadAPDPReg(AP reg 0x03)
T451C 000:328.912   Value=0x00000000
T451C 000:328.929 - 0.244ms returns 0
T451C 000:328.943 JLINK_CORESIGHT_WriteAPDPReg(AP reg 0x00, 0x80000002)
T451C 000:329.138 - 0.194ms returns 0
T451C 000:329.154 JLINK_CORESIGHT_WriteAPDPReg(AP reg 0x01, 0x80011130)
T451C 000:329.328 - 0.174ms returns 0
T451C 000:329.344 JLINK_CORESIGHT_ReadAPDPReg(AP reg 0x03)
T451C 000:329.565   Value=0x333A7674
T451C 000:329.582 - 0.237ms returns 0
T451C 000:329.595 JLINK_CORESIGHT_WriteAPDPReg(AP reg 0x00, 0x80000002)
T451C 000:329.763 - 0.167ms returns 0
T451C 000:329.778 JLINK_CORESIGHT_WriteAPDPReg(AP reg 0x01, 0x80011140)
T451C 000:330.024 - 0.246ms returns 0
T451C 000:330.040 JLINK_CORESIGHT_ReadAPDPReg(AP reg 0x03)
T451C 000:330.274   Value=0x00000000
T451C 000:330.291 - 0.251ms returns 0
T451C 000:330.305 JLINK_CORESIGHT_WriteAPDPReg(AP reg 0x00, 0x80000002)
T451C 000:330.474 - 0.169ms returns 0
T451C 000:330.489 JLINK_CORESIGHT_WriteAPDPReg(AP reg 0x01, 0x80011130)
T451C 000:330.647 - 0.157ms returns 0
T451C 000:330.662 JLINK_CORESIGHT_ReadAPDPReg(AP reg 0x03)
T451C 000:330.880   Value=0x30383334
T451C 000:330.897 - 0.234ms returns 0
T451C 000:330.910 JLINK_CORESIGHT_WriteAPDPReg(AP reg 0x00, 0x80000002)
T451C 000:331.137 - 0.226ms returns 0
T451C 000:331.152 JLINK_CORESIGHT_WriteAPDPReg(AP reg 0x01, 0x80011140)
T451C 000:331.400 - 0.247ms returns 0
T451C 000:331.428 JLINK_CORESIGHT_ReadAPDPReg(AP reg 0x03)
T451C 000:331.678   Value=0x00000000
T451C 000:331.704 - 0.276ms returns 0
T451C 000:331.720 JLINK_CORESIGHT_WriteAPDPReg(AP reg 0x00, 0x80000002)
T451C 000:331.898 - 0.177ms returns 0
T451C 000:331.916 JLINK_CORESIGHT_WriteAPDPReg(AP reg 0x01, 0x80011130)
T451C 000:332.138 - 0.221ms returns 0
T451C 000:332.156 JLINK_CORESIGHT_ReadAPDPReg(AP reg 0x03)
T451C 000:332.381   Value=0x11103130
T451C 000:332.404 - 0.247ms returns 0
T451C 000:332.419 JLINK_CORESIGHT_WriteAPDPReg(AP reg 0x00, 0x80000002)
T451C 000:332.594 - 0.175ms returns 0
T451C 000:332.610 JLINK_CORESIGHT_WriteAPDPReg(AP reg 0x01, 0x80011140)
T451C 000:332.772 - 0.162ms returns 0
T451C 000:332.788 JLINK_CORESIGHT_ReadAPDPReg(AP reg 0x03)
T451C 000:333.024   Value=0x00000000
T451C 000:333.040 - 0.251ms returns 0
T451C 000:333.054 JLINK_CORESIGHT_WriteAPDPReg(AP reg 0x00, 0x80000002)
T451C 000:333.219 - 0.165ms returns 0
T451C 000:333.279 JLINK_CORESIGHT_WriteAPDPReg(AP reg 0x01, 0x80011130)
T451C 000:333.458 - 0.179ms returns 0
T451C 000:333.474 JLINK_CORESIGHT_ReadAPDPReg(AP reg 0x03)
T451C 000:333.710   Value=0x4637520E
T451C 000:333.731 - 0.257ms returns 0
T451C 000:333.744 JLINK_CORESIGHT_WriteAPDPReg(AP reg 0x00, 0x80000002)
T451C 000:333.920 - 0.175ms returns 0
T451C 000:333.934 JLINK_CORESIGHT_WriteAPDPReg(AP reg 0x01, 0x80011140)
T451C 000:334.139 - 0.205ms returns 0
T451C 000:334.153 JLINK_CORESIGHT_ReadAPDPReg(AP reg 0x03)
T451C 000:334.373   Value=0x00000000
T451C 000:334.448 - 0.294ms returns 0
T451C 000:334.461 JLINK_CORESIGHT_WriteAPDPReg(AP reg 0x00, 0x80000002)
T451C 000:334.634 - 0.172ms returns 0
T451C 000:334.649 JLINK_CORESIGHT_WriteAPDPReg(AP reg 0x01, 0x80011130)
T451C 000:334.814 - 0.165ms returns 0
T451C 000:334.828 JLINK_CORESIGHT_ReadAPDPReg(AP reg 0x03)
T451C 000:335.040   Value=0x314C3441
T451C 000:335.056 - 0.228ms returns 0
T451C 000:335.068 JLINK_CORESIGHT_WriteAPDPReg(AP reg 0x00, 0x80000002)
T451C 000:335.237 - 0.168ms returns 0
T451C 000:335.252 JLINK_CORESIGHT_WriteAPDPReg(AP reg 0x01, 0x80011140)
T451C 000:335.429 - 0.177ms returns 0
T451C 000:335.451 JLINK_CORESIGHT_ReadAPDPReg(AP reg 0x03)
T451C 000:335.676   Value=0x00000000
T451C 000:335.695 - 0.243ms returns 0
T451C 000:335.709 JLINK_CORESIGHT_WriteAPDPReg(AP reg 0x00, 0x80000002)
T451C 000:335.884 - 0.175ms returns 0
T451C 000:335.899 JLINK_CORESIGHT_WriteAPDPReg(AP reg 0x01, 0x80011130)
T451C 000:336.139 - 0.239ms returns 0
T451C 000:336.155 JLINK_CORESIGHT_ReadAPDPReg(AP reg 0x03)
T451C 000:336.380   Value=0x43344442
T451C 000:336.398 - 0.243ms returns 0
T451C 000:336.411 JLINK_CORESIGHT_WriteAPDPReg(AP reg 0x00, 0x80000002)
T451C 000:336.592 - 0.180ms returns 0
T451C 000:336.607 JLINK_CORESIGHT_WriteAPDPReg(AP reg 0x01, 0x80011140)
T451C 000:336.772 - 0.165ms returns 0
T451C 000:336.788 JLINK_CORESIGHT_ReadAPDPReg(AP reg 0x03)
T451C 000:337.053   Value=0x00000000
T451C 000:337.077 - 0.289ms returns 0
T451C 000:337.093 JLINK_CORESIGHT_WriteAPDPReg(AP reg 0x00, 0x80000002)
T451C 000:337.283 - 0.190ms returns 0
T451C 000:337.311 JLINK_CORESIGHT_WriteAPDPReg(AP reg 0x01, 0x80011130)
T451C 000:337.510 - 0.198ms returns 0
T451C 000:337.531 JLINK_CORESIGHT_ReadAPDPReg(AP reg 0x03)
T451C 000:337.762   Value=0x20205046
T451C 000:337.882 - 0.350ms returns 0
T451C 000:337.899 JLINK_CORESIGHT_WriteAPDPReg(AP reg 0x00, 0x80000002)
T451C 000:338.158 - 0.258ms returns 0
T451C 000:338.180 JLINK_CORESIGHT_WriteAPDPReg(AP reg 0x01, 0x80011140)
T451C 000:338.369 - 0.189ms returns 0
T451C 000:338.385 JLINK_CORESIGHT_ReadAPDPReg(AP reg 0x03)
T451C 000:338.616   Value=0x00000000
T451C 000:338.670 - 0.284ms returns 0
T451C 000:338.684 JLINK_CORESIGHT_WriteAPDPReg(AP reg 0x00, 0x80000002)
T451C 000:339.186 - 0.502ms returns 0
T451C 000:339.239 JLINK_CORESIGHT_WriteAPDPReg(AP reg 0x01, 0x80011130)
T451C 000:340.101 - 0.862ms returns 0
T451C 000:340.179 JLINK_CORESIGHT_ReadAPDPReg(AP reg 0x03)
T451C 000:340.465   Value=0x00032320
T451C 000:340.511 - 0.332ms returns 0
T451C 000:340.620 JLINK_CORESIGHT_WriteAPDPReg(AP reg 0x00, 0x80000002)
T451C 000:341.030 - 0.410ms returns 0
T451C 000:341.054 JLINK_CORESIGHT_WriteAPDPReg(AP reg 0x01, 0x80011140)
T451C 000:341.240 - 0.186ms returns 0
T451C 000:341.261 JLINK_CORESIGHT_ReadAPDPReg(AP reg 0x03)
T451C 000:341.492   Value=0x00000002
T451C 000:341.515 - 0.254ms returns 0
T451C 000:341.529 JLINK_CORESIGHT_WriteAPDPReg(AP reg 0x00, 0x80000002)
T451C 000:341.728 - 0.198ms returns 0
T451C 000:341.759 JLINK_CORESIGHT_WriteAPDPReg(AP reg 0x01, 0x80011120)
T451C 000:342.036 - 0.276ms returns 0
T451C 000:342.067 JLINK_CORESIGHT_WriteAPDPReg(AP reg 0x03, 0x2C010001)
T451C 000:342.276 - 0.209ms returns 0
T451C 000:342.300 JLINK_CORESIGHT_WriteAPDPReg(AP reg 0x00, 0x80000002)
T451C 000:342.551 - 0.251ms returns 0
T451C 000:342.589 JLINK_CORESIGHT_WriteAPDPReg(AP reg 0x01, 0x80011140)
T451C 000:343.454 - 0.865ms returns 0
T451C 000:343.484 JLINK_CORESIGHT_ReadAPDPReg(AP reg 0x03)
T451C 000:343.732   Value=0x00000002
T451C 000:343.763 - 0.278ms returns 0
T451C 000:343.778 JLINK_CORESIGHT_WriteAPDPReg(AP reg 0x00, 0x80000002)
T451C 000:344.073 - 0.295ms returns 0
T451C 000:344.120 JLINK_CORESIGHT_WriteAPDPReg(AP reg 0x01, 0x80011120)
T451C 000:344.330 - 0.209ms returns 0
T451C 000:344.353 JLINK_CORESIGHT_WriteAPDPReg(AP reg 0x03, 0x000003D3)
T451C 000:344.542 - 0.189ms returns 0
T451C 000:344.597 JLINK_CORESIGHT_WriteAPDPReg(AP reg 0x00, 0x80000002)
T451C 000:344.800 - 0.203ms returns 0
T451C 000:344.828 JLINK_CORESIGHT_WriteAPDPReg(AP reg 0x01, 0x80011140)
T451C 000:345.028 - 0.200ms returns 0
T451C 000:345.044 JLINK_CORESIGHT_ReadAPDPReg(AP reg 0x03)
T451C 000:345.264   Value=0x00000002
T451C 000:345.282 - 0.238ms returns 0
T451C 000:345.294 JLINK_CORESIGHT_ReadAPDPReg(AP reg 0x03)
T451C 000:345.492   Value=0x00000002
T451C 000:345.508 - 0.214ms returns 0
T451C 000:345.521 JLINK_CORESIGHT_ReadAPDPReg(AP reg 0x03)
T451C 000:345.716   Value=0x00000002
T451C 000:345.732 - 0.212ms returns 0
T451C 000:345.745 JLINK_CORESIGHT_ReadAPDPReg(AP reg 0x03)
T451C 000:346.027   Value=0x00000002
T451C 000:346.043 - 0.298ms returns 0
T451C 000:346.055 JLINK_CORESIGHT_ReadAPDPReg(AP reg 0x03)
T451C 000:346.272   Value=0x00000002
T451C 000:346.288 - 0.233ms returns 0
T451C 000:346.300 JLINK_CORESIGHT_ReadAPDPReg(AP reg 0x03)
T451C 000:346.496   Value=0x00000002
T451C 000:346.512 - 0.212ms returns 0
T451C 000:346.524 JLINK_CORESIGHT_ReadAPDPReg(AP reg 0x03)
T451C 000:346.740   Value=0x00000002
T451C 000:346.765 - 0.240ms returns 0
T451C 000:346.779 JLINK_CORESIGHT_ReadAPDPReg(AP reg 0x03)
T451C 000:347.082   Value=0x00000002
T451C 000:347.107 - 0.328ms returns 0
T451C 000:347.122 JLINK_CORESIGHT_ReadAPDPReg(AP reg 0x03)
T451C 000:347.377   Value=0x00000002
T451C 000:347.399 - 0.277ms returns 0
T451C 000:347.413 JLINK_CORESIGHT_ReadAPDPReg(AP reg 0x03)
T451C 000:347.646   Value=0x00000002
T451C 000:347.671 - 0.258ms returns 0
T451C 000:347.685 JLINK_CORESIGHT_ReadAPDPReg(AP reg 0x03)
T451C 000:347.934   Value=0x00000002
T451C 000:347.960 - 0.275ms returns 0
T451C 000:347.975 JLINK_CORESIGHT_ReadAPDPReg(AP reg 0x03)
T451C 000:348.218   Value=0x00000000
T451C 000:348.244 - 0.269ms returns 0
T451C 000:348.259 JLINK_CORESIGHT_WriteAPDPReg(AP reg 0x00, 0x80000002)
T451C 000:348.430 - 0.171ms returns 0
T451C 000:348.446 JLINK_CORESIGHT_WriteAPDPReg(AP reg 0x01, 0x80011130)
T451C 000:348.633 - 0.186ms returns 0
T451C 000:348.648 JLINK_CORESIGHT_ReadAPDPReg(AP reg 0x03)
T451C 000:348.882   Value=0x2C020081
T451C 000:348.899 - 0.251ms returns 0
T451C 000:348.911 JLINK_CORESIGHT_WriteAPDPReg(AP reg 0x00, 0x80000002)
T451C 000:349.141 - 0.230ms returns 0
T451C 000:349.155 JLINK_CORESIGHT_WriteAPDPReg(AP reg 0x01, 0x80011140)
T451C 000:349.315 - 0.159ms returns 0
T451C 000:349.330 JLINK_CORESIGHT_ReadAPDPReg(AP reg 0x03)
T451C 000:349.546   Value=0x00000000
T451C 000:349.569 - 0.239ms returns 0
T451C 000:349.583 JLINK_CORESIGHT_WriteAPDPReg(AP reg 0x00, 0x80000002)
T451C 000:349.746 - 0.162ms returns 0
T451C 000:349.760 JLINK_CORESIGHT_WriteAPDPReg(AP reg 0x01, 0x80011130)
T451C 000:349.923 - 0.163ms returns 0
T451C 000:349.938 JLINK_CORESIGHT_ReadAPDPReg(AP reg 0x03)
T451C 000:350.200   Value=0x0003D002
T451C 000:350.217 - 0.278ms returns 0
T451C 000:350.237 JLINK_CORESIGHT_WriteAPDPReg(AP reg 0x00, 0x80000002)
T451C 000:350.398 - 0.160ms returns 0
T451C 000:350.412 JLINK_CORESIGHT_WriteAPDPReg(AP reg 0x01, 0x80011140)
T451C 000:350.590 - 0.177ms returns 0
T451C 000:350.611 JLINK_CORESIGHT_ReadAPDPReg(AP reg 0x03)
T451C 000:350.824   Value=0x00000002
T451C 000:350.841 - 0.230ms returns 0
T451C 000:350.854 JLINK_CORESIGHT_WriteAPDPReg(AP reg 0x00, 0x80000002)
T451C 000:351.027 - 0.172ms returns 0
T451C 000:351.041 JLINK_CORESIGHT_WriteAPDPReg(AP reg 0x01, 0x80011120)
T451C 000:351.208 - 0.166ms returns 0
T451C 000:351.223 JLINK_CORESIGHT_WriteAPDPReg(AP reg 0x03, 0x4F010001)
T451C 000:351.387 - 0.164ms returns 0
T451C 000:351.401 JLINK_CORESIGHT_WriteAPDPReg(AP reg 0x00, 0x80000002)
T451C 000:351.581 - 0.179ms returns 0
T451C 000:351.596 JLINK_CORESIGHT_WriteAPDPReg(AP reg 0x01, 0x80011140)
T451C 000:351.762 - 0.166ms returns 0
T451C 000:351.776 JLINK_CORESIGHT_ReadAPDPReg(AP reg 0x03)
T451C 000:352.024   Value=0x00000002
T451C 000:352.041 - 0.264ms returns 0
T451C 000:352.054 JLINK_CORESIGHT_WriteAPDPReg(AP reg 0x00, 0x80000002)
T451C 000:352.221 - 0.166ms returns 0
T451C 000:352.235 JLINK_CORESIGHT_WriteAPDPReg(AP reg 0x01, 0x80011120)
T451C 000:352.397 - 0.162ms returns 0
T451C 000:352.420 JLINK_CORESIGHT_WriteAPDPReg(AP reg 0x03, 0x000003B0)
T451C 000:352.580 - 0.159ms returns 0
T451C 000:352.600 JLINK_CORESIGHT_WriteAPDPReg(AP reg 0x00, 0x80000002)
T451C 000:352.772 - 0.172ms returns 0
T451C 000:352.787 JLINK_CORESIGHT_WriteAPDPReg(AP reg 0x01, 0x80011140)
T451C 000:353.024 - 0.236ms returns 0
T451C 000:353.039 JLINK_CORESIGHT_ReadAPDPReg(AP reg 0x03)
T451C 000:353.262   Value=0x00000000
T451C 000:353.279 - 0.240ms returns 0
T451C 000:353.292 JLINK_CORESIGHT_WriteAPDPReg(AP reg 0x00, 0x80000002)
T451C 000:353.453 - 0.161ms returns 0
T451C 000:353.468 JLINK_CORESIGHT_WriteAPDPReg(AP reg 0x01, 0x80011130)
T451C 000:353.650 - 0.182ms returns 0
T451C 000:353.670 JLINK_CORESIGHT_ReadAPDPReg(AP reg 0x03)
T451C 000:353.908   Value=0x4F0B0081
T451C 000:353.926 - 0.255ms returns 0
T451C 000:353.938 JLINK_CORESIGHT_WriteAPDPReg(AP reg 0x00, 0x80000002)
T451C 000:354.142 - 0.204ms returns 0
T451C 000:354.157 JLINK_CORESIGHT_WriteAPDPReg(AP reg 0x01, 0x80011140)
T451C 000:354.317 - 0.160ms returns 0
T451C 000:354.331 JLINK_CORESIGHT_ReadAPDPReg(AP reg 0x03)
T451C 000:354.549   Value=0x00000000
T451C 000:354.572 - 0.240ms returns 0
T451C 000:354.586 JLINK_CORESIGHT_WriteAPDPReg(AP reg 0x00, 0x80000002)
T451C 000:354.745 - 0.159ms returns 0
T451C 000:354.760 JLINK_CORESIGHT_WriteAPDPReg(AP reg 0x01, 0x80011130)
T451C 000:354.923 - 0.163ms returns 0
T451C 000:354.937 JLINK_CORESIGHT_ReadAPDPReg(AP reg 0x03)
T451C 000:355.189   Value=0x20000400
T451C 000:355.206 - 0.268ms returns 0
T451C 000:355.219 JLINK_CORESIGHT_WriteAPDPReg(AP reg 0x00, 0x80000002)
T451C 000:355.384 - 0.165ms returns 0
T451C 000:355.399 JLINK_CORESIGHT_WriteAPDPReg(AP reg 0x01, 0x80011140)
T451C 000:356.119 - 0.720ms returns 0
T451C 000:356.287 JLINK_CORESIGHT_ReadAPDPReg(AP reg 0x03)
T451C 000:357.507   Value=0x00000000
T451C 000:357.544 - 1.256ms returns 0
T451C 000:357.561 JLINK_CORESIGHT_WriteAPDPReg(AP reg 0x00, 0x80000002)
T451C 000:357.797 - 0.236ms returns 0
T451C 000:357.826 JLINK_CORESIGHT_WriteAPDPReg(AP reg 0x01, 0x80011130)
T451C 000:358.026 - 0.200ms returns 0
T451C 000:358.067 JLINK_CORESIGHT_ReadAPDPReg(AP reg 0x03)
T451C 000:358.322   Value=0x02000000
T451C 000:358.348 - 0.280ms returns 0
T451C 000:358.362 JLINK_CORESIGHT_WriteAPDPReg(AP reg 0x00, 0x80000002)
T451C 000:358.544 - 0.182ms returns 0
T451C 000:358.574 JLINK_CORESIGHT_WriteAPDPReg(AP reg 0x01, 0x80011140)
T451C 000:358.775 - 0.201ms returns 0
T451C 000:358.794 JLINK_CORESIGHT_ReadAPDPReg(AP reg 0x03)
T451C 000:359.025   Value=0x00000000
T451C 000:359.043 - 0.248ms returns 0
T451C 000:359.057 JLINK_CORESIGHT_WriteAPDPReg(AP reg 0x00, 0x80000002)
T451C 000:359.251 - 0.193ms returns 0
T451C 000:359.280 JLINK_CORESIGHT_WriteAPDPReg(AP reg 0x01, 0x80011130)
T451C 000:359.477 - 0.196ms returns 0
T451C 000:359.517 JLINK_CORESIGHT_ReadAPDPReg(AP reg 0x03)
T451C 000:359.749   Value=0x03780800
T451C 000:359.766 - 0.249ms returns 0
T451C 000:359.876 JLINK_CORESIGHT_ReadAPDPReg(DP reg 0x01)
T451C 000:360.065   Value=0xF0000F40
T451C 000:360.081 - 0.205ms returns 0
T451C 000:360.093 JLINK_CORESIGHT_WriteAPDPReg(DP reg 0x01, 0xA0000F40)
T451C 000:360.263 - 0.169ms returns 0
T451C 000:360.277 JLINK_CORESIGHT_ReadAPDPReg(DP reg 0x01)
T451C 000:360.443   Value=0x00000F40
T451C 000:360.459 - 0.182ms returns 0
T451C 000:360.471 JLINK_ClrRESET()
T451C 000:360.849 - 0.377ms 
T451C 000:468.146 JLINK_Close()
T451C 000:480.460 - 12.314ms
T451C 000:480.508   
T451C 000:480.520   Closed
