T1924 000:001.746   SEGGER J-Link V8.12c Log File
T1924 000:001.960   DLL Compiled: Jan 22 2025 12:55:59
T1924 000:001.991   Logging started @ 2025-03-19 12:05
T1924 000:002.018   Process: C:\Users\a8456\.eclipse\com.renesas.platform_1309835749\DebugComp\RA\e2-server-gdb.exe
T1924 000:002.051 - 2.044ms 
T1924 000:002.092 JLINK_GetDLLVersion()
T1924 000:002.121 - 0.028ms returns 81203
T1924 000:004.564 JLINK_OpenEx(...)
T1924 000:010.512   Firmware: J-Link V9 compiled May  7 2021 16:26:12
T1924 000:011.056   Firmware: J-Link V9 compiled May  7 2021 16:26:12
T1924 000:011.176   Decompressing FW timestamp took 88 us
T1924 000:016.723   Hardware: V9.60
T1924 000:016.763   S/N: 69660718
T1924 000:016.782   OEM: SEGGER
T1924 000:016.897   Feature(s): RDI, GDB, FlashDL, FlashBP, JFlash
T1924 000:017.421   Bootloader: (FW returned invalid version)
T1924 000:018.149   TELNET listener socket opened on port 19021
T1924 000:018.386   WEBSRV WEBSRV_Init(): Starting webserver thread(s)
T1924 000:018.658   WEBSRV Webserver running on local port 19080
T1924 000:018.846   Looking for J-Link GUI Server exe at: C:\Users\a8456\.eclipse\com.renesas.platform_1309835749\DebugComp\RA\ARM\Segger_v8.12.3\JLinkGUIServer.exe
T1924 000:019.000   Looking for J-Link GUI Server exe at: C:\Program Files\SEGGER\JLink_V818\JLinkGUIServer.exe
T1924 000:019.054   Forking J-Link GUI Server: C:\Program Files\SEGGER\JLink_V818\JLinkGUIServer.exe
T1924 000:523.420   J-Link GUI Server info: "J-Link GUI server V8.18 "
T1924 000:532.745 - 528.171ms returns "O.K."
T1924 000:533.317 JLINK_TIF_Select(JLINKARM_TIF_SWD)
T1924 000:534.505 - 1.187ms returns 0x00
T1924 000:534.556 JLINK_ClrRESET()
T1924 000:536.298 - 1.741ms 
T1924 000:586.770 JLINK_SetSpeed(1500)
T1924 000:586.931 - 0.166ms 
T1924 000:586.941 JLINK_CORESIGHT_Configure(PerformTIFInit=0)
T1924 000:587.316 - 0.376ms returns 0
T1924 000:587.327 JLINK_CORESIGHT_ReadAPDPReg(DP reg 0x00)
T1924 000:587.763   Value=0x6BA02477
T1924 000:587.773 - 0.447ms returns 0
T1924 000:587.780 JLINK_CORESIGHT_WriteAPDPReg(DP reg 0x00, 0x0000001F)
T1924 000:588.036 - 0.256ms returns 0
T1924 000:588.044 JLINK_CORESIGHT_ReadAPDPReg(DP reg 0x00)
T1924 000:588.237   Value=0x6BA02477
T1924 000:588.246 - 0.202ms returns 0
T1924 000:588.253 JLINK_CORESIGHT_WriteAPDPReg(DP reg 0x02, 0x00000000)
T1924 000:588.418 - 0.165ms returns 0
T1924 000:588.426 JLINK_CORESIGHT_WriteAPDPReg(DP reg 0x01, 0x50000000)
T1924 000:588.580 - 0.154ms returns 0
T1924 000:588.590 JLINK_CORESIGHT_ReadAPDPReg(DP reg 0x01)
T1924 000:588.815   Value=0xD0000000
T1924 000:588.864 - 0.273ms returns 0
T1924 000:588.883 JLINK_CORESIGHT_ReadAPDPReg(DP reg 0x01)
T1924 000:589.135   Value=0xD0000000
T1924 000:589.147 - 0.264ms returns 0
T1924 000:589.155 JLINK_CORESIGHT_ReadAPDPReg(DP reg 0x01)
T1924 000:589.320   Value=0xD0000000
T1924 000:589.333 - 0.178ms returns 0
T1924 000:589.341 JLINK_CORESIGHT_ReadAPDPReg(DP reg 0x01)
T1924 000:589.496   Value=0xD0000000
T1924 000:589.504 - 0.163ms returns 0
T1924 000:589.510 JLINK_CORESIGHT_ReadAPDPReg(DP reg 0x01)
T1924 000:589.650   Value=0xD0000000
T1924 000:589.658 - 0.148ms returns 0
T1924 000:589.665 JLINK_CORESIGHT_ReadAPDPReg(DP reg 0x01)
T1924 000:589.825   Value=0xD0000000
T1924 000:589.834 - 0.169ms returns 0
T1924 000:589.842 JLINK_CORESIGHT_ReadAPDPReg(DP reg 0x01)
T1924 000:589.997   Value=0xD0000000
T1924 000:590.005 - 0.163ms returns 0
T1924 000:590.012 JLINK_CORESIGHT_ReadAPDPReg(DP reg 0x01)
T1924 000:590.177   Value=0xF0000000
T1924 000:590.185 - 0.172ms returns 0
T1924 000:590.191 JLINK_CORESIGHT_WriteAPDPReg(DP reg 0x00, 0x0000001F)
T1924 000:590.356 - 0.164ms returns 0
T1924 000:590.363 JLINK_CORESIGHT_ReadAPDPReg(DP reg 0x00)
T1924 000:590.528   Value=0x6BA02477
T1924 000:590.536 - 0.173ms returns 0
T1924 000:590.542 JLINK_CORESIGHT_WriteAPDPReg(DP reg 0x01, 0x54000000)
T1924 000:590.700 - 0.157ms returns 0
T1924 000:590.707 JLINK_CORESIGHT_WriteAPDPReg(DP reg 0x01, 0x50000F00)
T1924 000:590.884 - 0.177ms returns 0
T1924 000:590.893 JLINK_CORESIGHT_WriteAPDPReg(DP reg 0x02, 0x01000000)
T1924 000:591.113 - 0.220ms returns 0
T1924 000:591.122 JLINK_CORESIGHT_WriteAPDPReg(AP reg 0x00, 0x80000002)
T1924 000:591.294 - 0.172ms returns 0
T1924 000:591.301 JLINK_CORESIGHT_WriteAPDPReg(AP reg 0x01, 0x80011100)
T1924 000:591.466 - 0.164ms returns 0
T1924 000:591.473 JLINK_CORESIGHT_WriteAPDPReg(AP reg 0x03, 0x000000A5)
T1924 000:591.621 - 0.148ms returns 0
T1924 000:591.628 JLINK_CORESIGHT_WriteAPDPReg(AP reg 0x00, 0x80000002)
T1924 000:591.799 - 0.170ms returns 0
T1924 000:591.807 JLINK_CORESIGHT_WriteAPDPReg(AP reg 0x01, 0x80011100)
T1924 000:592.124 - 0.317ms returns 0
T1924 000:592.133 JLINK_CORESIGHT_ReadAPDPReg(AP reg 0x03)
T1924 000:592.344   Value=0x000000A5
T1924 000:592.360 - 0.227ms returns 0
T1924 000:592.370 JLINK_ClrTMS()
T1924 000:592.406 - 0.036ms 
T1924 000:597.714 JLINK_SetTCK()
T1924 000:597.766 - 0.051ms returns 0
T1924 000:603.691 JLINK_SetRESET()
T1924 000:603.775 - 0.083ms 
T1924 000:804.060 JLINK_CORESIGHT_WriteAPDPReg(AP reg 0x00, 0x80000002)
T1924 000:804.351 - 0.291ms returns 0
T1924 000:804.382 JLINK_CORESIGHT_WriteAPDPReg(AP reg 0x01, 0x80011100)
T1924 000:804.613 - 0.230ms returns 0
T1924 000:804.644 JLINK_CORESIGHT_ReadAPDPReg(AP reg 0x03)
T1924 000:804.897   Value=0x00000000
T1924 000:804.927 - 0.283ms returns 0
T1924 000:804.943 JLINK_CORESIGHT_WriteAPDPReg(AP reg 0x00, 0x80000002)
T1924 000:805.471 - 0.528ms returns 0
T1924 000:805.526 JLINK_CORESIGHT_WriteAPDPReg(AP reg 0x01, 0x80011140)
T1924 000:805.764 - 0.237ms returns 0
T1924 000:805.816 JLINK_CORESIGHT_ReadAPDPReg(AP reg 0x03)
T1924 000:806.088   Value=0x00000002
T1924 000:806.129 - 0.312ms returns 0
T1924 000:806.150 JLINK_CORESIGHT_WriteAPDPReg(AP reg 0x00, 0x80000002)
T1924 000:806.369 - 0.219ms returns 0
T1924 000:806.478 JLINK_CORESIGHT_WriteAPDPReg(AP reg 0x01, 0x80011120)
T1924 000:806.750 - 0.272ms returns 0
T1924 000:806.781 JLINK_CORESIGHT_WriteAPDPReg(AP reg 0x03, 0x00000055)
T1924 000:807.003 - 0.221ms returns 0
T1924 000:807.031 JLINK_CORESIGHT_WriteAPDPReg(AP reg 0x00, 0x80000002)
T1924 000:807.264 - 0.232ms returns 0
T1924 000:807.300 JLINK_CORESIGHT_WriteAPDPReg(AP reg 0x01, 0x80011140)
T1924 000:807.565 - 0.265ms returns 0
T1924 000:807.613 JLINK_CORESIGHT_ReadAPDPReg(AP reg 0x03)
T1924 000:807.864   Value=0x00000000
T1924 000:807.880 - 0.266ms returns 0
T1924 000:807.888 JLINK_CORESIGHT_WriteAPDPReg(AP reg 0x00, 0x80000002)
T1924 000:808.141 - 0.252ms returns 0
T1924 000:808.165 JLINK_CORESIGHT_WriteAPDPReg(AP reg 0x01, 0x80011130)
T1924 000:808.322 - 0.157ms returns 0
T1924 000:808.332 JLINK_CORESIGHT_ReadAPDPReg(AP reg 0x03)
T1924 000:808.549   Value=0x000000C6
T1924 000:808.562 - 0.230ms returns 0
T1924 000:808.580 JLINK_CORESIGHT_WriteAPDPReg(AP reg 0x00, 0x80000002)
T1924 000:808.770 - 0.190ms returns 0
T1924 000:808.777 JLINK_CORESIGHT_WriteAPDPReg(AP reg 0x01, 0x80011140)
T1924 000:808.998 - 0.221ms returns 0
T1924 000:809.006 JLINK_CORESIGHT_ReadAPDPReg(AP reg 0x03)
T1924 000:809.263   Value=0x00000002
T1924 000:809.276 - 0.270ms returns 0
T1924 000:809.284 JLINK_CORESIGHT_WriteAPDPReg(AP reg 0x00, 0x80000002)
T1924 000:809.501 - 0.216ms returns 0
T1924 000:809.533 JLINK_CORESIGHT_WriteAPDPReg(AP reg 0x01, 0x80011120)
T1924 000:809.751 - 0.218ms returns 0
T1924 000:809.777 JLINK_CORESIGHT_WriteAPDPReg(AP reg 0x03, 0x3A010001)
T1924 000:810.019 - 0.242ms returns 0
T1924 000:810.038 JLINK_CORESIGHT_WriteAPDPReg(AP reg 0x00, 0x80000002)
T1924 000:810.200 - 0.162ms returns 0
T1924 000:810.210 JLINK_CORESIGHT_WriteAPDPReg(AP reg 0x01, 0x80011140)
T1924 000:810.423 - 0.191ms returns 0
T1924 000:810.437 JLINK_CORESIGHT_ReadAPDPReg(AP reg 0x03)
T1924 000:810.647   Value=0x00000002
T1924 000:810.659 - 0.222ms returns 0
T1924 000:810.667 JLINK_CORESIGHT_WriteAPDPReg(AP reg 0x00, 0x80000002)
T1924 000:810.833 - 0.166ms returns 0
T1924 000:810.841 JLINK_CORESIGHT_WriteAPDPReg(AP reg 0x01, 0x80011120)
T1924 000:811.002 - 0.161ms returns 0
T1924 000:811.027 JLINK_CORESIGHT_WriteAPDPReg(AP reg 0x03, 0x000003C5)
T1924 000:811.249 - 0.222ms returns 0
T1924 000:811.268 JLINK_CORESIGHT_WriteAPDPReg(AP reg 0x00, 0x80000002)
T1924 000:811.445 - 0.177ms returns 0
T1924 000:811.457 JLINK_CORESIGHT_WriteAPDPReg(AP reg 0x01, 0x80011140)
T1924 000:811.621 - 0.163ms returns 0
T1924 000:811.628 JLINK_CORESIGHT_ReadAPDPReg(AP reg 0x03)
T1924 000:811.820   Value=0x00000002
T1924 000:811.829 - 0.200ms returns 0
T1924 000:811.835 JLINK_CORESIGHT_ReadAPDPReg(AP reg 0x03)
T1924 000:812.058   Value=0x00000002
T1924 000:812.067 - 0.231ms returns 0
T1924 000:812.074 JLINK_CORESIGHT_ReadAPDPReg(AP reg 0x03)
T1924 000:812.277   Value=0x00000002
T1924 000:812.289 - 0.214ms returns 0
T1924 000:812.296 JLINK_CORESIGHT_ReadAPDPReg(AP reg 0x03)
T1924 000:812.509   Value=0x00000002
T1924 000:812.519 - 0.222ms returns 0
T1924 000:812.526 JLINK_CORESIGHT_ReadAPDPReg(AP reg 0x03)
T1924 000:812.721   Value=0x00000000
T1924 000:812.730 - 0.203ms returns 0
T1924 000:812.736 JLINK_CORESIGHT_WriteAPDPReg(AP reg 0x00, 0x80000002)
T1924 000:812.896 - 0.160ms returns 0
T1924 000:812.903 JLINK_CORESIGHT_WriteAPDPReg(AP reg 0x01, 0x80011130)
T1924 000:813.125 - 0.221ms returns 0
T1924 000:813.152 JLINK_CORESIGHT_ReadAPDPReg(AP reg 0x03)
T1924 000:813.422   Value=0x3A2A0081
T1924 000:813.435 - 0.283ms returns 0
T1924 000:813.443 JLINK_CORESIGHT_WriteAPDPReg(AP reg 0x00, 0x80000002)
T1924 000:813.596 - 0.154ms returns 0
T1924 000:813.603 JLINK_CORESIGHT_WriteAPDPReg(AP reg 0x01, 0x80011140)
T1924 000:813.771 - 0.167ms returns 0
T1924 000:813.778 JLINK_CORESIGHT_ReadAPDPReg(AP reg 0x03)
T1924 000:813.997   Value=0x00000000
T1924 000:814.006 - 0.227ms returns 0
T1924 000:814.014 JLINK_CORESIGHT_WriteAPDPReg(AP reg 0x00, 0x80000002)
T1924 000:814.170 - 0.157ms returns 0
T1924 000:814.180 JLINK_CORESIGHT_WriteAPDPReg(AP reg 0x01, 0x80011130)
T1924 000:814.351 - 0.171ms returns 0
T1924 000:814.373 JLINK_CORESIGHT_ReadAPDPReg(AP reg 0x03)
T1924 000:814.599   Value=0x80841E00
T1924 000:814.613 - 0.240ms returns 0
T1924 000:814.622 JLINK_CORESIGHT_WriteAPDPReg(AP reg 0x00, 0x80000002)
T1924 000:814.778 - 0.155ms returns 0
T1924 000:814.790 JLINK_CORESIGHT_WriteAPDPReg(AP reg 0x01, 0x80011140)
T1924 000:815.035 - 0.245ms returns 0
T1924 000:815.043 JLINK_CORESIGHT_ReadAPDPReg(AP reg 0x03)
T1924 000:815.276   Value=0x00000000
T1924 000:815.300 - 0.256ms returns 0
T1924 000:815.314 JLINK_CORESIGHT_WriteAPDPReg(AP reg 0x00, 0x80000002)
T1924 000:815.499 - 0.184ms returns 0
T1924 000:815.514 JLINK_CORESIGHT_WriteAPDPReg(AP reg 0x01, 0x80011130)
T1924 000:815.675 - 0.160ms returns 0
T1924 000:815.689 JLINK_CORESIGHT_ReadAPDPReg(AP reg 0x03)
T1924 000:815.911   Value=0x000D0803
T1924 000:815.945 - 0.255ms returns 0
T1924 000:815.960 JLINK_CORESIGHT_WriteAPDPReg(AP reg 0x00, 0x80000002)
T1924 000:816.338 - 0.378ms returns 0
T1924 000:816.397 JLINK_CORESIGHT_WriteAPDPReg(AP reg 0x01, 0x80011140)
T1924 000:816.626 - 0.229ms returns 0
T1924 000:816.653 JLINK_CORESIGHT_ReadAPDPReg(AP reg 0x03)
T1924 000:816.927   Value=0x00000000
T1924 000:816.952 - 0.299ms returns 0
T1924 000:816.966 JLINK_CORESIGHT_WriteAPDPReg(AP reg 0x00, 0x80000002)
T1924 000:817.196 - 0.228ms returns 0
T1924 000:817.262 JLINK_CORESIGHT_WriteAPDPReg(AP reg 0x01, 0x80011130)
T1924 000:817.484 - 0.222ms returns 0
T1924 000:817.589 JLINK_CORESIGHT_ReadAPDPReg(AP reg 0x03)
T1924 000:817.932   Value=0x31574B02
T1924 000:817.959 - 0.370ms returns 0
T1924 000:818.060 JLINK_CORESIGHT_WriteAPDPReg(AP reg 0x00, 0x80000002)
T1924 000:819.063 - 1.002ms returns 0
T1924 000:819.209 JLINK_CORESIGHT_WriteAPDPReg(AP reg 0x01, 0x80011140)
T1924 000:819.451 - 0.242ms returns 0
T1924 000:819.488 JLINK_CORESIGHT_ReadAPDPReg(AP reg 0x03)
T1924 000:819.727   Value=0x00000000
T1924 000:819.762 - 0.273ms returns 0
T1924 000:819.777 JLINK_CORESIGHT_WriteAPDPReg(AP reg 0x00, 0x80000002)
T1924 000:820.102 - 0.324ms returns 0
T1924 000:820.129 JLINK_CORESIGHT_WriteAPDPReg(AP reg 0x01, 0x80011130)
T1924 000:820.325 - 0.196ms returns 0
T1924 000:820.346 JLINK_CORESIGHT_ReadAPDPReg(AP reg 0x03)
T1924 000:820.601   Value=0x333A7674
T1924 000:820.646 - 0.300ms returns 0
T1924 000:820.661 JLINK_CORESIGHT_WriteAPDPReg(AP reg 0x00, 0x80000002)
T1924 000:820.864 - 0.202ms returns 0
T1924 000:820.890 JLINK_CORESIGHT_WriteAPDPReg(AP reg 0x01, 0x80011140)
T1924 000:821.126 - 0.235ms returns 0
T1924 000:821.161 JLINK_CORESIGHT_ReadAPDPReg(AP reg 0x03)
T1924 000:821.426   Value=0x00000000
T1924 000:821.461 - 0.299ms returns 0
T1924 000:821.471 JLINK_CORESIGHT_WriteAPDPReg(AP reg 0x00, 0x80000002)
T1924 000:821.650 - 0.179ms returns 0
T1924 000:821.668 JLINK_CORESIGHT_WriteAPDPReg(AP reg 0x01, 0x80011130)
T1924 000:821.873 - 0.204ms returns 0
T1924 000:821.884 JLINK_CORESIGHT_ReadAPDPReg(AP reg 0x03)
T1924 000:822.153   Value=0x30383334
T1924 000:822.165 - 0.280ms returns 0
T1924 000:822.173 JLINK_CORESIGHT_WriteAPDPReg(AP reg 0x00, 0x80000002)
T1924 000:822.348 - 0.175ms returns 0
T1924 000:822.359 JLINK_CORESIGHT_WriteAPDPReg(AP reg 0x01, 0x80011140)
T1924 000:822.527 - 0.167ms returns 0
T1924 000:822.540 JLINK_CORESIGHT_ReadAPDPReg(AP reg 0x03)
T1924 000:822.746   Value=0x00000000
T1924 000:822.757 - 0.216ms returns 0
T1924 000:822.765 JLINK_CORESIGHT_WriteAPDPReg(AP reg 0x00, 0x80000002)
T1924 000:822.921 - 0.156ms returns 0
T1924 000:822.928 JLINK_CORESIGHT_WriteAPDPReg(AP reg 0x01, 0x80011130)
T1924 000:823.126 - 0.197ms returns 0
T1924 000:823.151 JLINK_CORESIGHT_ReadAPDPReg(AP reg 0x03)
T1924 000:823.377   Value=0x11103130
T1924 000:823.389 - 0.238ms returns 0
T1924 000:823.397 JLINK_CORESIGHT_WriteAPDPReg(AP reg 0x00, 0x80000002)
T1924 000:823.569 - 0.172ms returns 0
T1924 000:823.579 JLINK_CORESIGHT_WriteAPDPReg(AP reg 0x01, 0x80011140)
T1924 000:823.748 - 0.169ms returns 0
T1924 000:823.765 JLINK_CORESIGHT_ReadAPDPReg(AP reg 0x03)
T1924 000:824.003   Value=0x00000000
T1924 000:824.017 - 0.251ms returns 0
T1924 000:824.025 JLINK_CORESIGHT_WriteAPDPReg(AP reg 0x00, 0x80000002)
T1924 000:824.242 - 0.217ms returns 0
T1924 000:824.271 JLINK_CORESIGHT_WriteAPDPReg(AP reg 0x01, 0x80011130)
T1924 000:824.505 - 0.234ms returns 0
T1924 000:824.521 JLINK_CORESIGHT_ReadAPDPReg(AP reg 0x03)
T1924 000:824.732   Value=0x4637520E
T1924 000:824.743 - 0.222ms returns 0
T1924 000:824.751 JLINK_CORESIGHT_WriteAPDPReg(AP reg 0x00, 0x80000002)
T1924 000:824.919 - 0.168ms returns 0
T1924 000:824.927 JLINK_CORESIGHT_WriteAPDPReg(AP reg 0x01, 0x80011140)
T1924 000:825.113 - 0.186ms returns 0
T1924 000:825.126 JLINK_CORESIGHT_ReadAPDPReg(AP reg 0x03)
T1924 000:825.388   Value=0x00000000
T1924 000:825.415 - 0.289ms returns 0
T1924 000:825.433 JLINK_CORESIGHT_WriteAPDPReg(AP reg 0x00, 0x80000002)
T1924 000:825.596 - 0.162ms returns 0
T1924 000:825.606 JLINK_CORESIGHT_WriteAPDPReg(AP reg 0x01, 0x80011130)
T1924 000:825.773 - 0.167ms returns 0
T1924 000:825.781 JLINK_CORESIGHT_ReadAPDPReg(AP reg 0x03)
T1924 000:825.998   Value=0x314C3441
T1924 000:826.008 - 0.227ms returns 0
T1924 000:826.015 JLINK_CORESIGHT_WriteAPDPReg(AP reg 0x00, 0x80000002)
T1924 000:826.228 - 0.212ms returns 0
T1924 000:826.252 JLINK_CORESIGHT_WriteAPDPReg(AP reg 0x01, 0x80011140)
T1924 000:826.446 - 0.194ms returns 0
T1924 000:826.463 JLINK_CORESIGHT_ReadAPDPReg(AP reg 0x03)
T1924 000:826.667   Value=0x00000000
T1924 000:826.678 - 0.214ms returns 0
T1924 000:826.685 JLINK_CORESIGHT_WriteAPDPReg(AP reg 0x00, 0x80000002)
T1924 000:826.849 - 0.162ms returns 0
T1924 000:826.871 JLINK_CORESIGHT_WriteAPDPReg(AP reg 0x01, 0x80011130)
T1924 000:827.135 - 0.264ms returns 0
T1924 000:827.149 JLINK_CORESIGHT_ReadAPDPReg(AP reg 0x03)
T1924 000:827.421   Value=0x43344442
T1924 000:827.433 - 0.283ms returns 0
T1924 000:827.440 JLINK_CORESIGHT_WriteAPDPReg(AP reg 0x00, 0x80000002)
T1924 000:827.618 - 0.177ms returns 0
T1924 000:827.643 JLINK_CORESIGHT_WriteAPDPReg(AP reg 0x01, 0x80011140)
T1924 000:827.862 - 0.219ms returns 0
T1924 000:827.873 JLINK_CORESIGHT_ReadAPDPReg(AP reg 0x03)
T1924 000:828.082   Value=0x00000000
T1924 000:828.118 - 0.245ms returns 0
T1924 000:828.173 JLINK_CORESIGHT_WriteAPDPReg(AP reg 0x00, 0x80000002)
T1924 000:828.376 - 0.203ms returns 0
T1924 000:828.388 JLINK_CORESIGHT_WriteAPDPReg(AP reg 0x01, 0x80011130)
T1924 000:828.548 - 0.160ms returns 0
T1924 000:828.558 JLINK_CORESIGHT_ReadAPDPReg(AP reg 0x03)
T1924 000:828.793   Value=0x20205046
T1924 000:828.802 - 0.243ms returns 0
T1924 000:828.809 JLINK_CORESIGHT_WriteAPDPReg(AP reg 0x00, 0x80000002)
T1924 000:828.997 - 0.188ms returns 0
T1924 000:829.005 JLINK_CORESIGHT_WriteAPDPReg(AP reg 0x01, 0x80011140)
T1924 000:829.172 - 0.166ms returns 0
T1924 000:829.196 JLINK_CORESIGHT_ReadAPDPReg(AP reg 0x03)
T1924 000:829.427   Value=0x00000000
T1924 000:829.439 - 0.244ms returns 0
T1924 000:829.448 JLINK_CORESIGHT_WriteAPDPReg(AP reg 0x00, 0x80000002)
T1924 000:829.603 - 0.155ms returns 0
T1924 000:829.613 JLINK_CORESIGHT_WriteAPDPReg(AP reg 0x01, 0x80011130)
T1924 000:829.776 - 0.163ms returns 0
T1924 000:829.787 JLINK_CORESIGHT_ReadAPDPReg(AP reg 0x03)
T1924 000:829.999   Value=0x00032320
T1924 000:830.011 - 0.224ms returns 0
T1924 000:830.072 JLINK_CORESIGHT_WriteAPDPReg(AP reg 0x00, 0x80000002)
T1924 000:830.263 - 0.190ms returns 0
T1924 000:830.290 JLINK_CORESIGHT_WriteAPDPReg(AP reg 0x01, 0x80011140)
T1924 000:830.526 - 0.235ms returns 0
T1924 000:830.545 JLINK_CORESIGHT_ReadAPDPReg(AP reg 0x03)
T1924 000:830.747   Value=0x00000002
T1924 000:830.758 - 0.213ms returns 0
T1924 000:830.766 JLINK_CORESIGHT_WriteAPDPReg(AP reg 0x00, 0x80000002)
T1924 000:830.999 - 0.233ms returns 0
T1924 000:831.008 JLINK_CORESIGHT_WriteAPDPReg(AP reg 0x01, 0x80011120)
T1924 000:831.219 - 0.210ms returns 0
T1924 000:831.241 JLINK_CORESIGHT_WriteAPDPReg(AP reg 0x03, 0x2C010001)
T1924 000:831.431 - 0.189ms returns 0
T1924 000:831.443 JLINK_CORESIGHT_WriteAPDPReg(AP reg 0x00, 0x80000002)
T1924 000:831.606 - 0.163ms returns 0
T1924 000:831.616 JLINK_CORESIGHT_WriteAPDPReg(AP reg 0x01, 0x80011140)
T1924 000:831.780 - 0.163ms returns 0
T1924 000:831.791 JLINK_CORESIGHT_ReadAPDPReg(AP reg 0x03)
T1924 000:832.115   Value=0x00000002
T1924 000:832.130 - 0.339ms returns 0
T1924 000:832.138 JLINK_CORESIGHT_WriteAPDPReg(AP reg 0x00, 0x80000002)
T1924 000:832.354 - 0.215ms returns 0
T1924 000:832.378 JLINK_CORESIGHT_WriteAPDPReg(AP reg 0x01, 0x80011120)
T1924 000:832.603 - 0.225ms returns 0
T1924 000:832.622 JLINK_CORESIGHT_WriteAPDPReg(AP reg 0x03, 0x000003D3)
T1924 000:832.796 - 0.174ms returns 0
T1924 000:832.809 JLINK_CORESIGHT_WriteAPDPReg(AP reg 0x00, 0x80000002)
T1924 000:833.118 - 0.308ms returns 0
T1924 000:833.142 JLINK_CORESIGHT_WriteAPDPReg(AP reg 0x01, 0x80011140)
T1924 000:833.364 - 0.221ms returns 0
T1924 000:833.379 JLINK_CORESIGHT_ReadAPDPReg(AP reg 0x03)
T1924 000:833.618   Value=0x00000002
T1924 000:833.646 - 0.266ms returns 0
T1924 000:833.660 JLINK_CORESIGHT_ReadAPDPReg(AP reg 0x03)
T1924 000:833.959   Value=0x00000002
T1924 000:834.003 - 0.343ms returns 0
T1924 000:834.017 JLINK_CORESIGHT_ReadAPDPReg(AP reg 0x03)
T1924 000:834.306   Value=0x00000002
T1924 000:834.330 - 0.312ms returns 0
T1924 000:834.344 JLINK_CORESIGHT_ReadAPDPReg(AP reg 0x03)
T1924 000:834.718   Value=0x00000002
T1924 000:834.747 - 0.402ms returns 0
T1924 000:834.762 JLINK_CORESIGHT_ReadAPDPReg(AP reg 0x03)
T1924 000:835.407   Value=0x00000002
T1924 000:835.472 - 0.710ms returns 0
T1924 000:835.491 JLINK_CORESIGHT_ReadAPDPReg(AP reg 0x03)
T1924 000:835.800   Value=0x00000002
T1924 000:835.838 - 0.347ms returns 0
T1924 000:835.853 JLINK_CORESIGHT_ReadAPDPReg(AP reg 0x03)
T1924 000:836.181   Value=0x00000000
T1924 000:836.208 - 0.355ms returns 0
T1924 000:836.224 JLINK_CORESIGHT_WriteAPDPReg(AP reg 0x00, 0x80000002)
T1924 000:836.452 - 0.227ms returns 0
T1924 000:836.481 JLINK_CORESIGHT_WriteAPDPReg(AP reg 0x01, 0x80011130)
T1924 000:836.718 - 0.236ms returns 0
T1924 000:836.743 JLINK_CORESIGHT_ReadAPDPReg(AP reg 0x03)
T1924 000:837.003   Value=0x2C020081
T1924 000:837.027 - 0.284ms returns 0
T1924 000:837.041 JLINK_CORESIGHT_WriteAPDPReg(AP reg 0x00, 0x80000002)
T1924 000:837.230 - 0.188ms returns 0
T1924 000:837.259 JLINK_CORESIGHT_WriteAPDPReg(AP reg 0x01, 0x80011140)
T1924 000:837.507 - 0.248ms returns 0
T1924 000:837.574 JLINK_CORESIGHT_ReadAPDPReg(AP reg 0x03)
T1924 000:837.838   Value=0x00000000
T1924 000:837.863 - 0.289ms returns 0
T1924 000:837.877 JLINK_CORESIGHT_WriteAPDPReg(AP reg 0x00, 0x80000002)
T1924 000:838.118 - 0.240ms returns 0
T1924 000:838.142 JLINK_CORESIGHT_WriteAPDPReg(AP reg 0x01, 0x80011130)
T1924 000:838.363 - 0.221ms returns 0
T1924 000:838.395 JLINK_CORESIGHT_ReadAPDPReg(AP reg 0x03)
T1924 000:838.630   Value=0x0003D002
T1924 000:838.656 - 0.260ms returns 0
T1924 000:838.680 JLINK_CORESIGHT_WriteAPDPReg(AP reg 0x00, 0x80000002)
T1924 000:838.901 - 0.221ms returns 0
T1924 000:838.917 JLINK_CORESIGHT_WriteAPDPReg(AP reg 0x01, 0x80011140)
T1924 000:839.116 - 0.199ms returns 0
T1924 000:839.141 JLINK_CORESIGHT_ReadAPDPReg(AP reg 0x03)
T1924 000:839.432   Value=0x00000002
T1924 000:839.720 - 0.578ms returns 0
T1924 000:839.737 JLINK_CORESIGHT_WriteAPDPReg(AP reg 0x00, 0x80000002)
T1924 000:840.005 - 0.267ms returns 0
T1924 000:840.031 JLINK_CORESIGHT_WriteAPDPReg(AP reg 0x01, 0x80011120)
T1924 000:840.218 - 0.187ms returns 0
T1924 000:840.243 JLINK_CORESIGHT_WriteAPDPReg(AP reg 0x03, 0x4F010001)
T1924 000:840.478 - 0.234ms returns 0
T1924 000:840.506 JLINK_CORESIGHT_WriteAPDPReg(AP reg 0x00, 0x80000002)
T1924 000:840.785 - 0.279ms returns 0
T1924 000:840.810 JLINK_CORESIGHT_WriteAPDPReg(AP reg 0x01, 0x80011140)
T1924 000:841.003 - 0.192ms returns 0
T1924 000:841.030 JLINK_CORESIGHT_ReadAPDPReg(AP reg 0x03)
T1924 000:841.265   Value=0x00000002
T1924 000:841.293 - 0.263ms returns 0
T1924 000:841.307 JLINK_CORESIGHT_WriteAPDPReg(AP reg 0x00, 0x80000002)
T1924 000:841.549 - 0.237ms returns 0
T1924 000:841.586 JLINK_CORESIGHT_WriteAPDPReg(AP reg 0x01, 0x80011120)
T1924 000:841.806 - 0.220ms returns 0
T1924 000:841.825 JLINK_CORESIGHT_WriteAPDPReg(AP reg 0x03, 0x000003B0)
T1924 000:842.000 - 0.175ms returns 0
T1924 000:842.016 JLINK_CORESIGHT_WriteAPDPReg(AP reg 0x00, 0x80000002)
T1924 000:842.192 - 0.175ms returns 0
T1924 000:842.220 JLINK_CORESIGHT_WriteAPDPReg(AP reg 0x01, 0x80011140)
T1924 000:842.425 - 0.205ms returns 0
T1924 000:842.437 JLINK_CORESIGHT_ReadAPDPReg(AP reg 0x03)
T1924 000:842.693   Value=0x00000000
T1924 000:842.718 - 0.280ms returns 0
T1924 000:842.732 JLINK_CORESIGHT_WriteAPDPReg(AP reg 0x00, 0x80000002)
T1924 000:842.908 - 0.176ms returns 0
T1924 000:842.923 JLINK_CORESIGHT_WriteAPDPReg(AP reg 0x01, 0x80011130)
T1924 000:843.123 - 0.199ms returns 0
T1924 000:843.139 JLINK_CORESIGHT_ReadAPDPReg(AP reg 0x03)
T1924 000:843.383   Value=0x4F0B0081
T1924 000:843.396 - 0.257ms returns 0
T1924 000:843.404 JLINK_CORESIGHT_WriteAPDPReg(AP reg 0x00, 0x80000002)
T1924 000:843.565 - 0.161ms returns 0
T1924 000:843.579 JLINK_CORESIGHT_WriteAPDPReg(AP reg 0x01, 0x80011140)
T1924 000:843.738 - 0.158ms returns 0
T1924 000:843.748 JLINK_CORESIGHT_ReadAPDPReg(AP reg 0x03)
T1924 000:843.999   Value=0x00000000
T1924 000:844.007 - 0.259ms returns 0
T1924 000:844.015 JLINK_CORESIGHT_WriteAPDPReg(AP reg 0x00, 0x80000002)
T1924 000:844.172 - 0.157ms returns 0
T1924 000:844.183 JLINK_CORESIGHT_WriteAPDPReg(AP reg 0x01, 0x80011130)
T1924 000:844.349 - 0.165ms returns 0
T1924 000:844.361 JLINK_CORESIGHT_ReadAPDPReg(AP reg 0x03)
T1924 000:844.597   Value=0x20001400
T1924 000:844.607 - 0.246ms returns 0
T1924 000:844.616 JLINK_CORESIGHT_WriteAPDPReg(AP reg 0x00, 0x80000002)
T1924 000:844.771 - 0.155ms returns 0
T1924 000:844.779 JLINK_CORESIGHT_WriteAPDPReg(AP reg 0x01, 0x80011140)
T1924 000:845.036 - 0.256ms returns 0
T1924 000:845.048 JLINK_CORESIGHT_ReadAPDPReg(AP reg 0x03)
T1924 000:845.247   Value=0x00000000
T1924 000:845.259 - 0.210ms returns 0
T1924 000:845.268 JLINK_CORESIGHT_WriteAPDPReg(AP reg 0x00, 0x80000002)
T1924 000:845.455 - 0.187ms returns 0
T1924 000:845.478 JLINK_CORESIGHT_WriteAPDPReg(AP reg 0x01, 0x80011130)
T1924 000:845.647 - 0.169ms returns 0
T1924 000:845.657 JLINK_CORESIGHT_ReadAPDPReg(AP reg 0x03)
T1924 000:845.870   Value=0x0B000000
T1924 000:845.881 - 0.224ms returns 0
T1924 000:845.889 JLINK_CORESIGHT_WriteAPDPReg(AP reg 0x00, 0x80000002)
T1924 000:846.125 - 0.235ms returns 0
T1924 000:846.150 JLINK_CORESIGHT_WriteAPDPReg(AP reg 0x01, 0x80011140)
T1924 000:846.320 - 0.170ms returns 0
T1924 000:846.332 JLINK_CORESIGHT_ReadAPDPReg(AP reg 0x03)
T1924 000:846.546   Value=0x00000000
T1924 000:846.555 - 0.222ms returns 0
T1924 000:846.563 JLINK_CORESIGHT_WriteAPDPReg(AP reg 0x00, 0x80000002)
T1924 000:846.721 - 0.159ms returns 0
T1924 000:846.729 JLINK_CORESIGHT_WriteAPDPReg(AP reg 0x01, 0x80011130)
T1924 000:846.896 - 0.167ms returns 0
T1924 000:846.904 JLINK_CORESIGHT_ReadAPDPReg(AP reg 0x03)
T1924 000:847.171   Value=0x03571000
T1924 000:847.182 - 0.278ms returns 0
T1924 000:847.288 JLINK_CORESIGHT_ReadAPDPReg(DP reg 0x01)
T1924 000:847.455   Value=0xF0000F40
T1924 000:847.467 - 0.179ms returns 0
T1924 000:847.474 JLINK_CORESIGHT_WriteAPDPReg(DP reg 0x01, 0xA0000F40)
T1924 000:847.672 - 0.197ms returns 0
T1924 000:847.681 JLINK_CORESIGHT_ReadAPDPReg(DP reg 0x01)
T1924 000:847.846   Value=0x00000F40
T1924 000:847.855 - 0.174ms returns 0
T1924 000:847.862 JLINK_ClrRESET()
T1924 000:848.193 - 0.330ms 
T1924 000:952.421 JLINK_Close()
T1924 000:955.934 - 3.512ms
T1924 000:955.976   
T1924 000:955.988   Closed
