T5CE8 000:000.858   SEGGER J-Link V8.12c Log File
T5CE8 000:000.968   DLL Compiled: Jan 22 2025 12:55:59
T5CE8 000:000.982   Logging started @ 2025-03-19 12:48
T5CE8 000:000.995   Process: C:\Users\a8456\.eclipse\com.renesas.platform_1309835749\DebugComp\RA\e2-server-gdb.exe
T5CE8 000:001.012 - 1.008ms 
T5CE8 000:001.031 JLINK_GetDLLVersion()
T5CE8 000:001.045 - 0.014ms returns 81203
T5CE8 000:002.473 JLINK_OpenEx(...)
T5CE8 000:007.702   Firmware: J-Link V9 compiled May  7 2021 16:26:12
T5CE8 000:008.207   Firmware: J-Link V9 compiled May  7 2021 16:26:12
T5CE8 000:008.324   Decompressing FW timestamp took 87 us
T5CE8 000:013.747   Hardware: V9.60
T5CE8 000:013.807   S/N: 69660718
T5CE8 000:013.826   OEM: SEGGER
T5CE8 000:013.946   Feature(s): RDI, GDB, FlashDL, FlashBP, JFlash
T5CE8 000:014.363   Bootloader: (FW returned invalid version)
T5CE8 000:014.976   TELNET listener socket opened on port 19021
T5CE8 000:015.120   WEBSRV WEBSRV_Init(): Starting webserver thread(s)
T5CE8 000:015.400   WEBSRV Webserver running on local port 19080
T5CE8 000:015.508   Looking for J-Link GUI Server exe at: C:\Users\a8456\.eclipse\com.renesas.platform_1309835749\DebugComp\RA\ARM\Segger_v8.12.3\JLinkGUIServer.exe
T5CE8 000:015.593   Looking for J-Link GUI Server exe at: C:\Program Files\SEGGER\JLink_V818\JLinkGUIServer.exe
T5CE8 000:015.620   Forking J-Link GUI Server: C:\Program Files\SEGGER\JLink_V818\JLinkGUIServer.exe
T5CE8 000:036.370   J-Link GUI Server info: "J-Link GUI server V8.18 "
T5CE8 000:039.750 - 37.272ms returns "O.K."
T5CE8 000:039.829 JLINK_TIF_Select(JLINKARM_TIF_SWD)
T5CE8 000:040.266 - 0.436ms returns 0x00
T5CE8 000:040.287 JLINK_ClrRESET()
T5CE8 000:040.653 - 0.365ms 
T5CE8 000:091.098 JLINK_SetSpeed(1500)
T5CE8 000:091.208 - 0.115ms 
T5CE8 000:091.232 JLINK_CORESIGHT_Configure(PerformTIFInit=0)
T5CE8 000:091.601 - 0.372ms returns 0
T5CE8 000:091.613 JLINK_CORESIGHT_ReadAPDPReg(DP reg 0x00)
T5CE8 000:091.964   Value=0x6BA02477
T5CE8 000:091.975 - 0.363ms returns 0
T5CE8 000:091.983 JLINK_CORESIGHT_WriteAPDPReg(DP reg 0x00, 0x0000001F)
T5CE8 000:092.149 - 0.166ms returns 0
T5CE8 000:092.181 JLINK_CORESIGHT_ReadAPDPReg(DP reg 0x00)
T5CE8 000:092.411   Value=0x6BA02477
T5CE8 000:092.442 - 0.260ms returns 0
T5CE8 000:092.458 JLINK_CORESIGHT_WriteAPDPReg(DP reg 0x02, 0x00000000)
T5CE8 000:092.652 - 0.192ms returns 0
T5CE8 000:092.692 JLINK_CORESIGHT_WriteAPDPReg(DP reg 0x01, 0x50000000)
T5CE8 000:092.999 - 0.307ms returns 0
T5CE8 000:093.166 JLINK_CORESIGHT_ReadAPDPReg(DP reg 0x01)
T5CE8 000:093.528   Value=0xD0000040
T5CE8 000:093.566 - 0.401ms returns 0
T5CE8 000:093.598 JLINK_CORESIGHT_ReadAPDPReg(DP reg 0x01)
T5CE8 000:094.139   Value=0xD0000040
T5CE8 000:094.155 - 0.558ms returns 0
T5CE8 000:094.164 JLINK_CORESIGHT_ReadAPDPReg(DP reg 0x01)
T5CE8 000:094.327   Value=0xD0000040
T5CE8 000:094.336 - 0.172ms returns 0
T5CE8 000:094.343 JLINK_CORESIGHT_ReadAPDPReg(DP reg 0x01)
T5CE8 000:094.510   Value=0xD0000040
T5CE8 000:094.526 - 0.183ms returns 0
T5CE8 000:094.535 JLINK_CORESIGHT_ReadAPDPReg(DP reg 0x01)
T5CE8 000:094.711   Value=0xD0000040
T5CE8 000:094.719 - 0.183ms returns 0
T5CE8 000:094.726 JLINK_CORESIGHT_ReadAPDPReg(DP reg 0x01)
T5CE8 000:094.881   Value=0xF0000040
T5CE8 000:094.889 - 0.163ms returns 0
T5CE8 000:094.896 JLINK_CORESIGHT_WriteAPDPReg(DP reg 0x00, 0x0000001F)
T5CE8 000:095.053 - 0.157ms returns 0
T5CE8 000:095.061 JLINK_CORESIGHT_ReadAPDPReg(DP reg 0x00)
T5CE8 000:095.225   Value=0x6BA02477
T5CE8 000:095.234 - 0.174ms returns 0
T5CE8 000:095.242 JLINK_CORESIGHT_WriteAPDPReg(DP reg 0x01, 0x54000000)
T5CE8 000:095.403 - 0.161ms returns 0
T5CE8 000:095.410 JLINK_CORESIGHT_WriteAPDPReg(DP reg 0x01, 0x50000F00)
T5CE8 000:095.575 - 0.164ms returns 0
T5CE8 000:095.582 JLINK_CORESIGHT_WriteAPDPReg(DP reg 0x02, 0x01000000)
T5CE8 000:095.747 - 0.164ms returns 0
T5CE8 000:095.754 JLINK_CORESIGHT_WriteAPDPReg(AP reg 0x00, 0x80000002)
T5CE8 000:095.974 - 0.219ms returns 0
T5CE8 000:095.981 JLINK_CORESIGHT_WriteAPDPReg(AP reg 0x01, 0x80011100)
T5CE8 000:096.185 - 0.203ms returns 0
T5CE8 000:096.199 JLINK_CORESIGHT_WriteAPDPReg(AP reg 0x03, 0x000000A5)
T5CE8 000:096.383 - 0.184ms returns 0
T5CE8 000:096.391 JLINK_CORESIGHT_WriteAPDPReg(AP reg 0x00, 0x80000002)
T5CE8 000:096.555 - 0.164ms returns 0
T5CE8 000:096.563 JLINK_CORESIGHT_WriteAPDPReg(AP reg 0x01, 0x80011100)
T5CE8 000:096.710 - 0.148ms returns 0
T5CE8 000:096.717 JLINK_CORESIGHT_ReadAPDPReg(AP reg 0x03)
T5CE8 000:096.936   Value=0x000000A5
T5CE8 000:096.944 - 0.226ms returns 0
T5CE8 000:096.951 JLINK_ClrTMS()
T5CE8 000:096.999 - 0.048ms 
T5CE8 000:102.045 JLINK_SetTCK()
T5CE8 000:102.107 - 0.062ms returns 0
T5CE8 000:108.026 JLINK_SetRESET()
T5CE8 000:108.091 - 0.065ms 
T5CE8 000:308.842 JLINK_CORESIGHT_WriteAPDPReg(AP reg 0x00, 0x80000002)
T5CE8 000:309.499 - 0.656ms returns 0
T5CE8 000:309.535 JLINK_CORESIGHT_WriteAPDPReg(AP reg 0x01, 0x80011100)
T5CE8 000:309.802 - 0.267ms returns 0
T5CE8 000:309.829 JLINK_CORESIGHT_ReadAPDPReg(AP reg 0x03)
T5CE8 000:310.118   Value=0x00000000
T5CE8 000:310.145 - 0.315ms returns 0
T5CE8 000:310.160 JLINK_CORESIGHT_WriteAPDPReg(AP reg 0x00, 0x80000002)
T5CE8 000:310.372 - 0.212ms returns 0
T5CE8 000:310.402 JLINK_CORESIGHT_WriteAPDPReg(AP reg 0x01, 0x80011140)
T5CE8 000:310.631 - 0.229ms returns 0
T5CE8 000:310.657 JLINK_CORESIGHT_ReadAPDPReg(AP reg 0x03)
T5CE8 000:310.893   Value=0x00000002
T5CE8 000:310.923 - 0.265ms returns 0
T5CE8 000:310.938 JLINK_CORESIGHT_WriteAPDPReg(AP reg 0x00, 0x80000002)
T5CE8 000:311.159 - 0.220ms returns 0
T5CE8 000:311.185 JLINK_CORESIGHT_WriteAPDPReg(AP reg 0x01, 0x80011120)
T5CE8 000:311.393 - 0.208ms returns 0
T5CE8 000:311.419 JLINK_CORESIGHT_WriteAPDPReg(AP reg 0x03, 0x00000055)
T5CE8 000:311.617 - 0.197ms returns 0
T5CE8 000:311.643 JLINK_CORESIGHT_WriteAPDPReg(AP reg 0x00, 0x80000002)
T5CE8 000:311.843 - 0.199ms returns 0
T5CE8 000:311.866 JLINK_CORESIGHT_WriteAPDPReg(AP reg 0x01, 0x80011140)
T5CE8 000:312.068 - 0.202ms returns 0
T5CE8 000:312.089 JLINK_CORESIGHT_ReadAPDPReg(AP reg 0x03)
T5CE8 000:312.302   Value=0x00000000
T5CE8 000:312.320 - 0.231ms returns 0
T5CE8 000:312.329 JLINK_CORESIGHT_WriteAPDPReg(AP reg 0x00, 0x80000002)
T5CE8 000:312.489 - 0.159ms returns 0
T5CE8 000:312.505 JLINK_CORESIGHT_WriteAPDPReg(AP reg 0x01, 0x80011130)
T5CE8 000:312.675 - 0.170ms returns 0
T5CE8 000:312.688 JLINK_CORESIGHT_ReadAPDPReg(AP reg 0x03)
T5CE8 000:312.893   Value=0x000000C6
T5CE8 000:312.938 - 0.249ms returns 0
T5CE8 000:312.957 JLINK_CORESIGHT_WriteAPDPReg(AP reg 0x00, 0x80000002)
T5CE8 000:313.113 - 0.156ms returns 0
T5CE8 000:313.125 JLINK_CORESIGHT_WriteAPDPReg(AP reg 0x01, 0x80011140)
T5CE8 000:313.293 - 0.168ms returns 0
T5CE8 000:313.306 JLINK_CORESIGHT_ReadAPDPReg(AP reg 0x03)
T5CE8 000:313.513   Value=0x00000002
T5CE8 000:313.524 - 0.218ms returns 0
T5CE8 000:313.532 JLINK_CORESIGHT_WriteAPDPReg(AP reg 0x00, 0x80000002)
T5CE8 000:313.687 - 0.154ms returns 0
T5CE8 000:313.694 JLINK_CORESIGHT_WriteAPDPReg(AP reg 0x01, 0x80011120)
T5CE8 000:313.895 - 0.200ms returns 0
T5CE8 000:313.912 JLINK_CORESIGHT_WriteAPDPReg(AP reg 0x03, 0x3A010001)
T5CE8 000:314.092 - 0.180ms returns 0
T5CE8 000:314.104 JLINK_CORESIGHT_WriteAPDPReg(AP reg 0x00, 0x80000002)
T5CE8 000:314.263 - 0.159ms returns 0
T5CE8 000:314.272 JLINK_CORESIGHT_WriteAPDPReg(AP reg 0x01, 0x80011140)
T5CE8 000:314.437 - 0.164ms returns 0
T5CE8 000:314.444 JLINK_CORESIGHT_ReadAPDPReg(AP reg 0x03)
T5CE8 000:314.637   Value=0x00000002
T5CE8 000:314.647 - 0.203ms returns 0
T5CE8 000:314.655 JLINK_CORESIGHT_WriteAPDPReg(AP reg 0x00, 0x80000002)
T5CE8 000:314.838 - 0.183ms returns 0
T5CE8 000:314.846 JLINK_CORESIGHT_WriteAPDPReg(AP reg 0x01, 0x80011120)
T5CE8 000:315.012 - 0.165ms returns 0
T5CE8 000:315.019 JLINK_CORESIGHT_WriteAPDPReg(AP reg 0x03, 0x000003C5)
T5CE8 000:315.187 - 0.168ms returns 0
T5CE8 000:315.194 JLINK_CORESIGHT_WriteAPDPReg(AP reg 0x00, 0x80000002)
T5CE8 000:315.361 - 0.167ms returns 0
T5CE8 000:315.369 JLINK_CORESIGHT_WriteAPDPReg(AP reg 0x01, 0x80011140)
T5CE8 000:315.512 - 0.143ms returns 0
T5CE8 000:315.549 JLINK_CORESIGHT_ReadAPDPReg(AP reg 0x03)
T5CE8 000:315.761   Value=0x00000002
T5CE8 000:315.769 - 0.219ms returns 0
T5CE8 000:315.776 JLINK_CORESIGHT_ReadAPDPReg(AP reg 0x03)
T5CE8 000:315.988   Value=0x00000002
T5CE8 000:315.996 - 0.220ms returns 0
T5CE8 000:316.003 JLINK_CORESIGHT_ReadAPDPReg(AP reg 0x03)
T5CE8 000:316.187   Value=0x00000002
T5CE8 000:316.195 - 0.192ms returns 0
T5CE8 000:316.206 JLINK_CORESIGHT_ReadAPDPReg(AP reg 0x03)
T5CE8 000:316.387   Value=0x00000002
T5CE8 000:316.395 - 0.188ms returns 0
T5CE8 000:316.402 JLINK_CORESIGHT_ReadAPDPReg(AP reg 0x03)
T5CE8 000:316.605   Value=0x00000000
T5CE8 000:316.623 - 0.220ms returns 0
T5CE8 000:316.631 JLINK_CORESIGHT_WriteAPDPReg(AP reg 0x00, 0x80000002)
T5CE8 000:316.838 - 0.207ms returns 0
T5CE8 000:316.845 JLINK_CORESIGHT_WriteAPDPReg(AP reg 0x01, 0x80011130)
T5CE8 000:316.987 - 0.142ms returns 0
T5CE8 000:316.996 JLINK_CORESIGHT_ReadAPDPReg(AP reg 0x03)
T5CE8 000:317.211   Value=0x3A2A0081
T5CE8 000:317.220 - 0.223ms returns 0
T5CE8 000:317.227 JLINK_CORESIGHT_WriteAPDPReg(AP reg 0x00, 0x80000002)
T5CE8 000:317.368 - 0.141ms returns 0
T5CE8 000:317.375 JLINK_CORESIGHT_WriteAPDPReg(AP reg 0x01, 0x80011140)
T5CE8 000:317.540 - 0.165ms returns 0
T5CE8 000:317.547 JLINK_CORESIGHT_ReadAPDPReg(AP reg 0x03)
T5CE8 000:317.736   Value=0x00000000
T5CE8 000:317.745 - 0.198ms returns 0
T5CE8 000:317.753 JLINK_CORESIGHT_WriteAPDPReg(AP reg 0x00, 0x80000002)
T5CE8 000:317.969 - 0.215ms returns 0
T5CE8 000:317.994 JLINK_CORESIGHT_WriteAPDPReg(AP reg 0x01, 0x80011130)
T5CE8 000:318.172 - 0.178ms returns 0
T5CE8 000:318.190 JLINK_CORESIGHT_ReadAPDPReg(AP reg 0x03)
T5CE8 000:318.438   Value=0x80841E00
T5CE8 000:318.449 - 0.259ms returns 0
T5CE8 000:318.456 JLINK_CORESIGHT_WriteAPDPReg(AP reg 0x00, 0x80000002)
T5CE8 000:318.613 - 0.156ms returns 0
T5CE8 000:318.623 JLINK_CORESIGHT_WriteAPDPReg(AP reg 0x01, 0x80011140)
T5CE8 000:318.839 - 0.215ms returns 0
T5CE8 000:318.848 JLINK_CORESIGHT_ReadAPDPReg(AP reg 0x03)
T5CE8 000:319.063   Value=0x00000000
T5CE8 000:319.072 - 0.223ms returns 0
T5CE8 000:319.079 JLINK_CORESIGHT_WriteAPDPReg(AP reg 0x00, 0x80000002)
T5CE8 000:319.237 - 0.157ms returns 0
T5CE8 000:319.244 JLINK_CORESIGHT_WriteAPDPReg(AP reg 0x01, 0x80011130)
T5CE8 000:319.387 - 0.143ms returns 0
T5CE8 000:319.394 JLINK_CORESIGHT_ReadAPDPReg(AP reg 0x03)
T5CE8 000:319.673   Value=0x000D0803
T5CE8 000:319.706 - 0.312ms returns 0
T5CE8 000:319.715 JLINK_CORESIGHT_WriteAPDPReg(AP reg 0x00, 0x80000002)
T5CE8 000:319.892 - 0.177ms returns 0
T5CE8 000:319.903 JLINK_CORESIGHT_WriteAPDPReg(AP reg 0x01, 0x80011140)
T5CE8 000:320.091 - 0.188ms returns 0
T5CE8 000:320.110 JLINK_CORESIGHT_ReadAPDPReg(AP reg 0x03)
T5CE8 000:320.341   Value=0x00000000
T5CE8 000:320.393 - 0.282ms returns 0
T5CE8 000:320.401 JLINK_CORESIGHT_WriteAPDPReg(AP reg 0x00, 0x80000002)
T5CE8 000:320.609 - 0.207ms returns 0
T5CE8 000:320.632 JLINK_CORESIGHT_WriteAPDPReg(AP reg 0x01, 0x80011130)
T5CE8 000:320.842 - 0.209ms returns 0
T5CE8 000:320.866 JLINK_CORESIGHT_ReadAPDPReg(AP reg 0x03)
T5CE8 000:321.090   Value=0x31574B02
T5CE8 000:321.121 - 0.254ms returns 0
T5CE8 000:321.133 JLINK_CORESIGHT_WriteAPDPReg(AP reg 0x00, 0x80000002)
T5CE8 000:321.313 - 0.179ms returns 0
T5CE8 000:321.320 JLINK_CORESIGHT_WriteAPDPReg(AP reg 0x01, 0x80011140)
T5CE8 000:321.487 - 0.166ms returns 0
T5CE8 000:321.494 JLINK_CORESIGHT_ReadAPDPReg(AP reg 0x03)
T5CE8 000:321.687   Value=0x00000000
T5CE8 000:321.695 - 0.201ms returns 0
T5CE8 000:321.703 JLINK_CORESIGHT_WriteAPDPReg(AP reg 0x00, 0x80000002)
T5CE8 000:321.865 - 0.162ms returns 0
T5CE8 000:321.874 JLINK_CORESIGHT_WriteAPDPReg(AP reg 0x01, 0x80011130)
T5CE8 000:322.038 - 0.164ms returns 0
T5CE8 000:322.052 JLINK_CORESIGHT_ReadAPDPReg(AP reg 0x03)
T5CE8 000:322.312   Value=0x333A7674
T5CE8 000:322.321 - 0.269ms returns 0
T5CE8 000:322.328 JLINK_CORESIGHT_WriteAPDPReg(AP reg 0x00, 0x80000002)
T5CE8 000:322.486 - 0.158ms returns 0
T5CE8 000:322.494 JLINK_CORESIGHT_WriteAPDPReg(AP reg 0x01, 0x80011140)
T5CE8 000:322.638 - 0.143ms returns 0
T5CE8 000:322.649 JLINK_CORESIGHT_ReadAPDPReg(AP reg 0x03)
T5CE8 000:322.883   Value=0x00000000
T5CE8 000:322.906 - 0.257ms returns 0
T5CE8 000:322.913 JLINK_CORESIGHT_WriteAPDPReg(AP reg 0x00, 0x80000002)
T5CE8 000:323.087 - 0.174ms returns 0
T5CE8 000:323.098 JLINK_CORESIGHT_WriteAPDPReg(AP reg 0x01, 0x80011130)
T5CE8 000:323.259 - 0.161ms returns 0
T5CE8 000:323.268 JLINK_CORESIGHT_ReadAPDPReg(AP reg 0x03)
T5CE8 000:323.487   Value=0x30383334
T5CE8 000:323.496 - 0.227ms returns 0
T5CE8 000:323.503 JLINK_CORESIGHT_WriteAPDPReg(AP reg 0x00, 0x80000002)
T5CE8 000:323.660 - 0.157ms returns 0
T5CE8 000:323.669 JLINK_CORESIGHT_WriteAPDPReg(AP reg 0x01, 0x80011140)
T5CE8 000:323.838 - 0.168ms returns 0
T5CE8 000:323.845 JLINK_CORESIGHT_ReadAPDPReg(AP reg 0x03)
T5CE8 000:324.062   Value=0x00000000
T5CE8 000:324.070 - 0.225ms returns 0
T5CE8 000:324.077 JLINK_CORESIGHT_WriteAPDPReg(AP reg 0x00, 0x80000002)
T5CE8 000:324.237 - 0.159ms returns 0
T5CE8 000:324.244 JLINK_CORESIGHT_WriteAPDPReg(AP reg 0x01, 0x80011130)
T5CE8 000:324.387 - 0.143ms returns 0
T5CE8 000:324.394 JLINK_CORESIGHT_ReadAPDPReg(AP reg 0x03)
T5CE8 000:324.588   Value=0x11103130
T5CE8 000:324.598 - 0.203ms returns 0
T5CE8 000:324.606 JLINK_CORESIGHT_WriteAPDPReg(AP reg 0x00, 0x80000002)
T5CE8 000:324.761 - 0.155ms returns 0
T5CE8 000:324.769 JLINK_CORESIGHT_WriteAPDPReg(AP reg 0x01, 0x80011140)
T5CE8 000:324.966 - 0.196ms returns 0
T5CE8 000:324.990 JLINK_CORESIGHT_ReadAPDPReg(AP reg 0x03)
T5CE8 000:325.217   Value=0x00000000
T5CE8 000:325.266 - 0.275ms returns 0
T5CE8 000:325.285 JLINK_CORESIGHT_WriteAPDPReg(AP reg 0x00, 0x80000002)
T5CE8 000:325.515 - 0.229ms returns 0
T5CE8 000:325.539 JLINK_CORESIGHT_WriteAPDPReg(AP reg 0x01, 0x80011130)
T5CE8 000:325.843 - 0.303ms returns 0
T5CE8 000:325.869 JLINK_CORESIGHT_ReadAPDPReg(AP reg 0x03)
T5CE8 000:326.139   Value=0x4637520E
T5CE8 000:326.165 - 0.296ms returns 0
T5CE8 000:326.227 JLINK_CORESIGHT_WriteAPDPReg(AP reg 0x00, 0x80000002)
T5CE8 000:326.458 - 0.231ms returns 0
T5CE8 000:326.479 JLINK_CORESIGHT_WriteAPDPReg(AP reg 0x01, 0x80011140)
T5CE8 000:326.698 - 0.218ms returns 0
T5CE8 000:326.724 JLINK_CORESIGHT_ReadAPDPReg(AP reg 0x03)
T5CE8 000:327.040   Value=0x00000000
T5CE8 000:327.067 - 0.342ms returns 0
T5CE8 000:327.082 JLINK_CORESIGHT_WriteAPDPReg(AP reg 0x00, 0x80000002)
T5CE8 000:327.328 - 0.246ms returns 0
T5CE8 000:327.355 JLINK_CORESIGHT_WriteAPDPReg(AP reg 0x01, 0x80011130)
T5CE8 000:327.701 - 0.346ms returns 0
T5CE8 000:327.727 JLINK_CORESIGHT_ReadAPDPReg(AP reg 0x03)
T5CE8 000:328.038   Value=0x314C3441
T5CE8 000:328.066 - 0.339ms returns 0
T5CE8 000:328.080 JLINK_CORESIGHT_WriteAPDPReg(AP reg 0x00, 0x80000002)
T5CE8 000:328.270 - 0.190ms returns 0
T5CE8 000:328.288 JLINK_CORESIGHT_WriteAPDPReg(AP reg 0x01, 0x80011140)
T5CE8 000:328.463 - 0.175ms returns 0
T5CE8 000:328.480 JLINK_CORESIGHT_ReadAPDPReg(AP reg 0x03)
T5CE8 000:328.682   Value=0x00000000
T5CE8 000:328.692 - 0.211ms returns 0
T5CE8 000:328.699 JLINK_CORESIGHT_WriteAPDPReg(AP reg 0x00, 0x80000002)
T5CE8 000:328.882 - 0.183ms returns 0
T5CE8 000:328.891 JLINK_CORESIGHT_WriteAPDPReg(AP reg 0x01, 0x80011130)
T5CE8 000:329.057 - 0.165ms returns 0
T5CE8 000:329.080 JLINK_CORESIGHT_ReadAPDPReg(AP reg 0x03)
T5CE8 000:329.333   Value=0x43344442
T5CE8 000:329.359 - 0.279ms returns 0
T5CE8 000:329.378 JLINK_CORESIGHT_WriteAPDPReg(AP reg 0x00, 0x80000002)
T5CE8 000:329.545 - 0.166ms returns 0
T5CE8 000:329.554 JLINK_CORESIGHT_WriteAPDPReg(AP reg 0x01, 0x80011140)
T5CE8 000:329.711 - 0.157ms returns 0
T5CE8 000:329.719 JLINK_CORESIGHT_ReadAPDPReg(AP reg 0x03)
T5CE8 000:329.936   Value=0x00000000
T5CE8 000:329.944 - 0.225ms returns 0
T5CE8 000:329.951 JLINK_CORESIGHT_WriteAPDPReg(AP reg 0x00, 0x80000002)
T5CE8 000:330.115 - 0.164ms returns 0
T5CE8 000:330.122 JLINK_CORESIGHT_WriteAPDPReg(AP reg 0x01, 0x80011130)
T5CE8 000:330.287 - 0.165ms returns 0
T5CE8 000:330.294 JLINK_CORESIGHT_ReadAPDPReg(AP reg 0x03)
T5CE8 000:330.557   Value=0x20205046
T5CE8 000:330.570 - 0.275ms returns 0
T5CE8 000:330.577 JLINK_CORESIGHT_WriteAPDPReg(AP reg 0x00, 0x80000002)
T5CE8 000:330.740 - 0.163ms returns 0
T5CE8 000:330.748 JLINK_CORESIGHT_WriteAPDPReg(AP reg 0x01, 0x80011140)
T5CE8 000:330.990 - 0.242ms returns 0
T5CE8 000:331.001 JLINK_CORESIGHT_ReadAPDPReg(AP reg 0x03)
T5CE8 000:331.203   Value=0x00000000
T5CE8 000:331.213 - 0.211ms returns 0
T5CE8 000:331.220 JLINK_CORESIGHT_WriteAPDPReg(AP reg 0x00, 0x80000002)
T5CE8 000:331.383 - 0.163ms returns 0
T5CE8 000:331.391 JLINK_CORESIGHT_WriteAPDPReg(AP reg 0x01, 0x80011130)
T5CE8 000:331.556 - 0.164ms returns 0
T5CE8 000:331.564 JLINK_CORESIGHT_ReadAPDPReg(AP reg 0x03)
T5CE8 000:331.838   Value=0x00032320
T5CE8 000:331.846 - 0.282ms returns 0
T5CE8 000:331.938 JLINK_CORESIGHT_WriteAPDPReg(AP reg 0x00, 0x80000002)
T5CE8 000:332.134 - 0.197ms returns 0
T5CE8 000:332.144 JLINK_CORESIGHT_WriteAPDPReg(AP reg 0x01, 0x80011140)
T5CE8 000:332.306 - 0.161ms returns 0
T5CE8 000:332.313 JLINK_CORESIGHT_ReadAPDPReg(AP reg 0x03)
T5CE8 000:332.509   Value=0x00000002
T5CE8 000:332.517 - 0.203ms returns 0
T5CE8 000:332.540 JLINK_CORESIGHT_WriteAPDPReg(AP reg 0x00, 0x80000002)
T5CE8 000:332.737 - 0.198ms returns 0
T5CE8 000:332.746 JLINK_CORESIGHT_WriteAPDPReg(AP reg 0x01, 0x80011120)
T5CE8 000:332.952 - 0.206ms returns 0
T5CE8 000:332.961 JLINK_CORESIGHT_WriteAPDPReg(AP reg 0x03, 0x2C010001)
T5CE8 000:333.132 - 0.171ms returns 0
T5CE8 000:333.140 JLINK_CORESIGHT_WriteAPDPReg(AP reg 0x00, 0x80000002)
T5CE8 000:333.304 - 0.164ms returns 0
T5CE8 000:333.311 JLINK_CORESIGHT_WriteAPDPReg(AP reg 0x01, 0x80011140)
T5CE8 000:333.477 - 0.166ms returns 0
T5CE8 000:333.484 JLINK_CORESIGHT_ReadAPDPReg(AP reg 0x03)
T5CE8 000:333.677   Value=0x00000002
T5CE8 000:333.687 - 0.202ms returns 0
T5CE8 000:333.695 JLINK_CORESIGHT_WriteAPDPReg(AP reg 0x00, 0x80000002)
T5CE8 000:333.948 - 0.252ms returns 0
T5CE8 000:333.960 JLINK_CORESIGHT_WriteAPDPReg(AP reg 0x01, 0x80011120)
T5CE8 000:334.137 - 0.177ms returns 0
T5CE8 000:334.162 JLINK_CORESIGHT_WriteAPDPReg(AP reg 0x03, 0x000003D3)
T5CE8 000:334.354 - 0.192ms returns 0
T5CE8 000:334.379 JLINK_CORESIGHT_WriteAPDPReg(AP reg 0x00, 0x80000002)
T5CE8 000:334.566 - 0.186ms returns 0
T5CE8 000:334.588 JLINK_CORESIGHT_WriteAPDPReg(AP reg 0x01, 0x80011140)
T5CE8 000:334.762 - 0.173ms returns 0
T5CE8 000:334.777 JLINK_CORESIGHT_ReadAPDPReg(AP reg 0x03)
T5CE8 000:335.038   Value=0x00000002
T5CE8 000:335.063 - 0.286ms returns 0
T5CE8 000:335.078 JLINK_CORESIGHT_ReadAPDPReg(AP reg 0x03)
T5CE8 000:335.308   Value=0x00000002
T5CE8 000:335.321 - 0.244ms returns 0
T5CE8 000:335.330 JLINK_CORESIGHT_ReadAPDPReg(AP reg 0x03)
T5CE8 000:335.640   Value=0x00000002
T5CE8 000:335.667 - 0.337ms returns 0
T5CE8 000:335.698 JLINK_CORESIGHT_ReadAPDPReg(AP reg 0x03)
T5CE8 000:335.924   Value=0x00000002
T5CE8 000:335.971 - 0.272ms returns 0
T5CE8 000:335.987 JLINK_CORESIGHT_ReadAPDPReg(AP reg 0x03)
T5CE8 000:336.248   Value=0x00000002
T5CE8 000:336.276 - 0.289ms returns 0
T5CE8 000:336.302 JLINK_CORESIGHT_ReadAPDPReg(AP reg 0x03)
T5CE8 000:336.554   Value=0x00000002
T5CE8 000:336.581 - 0.279ms returns 0
T5CE8 000:336.601 JLINK_CORESIGHT_ReadAPDPReg(AP reg 0x03)
T5CE8 000:336.839   Value=0x00000002
T5CE8 000:336.848 - 0.246ms returns 0
T5CE8 000:336.855 JLINK_CORESIGHT_ReadAPDPReg(AP reg 0x03)
T5CE8 000:337.055   Value=0x00000002
T5CE8 000:337.063 - 0.208ms returns 0
T5CE8 000:337.070 JLINK_CORESIGHT_ReadAPDPReg(AP reg 0x03)
T5CE8 000:337.270   Value=0x00000000
T5CE8 000:337.278 - 0.208ms returns 0
T5CE8 000:337.285 JLINK_CORESIGHT_WriteAPDPReg(AP reg 0x00, 0x80000002)
T5CE8 000:337.446 - 0.160ms returns 0
T5CE8 000:337.453 JLINK_CORESIGHT_WriteAPDPReg(AP reg 0x01, 0x80011130)
T5CE8 000:337.618 - 0.165ms returns 0
T5CE8 000:337.627 JLINK_CORESIGHT_ReadAPDPReg(AP reg 0x03)
T5CE8 000:337.838   Value=0x2C020081
T5CE8 000:337.847 - 0.220ms returns 0
T5CE8 000:337.853 JLINK_CORESIGHT_WriteAPDPReg(AP reg 0x00, 0x80000002)
T5CE8 000:338.055 - 0.201ms returns 0
T5CE8 000:338.069 JLINK_CORESIGHT_WriteAPDPReg(AP reg 0x01, 0x80011140)
T5CE8 000:338.226 - 0.157ms returns 0
T5CE8 000:338.233 JLINK_CORESIGHT_ReadAPDPReg(AP reg 0x03)
T5CE8 000:338.427   Value=0x00000000
T5CE8 000:338.435 - 0.202ms returns 0
T5CE8 000:338.442 JLINK_CORESIGHT_WriteAPDPReg(AP reg 0x00, 0x80000002)
T5CE8 000:338.606 - 0.163ms returns 0
T5CE8 000:338.630 JLINK_CORESIGHT_WriteAPDPReg(AP reg 0x01, 0x80011130)
T5CE8 000:338.880 - 0.249ms returns 0
T5CE8 000:338.896 JLINK_CORESIGHT_ReadAPDPReg(AP reg 0x03)
T5CE8 000:339.107   Value=0x0003D002
T5CE8 000:339.132 - 0.235ms returns 0
T5CE8 000:339.152 JLINK_CORESIGHT_WriteAPDPReg(AP reg 0x00, 0x80000002)
T5CE8 000:339.330 - 0.177ms returns 0
T5CE8 000:339.343 JLINK_CORESIGHT_WriteAPDPReg(AP reg 0x01, 0x80011140)
T5CE8 000:339.509 - 0.166ms returns 0
T5CE8 000:339.518 JLINK_CORESIGHT_ReadAPDPReg(AP reg 0x03)
T5CE8 000:339.722   Value=0x00000002
T5CE8 000:339.731 - 0.212ms returns 0
T5CE8 000:339.738 JLINK_CORESIGHT_WriteAPDPReg(AP reg 0x00, 0x80000002)
T5CE8 000:339.974 - 0.236ms returns 0
T5CE8 000:339.981 JLINK_CORESIGHT_WriteAPDPReg(AP reg 0x01, 0x80011120)
T5CE8 000:340.141 - 0.159ms returns 0
T5CE8 000:340.148 JLINK_CORESIGHT_WriteAPDPReg(AP reg 0x03, 0x4F010001)
T5CE8 000:340.313 - 0.165ms returns 0
T5CE8 000:340.320 JLINK_CORESIGHT_WriteAPDPReg(AP reg 0x00, 0x80000002)
T5CE8 000:340.489 - 0.169ms returns 0
T5CE8 000:340.517 JLINK_CORESIGHT_WriteAPDPReg(AP reg 0x01, 0x80011140)
T5CE8 000:340.677 - 0.160ms returns 0
T5CE8 000:340.685 JLINK_CORESIGHT_ReadAPDPReg(AP reg 0x03)
T5CE8 000:340.903   Value=0x00000002
T5CE8 000:340.918 - 0.232ms returns 0
T5CE8 000:340.927 JLINK_CORESIGHT_WriteAPDPReg(AP reg 0x00, 0x80000002)
T5CE8 000:341.079 - 0.152ms returns 0
T5CE8 000:341.090 JLINK_CORESIGHT_WriteAPDPReg(AP reg 0x01, 0x80011120)
T5CE8 000:341.260 - 0.170ms returns 0
T5CE8 000:341.272 JLINK_CORESIGHT_WriteAPDPReg(AP reg 0x03, 0x000003B0)
T5CE8 000:341.431 - 0.159ms returns 0
T5CE8 000:341.438 JLINK_CORESIGHT_WriteAPDPReg(AP reg 0x00, 0x80000002)
T5CE8 000:341.587 - 0.148ms returns 0
T5CE8 000:341.594 JLINK_CORESIGHT_WriteAPDPReg(AP reg 0x01, 0x80011140)
T5CE8 000:341.768 - 0.174ms returns 0
T5CE8 000:341.792 JLINK_CORESIGHT_ReadAPDPReg(AP reg 0x03)
T5CE8 000:342.037   Value=0x00000000
T5CE8 000:342.056 - 0.264ms returns 0
T5CE8 000:342.070 JLINK_CORESIGHT_WriteAPDPReg(AP reg 0x00, 0x80000002)
T5CE8 000:342.259 - 0.188ms returns 0
T5CE8 000:342.273 JLINK_CORESIGHT_WriteAPDPReg(AP reg 0x01, 0x80011130)
T5CE8 000:342.436 - 0.163ms returns 0
T5CE8 000:342.450 JLINK_CORESIGHT_ReadAPDPReg(AP reg 0x03)
T5CE8 000:342.820   Value=0x4F0B0081
T5CE8 000:342.849 - 0.399ms returns 0
T5CE8 000:342.864 JLINK_CORESIGHT_WriteAPDPReg(AP reg 0x00, 0x80000002)
T5CE8 000:343.280 - 0.415ms returns 0
T5CE8 000:343.306 JLINK_CORESIGHT_WriteAPDPReg(AP reg 0x01, 0x80011140)
T5CE8 000:343.519 - 0.213ms returns 0
T5CE8 000:343.545 JLINK_CORESIGHT_ReadAPDPReg(AP reg 0x03)
T5CE8 000:343.842   Value=0x00000000
T5CE8 000:343.868 - 0.322ms returns 0
T5CE8 000:343.882 JLINK_CORESIGHT_WriteAPDPReg(AP reg 0x00, 0x80000002)
T5CE8 000:344.113 - 0.230ms returns 0
T5CE8 000:344.139 JLINK_CORESIGHT_WriteAPDPReg(AP reg 0x01, 0x80011130)
T5CE8 000:344.365 - 0.226ms returns 0
T5CE8 000:344.389 JLINK_CORESIGHT_ReadAPDPReg(AP reg 0x03)
T5CE8 000:344.751   Value=0x20001400
T5CE8 000:344.768 - 0.378ms returns 0
T5CE8 000:344.777 JLINK_CORESIGHT_WriteAPDPReg(AP reg 0x00, 0x80000002)
T5CE8 000:344.979 - 0.201ms returns 0
T5CE8 000:345.003 JLINK_CORESIGHT_WriteAPDPReg(AP reg 0x01, 0x80011140)
T5CE8 000:345.234 - 0.230ms returns 0
T5CE8 000:345.259 JLINK_CORESIGHT_ReadAPDPReg(AP reg 0x03)
T5CE8 000:345.492   Value=0x00000000
T5CE8 000:345.521 - 0.262ms returns 0
T5CE8 000:345.530 JLINK_CORESIGHT_WriteAPDPReg(AP reg 0x00, 0x80000002)
T5CE8 000:345.711 - 0.181ms returns 0
T5CE8 000:345.719 JLINK_CORESIGHT_WriteAPDPReg(AP reg 0x01, 0x80011130)
T5CE8 000:345.890 - 0.171ms returns 0
T5CE8 000:345.898 JLINK_CORESIGHT_ReadAPDPReg(AP reg 0x03)
T5CE8 000:346.112   Value=0x0B000000
T5CE8 000:346.123 - 0.225ms returns 0
T5CE8 000:346.130 JLINK_CORESIGHT_WriteAPDPReg(AP reg 0x00, 0x80000002)
T5CE8 000:346.289 - 0.159ms returns 0
T5CE8 000:346.308 JLINK_CORESIGHT_WriteAPDPReg(AP reg 0x01, 0x80011140)
T5CE8 000:346.504 - 0.196ms returns 0
T5CE8 000:346.529 JLINK_CORESIGHT_ReadAPDPReg(AP reg 0x03)
T5CE8 000:346.736   Value=0x00000000
T5CE8 000:346.745 - 0.216ms returns 0
T5CE8 000:346.753 JLINK_CORESIGHT_WriteAPDPReg(AP reg 0x00, 0x80000002)
T5CE8 000:346.966 - 0.213ms returns 0
T5CE8 000:346.987 JLINK_CORESIGHT_WriteAPDPReg(AP reg 0x01, 0x80011130)
T5CE8 000:347.182 - 0.194ms returns 0
T5CE8 000:347.210 JLINK_CORESIGHT_ReadAPDPReg(AP reg 0x03)
T5CE8 000:347.424   Value=0x03571000
T5CE8 000:347.434 - 0.224ms returns 0
T5CE8 000:347.520 JLINK_CORESIGHT_ReadAPDPReg(DP reg 0x01)
T5CE8 000:347.687   Value=0xF0000F40
T5CE8 000:347.695 - 0.176ms returns 0
T5CE8 000:347.702 JLINK_CORESIGHT_WriteAPDPReg(DP reg 0x01, 0xA0000F40)
T5CE8 000:347.890 - 0.188ms returns 0
T5CE8 000:347.898 JLINK_CORESIGHT_ReadAPDPReg(DP reg 0x01)
T5CE8 000:348.087   Value=0x00000F40
T5CE8 000:348.097 - 0.199ms returns 0
T5CE8 000:348.105 JLINK_ClrRESET()
T5CE8 000:348.466 - 0.358ms 
T5CE8 000:450.700 JLINK_Close()
T5CE8 000:454.155 - 3.454ms
T5CE8 000:454.173   
T5CE8 000:454.179   Closed
