T6544 000:000.566   SEGGER J-Link V8.12c Log File
T6544 000:000.666   DLL Compiled: Jan 22 2025 12:55:59
T6544 000:000.680   Logging started @ 2025-03-08 11:30
T6544 000:000.693   Process: C:\Users\a8456\.eclipse\com.renesas.platform_1309835749\DebugComp\RA\e2-server-gdb.exe
T6544 000:000.709 - 0.706ms 
T6544 000:000.728 JLINK_GetDLLVersion()
T6544 000:000.742 - 0.014ms returns 81203
T6544 000:003.251 JLINK_OpenEx(...)
T6544 000:009.259   Firmware: J-Link V9 compiled May  7 2021 16:26:12
T6544 000:009.807   Firmware: J-Link V9 compiled May  7 2021 16:26:12
T6544 000:009.938   Decompressing FW timestamp took 90 us
T6544 000:015.222   Hardware: V9.60
T6544 000:015.339   S/N: 69660718
T6544 000:015.367   OEM: SEGGER
T6544 000:015.521   Feature(s): RDI, GDB, FlashDL, FlashBP, JFlash
T6544 000:015.952   Bootloader: (FW returned invalid version)
T6544 000:016.514   TELNET listener socket opened on port 19021
T6544 000:016.626   WEBSRV WEBSRV_Init(): Starting webserver thread(s)
T6544 000:016.764   WEBSRV Webserver running on local port 19080
T6544 000:016.900   Looking for J-Link GUI Server exe at: C:\Users\a8456\.eclipse\com.renesas.platform_1309835749\DebugComp\RA\ARM\Segger_v8.12.3\JLinkGUIServer.exe
T6544 000:016.980   Looking for J-Link GUI Server exe at: C:\Program Files\SEGGER\JLink_V818\JLinkGUIServer.exe
T6544 000:017.005   Forking J-Link GUI Server: C:\Program Files\SEGGER\JLink_V818\JLinkGUIServer.exe
T6544 000:036.872   J-Link GUI Server info: "J-Link GUI server V8.18 "
T6544 000:040.053 - 36.792ms returns "O.K."
T6544 000:040.178 JLINK_TIF_Select(JLINKARM_TIF_SWD)
T6544 000:040.748 - 0.570ms returns 0x00
T6544 000:040.765 JLINK_ClrRESET()
T6544 000:040.930 - 0.164ms 
T6544 000:091.786 JLINK_SetSpeed(1500)
T6544 000:091.914 - 0.133ms 
T6544 000:091.934 JLINK_CORESIGHT_Configure(PerformTIFInit=0)
T6544 000:092.344 - 0.414ms returns 0
T6544 000:092.356 JLINK_CORESIGHT_ReadAPDPReg(DP reg 0x00)
T6544 000:092.779   Value=0x6BA02477
T6544 000:092.791 - 0.437ms returns 0
T6544 000:092.799 JLINK_CORESIGHT_WriteAPDPReg(DP reg 0x00, 0x0000001F)
T6544 000:093.036 - 0.237ms returns 0
T6544 000:093.046 JLINK_CORESIGHT_ReadAPDPReg(DP reg 0x00)
T6544 000:093.258   Value=0x6BA02477
T6544 000:093.267 - 0.220ms returns 0
T6544 000:093.274 JLINK_CORESIGHT_WriteAPDPReg(DP reg 0x02, 0x00000000)
T6544 000:093.454 - 0.180ms returns 0
T6544 000:093.461 JLINK_CORESIGHT_WriteAPDPReg(DP reg 0x01, 0x50000000)
T6544 000:093.620 - 0.159ms returns 0
T6544 000:093.631 JLINK_CORESIGHT_ReadAPDPReg(DP reg 0x01)
T6544 000:093.801   Value=0xD0000040
T6544 000:093.811 - 0.180ms returns 0
T6544 000:093.820 JLINK_CORESIGHT_ReadAPDPReg(DP reg 0x01)
T6544 000:093.974   Value=0xF0000040
T6544 000:093.985 - 0.165ms returns 0
T6544 000:093.993 JLINK_CORESIGHT_WriteAPDPReg(DP reg 0x00, 0x0000001F)
T6544 000:094.147 - 0.154ms returns 0
T6544 000:094.156 JLINK_CORESIGHT_ReadAPDPReg(DP reg 0x00)
T6544 000:094.323   Value=0x6BA02477
T6544 000:094.336 - 0.180ms returns 0
T6544 000:094.344 JLINK_CORESIGHT_WriteAPDPReg(DP reg 0x01, 0x54000000)
T6544 000:094.519 - 0.174ms returns 0
T6544 000:094.529 JLINK_CORESIGHT_WriteAPDPReg(DP reg 0x01, 0x50000F00)
T6544 000:094.714 - 0.185ms returns 0
T6544 000:094.725 JLINK_CORESIGHT_WriteAPDPReg(DP reg 0x02, 0x01000000)
T6544 000:094.889 - 0.164ms returns 0
T6544 000:094.898 JLINK_CORESIGHT_WriteAPDPReg(AP reg 0x00, 0x80000002)
T6544 000:095.059 - 0.162ms returns 0
T6544 000:095.067 JLINK_CORESIGHT_WriteAPDPReg(AP reg 0x01, 0x80011100)
T6544 000:095.299 - 0.232ms returns 0
T6544 000:095.307 JLINK_CORESIGHT_WriteAPDPReg(AP reg 0x03, 0x000000A5)
T6544 000:095.490 - 0.183ms returns 0
T6544 000:095.497 JLINK_CORESIGHT_WriteAPDPReg(AP reg 0x00, 0x80000002)
T6544 000:095.662 - 0.165ms returns 0
T6544 000:095.669 JLINK_CORESIGHT_WriteAPDPReg(AP reg 0x01, 0x80011100)
T6544 000:095.839 - 0.170ms returns 0
T6544 000:095.848 JLINK_CORESIGHT_ReadAPDPReg(AP reg 0x03)
T6544 000:096.059   Value=0x000000A5
T6544 000:096.069 - 0.221ms returns 0
T6544 000:096.077 JLINK_ClrTMS()
T6544 000:096.113 - 0.036ms 
T6544 000:101.785 JLINK_SetTCK()
T6544 000:101.860 - 0.074ms returns 0
T6544 000:107.773 JLINK_SetRESET()
T6544 000:107.835 - 0.061ms 
T6544 000:308.691 JLINK_CORESIGHT_WriteAPDPReg(AP reg 0x00, 0x80000002)
T6544 000:308.976 - 0.284ms returns 0
T6544 000:308.994 JLINK_CORESIGHT_WriteAPDPReg(AP reg 0x01, 0x80011100)
T6544 000:309.237 - 0.243ms returns 0
T6544 000:309.245 JLINK_CORESIGHT_ReadAPDPReg(AP reg 0x03)
T6544 000:309.536   Value=0x000000A5
T6544 000:309.544 - 0.299ms returns 0
T6544 000:309.556 JLINK_ClrRESET()
T6544 000:309.790 - 0.233ms 
T6544 000:360.693 JLINK_SetSpeed(1500)
T6544 000:360.820 - 0.126ms 
T6544 000:360.829 JLINK_CORESIGHT_Configure(PerformTIFInit=0)
T6544 000:361.212 - 0.383ms returns 0
T6544 000:361.220 JLINK_CORESIGHT_ReadAPDPReg(DP reg 0x00)
T6544 000:361.489   Value=0x6BA02477
T6544 000:361.499 - 0.279ms returns 0
T6544 000:361.507 JLINK_CORESIGHT_WriteAPDPReg(DP reg 0x00, 0x0000001F)
T6544 000:361.698 - 0.191ms returns 0
T6544 000:361.705 JLINK_CORESIGHT_ReadAPDPReg(DP reg 0x00)
T6544 000:361.904   Value=0x6BA02477
T6544 000:361.912 - 0.206ms returns 0
T6544 000:361.919 JLINK_CORESIGHT_WriteAPDPReg(DP reg 0x02, 0x00000000)
T6544 000:362.084 - 0.165ms returns 0
T6544 000:362.092 JLINK_CORESIGHT_WriteAPDPReg(DP reg 0x01, 0x50000000)
T6544 000:362.299 - 0.208ms returns 0
T6544 000:362.308 JLINK_CORESIGHT_ReadAPDPReg(DP reg 0x01)
T6544 000:362.465   Value=0xF0000040
T6544 000:362.474 - 0.166ms returns 0
T6544 000:362.480 JLINK_CORESIGHT_WriteAPDPReg(DP reg 0x00, 0x0000001F)
T6544 000:362.640 - 0.159ms returns 0
T6544 000:362.647 JLINK_CORESIGHT_ReadAPDPReg(DP reg 0x00)
T6544 000:362.839   Value=0x6BA02477
T6544 000:362.850 - 0.202ms returns 0
T6544 000:362.857 JLINK_CORESIGHT_WriteAPDPReg(DP reg 0x01, 0x54000000)
T6544 000:363.015 - 0.158ms returns 0
T6544 000:363.023 JLINK_CORESIGHT_WriteAPDPReg(DP reg 0x01, 0x50000F00)
T6544 000:363.310 - 0.286ms returns 0
T6544 000:363.353 JLINK_CORESIGHT_WriteAPDPReg(DP reg 0x02, 0x01000000)
T6544 000:363.580 - 0.227ms returns 0
T6544 000:363.600 JLINK_CORESIGHT_WriteAPDPReg(AP reg 0x00, 0x80000002)
T6544 000:363.869 - 0.269ms returns 0
T6544 000:363.895 JLINK_CORESIGHT_WriteAPDPReg(AP reg 0x01, 0x80011100)
T6544 000:364.099 - 0.203ms returns 0
T6544 000:364.153 JLINK_CORESIGHT_WriteAPDPReg(AP reg 0x03, 0x000000A5)
T6544 000:364.432 - 0.279ms returns 0
T6544 000:364.454 JLINK_CORESIGHT_WriteAPDPReg(AP reg 0x00, 0x80000002)
T6544 000:364.683 - 0.228ms returns 0
T6544 000:364.710 JLINK_CORESIGHT_WriteAPDPReg(AP reg 0x01, 0x80011100)
T6544 000:364.942 - 0.231ms returns 0
T6544 000:364.970 JLINK_CORESIGHT_ReadAPDPReg(AP reg 0x03)
T6544 000:365.202   Value=0x000000A5
T6544 000:365.225 - 0.255ms returns 0
T6544 000:365.239 JLINK_ClrTMS()
T6544 000:365.309 - 0.070ms 
T6544 000:370.687 JLINK_SetTCK()
T6544 000:370.747 - 0.060ms returns 0
T6544 000:376.685 JLINK_SetRESET()
T6544 000:376.755 - 0.069ms 
T6544 000:577.373 JLINK_CORESIGHT_WriteAPDPReg(AP reg 0x00, 0x80000002)
T6544 000:577.675 - 0.303ms returns 0
T6544 000:577.686 JLINK_CORESIGHT_WriteAPDPReg(AP reg 0x01, 0x80011100)
T6544 000:577.893 - 0.208ms returns 0
T6544 000:577.901 JLINK_CORESIGHT_ReadAPDPReg(AP reg 0x03)
T6544 000:578.173   Value=0x000000A5
T6544 000:578.182 - 0.280ms returns 0
T6544 000:578.286 JLINK_CORESIGHT_ReadAPDPReg(DP reg 0x01)
T6544 000:578.533   Value=0xF0000F40
T6544 000:578.545 - 0.259ms returns 0
T6544 000:578.552 JLINK_CORESIGHT_WriteAPDPReg(DP reg 0x01, 0xA0000F40)
T6544 000:578.756 - 0.203ms returns 0
T6544 000:578.765 JLINK_CORESIGHT_ReadAPDPReg(DP reg 0x01)
T6544 000:578.933   Value=0x00000F40
T6544 000:578.958 - 0.193ms returns 0
T6544 000:578.966 JLINK_ClrRESET()
T6544 000:579.107 - 0.141ms 
T6544 000:689.666 JLINK_Close()
T6544 000:702.161 - 12.494ms
T6544 000:702.192   
T6544 000:702.198   Closed
