T22B4 000:000.598   SEGGER J-Link V8.12c Log File
T22B4 000:000.708   DLL Compiled: Jan 22 2025 12:55:59
T22B4 000:000.722   Logging started @ 2025-03-14 06:51
T22B4 000:000.735   Process: C:\Users\a8456\.eclipse\com.renesas.platform_1309835749\DebugComp\RA\e2-server-gdb.exe
T22B4 000:000.752 - 0.748ms 
T22B4 000:000.771 JLINK_GetDLLVersion()
T22B4 000:000.785 - 0.013ms returns 81203
T22B4 000:002.627 JLINK_OpenEx(...)
T22B4 000:008.885   Firmware: J-Link V9 compiled May  7 2021 16:26:12
T22B4 000:009.470   Firmware: J-Link V9 compiled May  7 2021 16:26:12
T22B4 000:009.721   Decompressing FW timestamp took 169 us
T22B4 000:015.127   Hardware: V9.60
T22B4 000:015.163   S/N: 69660718
T22B4 000:015.182   OEM: SEGGER
T22B4 000:015.329   Feature(s): RDI, GDB, FlashDL, FlashBP, JFlash
T22B4 000:015.712   Bootloader: (FW returned invalid version)
T22B4 000:016.339   TELNET listener socket opened on port 19021
T22B4 000:016.444   WEBSRV WEBSRV_Init(): Starting webserver thread(s)
T22B4 000:016.570   WEBSRV Webserver running on local port 19080
T22B4 000:016.668   Looking for J-Link GUI Server exe at: C:\Users\a8456\.eclipse\com.renesas.platform_1309835749\DebugComp\RA\ARM\Segger_v8.12.3\JLinkGUIServer.exe
T22B4 000:016.742   Looking for J-Link GUI Server exe at: C:\Program Files\SEGGER\JLink_V818\JLinkGUIServer.exe
T22B4 000:016.767   Forking J-Link GUI Server: C:\Program Files\SEGGER\JLink_V818\JLinkGUIServer.exe
T22B4 000:036.527   J-Link GUI Server info: "J-Link GUI server V8.18 "
T22B4 000:038.802 - 36.167ms returns "O.K."
T22B4 000:038.899 JLINK_TIF_Select(JLINKARM_TIF_SWD)
T22B4 000:039.392 - 0.493ms returns 0x00
T22B4 000:039.413 JLINK_ClrRESET()
T22B4 000:039.777 - 0.364ms 
T22B4 000:090.076 JLINK_SetSpeed(1500)
T22B4 000:090.268 - 0.196ms 
T22B4 000:090.309 JLINK_CORESIGHT_Configure(PerformTIFInit=0)
T22B4 000:090.705 - 0.401ms returns 0
T22B4 000:090.739 JLINK_CORESIGHT_ReadAPDPReg(DP reg 0x00)
T22B4 000:091.181   Value=0x6BA02477
T22B4 000:091.199 - 0.463ms returns 0
T22B4 000:091.208 JLINK_CORESIGHT_WriteAPDPReg(DP reg 0x00, 0x0000001F)
T22B4 000:091.452 - 0.244ms returns 0
T22B4 000:091.460 JLINK_CORESIGHT_ReadAPDPReg(DP reg 0x00)
T22B4 000:091.633   Value=0x6BA02477
T22B4 000:091.666 - 0.205ms returns 0
T22B4 000:091.681 JLINK_CORESIGHT_WriteAPDPReg(DP reg 0x02, 0x00000000)
T22B4 000:091.904 - 0.223ms returns 0
T22B4 000:091.929 JLINK_CORESIGHT_WriteAPDPReg(DP reg 0x01, 0x50000000)
T22B4 000:092.158 - 0.228ms returns 0
T22B4 000:092.179 JLINK_CORESIGHT_ReadAPDPReg(DP reg 0x01)
T22B4 000:092.352   Value=0xD0000000
T22B4 000:092.360 - 0.181ms returns 0
T22B4 000:092.369 JLINK_CORESIGHT_ReadAPDPReg(DP reg 0x01)
T22B4 000:092.527   Value=0xD0000000
T22B4 000:092.535 - 0.166ms returns 0
T22B4 000:092.542 JLINK_CORESIGHT_ReadAPDPReg(DP reg 0x01)
T22B4 000:092.700   Value=0xD0000000
T22B4 000:092.708 - 0.166ms returns 0
T22B4 000:092.715 JLINK_CORESIGHT_ReadAPDPReg(DP reg 0x01)
T22B4 000:092.872   Value=0xD0000000
T22B4 000:092.880 - 0.165ms returns 0
T22B4 000:092.887 JLINK_CORESIGHT_ReadAPDPReg(DP reg 0x01)
T22B4 000:093.074   Value=0xD0000000
T22B4 000:093.105 - 0.217ms returns 0
T22B4 000:093.131 JLINK_CORESIGHT_ReadAPDPReg(DP reg 0x01)
T22B4 000:093.354   Value=0xD0000000
T22B4 000:093.375 - 0.244ms returns 0
T22B4 000:093.389 JLINK_CORESIGHT_ReadAPDPReg(DP reg 0x01)
T22B4 000:093.569   Value=0xD0000000
T22B4 000:093.589 - 0.200ms returns 0
T22B4 000:093.602 JLINK_CORESIGHT_ReadAPDPReg(DP reg 0x01)
T22B4 000:093.762   Value=0xF0000000
T22B4 000:093.779 - 0.176ms returns 0
T22B4 000:093.791 JLINK_CORESIGHT_WriteAPDPReg(DP reg 0x00, 0x0000001F)
T22B4 000:094.016 - 0.225ms returns 0
T22B4 000:094.041 JLINK_CORESIGHT_ReadAPDPReg(DP reg 0x00)
T22B4 000:094.222   Value=0x6BA02477
T22B4 000:094.249 - 0.208ms returns 0
T22B4 000:094.275 JLINK_CORESIGHT_WriteAPDPReg(DP reg 0x01, 0x54000000)
T22B4 000:094.435 - 0.160ms returns 0
T22B4 000:094.452 JLINK_CORESIGHT_WriteAPDPReg(DP reg 0x01, 0x50000F00)
T22B4 000:094.634 - 0.182ms returns 0
T22B4 000:094.641 JLINK_CORESIGHT_WriteAPDPReg(DP reg 0x02, 0x01000000)
T22B4 000:094.825 - 0.184ms returns 0
T22B4 000:094.835 JLINK_CORESIGHT_WriteAPDPReg(AP reg 0x00, 0x80000002)
T22B4 000:095.012 - 0.177ms returns 0
T22B4 000:095.028 JLINK_CORESIGHT_WriteAPDPReg(AP reg 0x01, 0x80011100)
T22B4 000:095.200 - 0.171ms returns 0
T22B4 000:095.212 JLINK_CORESIGHT_WriteAPDPReg(AP reg 0x03, 0x000000A5)
T22B4 000:095.388 - 0.176ms returns 0
T22B4 000:095.396 JLINK_CORESIGHT_WriteAPDPReg(AP reg 0x00, 0x80000002)
T22B4 000:095.542 - 0.146ms returns 0
T22B4 000:095.550 JLINK_CORESIGHT_WriteAPDPReg(AP reg 0x01, 0x80011100)
T22B4 000:095.718 - 0.168ms returns 0
T22B4 000:095.726 JLINK_CORESIGHT_ReadAPDPReg(AP reg 0x03)
T22B4 000:095.934   Value=0x000000A5
T22B4 000:095.945 - 0.219ms returns 0
T22B4 000:095.953 JLINK_ClrTMS()
T22B4 000:096.007 - 0.052ms 
T22B4 000:101.064 JLINK_SetTCK()
T22B4 000:101.125 - 0.060ms returns 0
T22B4 000:107.067 JLINK_SetRESET()
T22B4 000:107.199 - 0.130ms 
T22B4 000:308.271 JLINK_CORESIGHT_WriteAPDPReg(AP reg 0x00, 0x80000002)
T22B4 000:308.513 - 0.242ms returns 0
T22B4 000:308.526 JLINK_CORESIGHT_WriteAPDPReg(AP reg 0x01, 0x80011100)
T22B4 000:308.709 - 0.182ms returns 0
T22B4 000:308.719 JLINK_CORESIGHT_ReadAPDPReg(AP reg 0x03)
T22B4 000:308.936   Value=0x00000000
T22B4 000:308.946 - 0.227ms returns 0
T22B4 000:308.955 JLINK_CORESIGHT_WriteAPDPReg(AP reg 0x00, 0x80000002)
T22B4 000:309.142 - 0.187ms returns 0
T22B4 000:309.164 JLINK_CORESIGHT_WriteAPDPReg(AP reg 0x01, 0x80011140)
T22B4 000:309.888 - 0.723ms returns 0
T22B4 000:309.954 JLINK_CORESIGHT_ReadAPDPReg(AP reg 0x03)
T22B4 000:310.500   Value=0x00000002
T22B4 000:310.655 - 0.705ms returns 0
T22B4 000:310.673 JLINK_CORESIGHT_WriteAPDPReg(AP reg 0x00, 0x80000002)
T22B4 000:311.017 - 0.344ms returns 0
T22B4 000:311.056 JLINK_CORESIGHT_WriteAPDPReg(AP reg 0x01, 0x80011120)
T22B4 000:311.268 - 0.211ms returns 0
T22B4 000:311.348 JLINK_CORESIGHT_WriteAPDPReg(AP reg 0x03, 0x00000055)
T22B4 000:311.530 - 0.182ms returns 0
T22B4 000:311.549 JLINK_CORESIGHT_WriteAPDPReg(AP reg 0x00, 0x80000002)
T22B4 000:311.705 - 0.156ms returns 0
T22B4 000:311.714 JLINK_CORESIGHT_WriteAPDPReg(AP reg 0x01, 0x80011140)
T22B4 000:311.876 - 0.162ms returns 0
T22B4 000:311.885 JLINK_CORESIGHT_ReadAPDPReg(AP reg 0x03)
T22B4 000:312.100   Value=0x00000000
T22B4 000:312.116 - 0.230ms returns 0
T22B4 000:312.125 JLINK_CORESIGHT_WriteAPDPReg(AP reg 0x00, 0x80000002)
T22B4 000:312.308 - 0.183ms returns 0
T22B4 000:312.320 JLINK_CORESIGHT_WriteAPDPReg(AP reg 0x01, 0x80011130)
T22B4 000:312.510 - 0.189ms returns 0
T22B4 000:312.520 JLINK_CORESIGHT_ReadAPDPReg(AP reg 0x03)
T22B4 000:312.728   Value=0x000000C6
T22B4 000:312.737 - 0.217ms returns 0
T22B4 000:312.756 JLINK_CORESIGHT_WriteAPDPReg(AP reg 0x00, 0x80000002)
T22B4 000:312.909 - 0.153ms returns 0
T22B4 000:312.917 JLINK_CORESIGHT_WriteAPDPReg(AP reg 0x01, 0x80011140)
T22B4 000:313.138 - 0.221ms returns 0
T22B4 000:313.149 JLINK_CORESIGHT_ReadAPDPReg(AP reg 0x03)
T22B4 000:313.350   Value=0x00000002
T22B4 000:313.362 - 0.212ms returns 0
T22B4 000:313.370 JLINK_CORESIGHT_WriteAPDPReg(AP reg 0x00, 0x80000002)
T22B4 000:313.557 - 0.187ms returns 0
T22B4 000:313.567 JLINK_CORESIGHT_WriteAPDPReg(AP reg 0x01, 0x80011120)
T22B4 000:313.728 - 0.160ms returns 0
T22B4 000:313.735 JLINK_CORESIGHT_WriteAPDPReg(AP reg 0x03, 0x3A010001)
T22B4 000:314.024 - 0.288ms returns 0
T22B4 000:314.032 JLINK_CORESIGHT_WriteAPDPReg(AP reg 0x00, 0x80000002)
T22B4 000:314.222 - 0.189ms returns 0
T22B4 000:314.249 JLINK_CORESIGHT_WriteAPDPReg(AP reg 0x01, 0x80011140)
T22B4 000:314.441 - 0.192ms returns 0
T22B4 000:314.469 JLINK_CORESIGHT_ReadAPDPReg(AP reg 0x03)
T22B4 000:314.710   Value=0x00000002
T22B4 000:314.730 - 0.261ms returns 0
T22B4 000:314.739 JLINK_CORESIGHT_WriteAPDPReg(AP reg 0x00, 0x80000002)
T22B4 000:314.921 - 0.182ms returns 0
T22B4 000:314.928 JLINK_CORESIGHT_WriteAPDPReg(AP reg 0x01, 0x80011120)
T22B4 000:315.138 - 0.210ms returns 0
T22B4 000:315.154 JLINK_CORESIGHT_WriteAPDPReg(AP reg 0x03, 0x000003C5)
T22B4 000:315.361 - 0.207ms returns 0
T22B4 000:315.390 JLINK_CORESIGHT_WriteAPDPReg(AP reg 0x00, 0x80000002)
T22B4 000:315.558 - 0.168ms returns 0
T22B4 000:315.570 JLINK_CORESIGHT_WriteAPDPReg(AP reg 0x01, 0x80011140)
T22B4 000:315.729 - 0.159ms returns 0
T22B4 000:315.736 JLINK_CORESIGHT_ReadAPDPReg(AP reg 0x03)
T22B4 000:316.014   Value=0x00000002
T22B4 000:316.029 - 0.293ms returns 0
T22B4 000:316.038 JLINK_CORESIGHT_ReadAPDPReg(AP reg 0x03)
T22B4 000:316.238   Value=0x00000002
T22B4 000:316.250 - 0.212ms returns 0
T22B4 000:316.258 JLINK_CORESIGHT_ReadAPDPReg(AP reg 0x03)
T22B4 000:316.464   Value=0x00000002
T22B4 000:316.477 - 0.219ms returns 0
T22B4 000:316.485 JLINK_CORESIGHT_ReadAPDPReg(AP reg 0x03)
T22B4 000:316.686   Value=0x00000002
T22B4 000:316.701 - 0.216ms returns 0
T22B4 000:316.710 JLINK_CORESIGHT_ReadAPDPReg(AP reg 0x03)
T22B4 000:316.931   Value=0x00000002
T22B4 000:316.939 - 0.229ms returns 0
T22B4 000:316.946 JLINK_CORESIGHT_ReadAPDPReg(AP reg 0x03)
T22B4 000:317.184   Value=0x00000002
T22B4 000:317.201 - 0.254ms returns 0
T22B4 000:317.209 JLINK_CORESIGHT_ReadAPDPReg(AP reg 0x03)
T22B4 000:317.453   Value=0x00000000
T22B4 000:317.465 - 0.256ms returns 0
T22B4 000:317.473 JLINK_CORESIGHT_WriteAPDPReg(AP reg 0x00, 0x80000002)
T22B4 000:317.626 - 0.153ms returns 0
T22B4 000:317.633 JLINK_CORESIGHT_WriteAPDPReg(AP reg 0x01, 0x80011130)
T22B4 000:317.805 - 0.172ms returns 0
T22B4 000:317.812 JLINK_CORESIGHT_ReadAPDPReg(AP reg 0x03)
T22B4 000:318.010   Value=0x3A2A0081
T22B4 000:318.018 - 0.205ms returns 0
T22B4 000:318.025 JLINK_CORESIGHT_WriteAPDPReg(AP reg 0x00, 0x80000002)
T22B4 000:318.182 - 0.157ms returns 0
T22B4 000:318.195 JLINK_CORESIGHT_WriteAPDPReg(AP reg 0x01, 0x80011140)
T22B4 000:318.404 - 0.207ms returns 0
T22B4 000:318.432 JLINK_CORESIGHT_ReadAPDPReg(AP reg 0x03)
T22B4 000:318.655   Value=0x00000000
T22B4 000:318.664 - 0.231ms returns 0
T22B4 000:318.671 JLINK_CORESIGHT_WriteAPDPReg(AP reg 0x00, 0x80000002)
T22B4 000:318.825 - 0.154ms returns 0
T22B4 000:318.832 JLINK_CORESIGHT_WriteAPDPReg(AP reg 0x01, 0x80011130)
T22B4 000:319.009 - 0.177ms returns 0
T22B4 000:319.016 JLINK_CORESIGHT_ReadAPDPReg(AP reg 0x03)
T22B4 000:319.240   Value=0x80841E00
T22B4 000:319.252 - 0.235ms returns 0
T22B4 000:319.262 JLINK_CORESIGHT_WriteAPDPReg(AP reg 0x00, 0x80000002)
T22B4 000:319.430 - 0.168ms returns 0
T22B4 000:319.439 JLINK_CORESIGHT_WriteAPDPReg(AP reg 0x01, 0x80011140)
T22B4 000:319.601 - 0.162ms returns 0
T22B4 000:319.610 JLINK_CORESIGHT_ReadAPDPReg(AP reg 0x03)
T22B4 000:319.817   Value=0x00000000
T22B4 000:319.827 - 0.217ms returns 0
T22B4 000:319.835 JLINK_CORESIGHT_WriteAPDPReg(AP reg 0x00, 0x80000002)
T22B4 000:320.012 - 0.176ms returns 0
T22B4 000:320.020 JLINK_CORESIGHT_WriteAPDPReg(AP reg 0x01, 0x80011130)
T22B4 000:320.196 - 0.175ms returns 0
T22B4 000:320.207 JLINK_CORESIGHT_ReadAPDPReg(AP reg 0x03)
T22B4 000:320.453   Value=0x000D0803
T22B4 000:320.463 - 0.256ms returns 0
T22B4 000:320.472 JLINK_CORESIGHT_WriteAPDPReg(AP reg 0x00, 0x80000002)
T22B4 000:320.627 - 0.155ms returns 0
T22B4 000:320.635 JLINK_CORESIGHT_WriteAPDPReg(AP reg 0x01, 0x80011140)
T22B4 000:320.807 - 0.172ms returns 0
T22B4 000:320.816 JLINK_CORESIGHT_ReadAPDPReg(AP reg 0x03)
T22B4 000:321.010   Value=0x00000000
T22B4 000:321.018 - 0.202ms returns 0
T22B4 000:321.026 JLINK_CORESIGHT_WriteAPDPReg(AP reg 0x00, 0x80000002)
T22B4 000:321.185 - 0.159ms returns 0
T22B4 000:321.208 JLINK_CORESIGHT_WriteAPDPReg(AP reg 0x01, 0x80011130)
T22B4 000:321.399 - 0.191ms returns 0
T22B4 000:321.409 JLINK_CORESIGHT_ReadAPDPReg(AP reg 0x03)
T22B4 000:321.648   Value=0x31574B02
T22B4 000:321.657 - 0.247ms returns 0
T22B4 000:321.664 JLINK_CORESIGHT_WriteAPDPReg(AP reg 0x00, 0x80000002)
T22B4 000:321.816 - 0.152ms returns 0
T22B4 000:321.824 JLINK_CORESIGHT_WriteAPDPReg(AP reg 0x01, 0x80011140)
T22B4 000:322.010 - 0.185ms returns 0
T22B4 000:322.018 JLINK_CORESIGHT_ReadAPDPReg(AP reg 0x03)
T22B4 000:322.232   Value=0x00000000
T22B4 000:322.248 - 0.230ms returns 0
T22B4 000:322.256 JLINK_CORESIGHT_WriteAPDPReg(AP reg 0x00, 0x80000002)
T22B4 000:322.466 - 0.209ms returns 0
T22B4 000:322.483 JLINK_CORESIGHT_WriteAPDPReg(AP reg 0x01, 0x80011130)
T22B4 000:322.650 - 0.167ms returns 0
T22B4 000:322.663 JLINK_CORESIGHT_ReadAPDPReg(AP reg 0x03)
T22B4 000:322.869   Value=0x333A7674
T22B4 000:322.881 - 0.218ms returns 0
T22B4 000:322.890 JLINK_CORESIGHT_WriteAPDPReg(AP reg 0x00, 0x80000002)
T22B4 000:323.065 - 0.175ms returns 0
T22B4 000:323.074 JLINK_CORESIGHT_WriteAPDPReg(AP reg 0x01, 0x80011140)
T22B4 000:323.271 - 0.196ms returns 0
T22B4 000:323.284 JLINK_CORESIGHT_ReadAPDPReg(AP reg 0x03)
T22B4 000:323.510   Value=0x00000000
T22B4 000:323.521 - 0.237ms returns 0
T22B4 000:323.530 JLINK_CORESIGHT_WriteAPDPReg(AP reg 0x00, 0x80000002)
T22B4 000:323.681 - 0.150ms returns 0
T22B4 000:323.689 JLINK_CORESIGHT_WriteAPDPReg(AP reg 0x01, 0x80011130)
T22B4 000:323.853 - 0.163ms returns 0
T22B4 000:323.861 JLINK_CORESIGHT_ReadAPDPReg(AP reg 0x03)
T22B4 000:324.079   Value=0x30383334
T22B4 000:324.095 - 0.233ms returns 0
T22B4 000:324.104 JLINK_CORESIGHT_WriteAPDPReg(AP reg 0x00, 0x80000002)
T22B4 000:324.317 - 0.212ms returns 0
T22B4 000:324.340 JLINK_CORESIGHT_WriteAPDPReg(AP reg 0x01, 0x80011140)
T22B4 000:324.510 - 0.169ms returns 0
T22B4 000:324.524 JLINK_CORESIGHT_ReadAPDPReg(AP reg 0x03)
T22B4 000:324.764   Value=0x00000000
T22B4 000:324.782 - 0.258ms returns 0
T22B4 000:324.791 JLINK_CORESIGHT_WriteAPDPReg(AP reg 0x00, 0x80000002)
T22B4 000:325.017 - 0.225ms returns 0
T22B4 000:325.041 JLINK_CORESIGHT_WriteAPDPReg(AP reg 0x01, 0x80011130)
T22B4 000:325.209 - 0.168ms returns 0
T22B4 000:325.276 JLINK_CORESIGHT_ReadAPDPReg(AP reg 0x03)
T22B4 000:325.507   Value=0x11103130
T22B4 000:325.626 - 0.349ms returns 0
T22B4 000:325.734 JLINK_CORESIGHT_WriteAPDPReg(AP reg 0x00, 0x80000002)
T22B4 000:325.934 - 0.200ms returns 0
T22B4 000:325.962 JLINK_CORESIGHT_WriteAPDPReg(AP reg 0x01, 0x80011140)
T22B4 000:326.179 - 0.216ms returns 0
T22B4 000:326.208 JLINK_CORESIGHT_ReadAPDPReg(AP reg 0x03)
T22B4 000:326.513   Value=0x00000000
T22B4 000:326.561 - 0.353ms returns 0
T22B4 000:326.615 JLINK_CORESIGHT_WriteAPDPReg(AP reg 0x00, 0x80000002)
T22B4 000:326.858 - 0.242ms returns 0
T22B4 000:326.885 JLINK_CORESIGHT_WriteAPDPReg(AP reg 0x01, 0x80011130)
T22B4 000:327.119 - 0.234ms returns 0
T22B4 000:327.146 JLINK_CORESIGHT_ReadAPDPReg(AP reg 0x03)
T22B4 000:327.391   Value=0x4637520E
T22B4 000:327.422 - 0.275ms returns 0
T22B4 000:327.437 JLINK_CORESIGHT_WriteAPDPReg(AP reg 0x00, 0x80000002)
T22B4 000:327.616 - 0.179ms returns 0
T22B4 000:327.639 JLINK_CORESIGHT_WriteAPDPReg(AP reg 0x01, 0x80011140)
T22B4 000:327.796 - 0.157ms returns 0
T22B4 000:327.808 JLINK_CORESIGHT_ReadAPDPReg(AP reg 0x03)
T22B4 000:328.011   Value=0x00000000
T22B4 000:328.020 - 0.211ms returns 0
T22B4 000:328.027 JLINK_CORESIGHT_WriteAPDPReg(AP reg 0x00, 0x80000002)
T22B4 000:328.188 - 0.160ms returns 0
T22B4 000:328.211 JLINK_CORESIGHT_WriteAPDPReg(AP reg 0x01, 0x80011130)
T22B4 000:328.396 - 0.185ms returns 0
T22B4 000:328.413 JLINK_CORESIGHT_ReadAPDPReg(AP reg 0x03)
T22B4 000:328.632   Value=0x314C3441
T22B4 000:328.655 - 0.242ms returns 0
T22B4 000:328.669 JLINK_CORESIGHT_WriteAPDPReg(AP reg 0x00, 0x80000002)
T22B4 000:328.833 - 0.164ms returns 0
T22B4 000:328.846 JLINK_CORESIGHT_WriteAPDPReg(AP reg 0x01, 0x80011140)
T22B4 000:329.023 - 0.177ms returns 0
T22B4 000:329.050 JLINK_CORESIGHT_ReadAPDPReg(AP reg 0x03)
T22B4 000:329.252   Value=0x00000000
T22B4 000:329.282 - 0.231ms returns 0
T22B4 000:329.290 JLINK_CORESIGHT_WriteAPDPReg(AP reg 0x00, 0x80000002)
T22B4 000:329.470 - 0.179ms returns 0
T22B4 000:329.496 JLINK_CORESIGHT_WriteAPDPReg(AP reg 0x01, 0x80011130)
T22B4 000:329.661 - 0.164ms returns 0
T22B4 000:329.677 JLINK_CORESIGHT_ReadAPDPReg(AP reg 0x03)
T22B4 000:329.905   Value=0x43344442
T22B4 000:329.917 - 0.240ms returns 0
T22B4 000:329.925 JLINK_CORESIGHT_WriteAPDPReg(AP reg 0x00, 0x80000002)
T22B4 000:330.168 - 0.243ms returns 0
T22B4 000:330.288 JLINK_CORESIGHT_WriteAPDPReg(AP reg 0x01, 0x80011140)
T22B4 000:330.472 - 0.184ms returns 0
T22B4 000:330.496 JLINK_CORESIGHT_ReadAPDPReg(AP reg 0x03)
T22B4 000:330.718   Value=0x00000000
T22B4 000:330.765 - 0.268ms returns 0
T22B4 000:330.779 JLINK_CORESIGHT_WriteAPDPReg(AP reg 0x00, 0x80000002)
T22B4 000:331.015 - 0.235ms returns 0
T22B4 000:331.037 JLINK_CORESIGHT_WriteAPDPReg(AP reg 0x01, 0x80011130)
T22B4 000:331.252 - 0.214ms returns 0
T22B4 000:331.275 JLINK_CORESIGHT_ReadAPDPReg(AP reg 0x03)
T22B4 000:331.518   Value=0x20205046
T22B4 000:331.541 - 0.266ms returns 0
T22B4 000:331.554 JLINK_CORESIGHT_WriteAPDPReg(AP reg 0x00, 0x80000002)
T22B4 000:331.738 - 0.183ms returns 0
T22B4 000:331.752 JLINK_CORESIGHT_WriteAPDPReg(AP reg 0x01, 0x80011140)
T22B4 000:331.935 - 0.182ms returns 0
T22B4 000:331.959 JLINK_CORESIGHT_ReadAPDPReg(AP reg 0x03)
T22B4 000:332.187   Value=0x00000000
T22B4 000:332.208 - 0.248ms returns 0
T22B4 000:332.236 JLINK_CORESIGHT_WriteAPDPReg(AP reg 0x00, 0x80000002)
T22B4 000:332.420 - 0.184ms returns 0
T22B4 000:332.436 JLINK_CORESIGHT_WriteAPDPReg(AP reg 0x01, 0x80011130)
T22B4 000:332.614 - 0.177ms returns 0
T22B4 000:332.634 JLINK_CORESIGHT_ReadAPDPReg(AP reg 0x03)
T22B4 000:332.897   Value=0x00032320
T22B4 000:332.934 - 0.298ms returns 0
T22B4 000:333.060 JLINK_CORESIGHT_WriteAPDPReg(AP reg 0x00, 0x80000002)
T22B4 000:333.492 - 0.431ms returns 0
T22B4 000:333.524 JLINK_CORESIGHT_WriteAPDPReg(AP reg 0x01, 0x80011140)
T22B4 000:333.714 - 0.190ms returns 0
T22B4 000:333.743 JLINK_CORESIGHT_ReadAPDPReg(AP reg 0x03)
T22B4 000:334.016   Value=0x00000002
T22B4 000:334.056 - 0.312ms returns 0
T22B4 000:334.071 JLINK_CORESIGHT_WriteAPDPReg(AP reg 0x00, 0x80000002)
T22B4 000:334.265 - 0.193ms returns 0
T22B4 000:334.289 JLINK_CORESIGHT_WriteAPDPReg(AP reg 0x01, 0x80011120)
T22B4 000:334.464 - 0.174ms returns 0
T22B4 000:334.483 JLINK_CORESIGHT_WriteAPDPReg(AP reg 0x03, 0x2C010001)
T22B4 000:334.681 - 0.197ms returns 0
T22B4 000:334.702 JLINK_CORESIGHT_WriteAPDPReg(AP reg 0x00, 0x80000002)
T22B4 000:334.936 - 0.234ms returns 0
T22B4 000:334.959 JLINK_CORESIGHT_WriteAPDPReg(AP reg 0x01, 0x80011140)
T22B4 000:335.140 - 0.180ms returns 0
T22B4 000:335.157 JLINK_CORESIGHT_ReadAPDPReg(AP reg 0x03)
T22B4 000:335.395   Value=0x00000002
T22B4 000:335.423 - 0.265ms returns 0
T22B4 000:335.438 JLINK_CORESIGHT_WriteAPDPReg(AP reg 0x00, 0x80000002)
T22B4 000:335.643 - 0.205ms returns 0
T22B4 000:335.666 JLINK_CORESIGHT_WriteAPDPReg(AP reg 0x01, 0x80011120)
T22B4 000:335.846 - 0.180ms returns 0
T22B4 000:335.861 JLINK_CORESIGHT_WriteAPDPReg(AP reg 0x03, 0x000003D3)
T22B4 000:336.066 - 0.205ms returns 0
T22B4 000:336.081 JLINK_CORESIGHT_WriteAPDPReg(AP reg 0x00, 0x80000002)
T22B4 000:336.273 - 0.192ms returns 0
T22B4 000:336.284 JLINK_CORESIGHT_WriteAPDPReg(AP reg 0x01, 0x80011140)
T22B4 000:336.459 - 0.175ms returns 0
T22B4 000:336.467 JLINK_CORESIGHT_ReadAPDPReg(AP reg 0x03)
T22B4 000:336.709   Value=0x00000002
T22B4 000:336.725 - 0.257ms returns 0
T22B4 000:336.734 JLINK_CORESIGHT_ReadAPDPReg(AP reg 0x03)
T22B4 000:336.934   Value=0x00000002
T22B4 000:336.943 - 0.209ms returns 0
T22B4 000:336.951 JLINK_CORESIGHT_ReadAPDPReg(AP reg 0x03)
T22B4 000:337.168   Value=0x00000002
T22B4 000:337.180 - 0.229ms returns 0
T22B4 000:337.187 JLINK_CORESIGHT_ReadAPDPReg(AP reg 0x03)
T22B4 000:337.411   Value=0x00000002
T22B4 000:337.421 - 0.234ms returns 0
T22B4 000:337.429 JLINK_CORESIGHT_ReadAPDPReg(AP reg 0x03)
T22B4 000:337.641   Value=0x00000002
T22B4 000:337.655 - 0.226ms returns 0
T22B4 000:337.664 JLINK_CORESIGHT_ReadAPDPReg(AP reg 0x03)
T22B4 000:337.859   Value=0x00000002
T22B4 000:337.867 - 0.204ms returns 0
T22B4 000:337.874 JLINK_CORESIGHT_ReadAPDPReg(AP reg 0x03)
T22B4 000:338.064   Value=0x00000000
T22B4 000:338.100 - 0.225ms returns 0
T22B4 000:338.109 JLINK_CORESIGHT_WriteAPDPReg(AP reg 0x00, 0x80000002)
T22B4 000:338.290 - 0.180ms returns 0
T22B4 000:338.325 JLINK_CORESIGHT_WriteAPDPReg(AP reg 0x01, 0x80011130)
T22B4 000:338.545 - 0.220ms returns 0
T22B4 000:338.565 JLINK_CORESIGHT_ReadAPDPReg(AP reg 0x03)
T22B4 000:338.786   Value=0x2C020081
T22B4 000:338.799 - 0.234ms returns 0
T22B4 000:338.807 JLINK_CORESIGHT_WriteAPDPReg(AP reg 0x00, 0x80000002)
T22B4 000:339.010 - 0.203ms returns 0
T22B4 000:339.018 JLINK_CORESIGHT_WriteAPDPReg(AP reg 0x01, 0x80011140)
T22B4 000:339.185 - 0.166ms returns 0
T22B4 000:339.198 JLINK_CORESIGHT_ReadAPDPReg(AP reg 0x03)
T22B4 000:339.440   Value=0x00000000
T22B4 000:339.467 - 0.268ms returns 0
T22B4 000:339.488 JLINK_CORESIGHT_WriteAPDPReg(AP reg 0x00, 0x80000002)
T22B4 000:339.667 - 0.179ms returns 0
T22B4 000:339.675 JLINK_CORESIGHT_WriteAPDPReg(AP reg 0x01, 0x80011130)
T22B4 000:339.839 - 0.163ms returns 0
T22B4 000:339.846 JLINK_CORESIGHT_ReadAPDPReg(AP reg 0x03)
T22B4 000:340.069   Value=0x0003D002
T22B4 000:340.079 - 0.233ms returns 0
T22B4 000:340.094 JLINK_CORESIGHT_WriteAPDPReg(AP reg 0x00, 0x80000002)
T22B4 000:340.261 - 0.167ms returns 0
T22B4 000:340.275 JLINK_CORESIGHT_WriteAPDPReg(AP reg 0x01, 0x80011140)
T22B4 000:340.435 - 0.160ms returns 0
T22B4 000:340.448 JLINK_CORESIGHT_ReadAPDPReg(AP reg 0x03)
T22B4 000:340.665   Value=0x00000002
T22B4 000:340.674 - 0.226ms returns 0
T22B4 000:340.681 JLINK_CORESIGHT_WriteAPDPReg(AP reg 0x00, 0x80000002)
T22B4 000:340.844 - 0.162ms returns 0
T22B4 000:340.854 JLINK_CORESIGHT_WriteAPDPReg(AP reg 0x01, 0x80011120)
T22B4 000:341.012 - 0.157ms returns 0
T22B4 000:341.025 JLINK_CORESIGHT_WriteAPDPReg(AP reg 0x03, 0x4F010001)
T22B4 000:341.184 - 0.159ms returns 0
T22B4 000:341.194 JLINK_CORESIGHT_WriteAPDPReg(AP reg 0x00, 0x80000002)
T22B4 000:341.365 - 0.170ms returns 0
T22B4 000:341.390 JLINK_CORESIGHT_WriteAPDPReg(AP reg 0x01, 0x80011140)
T22B4 000:341.563 - 0.173ms returns 0
T22B4 000:341.587 JLINK_CORESIGHT_ReadAPDPReg(AP reg 0x03)
T22B4 000:341.816   Value=0x00000002
T22B4 000:341.842 - 0.254ms returns 0
T22B4 000:341.857 JLINK_CORESIGHT_WriteAPDPReg(AP reg 0x00, 0x80000002)
T22B4 000:342.075 - 0.218ms returns 0
T22B4 000:342.101 JLINK_CORESIGHT_WriteAPDPReg(AP reg 0x01, 0x80011120)
T22B4 000:342.289 - 0.188ms returns 0
T22B4 000:342.351 JLINK_CORESIGHT_WriteAPDPReg(AP reg 0x03, 0x000003B0)
T22B4 000:342.587 - 0.236ms returns 0
T22B4 000:342.612 JLINK_CORESIGHT_WriteAPDPReg(AP reg 0x00, 0x80000002)
T22B4 000:342.790 - 0.178ms returns 0
T22B4 000:342.814 JLINK_CORESIGHT_WriteAPDPReg(AP reg 0x01, 0x80011140)
T22B4 000:343.017 - 0.202ms returns 0
T22B4 000:343.085 JLINK_CORESIGHT_ReadAPDPReg(AP reg 0x03)
T22B4 000:343.316   Value=0x00000000
T22B4 000:343.345 - 0.259ms returns 0
T22B4 000:343.383 JLINK_CORESIGHT_WriteAPDPReg(AP reg 0x00, 0x80000002)
T22B4 000:343.551 - 0.168ms returns 0
T22B4 000:343.573 JLINK_CORESIGHT_WriteAPDPReg(AP reg 0x01, 0x80011130)
T22B4 000:343.756 - 0.183ms returns 0
T22B4 000:343.777 JLINK_CORESIGHT_ReadAPDPReg(AP reg 0x03)
T22B4 000:344.017   Value=0x4F0B0081
T22B4 000:344.045 - 0.267ms returns 0
T22B4 000:344.059 JLINK_CORESIGHT_WriteAPDPReg(AP reg 0x00, 0x80000002)
T22B4 000:344.244 - 0.185ms returns 0
T22B4 000:344.269 JLINK_CORESIGHT_WriteAPDPReg(AP reg 0x01, 0x80011140)
T22B4 000:344.464 - 0.194ms returns 0
T22B4 000:344.490 JLINK_CORESIGHT_ReadAPDPReg(AP reg 0x03)
T22B4 000:344.715   Value=0x00000000
T22B4 000:344.735 - 0.245ms returns 0
T22B4 000:344.749 JLINK_CORESIGHT_WriteAPDPReg(AP reg 0x00, 0x80000002)
T22B4 000:344.936 - 0.186ms returns 0
T22B4 000:344.947 JLINK_CORESIGHT_WriteAPDPReg(AP reg 0x01, 0x80011130)
T22B4 000:345.127 - 0.180ms returns 0
T22B4 000:345.137 JLINK_CORESIGHT_ReadAPDPReg(AP reg 0x03)
T22B4 000:345.359   Value=0xFF3FFF3F
T22B4 000:345.385 - 0.247ms returns 0
T22B4 000:345.395 JLINK_CORESIGHT_WriteAPDPReg(AP reg 0x00, 0x80000002)
T22B4 000:345.566 - 0.171ms returns 0
T22B4 000:345.578 JLINK_CORESIGHT_WriteAPDPReg(AP reg 0x01, 0x80011140)
T22B4 000:345.743 - 0.165ms returns 0
T22B4 000:345.750 JLINK_CORESIGHT_ReadAPDPReg(AP reg 0x03)
T22B4 000:346.076   Value=0x00000000
T22B4 000:346.100 - 0.349ms returns 0
T22B4 000:346.124 JLINK_CORESIGHT_WriteAPDPReg(AP reg 0x00, 0x80000002)
T22B4 000:346.314 - 0.189ms returns 0
T22B4 000:346.347 JLINK_CORESIGHT_WriteAPDPReg(AP reg 0x01, 0x80011130)
T22B4 000:346.569 - 0.222ms returns 0
T22B4 000:346.587 JLINK_CORESIGHT_ReadAPDPReg(AP reg 0x03)
T22B4 000:346.794   Value=0xFF073F00
T22B4 000:346.807 - 0.220ms returns 0
T22B4 000:346.815 JLINK_CORESIGHT_WriteAPDPReg(AP reg 0x00, 0x80000002)
T22B4 000:347.024 - 0.208ms returns 0
T22B4 000:347.050 JLINK_CORESIGHT_WriteAPDPReg(AP reg 0x01, 0x80011140)
T22B4 000:347.230 - 0.179ms returns 0
T22B4 000:347.258 JLINK_CORESIGHT_ReadAPDPReg(AP reg 0x03)
T22B4 000:347.514   Value=0x00000000
T22B4 000:347.537 - 0.279ms returns 0
T22B4 000:347.551 JLINK_CORESIGHT_WriteAPDPReg(AP reg 0x00, 0x80000002)
T22B4 000:347.731 - 0.180ms returns 0
T22B4 000:347.746 JLINK_CORESIGHT_WriteAPDPReg(AP reg 0x01, 0x80011130)
T22B4 000:347.915 - 0.169ms returns 0
T22B4 000:347.922 JLINK_CORESIGHT_ReadAPDPReg(AP reg 0x03)
T22B4 000:348.187   Value=0x03DFFF07
T22B4 000:348.214 - 0.291ms returns 0
T22B4 000:348.371 JLINK_CORESIGHT_WriteAPDPReg(AP reg 0x00, 0x80000002)
T22B4 000:348.591 - 0.219ms returns 0
T22B4 000:348.603 JLINK_CORESIGHT_WriteAPDPReg(AP reg 0x01, 0x80011140)
T22B4 000:348.773 - 0.169ms returns 0
T22B4 000:348.781 JLINK_CORESIGHT_ReadAPDPReg(AP reg 0x03)
T22B4 000:349.010   Value=0x00000002
T22B4 000:349.018 - 0.237ms returns 0
T22B4 000:349.026 JLINK_CORESIGHT_WriteAPDPReg(AP reg 0x00, 0x80000002)
T22B4 000:349.190 - 0.164ms returns 0
T22B4 000:349.201 JLINK_CORESIGHT_WriteAPDPReg(AP reg 0x01, 0x80011120)
T22B4 000:349.402 - 0.200ms returns 0
T22B4 000:349.418 JLINK_CORESIGHT_WriteAPDPReg(AP reg 0x03, 0x2C010001)
T22B4 000:349.575 - 0.157ms returns 0
T22B4 000:349.584 JLINK_CORESIGHT_WriteAPDPReg(AP reg 0x00, 0x80000002)
T22B4 000:349.747 - 0.163ms returns 0
T22B4 000:349.754 JLINK_CORESIGHT_WriteAPDPReg(AP reg 0x01, 0x80011140)
T22B4 000:349.920 - 0.165ms returns 0
T22B4 000:349.927 JLINK_CORESIGHT_ReadAPDPReg(AP reg 0x03)
T22B4 000:350.184   Value=0x00000002
T22B4 000:350.196 - 0.269ms returns 0
T22B4 000:350.204 JLINK_CORESIGHT_WriteAPDPReg(AP reg 0x00, 0x80000002)
T22B4 000:350.411 - 0.207ms returns 0
T22B4 000:350.423 JLINK_CORESIGHT_WriteAPDPReg(AP reg 0x01, 0x80011120)
T22B4 000:350.582 - 0.159ms returns 0
T22B4 000:350.590 JLINK_CORESIGHT_WriteAPDPReg(AP reg 0x03, 0x000003D3)
T22B4 000:350.750 - 0.160ms returns 0
T22B4 000:350.758 JLINK_CORESIGHT_WriteAPDPReg(AP reg 0x00, 0x80000002)
T22B4 000:350.909 - 0.150ms returns 0
T22B4 000:350.917 JLINK_CORESIGHT_WriteAPDPReg(AP reg 0x01, 0x80011140)
T22B4 000:351.130 - 0.212ms returns 0
T22B4 000:351.157 JLINK_CORESIGHT_ReadAPDPReg(AP reg 0x03)
T22B4 000:351.403   Value=0x00000002
T22B4 000:351.431 - 0.274ms returns 0
T22B4 000:351.441 JLINK_CORESIGHT_ReadAPDPReg(AP reg 0x03)
T22B4 000:351.648   Value=0x00000002
T22B4 000:351.658 - 0.217ms returns 0
T22B4 000:351.666 JLINK_CORESIGHT_ReadAPDPReg(AP reg 0x03)
T22B4 000:351.868   Value=0x00000002
T22B4 000:351.877 - 0.210ms returns 0
T22B4 000:351.884 JLINK_CORESIGHT_ReadAPDPReg(AP reg 0x03)
T22B4 000:352.091   Value=0x00000002
T22B4 000:352.101 - 0.217ms returns 0
T22B4 000:352.110 JLINK_CORESIGHT_ReadAPDPReg(AP reg 0x03)
T22B4 000:352.318   Value=0x00000002
T22B4 000:352.333 - 0.222ms returns 0
T22B4 000:352.342 JLINK_CORESIGHT_ReadAPDPReg(AP reg 0x03)
T22B4 000:352.544   Value=0x00000002
T22B4 000:352.553 - 0.210ms returns 0
T22B4 000:352.560 JLINK_CORESIGHT_ReadAPDPReg(AP reg 0x03)
T22B4 000:352.774   Value=0x00000002
T22B4 000:352.787 - 0.227ms returns 0
T22B4 000:352.796 JLINK_CORESIGHT_ReadAPDPReg(AP reg 0x03)
T22B4 000:353.012   Value=0x00000002
T22B4 000:353.027 - 0.230ms returns 0
T22B4 000:353.037 JLINK_CORESIGHT_ReadAPDPReg(AP reg 0x03)
T22B4 000:353.261   Value=0x00000002
T22B4 000:353.273 - 0.236ms returns 0
T22B4 000:353.282 JLINK_CORESIGHT_ReadAPDPReg(AP reg 0x03)
T22B4 000:353.482   Value=0x00000002
T22B4 000:353.496 - 0.214ms returns 0
T22B4 000:353.508 JLINK_CORESIGHT_ReadAPDPReg(AP reg 0x03)
T22B4 000:353.709   Value=0x00000002
T22B4 000:353.721 - 0.213ms returns 0
T22B4 000:353.730 JLINK_CORESIGHT_ReadAPDPReg(AP reg 0x03)
T22B4 000:353.930   Value=0x00000002
T22B4 000:353.939 - 0.208ms returns 0
T22B4 000:353.946 JLINK_CORESIGHT_ReadAPDPReg(AP reg 0x03)
T22B4 000:354.175   Value=0x00000002
T22B4 000:354.186 - 0.240ms returns 0
T22B4 000:354.195 JLINK_CORESIGHT_ReadAPDPReg(AP reg 0x03)
T22B4 000:354.403   Value=0x00000002
T22B4 000:354.414 - 0.219ms returns 0
T22B4 000:354.423 JLINK_CORESIGHT_ReadAPDPReg(AP reg 0x03)
T22B4 000:354.620   Value=0x00000002
T22B4 000:354.629 - 0.206ms returns 0
T22B4 000:354.636 JLINK_CORESIGHT_ReadAPDPReg(AP reg 0x03)
T22B4 000:354.835   Value=0x00000002
T22B4 000:354.844 - 0.207ms returns 0
T22B4 000:354.851 JLINK_CORESIGHT_ReadAPDPReg(AP reg 0x03)
T22B4 000:355.064   Value=0x00000002
T22B4 000:355.077 - 0.226ms returns 0
T22B4 000:355.086 JLINK_CORESIGHT_ReadAPDPReg(AP reg 0x03)
T22B4 000:355.317   Value=0x00000000
T22B4 000:355.333 - 0.246ms returns 0
T22B4 000:355.342 JLINK_CORESIGHT_WriteAPDPReg(AP reg 0x00, 0x80000002)
T22B4 000:355.567 - 0.224ms returns 0
T22B4 000:355.593 JLINK_CORESIGHT_WriteAPDPReg(AP reg 0x01, 0x80011130)
T22B4 000:355.776 - 0.183ms returns 0
T22B4 000:355.789 JLINK_CORESIGHT_ReadAPDPReg(AP reg 0x03)
T22B4 000:356.020   Value=0x2C020081
T22B4 000:356.042 - 0.252ms returns 0
T22B4 000:356.064 JLINK_CORESIGHT_WriteAPDPReg(AP reg 0x00, 0x80000002)
T22B4 000:356.242 - 0.178ms returns 0
T22B4 000:356.270 JLINK_CORESIGHT_WriteAPDPReg(AP reg 0x01, 0x80011140)
T22B4 000:356.434 - 0.163ms returns 0
T22B4 000:356.447 JLINK_CORESIGHT_ReadAPDPReg(AP reg 0x03)
T22B4 000:356.689   Value=0x00000000
T22B4 000:356.699 - 0.252ms returns 0
T22B4 000:356.708 JLINK_CORESIGHT_WriteAPDPReg(AP reg 0x00, 0x80000002)
T22B4 000:356.868 - 0.160ms returns 0
T22B4 000:356.876 JLINK_CORESIGHT_WriteAPDPReg(AP reg 0x01, 0x80011130)
T22B4 000:357.075 - 0.198ms returns 0
T22B4 000:357.089 JLINK_CORESIGHT_ReadAPDPReg(AP reg 0x03)
T22B4 000:357.310   Value=0x0003D002
T22B4 000:357.321 - 0.232ms returns 0
T22B4 000:357.353 JLINK_CORESIGHT_WriteAPDPReg(AP reg 0x00, 0x80000002)
T22B4 000:357.523 - 0.171ms returns 0
T22B4 000:357.531 JLINK_CORESIGHT_WriteAPDPReg(AP reg 0x01, 0x80011140)
T22B4 000:357.705 - 0.174ms returns 0
T22B4 000:357.713 JLINK_CORESIGHT_ReadAPDPReg(AP reg 0x03)
T22B4 000:357.920   Value=0x00000002
T22B4 000:357.928 - 0.215ms returns 0
T22B4 000:357.935 JLINK_CORESIGHT_WriteAPDPReg(AP reg 0x00, 0x80000002)
T22B4 000:358.138 - 0.202ms returns 0
T22B4 000:358.253 JLINK_CORESIGHT_WriteAPDPReg(AP reg 0x01, 0x80011120)
T22B4 000:358.493 - 0.240ms returns 0
T22B4 000:358.517 JLINK_CORESIGHT_WriteAPDPReg(AP reg 0x03, 0x4E0B0001)
T22B4 000:358.709 - 0.192ms returns 0
T22B4 000:358.732 JLINK_CORESIGHT_WriteAPDPReg(AP reg 0x00, 0x80000002)
T22B4 000:358.923 - 0.191ms returns 0
T22B4 000:358.939 JLINK_CORESIGHT_WriteAPDPReg(AP reg 0x01, 0x80011140)
T22B4 000:359.142 - 0.203ms returns 0
T22B4 000:359.172 JLINK_CORESIGHT_ReadAPDPReg(AP reg 0x03)
T22B4 000:359.530   Value=0x00000002
T22B4 000:359.570 - 0.393ms returns 0
T22B4 000:359.597 JLINK_CORESIGHT_WriteAPDPReg(AP reg 0x00, 0x80000002)
T22B4 000:359.887 - 0.289ms returns 0
T22B4 000:359.912 JLINK_CORESIGHT_WriteAPDPReg(AP reg 0x01, 0x80011120)
T22B4 000:360.133 - 0.220ms returns 0
T22B4 000:360.159 JLINK_CORESIGHT_WriteAPDPReg(AP reg 0x03, 0x20000400)
T22B4 000:360.356 - 0.196ms returns 0
T22B4 000:360.379 JLINK_CORESIGHT_WriteAPDPReg(AP reg 0x00, 0x80000002)
T22B4 000:360.606 - 0.227ms returns 0
T22B4 000:360.631 JLINK_CORESIGHT_WriteAPDPReg(AP reg 0x01, 0x80011140)
T22B4 000:360.821 - 0.189ms returns 0
T22B4 000:360.846 JLINK_CORESIGHT_ReadAPDPReg(AP reg 0x03)
T22B4 000:361.101   Value=0x00000002
T22B4 000:361.136 - 0.290ms returns 0
T22B4 000:361.155 JLINK_CORESIGHT_WriteAPDPReg(AP reg 0x00, 0x80000002)
T22B4 000:361.335 - 0.180ms returns 0
T22B4 000:361.351 JLINK_CORESIGHT_WriteAPDPReg(AP reg 0x01, 0x80011120)
T22B4 000:361.536 - 0.181ms returns 0
T22B4 000:361.552 JLINK_CORESIGHT_WriteAPDPReg(AP reg 0x03, 0x02000000)
T22B4 000:361.775 - 0.222ms returns 0
T22B4 000:361.791 JLINK_CORESIGHT_WriteAPDPReg(AP reg 0x00, 0x80000002)
T22B4 000:362.013 - 0.221ms returns 0
T22B4 000:362.028 JLINK_CORESIGHT_WriteAPDPReg(AP reg 0x01, 0x80011140)
T22B4 000:362.186 - 0.158ms returns 0
T22B4 000:362.197 JLINK_CORESIGHT_ReadAPDPReg(AP reg 0x03)
T22B4 000:362.418   Value=0x00000002
T22B4 000:362.430 - 0.233ms returns 0
T22B4 000:362.439 JLINK_CORESIGHT_WriteAPDPReg(AP reg 0x00, 0x80000002)
T22B4 000:362.609 - 0.170ms returns 0
T22B4 000:362.617 JLINK_CORESIGHT_WriteAPDPReg(AP reg 0x01, 0x80011120)
T22B4 000:362.784 - 0.167ms returns 0
T22B4 000:362.791 JLINK_CORESIGHT_WriteAPDPReg(AP reg 0x03, 0x03790800)
T22B4 000:362.934 - 0.143ms returns 0
T22B4 000:362.941 JLINK_CORESIGHT_WriteAPDPReg(AP reg 0x00, 0x80000002)
T22B4 000:363.140 - 0.198ms returns 0
T22B4 000:363.154 JLINK_CORESIGHT_WriteAPDPReg(AP reg 0x01, 0x80011140)
T22B4 000:363.311 - 0.156ms returns 0
T22B4 000:363.323 JLINK_CORESIGHT_ReadAPDPReg(AP reg 0x03)
T22B4 000:363.536   Value=0x00000002
T22B4 000:363.549 - 0.225ms returns 0
T22B4 000:363.557 JLINK_CORESIGHT_ReadAPDPReg(AP reg 0x03)
T22B4 000:363.759   Value=0x00000002
T22B4 000:363.767 - 0.210ms returns 0
T22B4 000:363.774 JLINK_CORESIGHT_ReadAPDPReg(AP reg 0x03)
T22B4 000:364.012   Value=0x00000002
T22B4 000:364.020 - 0.245ms returns 0
T22B4 000:364.027 JLINK_CORESIGHT_ReadAPDPReg(AP reg 0x03)
T22B4 000:364.214   Value=0x00000002
T22B4 000:364.228 - 0.201ms returns 0
T22B4 000:364.251 JLINK_CORESIGHT_ReadAPDPReg(AP reg 0x03)
T22B4 000:364.435   Value=0x00000002
T22B4 000:364.445 - 0.194ms returns 0
T22B4 000:364.453 JLINK_CORESIGHT_ReadAPDPReg(AP reg 0x03)
T22B4 000:364.638   Value=0x00000002
T22B4 000:364.646 - 0.193ms returns 0
T22B4 000:364.653 JLINK_CORESIGHT_ReadAPDPReg(AP reg 0x03)
T22B4 000:364.848   Value=0x00000002
T22B4 000:364.856 - 0.203ms returns 0
T22B4 000:364.862 JLINK_CORESIGHT_ReadAPDPReg(AP reg 0x03)
T22B4 000:365.062   Value=0x00000002
T22B4 000:365.070 - 0.207ms returns 0
T22B4 000:365.077 JLINK_CORESIGHT_ReadAPDPReg(AP reg 0x03)
T22B4 000:365.285   Value=0x00000002
T22B4 000:365.297 - 0.220ms returns 0
T22B4 000:365.304 JLINK_CORESIGHT_ReadAPDPReg(AP reg 0x03)
T22B4 000:365.514   Value=0x00000002
T22B4 000:365.524 - 0.219ms returns 0
T22B4 000:365.531 JLINK_CORESIGHT_ReadAPDPReg(AP reg 0x03)
T22B4 000:365.712   Value=0x00000002
T22B4 000:365.720 - 0.189ms returns 0
T22B4 000:365.727 JLINK_CORESIGHT_ReadAPDPReg(AP reg 0x03)
T22B4 000:365.916   Value=0x00000002
T22B4 000:365.924 - 0.197ms returns 0
T22B4 000:365.931 JLINK_CORESIGHT_ReadAPDPReg(AP reg 0x03)
T22B4 000:366.167   Value=0x00000002
T22B4 000:366.177 - 0.246ms returns 0
T22B4 000:366.185 JLINK_CORESIGHT_ReadAPDPReg(AP reg 0x03)
T22B4 000:366.388   Value=0x00000002
T22B4 000:366.399 - 0.214ms returns 0
T22B4 000:366.406 JLINK_CORESIGHT_ReadAPDPReg(AP reg 0x03)
T22B4 000:366.588   Value=0x00000002
T22B4 000:366.596 - 0.190ms returns 0
T22B4 000:366.603 JLINK_CORESIGHT_ReadAPDPReg(AP reg 0x03)
T22B4 000:366.784   Value=0x00000002
T22B4 000:366.792 - 0.189ms returns 0
T22B4 000:366.799 JLINK_CORESIGHT_ReadAPDPReg(AP reg 0x03)
T22B4 000:367.013   Value=0x00000002
T22B4 000:367.021 - 0.222ms returns 0
T22B4 000:367.028 JLINK_CORESIGHT_ReadAPDPReg(AP reg 0x03)
T22B4 000:367.240   Value=0x00000002
T22B4 000:367.254 - 0.226ms returns 0
T22B4 000:367.263 JLINK_CORESIGHT_ReadAPDPReg(AP reg 0x03)
T22B4 000:367.465   Value=0x00000002
T22B4 000:367.477 - 0.214ms returns 0
T22B4 000:367.485 JLINK_CORESIGHT_ReadAPDPReg(AP reg 0x03)
T22B4 000:367.683   Value=0x00000002
T22B4 000:367.691 - 0.206ms returns 0
T22B4 000:367.698 JLINK_CORESIGHT_ReadAPDPReg(AP reg 0x03)
T22B4 000:367.888   Value=0x00000002
T22B4 000:367.896 - 0.198ms returns 0
T22B4 000:367.903 JLINK_CORESIGHT_ReadAPDPReg(AP reg 0x03)
T22B4 000:368.094   Value=0x00000002
T22B4 000:368.108 - 0.204ms returns 0
T22B4 000:368.119 JLINK_CORESIGHT_ReadAPDPReg(AP reg 0x03)
T22B4 000:368.311   Value=0x00000002
T22B4 000:368.324 - 0.204ms returns 0
T22B4 000:368.331 JLINK_CORESIGHT_ReadAPDPReg(AP reg 0x03)
T22B4 000:368.546   Value=0x00000002
T22B4 000:368.556 - 0.224ms returns 0
T22B4 000:368.564 JLINK_CORESIGHT_ReadAPDPReg(AP reg 0x03)
T22B4 000:368.759   Value=0x00000002
T22B4 000:368.768 - 0.204ms returns 0
T22B4 000:368.775 JLINK_CORESIGHT_ReadAPDPReg(AP reg 0x03)
T22B4 000:369.009   Value=0x00000002
T22B4 000:369.018 - 0.243ms returns 0
T22B4 000:369.025 JLINK_CORESIGHT_ReadAPDPReg(AP reg 0x03)
T22B4 000:369.214   Value=0x00000002
T22B4 000:369.228 - 0.203ms returns 0
T22B4 000:369.236 JLINK_CORESIGHT_ReadAPDPReg(AP reg 0x03)
T22B4 000:369.436   Value=0x00000002
T22B4 000:369.448 - 0.212ms returns 0
T22B4 000:369.455 JLINK_CORESIGHT_ReadAPDPReg(AP reg 0x03)
T22B4 000:369.666   Value=0x00000002
T22B4 000:369.674 - 0.218ms returns 0
T22B4 000:369.681 JLINK_CORESIGHT_ReadAPDPReg(AP reg 0x03)
T22B4 000:369.881   Value=0x00000002
T22B4 000:369.890 - 0.208ms returns 0
T22B4 000:369.896 JLINK_CORESIGHT_ReadAPDPReg(AP reg 0x03)
T22B4 000:370.091   Value=0x00000002
T22B4 000:370.101 - 0.204ms returns 0
T22B4 000:370.108 JLINK_CORESIGHT_ReadAPDPReg(AP reg 0x03)
T22B4 000:370.311   Value=0x00000002
T22B4 000:370.325 - 0.217ms returns 0
T22B4 000:370.334 JLINK_CORESIGHT_ReadAPDPReg(AP reg 0x03)
T22B4 000:370.543   Value=0x00000002
T22B4 000:370.557 - 0.223ms returns 0
T22B4 000:370.565 JLINK_CORESIGHT_ReadAPDPReg(AP reg 0x03)
T22B4 000:370.759   Value=0x00000002
T22B4 000:370.768 - 0.203ms returns 0
T22B4 000:370.774 JLINK_CORESIGHT_ReadAPDPReg(AP reg 0x03)
T22B4 000:371.010   Value=0x00000002
T22B4 000:371.019 - 0.244ms returns 0
T22B4 000:371.025 JLINK_CORESIGHT_ReadAPDPReg(AP reg 0x03)
T22B4 000:371.214   Value=0x00000002
T22B4 000:371.291 - 0.265ms returns 0
T22B4 000:371.309 JLINK_CORESIGHT_ReadAPDPReg(AP reg 0x03)
T22B4 000:371.542   Value=0x00000002
T22B4 000:371.556 - 0.246ms returns 0
T22B4 000:371.564 JLINK_CORESIGHT_ReadAPDPReg(AP reg 0x03)
T22B4 000:371.760   Value=0x00000002
T22B4 000:371.768 - 0.204ms returns 0
T22B4 000:371.775 JLINK_CORESIGHT_ReadAPDPReg(AP reg 0x03)
T22B4 000:372.012   Value=0x00000002
T22B4 000:372.020 - 0.245ms returns 0
T22B4 000:372.027 JLINK_CORESIGHT_ReadAPDPReg(AP reg 0x03)
T22B4 000:372.215   Value=0x00000002
T22B4 000:372.247 - 0.220ms returns 0
T22B4 000:372.255 JLINK_CORESIGHT_ReadAPDPReg(AP reg 0x03)
T22B4 000:372.435   Value=0x00000002
T22B4 000:372.446 - 0.190ms returns 0
T22B4 000:372.453 JLINK_CORESIGHT_ReadAPDPReg(AP reg 0x03)
T22B4 000:372.637   Value=0x00000002
T22B4 000:372.646 - 0.192ms returns 0
T22B4 000:372.653 JLINK_CORESIGHT_ReadAPDPReg(AP reg 0x03)
T22B4 000:372.846   Value=0x00000002
T22B4 000:372.854 - 0.201ms returns 0
T22B4 000:372.861 JLINK_CORESIGHT_ReadAPDPReg(AP reg 0x03)
T22B4 000:373.104   Value=0x00000002
T22B4 000:373.117 - 0.256ms returns 0
T22B4 000:373.126 JLINK_CORESIGHT_ReadAPDPReg(AP reg 0x03)
T22B4 000:373.352   Value=0x00000002
T22B4 000:373.377 - 0.251ms returns 0
T22B4 000:373.391 JLINK_CORESIGHT_ReadAPDPReg(AP reg 0x03)
T22B4 000:373.615   Value=0x00000002
T22B4 000:373.629 - 0.237ms returns 0
T22B4 000:373.637 JLINK_CORESIGHT_ReadAPDPReg(AP reg 0x03)
T22B4 000:373.843   Value=0x00000002
T22B4 000:373.851 - 0.214ms returns 0
T22B4 000:373.858 JLINK_CORESIGHT_ReadAPDPReg(AP reg 0x03)
T22B4 000:374.067   Value=0x00000002
T22B4 000:374.085 - 0.227ms returns 0
T22B4 000:374.099 JLINK_CORESIGHT_ReadAPDPReg(AP reg 0x03)
T22B4 000:374.314   Value=0x00000002
T22B4 000:374.353 - 0.254ms returns 0
T22B4 000:374.362 JLINK_CORESIGHT_ReadAPDPReg(AP reg 0x03)
T22B4 000:374.559   Value=0x00000002
T22B4 000:374.569 - 0.207ms returns 0
T22B4 000:374.576 JLINK_CORESIGHT_ReadAPDPReg(AP reg 0x03)
T22B4 000:374.759   Value=0x00000002
T22B4 000:374.767 - 0.191ms returns 0
T22B4 000:374.774 JLINK_CORESIGHT_ReadAPDPReg(AP reg 0x03)
T22B4 000:375.018   Value=0x00000002
T22B4 000:375.063 - 0.288ms returns 0
T22B4 000:375.098 JLINK_CORESIGHT_ReadAPDPReg(AP reg 0x03)
T22B4 000:375.423   Value=0x00000002
T22B4 000:375.501 - 0.402ms returns 0
T22B4 000:375.518 JLINK_CORESIGHT_ReadAPDPReg(AP reg 0x03)
T22B4 000:375.796   Value=0x00000002
T22B4 000:375.822 - 0.304ms returns 0
T22B4 000:375.837 JLINK_CORESIGHT_ReadAPDPReg(AP reg 0x03)
T22B4 000:376.069   Value=0x00000002
T22B4 000:376.098 - 0.260ms returns 0
T22B4 000:376.112 JLINK_CORESIGHT_ReadAPDPReg(AP reg 0x03)
T22B4 000:376.413   Value=0x00000002
T22B4 000:376.492 - 0.365ms returns 0
T22B4 000:376.505 JLINK_CORESIGHT_ReadAPDPReg(AP reg 0x03)
T22B4 000:376.796   Value=0x00000002
T22B4 000:376.815 - 0.310ms returns 0
T22B4 000:376.824 JLINK_CORESIGHT_ReadAPDPReg(AP reg 0x03)
T22B4 000:377.144   Value=0x00000002
T22B4 000:377.171 - 0.347ms returns 0
T22B4 000:377.185 JLINK_CORESIGHT_ReadAPDPReg(AP reg 0x03)
T22B4 000:377.421   Value=0x00000000
T22B4 000:377.448 - 0.262ms returns 0
T22B4 000:377.463 JLINK_CORESIGHT_WriteAPDPReg(AP reg 0x00, 0x80000002)
T22B4 000:377.677 - 0.213ms returns 0
T22B4 000:377.705 JLINK_CORESIGHT_WriteAPDPReg(AP reg 0x01, 0x80011130)
T22B4 000:377.984 - 0.278ms returns 0
T22B4 000:378.009 JLINK_CORESIGHT_ReadAPDPReg(AP reg 0x03)
T22B4 000:378.280   Value=0x4E0A0081
T22B4 000:378.309 - 0.299ms returns 0
T22B4 000:378.323 JLINK_CORESIGHT_WriteAPDPReg(AP reg 0x00, 0x80000002)
T22B4 000:378.547 - 0.224ms returns 0
T22B4 000:378.563 JLINK_CORESIGHT_WriteAPDPReg(AP reg 0x01, 0x80011140)
T22B4 000:378.777 - 0.214ms returns 0
T22B4 000:378.802 JLINK_CORESIGHT_ReadAPDPReg(AP reg 0x03)
T22B4 000:379.066   Value=0x00000000
T22B4 000:379.083 - 0.280ms returns 0
T22B4 000:379.092 JLINK_CORESIGHT_WriteAPDPReg(AP reg 0x00, 0x80000002)
T22B4 000:379.277 - 0.184ms returns 0
T22B4 000:379.292 JLINK_CORESIGHT_WriteAPDPReg(AP reg 0x01, 0x80011130)
T22B4 000:379.548 - 0.256ms returns 0
T22B4 000:379.572 JLINK_CORESIGHT_ReadAPDPReg(AP reg 0x03)
T22B4 000:379.812   Value=0xFFFFFF00
T22B4 000:379.837 - 0.265ms returns 0
T22B4 000:379.852 JLINK_CORESIGHT_WriteAPDPReg(AP reg 0x00, 0x80000002)
T22B4 000:380.026 - 0.173ms returns 0
T22B4 000:380.040 JLINK_CORESIGHT_WriteAPDPReg(AP reg 0x01, 0x80011140)
T22B4 000:380.229 - 0.188ms returns 0
T22B4 000:380.254 JLINK_CORESIGHT_ReadAPDPReg(AP reg 0x03)
T22B4 000:380.485   Value=0x00000000
T22B4 000:380.502 - 0.247ms returns 0
T22B4 000:380.511 JLINK_CORESIGHT_WriteAPDPReg(AP reg 0x00, 0x80000002)
T22B4 000:380.687 - 0.176ms returns 0
T22B4 000:380.709 JLINK_CORESIGHT_WriteAPDPReg(AP reg 0x01, 0x80011130)
T22B4 000:380.912 - 0.203ms returns 0
T22B4 000:380.927 JLINK_CORESIGHT_ReadAPDPReg(AP reg 0x03)
T22B4 000:381.184   Value=0xFFFFFFFF
T22B4 000:381.210 - 0.282ms returns 0
T22B4 000:381.224 JLINK_CORESIGHT_WriteAPDPReg(AP reg 0x00, 0x80000002)
T22B4 000:381.443 - 0.218ms returns 0
T22B4 000:381.457 JLINK_CORESIGHT_WriteAPDPReg(AP reg 0x01, 0x80011140)
T22B4 000:381.667 - 0.210ms returns 0
T22B4 000:381.683 JLINK_CORESIGHT_ReadAPDPReg(AP reg 0x03)
T22B4 000:381.902   Value=0x00000000
T22B4 000:381.918 - 0.235ms returns 0
T22B4 000:381.927 JLINK_CORESIGHT_WriteAPDPReg(AP reg 0x00, 0x80000002)
T22B4 000:382.132 - 0.205ms returns 0
T22B4 000:382.156 JLINK_CORESIGHT_WriteAPDPReg(AP reg 0x01, 0x80011130)
T22B4 000:382.379 - 0.222ms returns 0
T22B4 000:382.392 JLINK_CORESIGHT_ReadAPDPReg(AP reg 0x03)
T22B4 000:382.602   Value=0x0003B0FF
T22B4 000:382.617 - 0.225ms returns 0
T22B4 000:382.628 JLINK_CORESIGHT_WriteAPDPReg(AP reg 0x00, 0x80000002)
T22B4 000:382.785 - 0.157ms returns 0
T22B4 000:382.795 JLINK_CORESIGHT_WriteAPDPReg(AP reg 0x01, 0x80011140)
T22B4 000:383.015 - 0.220ms returns 0
T22B4 000:383.039 JLINK_CORESIGHT_ReadAPDPReg(AP reg 0x03)
T22B4 000:383.277   Value=0x00000002
T22B4 000:383.303 - 0.263ms returns 0
T22B4 000:383.313 JLINK_CORESIGHT_WriteAPDPReg(AP reg 0x00, 0x80000002)
T22B4 000:383.486 - 0.173ms returns 0
T22B4 000:383.497 JLINK_CORESIGHT_WriteAPDPReg(AP reg 0x01, 0x80011120)
T22B4 000:383.705 - 0.208ms returns 0
T22B4 000:383.718 JLINK_CORESIGHT_WriteAPDPReg(AP reg 0x03, 0x4F010001)
T22B4 000:383.876 - 0.157ms returns 0
T22B4 000:383.885 JLINK_CORESIGHT_WriteAPDPReg(AP reg 0x00, 0x80000002)
T22B4 000:384.065 - 0.180ms returns 0
T22B4 000:384.075 JLINK_CORESIGHT_WriteAPDPReg(AP reg 0x01, 0x80011140)
T22B4 000:384.230 - 0.155ms returns 0
T22B4 000:384.245 JLINK_CORESIGHT_ReadAPDPReg(AP reg 0x03)
T22B4 000:384.476   Value=0x00000002
T22B4 000:384.488 - 0.242ms returns 0
T22B4 000:384.496 JLINK_CORESIGHT_WriteAPDPReg(AP reg 0x00, 0x80000002)
T22B4 000:384.663 - 0.166ms returns 0
T22B4 000:384.671 JLINK_CORESIGHT_WriteAPDPReg(AP reg 0x01, 0x80011120)
T22B4 000:384.835 - 0.164ms returns 0
T22B4 000:384.842 JLINK_CORESIGHT_WriteAPDPReg(AP reg 0x03, 0x000003B0)
T22B4 000:385.010 - 0.168ms returns 0
T22B4 000:385.018 JLINK_CORESIGHT_WriteAPDPReg(AP reg 0x00, 0x80000002)
T22B4 000:385.189 - 0.170ms returns 0
T22B4 000:385.199 JLINK_CORESIGHT_WriteAPDPReg(AP reg 0x01, 0x80011140)
T22B4 000:385.359 - 0.159ms returns 0
T22B4 000:385.369 JLINK_CORESIGHT_ReadAPDPReg(AP reg 0x03)
T22B4 000:385.581   Value=0x00000000
T22B4 000:385.589 - 0.219ms returns 0
T22B4 000:385.597 JLINK_CORESIGHT_WriteAPDPReg(AP reg 0x00, 0x80000002)
T22B4 000:385.750 - 0.153ms returns 0
T22B4 000:385.759 JLINK_CORESIGHT_WriteAPDPReg(AP reg 0x01, 0x80011130)
T22B4 000:385.932 - 0.172ms returns 0
T22B4 000:385.940 JLINK_CORESIGHT_ReadAPDPReg(AP reg 0x03)
T22B4 000:386.184   Value=0x4F0B0081
T22B4 000:386.210 - 0.269ms returns 0
T22B4 000:386.220 JLINK_CORESIGHT_WriteAPDPReg(AP reg 0x00, 0x80000002)
T22B4 000:386.400 - 0.179ms returns 0
T22B4 000:386.412 JLINK_CORESIGHT_WriteAPDPReg(AP reg 0x01, 0x80011140)
T22B4 000:386.567 - 0.155ms returns 0
T22B4 000:386.579 JLINK_CORESIGHT_ReadAPDPReg(AP reg 0x03)
T22B4 000:386.838   Value=0x00000000
T22B4 000:386.855 - 0.275ms returns 0
T22B4 000:386.865 JLINK_CORESIGHT_WriteAPDPReg(AP reg 0x00, 0x80000002)
T22B4 000:387.076 - 0.210ms returns 0
T22B4 000:387.104 JLINK_CORESIGHT_WriteAPDPReg(AP reg 0x01, 0x80011130)
T22B4 000:387.294 - 0.189ms returns 0
T22B4 000:387.320 JLINK_CORESIGHT_ReadAPDPReg(AP reg 0x03)
T22B4 000:387.548   Value=0x20000400
T22B4 000:387.563 - 0.243ms returns 0
T22B4 000:387.573 JLINK_CORESIGHT_WriteAPDPReg(AP reg 0x00, 0x80000002)
T22B4 000:387.733 - 0.159ms returns 0
T22B4 000:387.748 JLINK_CORESIGHT_WriteAPDPReg(AP reg 0x01, 0x80011140)
T22B4 000:387.932 - 0.183ms returns 0
T22B4 000:387.940 JLINK_CORESIGHT_ReadAPDPReg(AP reg 0x03)
T22B4 000:388.206   Value=0x00000000
T22B4 000:388.230 - 0.289ms returns 0
T22B4 000:388.240 JLINK_CORESIGHT_WriteAPDPReg(AP reg 0x00, 0x80000002)
T22B4 000:388.416 - 0.176ms returns 0
T22B4 000:388.427 JLINK_CORESIGHT_WriteAPDPReg(AP reg 0x01, 0x80011130)
T22B4 000:388.587 - 0.160ms returns 0
T22B4 000:388.596 JLINK_CORESIGHT_ReadAPDPReg(AP reg 0x03)
T22B4 000:388.809   Value=0x02000000
T22B4 000:388.819 - 0.223ms returns 0
T22B4 000:388.827 JLINK_CORESIGHT_WriteAPDPReg(AP reg 0x00, 0x80000002)
T22B4 000:389.011 - 0.183ms returns 0
T22B4 000:389.019 JLINK_CORESIGHT_WriteAPDPReg(AP reg 0x01, 0x80011140)
T22B4 000:389.184 - 0.165ms returns 0
T22B4 000:389.201 JLINK_CORESIGHT_ReadAPDPReg(AP reg 0x03)
T22B4 000:389.432   Value=0x00000000
T22B4 000:389.445 - 0.243ms returns 0
T22B4 000:389.454 JLINK_CORESIGHT_WriteAPDPReg(AP reg 0x00, 0x80000002)
T22B4 000:389.608 - 0.154ms returns 0
T22B4 000:389.617 JLINK_CORESIGHT_WriteAPDPReg(AP reg 0x01, 0x80011130)
T22B4 000:389.833 - 0.216ms returns 0
T22B4 000:389.843 JLINK_CORESIGHT_ReadAPDPReg(AP reg 0x03)
T22B4 000:390.063   Value=0x03780800
T22B4 000:390.072 - 0.229ms returns 0
T22B4 000:390.176 JLINK_CORESIGHT_WriteAPDPReg(AP reg 0x00, 0x80000002)
T22B4 000:390.337 - 0.160ms returns 0
T22B4 000:390.351 JLINK_CORESIGHT_WriteAPDPReg(AP reg 0x01, 0x80011140)
T22B4 000:390.508 - 0.157ms returns 0
T22B4 000:390.516 JLINK_CORESIGHT_ReadAPDPReg(AP reg 0x03)
T22B4 000:390.730   Value=0x00000002
T22B4 000:390.742 - 0.226ms returns 0
T22B4 000:390.750 JLINK_CORESIGHT_WriteAPDPReg(AP reg 0x00, 0x80000002)
T22B4 000:390.913 - 0.163ms returns 0
T22B4 000:390.923 JLINK_CORESIGHT_WriteAPDPReg(AP reg 0x01, 0x80011120)
T22B4 000:391.127 - 0.204ms returns 0
T22B4 000:391.136 JLINK_CORESIGHT_WriteAPDPReg(AP reg 0x03, 0x4F010001)
T22B4 000:391.307 - 0.171ms returns 0
T22B4 000:391.314 JLINK_CORESIGHT_WriteAPDPReg(AP reg 0x00, 0x80000002)
T22B4 000:391.478 - 0.164ms returns 0
T22B4 000:391.485 JLINK_CORESIGHT_WriteAPDPReg(AP reg 0x01, 0x80011140)
T22B4 000:391.707 - 0.221ms returns 0
T22B4 000:391.733 JLINK_CORESIGHT_ReadAPDPReg(AP reg 0x03)
T22B4 000:392.020   Value=0x00000002
T22B4 000:392.047 - 0.314ms returns 0
T22B4 000:392.062 JLINK_CORESIGHT_WriteAPDPReg(AP reg 0x00, 0x80000002)
T22B4 000:392.252 - 0.189ms returns 0
T22B4 000:392.274 JLINK_CORESIGHT_WriteAPDPReg(AP reg 0x01, 0x80011120)
T22B4 000:392.474 - 0.200ms returns 0
T22B4 000:392.500 JLINK_CORESIGHT_WriteAPDPReg(AP reg 0x03, 0x000003B0)
T22B4 000:392.740 - 0.240ms returns 0
T22B4 000:392.778 JLINK_CORESIGHT_WriteAPDPReg(AP reg 0x00, 0x80000002)
T22B4 000:393.016 - 0.237ms returns 0
T22B4 000:393.037 JLINK_CORESIGHT_WriteAPDPReg(AP reg 0x01, 0x80011140)
T22B4 000:393.408 - 0.370ms returns 0
T22B4 000:393.435 JLINK_CORESIGHT_ReadAPDPReg(AP reg 0x03)
T22B4 000:393.697   Value=0x00000000
T22B4 000:393.733 - 0.297ms returns 0
T22B4 000:393.757 JLINK_CORESIGHT_WriteAPDPReg(AP reg 0x00, 0x80000002)
T22B4 000:394.076 - 0.319ms returns 0
T22B4 000:394.109 JLINK_CORESIGHT_WriteAPDPReg(AP reg 0x01, 0x80011130)
T22B4 000:394.317 - 0.207ms returns 0
T22B4 000:394.334 JLINK_CORESIGHT_ReadAPDPReg(AP reg 0x03)
T22B4 000:394.598   Value=0x4F0B0081
T22B4 000:394.625 - 0.291ms returns 0
T22B4 000:394.648 JLINK_CORESIGHT_WriteAPDPReg(AP reg 0x00, 0x80000002)
T22B4 000:394.840 - 0.191ms returns 0
T22B4 000:394.857 JLINK_CORESIGHT_WriteAPDPReg(AP reg 0x01, 0x80011140)
T22B4 000:395.066 - 0.208ms returns 0
T22B4 000:395.082 JLINK_CORESIGHT_ReadAPDPReg(AP reg 0x03)
T22B4 000:395.314   Value=0x00000000
T22B4 000:395.346 - 0.264ms returns 0
T22B4 000:395.359 JLINK_CORESIGHT_WriteAPDPReg(AP reg 0x00, 0x80000002)
T22B4 000:395.532 - 0.173ms returns 0
T22B4 000:395.540 JLINK_CORESIGHT_WriteAPDPReg(AP reg 0x01, 0x80011130)
T22B4 000:395.709 - 0.168ms returns 0
T22B4 000:395.724 JLINK_CORESIGHT_ReadAPDPReg(AP reg 0x03)
T22B4 000:395.932   Value=0x20000400
T22B4 000:395.946 - 0.221ms returns 0
T22B4 000:395.954 JLINK_CORESIGHT_WriteAPDPReg(AP reg 0x00, 0x80000002)
T22B4 000:396.141 - 0.186ms returns 0
T22B4 000:396.153 JLINK_CORESIGHT_WriteAPDPReg(AP reg 0x01, 0x80011140)
T22B4 000:396.314 - 0.160ms returns 0
T22B4 000:396.330 JLINK_CORESIGHT_ReadAPDPReg(AP reg 0x03)
T22B4 000:396.537   Value=0x00000000
T22B4 000:396.551 - 0.221ms returns 0
T22B4 000:396.559 JLINK_CORESIGHT_WriteAPDPReg(AP reg 0x00, 0x80000002)
T22B4 000:396.735 - 0.176ms returns 0
T22B4 000:396.744 JLINK_CORESIGHT_WriteAPDPReg(AP reg 0x01, 0x80011130)
T22B4 000:396.920 - 0.176ms returns 0
T22B4 000:396.927 JLINK_CORESIGHT_ReadAPDPReg(AP reg 0x03)
T22B4 000:397.188   Value=0x02000000
T22B4 000:397.214 - 0.286ms returns 0
T22B4 000:397.233 JLINK_CORESIGHT_WriteAPDPReg(AP reg 0x00, 0x80000002)
T22B4 000:397.420 - 0.187ms returns 0
T22B4 000:397.436 JLINK_CORESIGHT_WriteAPDPReg(AP reg 0x01, 0x80011140)
T22B4 000:397.613 - 0.177ms returns 0
T22B4 000:397.631 JLINK_CORESIGHT_ReadAPDPReg(AP reg 0x03)
T22B4 000:397.844   Value=0x00000000
T22B4 000:397.855 - 0.224ms returns 0
T22B4 000:397.863 JLINK_CORESIGHT_WriteAPDPReg(AP reg 0x00, 0x80000002)
T22B4 000:398.063 - 0.199ms returns 0
T22B4 000:398.070 JLINK_CORESIGHT_WriteAPDPReg(AP reg 0x01, 0x80011130)
T22B4 000:398.236 - 0.165ms returns 0
T22B4 000:398.247 JLINK_CORESIGHT_ReadAPDPReg(AP reg 0x03)
T22B4 000:398.468   Value=0x03780800
T22B4 000:398.494 - 0.247ms returns 0
T22B4 000:398.516 JLINK_CORESIGHT_ReadAPDPReg(DP reg 0x01)
T22B4 000:398.687   Value=0xF0000F40
T22B4 000:398.701 - 0.185ms returns 0
T22B4 000:398.709 JLINK_CORESIGHT_WriteAPDPReg(DP reg 0x01, 0xA0000F40)
T22B4 000:398.888 - 0.179ms returns 0
T22B4 000:398.898 JLINK_CORESIGHT_ReadAPDPReg(DP reg 0x01)
T22B4 000:399.067   Value=0x00000F40
T22B4 000:399.076 - 0.177ms returns 0
T22B4 000:399.083 JLINK_ClrRESET()
T22B4 000:399.465 - 0.381ms 
T22B4 000:506.809 JLINK_Close()
T22B4 000:519.472 - 12.661ms
T22B4 000:519.498   
T22B4 000:519.503   Closed
