T9794 000:000.515   SEGGER J-Link V8.12c Log File
T9794 000:000.628   DLL Compiled: Jan 22 2025 12:55:59
T9794 000:000.643   Logging started @ 2025-03-14 07:10
T9794 000:000.695   Process: C:\Users\a8456\.eclipse\com.renesas.platform_1309835749\DebugComp\RA\e2-server-gdb.exe
T9794 000:000.716 - 0.712ms 
T9794 000:000.735 JLINK_GetDLLVersion()
T9794 000:000.749 - 0.013ms returns 81203
T9794 000:002.413 JLINK_OpenEx(...)
T9794 000:008.581   Firmware: J-Link V9 compiled May  7 2021 16:26:12
T9794 000:009.098   Firmware: J-Link V9 compiled May  7 2021 16:26:12
T9794 000:009.214   Decompressing FW timestamp took 89 us
T9794 000:014.545   Hardware: V9.60
T9794 000:014.569   S/N: 69660718
T9794 000:014.589   OEM: SEGGER
T9794 000:014.741   Feature(s): RDI, GDB, FlashDL, FlashBP, JFlash
T9794 000:015.141   Bootloader: (FW returned invalid version)
T9794 000:015.737   TELNET listener socket opened on port 19021
T9794 000:015.825   WEBSRV WEBSRV_Init(): Starting webserver thread(s)
T9794 000:015.918   WEBSRV Webserver running on local port 19080
T9794 000:016.021   Looking for J-Link GUI Server exe at: C:\Users\a8456\.eclipse\com.renesas.platform_1309835749\DebugComp\RA\ARM\Segger_v8.12.3\JLinkGUIServer.exe
T9794 000:016.103   Looking for J-Link GUI Server exe at: C:\Program Files\SEGGER\JLink_V818\JLinkGUIServer.exe
T9794 000:016.127   Forking J-Link GUI Server: C:\Program Files\SEGGER\JLink_V818\JLinkGUIServer.exe
T9794 000:042.301   J-Link GUI Server info: "J-Link GUI server V8.18 "
T9794 000:042.596 - 40.180ms returns "O.K."
T9794 000:042.661 JLINK_TIF_Select(JLINKARM_TIF_SWD)
T9794 000:043.128 - 0.466ms returns 0x00
T9794 000:043.167 JLINK_ClrRESET()
T9794 000:043.624 - 0.456ms 
T9794 000:093.845 JLINK_SetSpeed(1500)
T9794 000:093.937 - 0.097ms 
T9794 000:093.949 JLINK_CORESIGHT_Configure(PerformTIFInit=0)
T9794 000:094.353 - 0.405ms returns 0
T9794 000:094.391 JLINK_CORESIGHT_ReadAPDPReg(DP reg 0x00)
T9794 000:094.576   Value=0x6BA02477
T9794 000:094.585 - 0.195ms returns 0
T9794 000:094.592 JLINK_CORESIGHT_WriteAPDPReg(DP reg 0x00, 0x0000001F)
T9794 000:094.766 - 0.174ms returns 0
T9794 000:094.774 JLINK_CORESIGHT_ReadAPDPReg(DP reg 0x00)
T9794 000:094.949   Value=0x6BA02477
T9794 000:094.968 - 0.194ms returns 0
T9794 000:094.977 JLINK_CORESIGHT_WriteAPDPReg(DP reg 0x02, 0x00000000)
T9794 000:095.135 - 0.157ms returns 0
T9794 000:095.142 JLINK_CORESIGHT_WriteAPDPReg(DP reg 0x01, 0x50000000)
T9794 000:095.356 - 0.214ms returns 0
T9794 000:095.378 JLINK_CORESIGHT_ReadAPDPReg(DP reg 0x01)
T9794 000:095.540   Value=0xD0000040
T9794 000:095.551 - 0.172ms returns 0
T9794 000:095.562 JLINK_CORESIGHT_ReadAPDPReg(DP reg 0x01)
T9794 000:095.719   Value=0xD0000040
T9794 000:095.727 - 0.165ms returns 0
T9794 000:095.734 JLINK_CORESIGHT_ReadAPDPReg(DP reg 0x01)
T9794 000:095.947   Value=0xD0000040
T9794 000:095.959 - 0.224ms returns 0
T9794 000:095.967 JLINK_CORESIGHT_ReadAPDPReg(DP reg 0x01)
T9794 000:096.127   Value=0xD0000040
T9794 000:096.136 - 0.168ms returns 0
T9794 000:096.144 JLINK_CORESIGHT_ReadAPDPReg(DP reg 0x01)
T9794 000:096.355   Value=0xD0000040
T9794 000:096.366 - 0.222ms returns 0
T9794 000:096.373 JLINK_CORESIGHT_ReadAPDPReg(DP reg 0x01)
T9794 000:096.551   Value=0xD0000040
T9794 000:096.560 - 0.186ms returns 0
T9794 000:096.567 JLINK_CORESIGHT_ReadAPDPReg(DP reg 0x01)
T9794 000:096.722   Value=0xD0000040
T9794 000:096.732 - 0.165ms returns 0
T9794 000:096.740 JLINK_CORESIGHT_ReadAPDPReg(DP reg 0x01)
T9794 000:096.909   Value=0xF0000040
T9794 000:096.918 - 0.177ms returns 0
T9794 000:096.925 JLINK_CORESIGHT_WriteAPDPReg(DP reg 0x00, 0x0000001F)
T9794 000:097.090 - 0.165ms returns 0
T9794 000:097.098 JLINK_CORESIGHT_ReadAPDPReg(DP reg 0x00)
T9794 000:097.268   Value=0x6BA02477
T9794 000:097.282 - 0.183ms returns 0
T9794 000:097.290 JLINK_CORESIGHT_WriteAPDPReg(DP reg 0x01, 0x54000000)
T9794 000:097.497 - 0.207ms returns 0
T9794 000:097.507 JLINK_CORESIGHT_WriteAPDPReg(DP reg 0x01, 0x50000F00)
T9794 000:097.663 - 0.156ms returns 0
T9794 000:097.671 JLINK_CORESIGHT_WriteAPDPReg(DP reg 0x02, 0x01000000)
T9794 000:097.902 - 0.231ms returns 0
T9794 000:097.911 JLINK_CORESIGHT_WriteAPDPReg(AP reg 0x00, 0x80000002)
T9794 000:098.076 - 0.165ms returns 0
T9794 000:098.084 JLINK_CORESIGHT_WriteAPDPReg(AP reg 0x01, 0x80011100)
T9794 000:098.256 - 0.172ms returns 0
T9794 000:098.272 JLINK_CORESIGHT_WriteAPDPReg(AP reg 0x03, 0x000000A5)
T9794 000:098.499 - 0.227ms returns 0
T9794 000:098.517 JLINK_CORESIGHT_WriteAPDPReg(AP reg 0x00, 0x80000002)
T9794 000:098.678 - 0.161ms returns 0
T9794 000:098.691 JLINK_CORESIGHT_WriteAPDPReg(AP reg 0x01, 0x80011100)
T9794 000:098.848 - 0.156ms returns 0
T9794 000:098.856 JLINK_CORESIGHT_ReadAPDPReg(AP reg 0x03)
T9794 000:099.077   Value=0x000000A5
T9794 000:099.086 - 0.230ms returns 0
T9794 000:099.093 JLINK_ClrTMS()
T9794 000:099.133 - 0.039ms 
T9794 000:104.238 JLINK_SetTCK()
T9794 000:104.336 - 0.097ms returns 0
T9794 000:109.983 JLINK_SetRESET()
T9794 000:110.068 - 0.084ms 
T9794 000:310.708 JLINK_CORESIGHT_WriteAPDPReg(AP reg 0x00, 0x80000002)
T9794 000:311.034 - 0.326ms returns 0
T9794 000:311.059 JLINK_CORESIGHT_WriteAPDPReg(AP reg 0x01, 0x80011100)
T9794 000:311.277 - 0.218ms returns 0
T9794 000:311.285 JLINK_CORESIGHT_ReadAPDPReg(AP reg 0x03)
T9794 000:311.549   Value=0x00000000
T9794 000:311.558 - 0.272ms returns 0
T9794 000:311.566 JLINK_CORESIGHT_WriteAPDPReg(AP reg 0x00, 0x80000002)
T9794 000:311.773 - 0.207ms returns 0
T9794 000:311.783 JLINK_CORESIGHT_WriteAPDPReg(AP reg 0x01, 0x80011140)
T9794 000:311.993 - 0.210ms returns 0
T9794 000:312.001 JLINK_CORESIGHT_ReadAPDPReg(AP reg 0x03)
T9794 000:312.206   Value=0x00000002
T9794 000:312.215 - 0.213ms returns 0
T9794 000:312.222 JLINK_CORESIGHT_WriteAPDPReg(AP reg 0x00, 0x80000002)
T9794 000:312.384 - 0.162ms returns 0
T9794 000:312.391 JLINK_CORESIGHT_WriteAPDPReg(AP reg 0x01, 0x80011120)
T9794 000:312.554 - 0.163ms returns 0
T9794 000:312.561 JLINK_CORESIGHT_WriteAPDPReg(AP reg 0x03, 0x00000055)
T9794 000:312.751 - 0.189ms returns 0
T9794 000:312.782 JLINK_CORESIGHT_WriteAPDPReg(AP reg 0x00, 0x80000002)
T9794 000:312.989 - 0.206ms returns 0
T9794 000:313.016 JLINK_CORESIGHT_WriteAPDPReg(AP reg 0x01, 0x80011140)
T9794 000:313.237 - 0.221ms returns 0
T9794 000:313.254 JLINK_CORESIGHT_ReadAPDPReg(AP reg 0x03)
T9794 000:313.559   Value=0x00000000
T9794 000:313.577 - 0.322ms returns 0
T9794 000:313.589 JLINK_CORESIGHT_WriteAPDPReg(AP reg 0x00, 0x80000002)
T9794 000:313.766 - 0.176ms returns 0
T9794 000:313.788 JLINK_CORESIGHT_WriteAPDPReg(AP reg 0x01, 0x80011130)
T9794 000:313.988 - 0.199ms returns 0
T9794 000:314.012 JLINK_CORESIGHT_ReadAPDPReg(AP reg 0x03)
T9794 000:314.237   Value=0x000000C6
T9794 000:314.254 - 0.242ms returns 0
T9794 000:314.281 JLINK_CORESIGHT_WriteAPDPReg(AP reg 0x00, 0x80000002)
T9794 000:314.486 - 0.205ms returns 0
T9794 000:314.501 JLINK_CORESIGHT_WriteAPDPReg(AP reg 0x01, 0x80011140)
T9794 000:314.685 - 0.183ms returns 0
T9794 000:314.705 JLINK_CORESIGHT_ReadAPDPReg(AP reg 0x03)
T9794 000:314.958   Value=0x00000002
T9794 000:314.975 - 0.269ms returns 0
T9794 000:314.988 JLINK_CORESIGHT_WriteAPDPReg(AP reg 0x00, 0x80000002)
T9794 000:315.159 - 0.171ms returns 0
T9794 000:315.174 JLINK_CORESIGHT_WriteAPDPReg(AP reg 0x01, 0x80011120)
T9794 000:315.394 - 0.220ms returns 0
T9794 000:315.408 JLINK_CORESIGHT_WriteAPDPReg(AP reg 0x03, 0x3A010001)
T9794 000:315.618 - 0.210ms returns 0
T9794 000:315.633 JLINK_CORESIGHT_WriteAPDPReg(AP reg 0x00, 0x80000002)
T9794 000:315.897 - 0.263ms returns 0
T9794 000:315.924 JLINK_CORESIGHT_WriteAPDPReg(AP reg 0x01, 0x80011140)
T9794 000:316.134 - 0.210ms returns 0
T9794 000:316.159 JLINK_CORESIGHT_ReadAPDPReg(AP reg 0x03)
T9794 000:316.390   Value=0x00000002
T9794 000:316.411 - 0.252ms returns 0
T9794 000:316.424 JLINK_CORESIGHT_WriteAPDPReg(AP reg 0x00, 0x80000002)
T9794 000:316.608 - 0.183ms returns 0
T9794 000:316.626 JLINK_CORESIGHT_WriteAPDPReg(AP reg 0x01, 0x80011120)
T9794 000:316.838 - 0.211ms returns 0
T9794 000:316.861 JLINK_CORESIGHT_WriteAPDPReg(AP reg 0x03, 0x000003C5)
T9794 000:317.135 - 0.274ms returns 0
T9794 000:317.158 JLINK_CORESIGHT_WriteAPDPReg(AP reg 0x00, 0x80000002)
T9794 000:317.363 - 0.204ms returns 0
T9794 000:317.388 JLINK_CORESIGHT_WriteAPDPReg(AP reg 0x01, 0x80011140)
T9794 000:317.583 - 0.195ms returns 0
T9794 000:317.600 JLINK_CORESIGHT_ReadAPDPReg(AP reg 0x03)
T9794 000:317.833   Value=0x00000002
T9794 000:317.850 - 0.250ms returns 0
T9794 000:317.864 JLINK_CORESIGHT_ReadAPDPReg(AP reg 0x03)
T9794 000:318.083   Value=0x00000002
T9794 000:318.101 - 0.237ms returns 0
T9794 000:318.114 JLINK_CORESIGHT_ReadAPDPReg(AP reg 0x03)
T9794 000:318.394   Value=0x00000002
T9794 000:318.449 - 0.335ms returns 0
T9794 000:318.465 JLINK_CORESIGHT_ReadAPDPReg(AP reg 0x03)
T9794 000:318.719   Value=0x00000002
T9794 000:318.783 - 0.318ms returns 0
T9794 000:318.792 JLINK_CORESIGHT_ReadAPDPReg(AP reg 0x03)
T9794 000:318.995   Value=0x00000002
T9794 000:319.005 - 0.213ms returns 0
T9794 000:319.013 JLINK_CORESIGHT_ReadAPDPReg(AP reg 0x03)
T9794 000:319.216   Value=0x00000002
T9794 000:319.226 - 0.213ms returns 0
T9794 000:319.233 JLINK_CORESIGHT_ReadAPDPReg(AP reg 0x03)
T9794 000:320.793   Value=0x00000002
T9794 000:320.826 - 1.592ms returns 0
T9794 000:320.841 JLINK_CORESIGHT_ReadAPDPReg(AP reg 0x03)
T9794 000:321.081   Value=0x00000002
T9794 000:321.106 - 0.265ms returns 0
T9794 000:321.120 JLINK_CORESIGHT_ReadAPDPReg(AP reg 0x03)
T9794 000:321.418   Value=0x00000000
T9794 000:321.448 - 0.328ms returns 0
T9794 000:321.463 JLINK_CORESIGHT_WriteAPDPReg(AP reg 0x00, 0x80000002)
T9794 000:321.657 - 0.193ms returns 0
T9794 000:321.678 JLINK_CORESIGHT_WriteAPDPReg(AP reg 0x01, 0x80011130)
T9794 000:321.873 - 0.196ms returns 0
T9794 000:321.891 JLINK_CORESIGHT_ReadAPDPReg(AP reg 0x03)
T9794 000:322.121   Value=0x3A2A0081
T9794 000:322.139 - 0.248ms returns 0
T9794 000:322.152 JLINK_CORESIGHT_WriteAPDPReg(AP reg 0x00, 0x80000002)
T9794 000:322.392 - 0.239ms returns 0
T9794 000:322.420 JLINK_CORESIGHT_WriteAPDPReg(AP reg 0x01, 0x80011140)
T9794 000:322.629 - 0.208ms returns 0
T9794 000:322.657 JLINK_CORESIGHT_ReadAPDPReg(AP reg 0x03)
T9794 000:322.936   Value=0x00000000
T9794 000:322.963 - 0.306ms returns 0
T9794 000:322.981 JLINK_CORESIGHT_WriteAPDPReg(AP reg 0x00, 0x80000002)
T9794 000:323.160 - 0.179ms returns 0
T9794 000:323.187 JLINK_CORESIGHT_WriteAPDPReg(AP reg 0x01, 0x80011130)
T9794 000:323.368 - 0.180ms returns 0
T9794 000:323.394 JLINK_CORESIGHT_ReadAPDPReg(AP reg 0x03)
T9794 000:323.623   Value=0x80841E00
T9794 000:323.645 - 0.250ms returns 0
T9794 000:323.660 JLINK_CORESIGHT_WriteAPDPReg(AP reg 0x00, 0x80000002)
T9794 000:323.845 - 0.185ms returns 0
T9794 000:323.864 JLINK_CORESIGHT_WriteAPDPReg(AP reg 0x01, 0x80011140)
T9794 000:324.079 - 0.214ms returns 0
T9794 000:324.088 JLINK_CORESIGHT_ReadAPDPReg(AP reg 0x03)
T9794 000:324.362   Value=0x00000000
T9794 000:324.381 - 0.293ms returns 0
T9794 000:324.395 JLINK_CORESIGHT_WriteAPDPReg(AP reg 0x00, 0x80000002)
T9794 000:324.574 - 0.179ms returns 0
T9794 000:324.585 JLINK_CORESIGHT_WriteAPDPReg(AP reg 0x01, 0x80011130)
T9794 000:324.778 - 0.192ms returns 0
T9794 000:324.786 JLINK_CORESIGHT_ReadAPDPReg(AP reg 0x03)
T9794 000:324.978   Value=0x000D0803
T9794 000:324.987 - 0.201ms returns 0
T9794 000:324.995 JLINK_CORESIGHT_WriteAPDPReg(AP reg 0x00, 0x80000002)
T9794 000:325.158 - 0.162ms returns 0
T9794 000:325.166 JLINK_CORESIGHT_WriteAPDPReg(AP reg 0x01, 0x80011140)
T9794 000:325.367 - 0.201ms returns 0
T9794 000:325.390 JLINK_CORESIGHT_ReadAPDPReg(AP reg 0x03)
T9794 000:325.605   Value=0x00000000
T9794 000:325.616 - 0.226ms returns 0
T9794 000:325.625 JLINK_CORESIGHT_WriteAPDPReg(AP reg 0x00, 0x80000002)
T9794 000:325.784 - 0.158ms returns 0
T9794 000:325.792 JLINK_CORESIGHT_WriteAPDPReg(AP reg 0x01, 0x80011130)
T9794 000:325.947 - 0.155ms returns 0
T9794 000:325.955 JLINK_CORESIGHT_ReadAPDPReg(AP reg 0x03)
T9794 000:326.153   Value=0x31574B02
T9794 000:326.161 - 0.206ms returns 0
T9794 000:326.169 JLINK_CORESIGHT_WriteAPDPReg(AP reg 0x00, 0x80000002)
T9794 000:326.365 - 0.196ms returns 0
T9794 000:326.377 JLINK_CORESIGHT_WriteAPDPReg(AP reg 0x01, 0x80011140)
T9794 000:326.549 - 0.171ms returns 0
T9794 000:326.557 JLINK_CORESIGHT_ReadAPDPReg(AP reg 0x03)
T9794 000:326.759   Value=0x00000000
T9794 000:326.768 - 0.211ms returns 0
T9794 000:326.776 JLINK_CORESIGHT_WriteAPDPReg(AP reg 0x00, 0x80000002)
T9794 000:326.938 - 0.162ms returns 0
T9794 000:326.947 JLINK_CORESIGHT_WriteAPDPReg(AP reg 0x01, 0x80011130)
T9794 000:327.121 - 0.173ms returns 0
T9794 000:327.131 JLINK_CORESIGHT_ReadAPDPReg(AP reg 0x03)
T9794 000:327.355   Value=0x333A7674
T9794 000:327.364 - 0.233ms returns 0
T9794 000:327.371 JLINK_CORESIGHT_WriteAPDPReg(AP reg 0x00, 0x80000002)
T9794 000:327.546 - 0.174ms returns 0
T9794 000:327.571 JLINK_CORESIGHT_WriteAPDPReg(AP reg 0x01, 0x80011140)
T9794 000:327.792 - 0.221ms returns 0
T9794 000:327.815 JLINK_CORESIGHT_ReadAPDPReg(AP reg 0x03)
T9794 000:328.037   Value=0x00000000
T9794 000:328.056 - 0.241ms returns 0
T9794 000:328.070 JLINK_CORESIGHT_WriteAPDPReg(AP reg 0x00, 0x80000002)
T9794 000:328.244 - 0.173ms returns 0
T9794 000:328.259 JLINK_CORESIGHT_WriteAPDPReg(AP reg 0x01, 0x80011130)
T9794 000:328.484 - 0.225ms returns 0
T9794 000:328.494 JLINK_CORESIGHT_ReadAPDPReg(AP reg 0x03)
T9794 000:328.711   Value=0x30383334
T9794 000:328.741 - 0.247ms returns 0
T9794 000:328.752 JLINK_CORESIGHT_WriteAPDPReg(AP reg 0x00, 0x80000002)
T9794 000:328.909 - 0.156ms returns 0
T9794 000:328.917 JLINK_CORESIGHT_WriteAPDPReg(AP reg 0x01, 0x80011140)
T9794 000:329.091 - 0.174ms returns 0
T9794 000:329.100 JLINK_CORESIGHT_ReadAPDPReg(AP reg 0x03)
T9794 000:329.357   Value=0x00000000
T9794 000:329.366 - 0.266ms returns 0
T9794 000:329.373 JLINK_CORESIGHT_WriteAPDPReg(AP reg 0x00, 0x80000002)
T9794 000:329.531 - 0.157ms returns 0
T9794 000:329.539 JLINK_CORESIGHT_WriteAPDPReg(AP reg 0x01, 0x80011130)
T9794 000:329.706 - 0.167ms returns 0
T9794 000:329.716 JLINK_CORESIGHT_ReadAPDPReg(AP reg 0x03)
T9794 000:329.946   Value=0x11103130
T9794 000:329.956 - 0.240ms returns 0
T9794 000:329.964 JLINK_CORESIGHT_WriteAPDPReg(AP reg 0x00, 0x80000002)
T9794 000:330.121 - 0.157ms returns 0
T9794 000:330.131 JLINK_CORESIGHT_WriteAPDPReg(AP reg 0x01, 0x80011140)
T9794 000:330.359 - 0.227ms returns 0
T9794 000:330.373 JLINK_CORESIGHT_ReadAPDPReg(AP reg 0x03)
T9794 000:330.596   Value=0x00000000
T9794 000:330.621 - 0.248ms returns 0
T9794 000:330.637 JLINK_CORESIGHT_WriteAPDPReg(AP reg 0x00, 0x80000002)
T9794 000:330.810 - 0.172ms returns 0
T9794 000:330.823 JLINK_CORESIGHT_WriteAPDPReg(AP reg 0x01, 0x80011130)
T9794 000:330.993 - 0.170ms returns 0
T9794 000:331.001 JLINK_CORESIGHT_ReadAPDPReg(AP reg 0x03)
T9794 000:331.208   Value=0x4637520E
T9794 000:331.217 - 0.215ms returns 0
T9794 000:331.225 JLINK_CORESIGHT_WriteAPDPReg(AP reg 0x00, 0x80000002)
T9794 000:331.403 - 0.178ms returns 0
T9794 000:331.421 JLINK_CORESIGHT_WriteAPDPReg(AP reg 0x01, 0x80011140)
T9794 000:331.592 - 0.170ms returns 0
T9794 000:331.608 JLINK_CORESIGHT_ReadAPDPReg(AP reg 0x03)
T9794 000:332.107   Value=0x00000000
T9794 000:332.138 - 0.529ms returns 0
T9794 000:332.156 JLINK_CORESIGHT_WriteAPDPReg(AP reg 0x00, 0x80000002)
T9794 000:332.360 - 0.204ms returns 0
T9794 000:332.383 JLINK_CORESIGHT_WriteAPDPReg(AP reg 0x01, 0x80011130)
T9794 000:332.577 - 0.194ms returns 0
T9794 000:332.593 JLINK_CORESIGHT_ReadAPDPReg(AP reg 0x03)
T9794 000:332.825   Value=0x314C3441
T9794 000:332.849 - 0.255ms returns 0
T9794 000:332.864 JLINK_CORESIGHT_WriteAPDPReg(AP reg 0x00, 0x80000002)
T9794 000:333.042 - 0.178ms returns 0
T9794 000:333.058 JLINK_CORESIGHT_WriteAPDPReg(AP reg 0x01, 0x80011140)
T9794 000:333.231 - 0.173ms returns 0
T9794 000:333.247 JLINK_CORESIGHT_ReadAPDPReg(AP reg 0x03)
T9794 000:333.552   Value=0x00000000
T9794 000:333.569 - 0.321ms returns 0
T9794 000:333.582 JLINK_CORESIGHT_WriteAPDPReg(AP reg 0x00, 0x80000002)
T9794 000:333.754 - 0.172ms returns 0
T9794 000:333.770 JLINK_CORESIGHT_WriteAPDPReg(AP reg 0x01, 0x80011130)
T9794 000:334.009 - 0.239ms returns 0
T9794 000:334.029 JLINK_CORESIGHT_ReadAPDPReg(AP reg 0x03)
T9794 000:334.263   Value=0x43344442
T9794 000:334.280 - 0.251ms returns 0
T9794 000:334.293 JLINK_CORESIGHT_WriteAPDPReg(AP reg 0x00, 0x80000002)
T9794 000:334.468 - 0.174ms returns 0
T9794 000:334.483 JLINK_CORESIGHT_WriteAPDPReg(AP reg 0x01, 0x80011140)
T9794 000:334.654 - 0.171ms returns 0
T9794 000:334.730 JLINK_CORESIGHT_ReadAPDPReg(AP reg 0x03)
T9794 000:334.961   Value=0x00000000
T9794 000:334.987 - 0.257ms returns 0
T9794 000:335.001 JLINK_CORESIGHT_WriteAPDPReg(AP reg 0x00, 0x80000002)
T9794 000:335.185 - 0.183ms returns 0
T9794 000:335.200 JLINK_CORESIGHT_WriteAPDPReg(AP reg 0x01, 0x80011130)
T9794 000:335.368 - 0.168ms returns 0
T9794 000:335.381 JLINK_CORESIGHT_ReadAPDPReg(AP reg 0x03)
T9794 000:335.858   Value=0x20205046
T9794 000:335.886 - 0.504ms returns 0
T9794 000:335.900 JLINK_CORESIGHT_WriteAPDPReg(AP reg 0x00, 0x80000002)
T9794 000:336.795 - 0.894ms returns 0
T9794 000:336.838 JLINK_CORESIGHT_WriteAPDPReg(AP reg 0x01, 0x80011140)
T9794 000:337.029 - 0.191ms returns 0
T9794 000:337.051 JLINK_CORESIGHT_ReadAPDPReg(AP reg 0x03)
T9794 000:337.282   Value=0x00000000
T9794 000:337.302 - 0.251ms returns 0
T9794 000:337.316 JLINK_CORESIGHT_WriteAPDPReg(AP reg 0x00, 0x80000002)
T9794 000:337.496 - 0.180ms returns 0
T9794 000:337.513 JLINK_CORESIGHT_WriteAPDPReg(AP reg 0x01, 0x80011130)
T9794 000:337.695 - 0.182ms returns 0
T9794 000:337.721 JLINK_CORESIGHT_ReadAPDPReg(AP reg 0x03)
T9794 000:337.986   Value=0x00032320
T9794 000:338.004 - 0.283ms returns 0
T9794 000:338.120 JLINK_CORESIGHT_WriteAPDPReg(AP reg 0x00, 0x80000002)
T9794 000:338.367 - 0.246ms returns 0
T9794 000:338.392 JLINK_CORESIGHT_WriteAPDPReg(AP reg 0x01, 0x80011140)
T9794 000:338.607 - 0.215ms returns 0
T9794 000:338.650 JLINK_CORESIGHT_ReadAPDPReg(AP reg 0x03)
T9794 000:338.892   Value=0x00000002
T9794 000:338.919 - 0.268ms returns 0
T9794 000:338.933 JLINK_CORESIGHT_WriteAPDPReg(AP reg 0x00, 0x80000002)
T9794 000:339.109 - 0.176ms returns 0
T9794 000:339.126 JLINK_CORESIGHT_WriteAPDPReg(AP reg 0x01, 0x80011120)
T9794 000:339.359 - 0.233ms returns 0
T9794 000:339.374 JLINK_CORESIGHT_WriteAPDPReg(AP reg 0x03, 0x2C010001)
T9794 000:339.557 - 0.183ms returns 0
T9794 000:339.574 JLINK_CORESIGHT_WriteAPDPReg(AP reg 0x00, 0x80000002)
T9794 000:339.765 - 0.191ms returns 0
T9794 000:339.775 JLINK_CORESIGHT_WriteAPDPReg(AP reg 0x01, 0x80011140)
T9794 000:339.983 - 0.208ms returns 0
T9794 000:339.990 JLINK_CORESIGHT_ReadAPDPReg(AP reg 0x03)
T9794 000:340.187   Value=0x00000002
T9794 000:340.196 - 0.205ms returns 0
T9794 000:340.203 JLINK_CORESIGHT_WriteAPDPReg(AP reg 0x00, 0x80000002)
T9794 000:340.360 - 0.157ms returns 0
T9794 000:340.385 JLINK_CORESIGHT_WriteAPDPReg(AP reg 0x01, 0x80011120)
T9794 000:340.581 - 0.196ms returns 0
T9794 000:340.610 JLINK_CORESIGHT_WriteAPDPReg(AP reg 0x03, 0x000003D3)
T9794 000:340.763 - 0.153ms returns 0
T9794 000:340.771 JLINK_CORESIGHT_WriteAPDPReg(AP reg 0x00, 0x80000002)
T9794 000:340.933 - 0.162ms returns 0
T9794 000:340.941 JLINK_CORESIGHT_WriteAPDPReg(AP reg 0x01, 0x80011140)
T9794 000:341.104 - 0.163ms returns 0
T9794 000:341.112 JLINK_CORESIGHT_ReadAPDPReg(AP reg 0x03)
T9794 000:341.357   Value=0x00000002
T9794 000:341.366 - 0.254ms returns 0
T9794 000:341.372 JLINK_CORESIGHT_ReadAPDPReg(AP reg 0x03)
T9794 000:341.580   Value=0x00000002
T9794 000:341.597 - 0.224ms returns 0
T9794 000:341.604 JLINK_CORESIGHT_ReadAPDPReg(AP reg 0x03)
T9794 000:341.808   Value=0x00000002
T9794 000:341.817 - 0.212ms returns 0
T9794 000:341.824 JLINK_CORESIGHT_ReadAPDPReg(AP reg 0x03)
T9794 000:342.020   Value=0x00000002
T9794 000:342.028 - 0.204ms returns 0
T9794 000:342.035 JLINK_CORESIGHT_ReadAPDPReg(AP reg 0x03)
T9794 000:342.232   Value=0x00000002
T9794 000:342.241 - 0.206ms returns 0
T9794 000:342.247 JLINK_CORESIGHT_ReadAPDPReg(AP reg 0x03)
T9794 000:342.443   Value=0x00000002
T9794 000:342.452 - 0.204ms returns 0
T9794 000:342.458 JLINK_CORESIGHT_ReadAPDPReg(AP reg 0x03)
T9794 000:342.709   Value=0x00000002
T9794 000:342.737 - 0.278ms returns 0
T9794 000:342.751 JLINK_CORESIGHT_ReadAPDPReg(AP reg 0x03)
T9794 000:342.986   Value=0x00000002
T9794 000:343.004 - 0.252ms returns 0
T9794 000:343.017 JLINK_CORESIGHT_ReadAPDPReg(AP reg 0x03)
T9794 000:343.236   Value=0x00000002
T9794 000:343.253 - 0.236ms returns 0
T9794 000:343.266 JLINK_CORESIGHT_ReadAPDPReg(AP reg 0x03)
T9794 000:343.515   Value=0x00000002
T9794 000:343.532 - 0.266ms returns 0
T9794 000:343.545 JLINK_CORESIGHT_ReadAPDPReg(AP reg 0x03)
T9794 000:343.759   Value=0x00000002
T9794 000:343.784 - 0.239ms returns 0
T9794 000:343.799 JLINK_CORESIGHT_ReadAPDPReg(AP reg 0x03)
T9794 000:344.015   Value=0x00000002
T9794 000:344.038 - 0.238ms returns 0
T9794 000:344.052 JLINK_CORESIGHT_ReadAPDPReg(AP reg 0x03)
T9794 000:344.263   Value=0x00000002
T9794 000:344.278 - 0.226ms returns 0
T9794 000:344.305 JLINK_CORESIGHT_ReadAPDPReg(AP reg 0x03)
T9794 000:344.511   Value=0x00000000
T9794 000:344.523 - 0.218ms returns 0
T9794 000:344.531 JLINK_CORESIGHT_WriteAPDPReg(AP reg 0x00, 0x80000002)
T9794 000:344.691 - 0.159ms returns 0
T9794 000:344.700 JLINK_CORESIGHT_WriteAPDPReg(AP reg 0x01, 0x80011130)
T9794 000:344.873 - 0.173ms returns 0
T9794 000:344.881 JLINK_CORESIGHT_ReadAPDPReg(AP reg 0x03)
T9794 000:345.079   Value=0x2C020081
T9794 000:345.088 - 0.207ms returns 0
T9794 000:345.096 JLINK_CORESIGHT_WriteAPDPReg(AP reg 0x00, 0x80000002)
T9794 000:345.260 - 0.164ms returns 0
T9794 000:345.268 JLINK_CORESIGHT_WriteAPDPReg(AP reg 0x01, 0x80011140)
T9794 000:345.488 - 0.220ms returns 0
T9794 000:345.497 JLINK_CORESIGHT_ReadAPDPReg(AP reg 0x03)
T9794 000:345.705   Value=0x00000000
T9794 000:345.713 - 0.216ms returns 0
T9794 000:345.721 JLINK_CORESIGHT_WriteAPDPReg(AP reg 0x00, 0x80000002)
T9794 000:345.885 - 0.165ms returns 0
T9794 000:345.894 JLINK_CORESIGHT_WriteAPDPReg(AP reg 0x01, 0x80011130)
T9794 000:346.055 - 0.161ms returns 0
T9794 000:346.062 JLINK_CORESIGHT_ReadAPDPReg(AP reg 0x03)
T9794 000:346.260   Value=0x0003D002
T9794 000:346.268 - 0.205ms returns 0
T9794 000:346.281 JLINK_CORESIGHT_WriteAPDPReg(AP reg 0x00, 0x80000002)
T9794 000:346.478 - 0.197ms returns 0
T9794 000:346.485 JLINK_CORESIGHT_WriteAPDPReg(AP reg 0x01, 0x80011140)
T9794 000:346.659 - 0.173ms returns 0
T9794 000:346.682 JLINK_CORESIGHT_ReadAPDPReg(AP reg 0x03)
T9794 000:346.920   Value=0x00000002
T9794 000:346.929 - 0.247ms returns 0
T9794 000:346.936 JLINK_CORESIGHT_WriteAPDPReg(AP reg 0x00, 0x80000002)
T9794 000:347.118 - 0.182ms returns 0
T9794 000:347.125 JLINK_CORESIGHT_WriteAPDPReg(AP reg 0x01, 0x80011120)
T9794 000:347.355 - 0.229ms returns 0
T9794 000:347.362 JLINK_CORESIGHT_WriteAPDPReg(AP reg 0x03, 0x4F010001)
T9794 000:347.504 - 0.142ms returns 0
T9794 000:347.511 JLINK_CORESIGHT_WriteAPDPReg(AP reg 0x00, 0x80000002)
T9794 000:347.683 - 0.172ms returns 0
T9794 000:347.693 JLINK_CORESIGHT_WriteAPDPReg(AP reg 0x01, 0x80011140)
T9794 000:347.880 - 0.187ms returns 0
T9794 000:347.890 JLINK_CORESIGHT_ReadAPDPReg(AP reg 0x03)
T9794 000:348.104   Value=0x00000002
T9794 000:348.112 - 0.222ms returns 0
T9794 000:348.119 JLINK_CORESIGHT_WriteAPDPReg(AP reg 0x00, 0x80000002)
T9794 000:348.275 - 0.155ms returns 0
T9794 000:348.282 JLINK_CORESIGHT_WriteAPDPReg(AP reg 0x01, 0x80011120)
T9794 000:348.489 - 0.206ms returns 0
T9794 000:348.498 JLINK_CORESIGHT_WriteAPDPReg(AP reg 0x03, 0x000003B0)
T9794 000:348.656 - 0.157ms returns 0
T9794 000:348.665 JLINK_CORESIGHT_WriteAPDPReg(AP reg 0x00, 0x80000002)
T9794 000:348.830 - 0.165ms returns 0
T9794 000:348.837 JLINK_CORESIGHT_WriteAPDPReg(AP reg 0x01, 0x80011140)
T9794 000:349.014 - 0.177ms returns 0
T9794 000:349.022 JLINK_CORESIGHT_ReadAPDPReg(AP reg 0x03)
T9794 000:349.229   Value=0x00000000
T9794 000:349.237 - 0.215ms returns 0
T9794 000:349.244 JLINK_CORESIGHT_WriteAPDPReg(AP reg 0x00, 0x80000002)
T9794 000:349.409 - 0.164ms returns 0
T9794 000:349.416 JLINK_CORESIGHT_WriteAPDPReg(AP reg 0x01, 0x80011130)
T9794 000:349.610 - 0.194ms returns 0
T9794 000:349.621 JLINK_CORESIGHT_ReadAPDPReg(AP reg 0x03)
T9794 000:349.854   Value=0x4F0B0081
T9794 000:349.863 - 0.242ms returns 0
T9794 000:349.870 JLINK_CORESIGHT_WriteAPDPReg(AP reg 0x00, 0x80000002)
T9794 000:350.026 - 0.156ms returns 0
T9794 000:350.033 JLINK_CORESIGHT_WriteAPDPReg(AP reg 0x01, 0x80011140)
T9794 000:350.205 - 0.172ms returns 0
T9794 000:350.213 JLINK_CORESIGHT_ReadAPDPReg(AP reg 0x03)
T9794 000:350.412   Value=0x00000000
T9794 000:350.438 - 0.225ms returns 0
T9794 000:350.452 JLINK_CORESIGHT_WriteAPDPReg(AP reg 0x00, 0x80000002)
T9794 000:350.635 - 0.182ms returns 0
T9794 000:350.658 JLINK_CORESIGHT_WriteAPDPReg(AP reg 0x01, 0x80011130)
T9794 000:350.833 - 0.175ms returns 0
T9794 000:350.846 JLINK_CORESIGHT_ReadAPDPReg(AP reg 0x03)
T9794 000:351.079   Value=0x20000400
T9794 000:351.088 - 0.241ms returns 0
T9794 000:351.095 JLINK_CORESIGHT_WriteAPDPReg(AP reg 0x00, 0x80000002)
T9794 000:351.355 - 0.259ms returns 0
T9794 000:351.362 JLINK_CORESIGHT_WriteAPDPReg(AP reg 0x01, 0x80011140)
T9794 000:351.530 - 0.168ms returns 0
T9794 000:351.538 JLINK_CORESIGHT_ReadAPDPReg(AP reg 0x03)
T9794 000:351.729   Value=0x00000000
T9794 000:351.737 - 0.199ms returns 0
T9794 000:351.744 JLINK_CORESIGHT_WriteAPDPReg(AP reg 0x00, 0x80000002)
T9794 000:351.907 - 0.163ms returns 0
T9794 000:351.914 JLINK_CORESIGHT_WriteAPDPReg(AP reg 0x01, 0x80011130)
T9794 000:352.089 - 0.174ms returns 0
T9794 000:352.115 JLINK_CORESIGHT_ReadAPDPReg(AP reg 0x03)
T9794 000:352.361   Value=0x02000000
T9794 000:352.387 - 0.272ms returns 0
T9794 000:352.411 JLINK_CORESIGHT_WriteAPDPReg(AP reg 0x00, 0x80000002)
T9794 000:352.679 - 0.268ms returns 0
T9794 000:352.705 JLINK_CORESIGHT_WriteAPDPReg(AP reg 0x01, 0x80011140)
T9794 000:352.935 - 0.230ms returns 0
T9794 000:352.957 JLINK_CORESIGHT_ReadAPDPReg(AP reg 0x03)
T9794 000:353.199   Value=0x00000000
T9794 000:353.217 - 0.259ms returns 0
T9794 000:353.230 JLINK_CORESIGHT_WriteAPDPReg(AP reg 0x00, 0x80000002)
T9794 000:353.397 - 0.167ms returns 0
T9794 000:353.418 JLINK_CORESIGHT_WriteAPDPReg(AP reg 0x01, 0x80011130)
T9794 000:353.625 - 0.206ms returns 0
T9794 000:353.647 JLINK_CORESIGHT_ReadAPDPReg(AP reg 0x03)
T9794 000:353.882   Value=0x03780800
T9794 000:353.905 - 0.258ms returns 0
T9794 000:354.007 JLINK_CORESIGHT_ReadAPDPReg(DP reg 0x01)
T9794 000:354.225   Value=0xF0000F40
T9794 000:354.242 - 0.235ms returns 0
T9794 000:354.254 JLINK_CORESIGHT_WriteAPDPReg(DP reg 0x01, 0xA0000F40)
T9794 000:354.469 - 0.214ms returns 0
T9794 000:354.484 JLINK_CORESIGHT_ReadAPDPReg(DP reg 0x01)
T9794 000:354.655   Value=0x00000F40
T9794 000:354.672 - 0.188ms returns 0
T9794 000:354.685 JLINK_ClrRESET()
T9794 000:355.088 - 0.402ms 
T9794 000:456.695 JLINK_Close()
T9794 000:468.081 - 11.385ms
T9794 000:468.107   
T9794 000:468.113   Closed
