T1CD4 000:000.555   SEGGER J-Link V8.12c Log File
T1CD4 000:000.657   DLL Compiled: Jan 22 2025 12:55:59
T1CD4 000:000.671   Logging started @ 2025-03-17 15:40
T1CD4 000:000.684   Process: C:\Users\a8456\.eclipse\com.renesas.platform_1309835749\DebugComp\RA\e2-server-gdb.exe
T1CD4 000:000.700 - 0.696ms 
T1CD4 000:000.719 JLINK_GetDLLVersion()
T1CD4 000:000.733 - 0.013ms returns 81203
T1CD4 000:002.831 JLINK_OpenEx(...)
T1CD4 000:009.575   Firmware: J-Link V9 compiled May  7 2021 16:26:12
T1CD4 000:010.199   Firmware: J-Link V9 compiled May  7 2021 16:26:12
T1CD4 000:010.317   Decompressing FW timestamp took 89 us
T1CD4 000:016.060   Hardware: V9.60
T1CD4 000:016.101   S/N: 69660718
T1CD4 000:016.120   OEM: SEGGER
T1CD4 000:016.216   Feature(s): RDI, GDB, FlashDL, FlashBP, JFlash
T1CD4 000:016.759   Bootloader: (FW returned invalid version)
T1CD4 000:017.528   TELNET listener socket opened on port 19021
T1CD4 000:017.641   WEBSRV WEBSRV_Init(): Starting webserver thread(s)
T1CD4 000:017.833   WEBSRV Webserver running on local port 19080
T1CD4 000:017.938   Looking for J-Link GUI Server exe at: C:\Users\a8456\.eclipse\com.renesas.platform_1309835749\DebugComp\RA\ARM\Segger_v8.12.3\JLinkGUIServer.exe
T1CD4 000:018.025   Looking for J-Link GUI Server exe at: C:\Program Files\SEGGER\JLink_V818\JLinkGUIServer.exe
T1CD4 000:018.062   Forking J-Link GUI Server: C:\Program Files\SEGGER\JLink_V818\JLinkGUIServer.exe
T1CD4 000:044.107   J-Link GUI Server info: "J-Link GUI server V8.18 "
T1CD4 000:047.805 - 44.961ms returns "O.K."
T1CD4 000:047.964 JLINK_TIF_Select(JLINKARM_TIF_SWD)
T1CD4 000:048.809 - 0.843ms returns 0x00
T1CD4 000:048.846 JLINK_ClrRESET()
T1CD4 000:049.351 - 0.502ms 
T1CD4 000:099.910 JLINK_SetSpeed(1500)
T1CD4 000:100.074 - 0.170ms 
T1CD4 000:100.090 JLINK_CORESIGHT_Configure(PerformTIFInit=0)
T1CD4 000:100.691 - 0.602ms returns 0
T1CD4 000:100.736 JLINK_CORESIGHT_ReadAPDPReg(DP reg 0x00)
T1CD4 000:101.389   Value=0x6BA02477
T1CD4 000:101.400 - 0.666ms returns 0
T1CD4 000:101.408 JLINK_CORESIGHT_WriteAPDPReg(DP reg 0x00, 0x0000001F)
T1CD4 000:101.700 - 0.292ms returns 0
T1CD4 000:101.707 JLINK_CORESIGHT_ReadAPDPReg(DP reg 0x00)
T1CD4 000:101.968   Value=0x6BA02477
T1CD4 000:101.977 - 0.270ms returns 0
T1CD4 000:101.984 JLINK_CORESIGHT_WriteAPDPReg(DP reg 0x02, 0x00000000)
T1CD4 000:102.256 - 0.272ms returns 0
T1CD4 000:102.263 JLINK_CORESIGHT_WriteAPDPReg(DP reg 0x01, 0x50000000)
T1CD4 000:102.512 - 0.248ms returns 0
T1CD4 000:102.522 JLINK_CORESIGHT_ReadAPDPReg(DP reg 0x01)
T1CD4 000:102.845   Value=0xD0000040
T1CD4 000:102.855 - 0.333ms returns 0
T1CD4 000:102.865 JLINK_CORESIGHT_ReadAPDPReg(DP reg 0x01)
T1CD4 000:103.166   Value=0xD0000040
T1CD4 000:103.175 - 0.310ms returns 0
T1CD4 000:103.182 JLINK_CORESIGHT_ReadAPDPReg(DP reg 0x01)
T1CD4 000:103.417   Value=0xD0000040
T1CD4 000:103.425 - 0.243ms returns 0
T1CD4 000:103.432 JLINK_CORESIGHT_ReadAPDPReg(DP reg 0x01)
T1CD4 000:103.678   Value=0xD0000040
T1CD4 000:103.692 - 0.260ms returns 0
T1CD4 000:103.700 JLINK_CORESIGHT_ReadAPDPReg(DP reg 0x01)
T1CD4 000:103.943   Value=0xD0000040
T1CD4 000:103.952 - 0.252ms returns 0
T1CD4 000:103.959 JLINK_CORESIGHT_ReadAPDPReg(DP reg 0x01)
T1CD4 000:104.167   Value=0xF0000040
T1CD4 000:104.176 - 0.216ms returns 0
T1CD4 000:104.183 JLINK_CORESIGHT_WriteAPDPReg(DP reg 0x00, 0x0000001F)
T1CD4 000:104.406 - 0.223ms returns 0
T1CD4 000:104.415 JLINK_CORESIGHT_ReadAPDPReg(DP reg 0x00)
T1CD4 000:104.670   Value=0x6BA02477
T1CD4 000:104.680 - 0.264ms returns 0
T1CD4 000:104.688 JLINK_CORESIGHT_WriteAPDPReg(DP reg 0x01, 0x54000000)
T1CD4 000:104.926 - 0.238ms returns 0
T1CD4 000:104.933 JLINK_CORESIGHT_WriteAPDPReg(DP reg 0x01, 0x50000F00)
T1CD4 000:105.263 - 0.330ms returns 0
T1CD4 000:105.271 JLINK_CORESIGHT_WriteAPDPReg(DP reg 0x02, 0x01000000)
T1CD4 000:105.594 - 0.323ms returns 0
T1CD4 000:105.601 JLINK_CORESIGHT_WriteAPDPReg(AP reg 0x00, 0x80000002)
T1CD4 000:105.925 - 0.324ms returns 0
T1CD4 000:105.935 JLINK_CORESIGHT_WriteAPDPReg(AP reg 0x01, 0x80011100)
T1CD4 000:106.211 - 0.276ms returns 0
T1CD4 000:106.221 JLINK_CORESIGHT_WriteAPDPReg(AP reg 0x03, 0x000000A5)
T1CD4 000:106.468 - 0.247ms returns 0
T1CD4 000:106.476 JLINK_CORESIGHT_WriteAPDPReg(AP reg 0x00, 0x80000002)
T1CD4 000:106.800 - 0.324ms returns 0
T1CD4 000:106.809 JLINK_CORESIGHT_WriteAPDPReg(AP reg 0x01, 0x80011100)
T1CD4 000:107.043 - 0.234ms returns 0
T1CD4 000:107.051 JLINK_CORESIGHT_ReadAPDPReg(AP reg 0x03)
T1CD4 000:107.379   Value=0x000000A5
T1CD4 000:107.388 - 0.336ms returns 0
T1CD4 000:107.395 JLINK_ClrTMS()
T1CD4 000:107.432 - 0.037ms 
T1CD4 000:113.109 JLINK_SetTCK()
T1CD4 000:113.207 - 0.097ms returns 0
T1CD4 000:119.056 JLINK_SetRESET()
T1CD4 000:119.119 - 0.063ms 
T1CD4 000:319.263 JLINK_CORESIGHT_WriteAPDPReg(AP reg 0x00, 0x80000002)
T1CD4 000:319.626 - 0.363ms returns 0
T1CD4 000:319.649 JLINK_CORESIGHT_WriteAPDPReg(AP reg 0x01, 0x80011100)
T1CD4 000:319.941 - 0.292ms returns 0
T1CD4 000:319.949 JLINK_CORESIGHT_ReadAPDPReg(AP reg 0x03)
T1CD4 000:320.302   Value=0x00000000
T1CD4 000:320.312 - 0.363ms returns 0
T1CD4 000:320.320 JLINK_CORESIGHT_WriteAPDPReg(AP reg 0x00, 0x80000002)
T1CD4 000:320.587 - 0.267ms returns 0
T1CD4 000:320.594 JLINK_CORESIGHT_WriteAPDPReg(AP reg 0x01, 0x80011140)
T1CD4 000:320.855 - 0.261ms returns 0
T1CD4 000:320.863 JLINK_CORESIGHT_ReadAPDPReg(AP reg 0x03)
T1CD4 000:321.170   Value=0x00000002
T1CD4 000:321.188 - 0.324ms returns 0
T1CD4 000:321.197 JLINK_CORESIGHT_WriteAPDPReg(AP reg 0x00, 0x80000002)
T1CD4 000:321.441 - 0.244ms returns 0
T1CD4 000:321.454 JLINK_CORESIGHT_WriteAPDPReg(AP reg 0x01, 0x80011120)
T1CD4 000:321.702 - 0.248ms returns 0
T1CD4 000:321.710 JLINK_CORESIGHT_WriteAPDPReg(AP reg 0x03, 0x00000055)
T1CD4 000:322.032 - 0.323ms returns 0
T1CD4 000:322.041 JLINK_CORESIGHT_WriteAPDPReg(AP reg 0x00, 0x80000002)
T1CD4 000:322.253 - 0.212ms returns 0
T1CD4 000:322.261 JLINK_CORESIGHT_WriteAPDPReg(AP reg 0x01, 0x80011140)
T1CD4 000:322.511 - 0.250ms returns 0
T1CD4 000:322.519 JLINK_CORESIGHT_ReadAPDPReg(AP reg 0x03)
T1CD4 000:322.928   Value=0x00000000
T1CD4 000:322.938 - 0.419ms returns 0
T1CD4 000:322.946 JLINK_CORESIGHT_WriteAPDPReg(AP reg 0x00, 0x80000002)
T1CD4 000:323.167 - 0.221ms returns 0
T1CD4 000:323.174 JLINK_CORESIGHT_WriteAPDPReg(AP reg 0x01, 0x80011130)
T1CD4 000:323.491 - 0.317ms returns 0
T1CD4 000:323.498 JLINK_CORESIGHT_ReadAPDPReg(AP reg 0x03)
T1CD4 000:323.912   Value=0x000000C6
T1CD4 000:323.920 - 0.422ms returns 0
T1CD4 000:323.936 JLINK_CORESIGHT_WriteAPDPReg(AP reg 0x00, 0x80000002)
T1CD4 000:324.167 - 0.230ms returns 0
T1CD4 000:324.183 JLINK_CORESIGHT_WriteAPDPReg(AP reg 0x01, 0x80011140)
T1CD4 000:324.406 - 0.224ms returns 0
T1CD4 000:324.416 JLINK_CORESIGHT_ReadAPDPReg(AP reg 0x03)
T1CD4 000:324.753   Value=0x00000002
T1CD4 000:324.762 - 0.346ms returns 0
T1CD4 000:324.769 JLINK_CORESIGHT_WriteAPDPReg(AP reg 0x00, 0x80000002)
T1CD4 000:325.012 - 0.242ms returns 0
T1CD4 000:325.021 JLINK_CORESIGHT_WriteAPDPReg(AP reg 0x01, 0x80011120)
T1CD4 000:325.254 - 0.233ms returns 0
T1CD4 000:325.261 JLINK_CORESIGHT_WriteAPDPReg(AP reg 0x03, 0x3A010001)
T1CD4 000:325.511 - 0.250ms returns 0
T1CD4 000:325.519 JLINK_CORESIGHT_WriteAPDPReg(AP reg 0x00, 0x80000002)
T1CD4 000:325.844 - 0.325ms returns 0
T1CD4 000:325.862 JLINK_CORESIGHT_WriteAPDPReg(AP reg 0x01, 0x80011140)
T1CD4 000:326.168 - 0.306ms returns 0
T1CD4 000:326.179 JLINK_CORESIGHT_ReadAPDPReg(AP reg 0x03)
T1CD4 000:326.487   Value=0x00000002
T1CD4 000:326.496 - 0.316ms returns 0
T1CD4 000:326.503 JLINK_CORESIGHT_WriteAPDPReg(AP reg 0x00, 0x80000002)
T1CD4 000:326.744 - 0.241ms returns 0
T1CD4 000:326.751 JLINK_CORESIGHT_WriteAPDPReg(AP reg 0x01, 0x80011120)
T1CD4 000:327.087 - 0.335ms returns 0
T1CD4 000:327.096 JLINK_CORESIGHT_WriteAPDPReg(AP reg 0x03, 0x000003C5)
T1CD4 000:327.344 - 0.249ms returns 0
T1CD4 000:327.352 JLINK_CORESIGHT_WriteAPDPReg(AP reg 0x00, 0x80000002)
T1CD4 000:327.612 - 0.259ms returns 0
T1CD4 000:327.619 JLINK_CORESIGHT_WriteAPDPReg(AP reg 0x01, 0x80011140)
T1CD4 000:327.869 - 0.250ms returns 0
T1CD4 000:327.908 JLINK_CORESIGHT_ReadAPDPReg(AP reg 0x03)
T1CD4 000:328.221   Value=0x00000002
T1CD4 000:328.229 - 0.321ms returns 0
T1CD4 000:328.236 JLINK_CORESIGHT_ReadAPDPReg(AP reg 0x03)
T1CD4 000:328.530   Value=0x00000000
T1CD4 000:328.538 - 0.302ms returns 0
T1CD4 000:328.545 JLINK_CORESIGHT_WriteAPDPReg(AP reg 0x00, 0x80000002)
T1CD4 000:328.792 - 0.247ms returns 0
T1CD4 000:328.800 JLINK_CORESIGHT_WriteAPDPReg(AP reg 0x01, 0x80011130)
T1CD4 000:329.051 - 0.251ms returns 0
T1CD4 000:329.059 JLINK_CORESIGHT_ReadAPDPReg(AP reg 0x03)
T1CD4 000:329.497   Value=0x3A2A0081
T1CD4 000:329.527 - 0.467ms returns 0
T1CD4 000:329.542 JLINK_CORESIGHT_WriteAPDPReg(AP reg 0x00, 0x80000002)
T1CD4 000:329.836 - 0.294ms returns 0
T1CD4 000:329.869 JLINK_CORESIGHT_WriteAPDPReg(AP reg 0x01, 0x80011140)
T1CD4 000:330.169 - 0.299ms returns 0
T1CD4 000:330.183 JLINK_CORESIGHT_ReadAPDPReg(AP reg 0x03)
T1CD4 000:330.532   Value=0x00000000
T1CD4 000:330.548 - 0.364ms returns 0
T1CD4 000:330.557 JLINK_CORESIGHT_WriteAPDPReg(AP reg 0x00, 0x80000002)
T1CD4 000:330.805 - 0.247ms returns 0
T1CD4 000:330.813 JLINK_CORESIGHT_WriteAPDPReg(AP reg 0x01, 0x80011130)
T1CD4 000:331.169 - 0.356ms returns 0
T1CD4 000:331.186 JLINK_CORESIGHT_ReadAPDPReg(AP reg 0x03)
T1CD4 000:331.492   Value=0x80841E00
T1CD4 000:331.500 - 0.314ms returns 0
T1CD4 000:331.508 JLINK_CORESIGHT_WriteAPDPReg(AP reg 0x00, 0x80000002)
T1CD4 000:331.754 - 0.246ms returns 0
T1CD4 000:331.763 JLINK_CORESIGHT_WriteAPDPReg(AP reg 0x01, 0x80011140)
T1CD4 000:332.011 - 0.248ms returns 0
T1CD4 000:332.020 JLINK_CORESIGHT_ReadAPDPReg(AP reg 0x03)
T1CD4 000:332.340   Value=0x00000000
T1CD4 000:332.352 - 0.332ms returns 0
T1CD4 000:332.360 JLINK_CORESIGHT_WriteAPDPReg(AP reg 0x00, 0x80000002)
T1CD4 000:332.611 - 0.250ms returns 0
T1CD4 000:332.619 JLINK_CORESIGHT_WriteAPDPReg(AP reg 0x01, 0x80011130)
T1CD4 000:332.868 - 0.249ms returns 0
T1CD4 000:332.876 JLINK_CORESIGHT_ReadAPDPReg(AP reg 0x03)
T1CD4 000:333.218   Value=0x000D0803
T1CD4 000:333.227 - 0.350ms returns 0
T1CD4 000:333.234 JLINK_CORESIGHT_WriteAPDPReg(AP reg 0x00, 0x80000002)
T1CD4 000:333.485 - 0.251ms returns 0
T1CD4 000:333.493 JLINK_CORESIGHT_WriteAPDPReg(AP reg 0x01, 0x80011140)
T1CD4 000:333.816 - 0.323ms returns 0
T1CD4 000:333.824 JLINK_CORESIGHT_ReadAPDPReg(AP reg 0x03)
T1CD4 000:334.259   Value=0x00000000
T1CD4 000:334.269 - 0.445ms returns 0
T1CD4 000:334.278 JLINK_CORESIGHT_WriteAPDPReg(AP reg 0x00, 0x80000002)
T1CD4 000:334.517 - 0.239ms returns 0
T1CD4 000:334.525 JLINK_CORESIGHT_WriteAPDPReg(AP reg 0x01, 0x80011130)
T1CD4 000:334.849 - 0.325ms returns 0
T1CD4 000:334.857 JLINK_CORESIGHT_ReadAPDPReg(AP reg 0x03)
T1CD4 000:335.167   Value=0x31574B02
T1CD4 000:335.175 - 0.317ms returns 0
T1CD4 000:335.182 JLINK_CORESIGHT_WriteAPDPReg(AP reg 0x00, 0x80000002)
T1CD4 000:335.417 - 0.235ms returns 0
T1CD4 000:335.425 JLINK_CORESIGHT_WriteAPDPReg(AP reg 0x01, 0x80011140)
T1CD4 000:335.667 - 0.242ms returns 0
T1CD4 000:335.675 JLINK_CORESIGHT_ReadAPDPReg(AP reg 0x03)
T1CD4 000:336.078   Value=0x00000000
T1CD4 000:336.086 - 0.411ms returns 0
T1CD4 000:336.093 JLINK_CORESIGHT_WriteAPDPReg(AP reg 0x00, 0x80000002)
T1CD4 000:336.383 - 0.290ms returns 0
T1CD4 000:336.394 JLINK_CORESIGHT_WriteAPDPReg(AP reg 0x01, 0x80011130)
T1CD4 000:336.640 - 0.246ms returns 0
T1CD4 000:336.649 JLINK_CORESIGHT_ReadAPDPReg(AP reg 0x03)
T1CD4 000:337.049   Value=0x333A7674
T1CD4 000:337.058 - 0.409ms returns 0
T1CD4 000:337.065 JLINK_CORESIGHT_WriteAPDPReg(AP reg 0x00, 0x80000002)
T1CD4 000:337.362 - 0.297ms returns 0
T1CD4 000:337.372 JLINK_CORESIGHT_WriteAPDPReg(AP reg 0x01, 0x80011140)
T1CD4 000:337.620 - 0.248ms returns 0
T1CD4 000:337.629 JLINK_CORESIGHT_ReadAPDPReg(AP reg 0x03)
T1CD4 000:337.988   Value=0x00000000
T1CD4 000:338.004 - 0.374ms returns 0
T1CD4 000:338.013 JLINK_CORESIGHT_WriteAPDPReg(AP reg 0x00, 0x80000002)
T1CD4 000:338.270 - 0.256ms returns 0
T1CD4 000:338.299 JLINK_CORESIGHT_WriteAPDPReg(AP reg 0x01, 0x80011130)
T1CD4 000:338.580 - 0.281ms returns 0
T1CD4 000:338.606 JLINK_CORESIGHT_ReadAPDPReg(AP reg 0x03)
T1CD4 000:338.950   Value=0x30383334
T1CD4 000:338.968 - 0.361ms returns 0
T1CD4 000:338.982 JLINK_CORESIGHT_WriteAPDPReg(AP reg 0x00, 0x80000002)
T1CD4 000:339.215 - 0.233ms returns 0
T1CD4 000:339.236 JLINK_CORESIGHT_WriteAPDPReg(AP reg 0x01, 0x80011140)
T1CD4 000:339.516 - 0.279ms returns 0
T1CD4 000:339.539 JLINK_CORESIGHT_ReadAPDPReg(AP reg 0x03)
T1CD4 000:339.868   Value=0x00000000
T1CD4 000:339.887 - 0.348ms returns 0
T1CD4 000:339.901 JLINK_CORESIGHT_WriteAPDPReg(AP reg 0x00, 0x80000002)
T1CD4 000:340.169 - 0.268ms returns 0
T1CD4 000:340.192 JLINK_CORESIGHT_WriteAPDPReg(AP reg 0x01, 0x80011130)
T1CD4 000:340.451 - 0.260ms returns 0
T1CD4 000:340.467 JLINK_CORESIGHT_ReadAPDPReg(AP reg 0x03)
T1CD4 000:340.803   Value=0x11103130
T1CD4 000:340.820 - 0.352ms returns 0
T1CD4 000:340.834 JLINK_CORESIGHT_WriteAPDPReg(AP reg 0x00, 0x80000002)
T1CD4 000:341.072 - 0.238ms returns 0
T1CD4 000:341.088 JLINK_CORESIGHT_WriteAPDPReg(AP reg 0x01, 0x80011140)
T1CD4 000:341.353 - 0.264ms returns 0
T1CD4 000:341.375 JLINK_CORESIGHT_ReadAPDPReg(AP reg 0x03)
T1CD4 000:341.717   Value=0x00000000
T1CD4 000:341.735 - 0.359ms returns 0
T1CD4 000:341.749 JLINK_CORESIGHT_WriteAPDPReg(AP reg 0x00, 0x80000002)
T1CD4 000:341.977 - 0.227ms returns 0
T1CD4 000:342.000 JLINK_CORESIGHT_WriteAPDPReg(AP reg 0x01, 0x80011130)
T1CD4 000:342.258 - 0.258ms returns 0
T1CD4 000:342.279 JLINK_CORESIGHT_ReadAPDPReg(AP reg 0x03)
T1CD4 000:342.632   Value=0x4637520E
T1CD4 000:342.644 - 0.364ms returns 0
T1CD4 000:342.653 JLINK_CORESIGHT_WriteAPDPReg(AP reg 0x00, 0x80000002)
T1CD4 000:342.903 - 0.250ms returns 0
T1CD4 000:342.912 JLINK_CORESIGHT_WriteAPDPReg(AP reg 0x01, 0x80011140)
T1CD4 000:343.169 - 0.257ms returns 0
T1CD4 000:343.178 JLINK_CORESIGHT_ReadAPDPReg(AP reg 0x03)
T1CD4 000:343.511   Value=0x00000000
T1CD4 000:343.520 - 0.341ms returns 0
T1CD4 000:343.528 JLINK_CORESIGHT_WriteAPDPReg(AP reg 0x00, 0x80000002)
T1CD4 000:343.778 - 0.250ms returns 0
T1CD4 000:343.786 JLINK_CORESIGHT_WriteAPDPReg(AP reg 0x01, 0x80011130)
T1CD4 000:344.036 - 0.250ms returns 0
T1CD4 000:344.044 JLINK_CORESIGHT_ReadAPDPReg(AP reg 0x03)
T1CD4 000:344.346   Value=0x314C3441
T1CD4 000:344.355 - 0.311ms returns 0
T1CD4 000:344.363 JLINK_CORESIGHT_WriteAPDPReg(AP reg 0x00, 0x80000002)
T1CD4 000:344.588 - 0.225ms returns 0
T1CD4 000:344.596 JLINK_CORESIGHT_WriteAPDPReg(AP reg 0x01, 0x80011140)
T1CD4 000:344.921 - 0.325ms returns 0
T1CD4 000:344.929 JLINK_CORESIGHT_ReadAPDPReg(AP reg 0x03)
T1CD4 000:345.347   Value=0x00000000
T1CD4 000:345.356 - 0.427ms returns 0
T1CD4 000:345.365 JLINK_CORESIGHT_WriteAPDPReg(AP reg 0x00, 0x80000002)
T1CD4 000:345.611 - 0.246ms returns 0
T1CD4 000:345.619 JLINK_CORESIGHT_WriteAPDPReg(AP reg 0x01, 0x80011130)
T1CD4 000:346.773 - 1.152ms returns 0
T1CD4 000:346.812 JLINK_CORESIGHT_ReadAPDPReg(AP reg 0x03)
T1CD4 000:347.172   Value=0x43344442
T1CD4 000:347.204 - 0.391ms returns 0
T1CD4 000:347.214 JLINK_CORESIGHT_WriteAPDPReg(AP reg 0x00, 0x80000002)
T1CD4 000:347.477 - 0.262ms returns 0
T1CD4 000:347.503 JLINK_CORESIGHT_WriteAPDPReg(AP reg 0x01, 0x80011140)
T1CD4 000:347.754 - 0.251ms returns 0
T1CD4 000:347.763 JLINK_CORESIGHT_ReadAPDPReg(AP reg 0x03)
T1CD4 000:348.167   Value=0x00000000
T1CD4 000:348.178 - 0.414ms returns 0
T1CD4 000:348.187 JLINK_CORESIGHT_WriteAPDPReg(AP reg 0x00, 0x80000002)
T1CD4 000:348.425 - 0.238ms returns 0
T1CD4 000:348.433 JLINK_CORESIGHT_WriteAPDPReg(AP reg 0x01, 0x80011130)
T1CD4 000:348.667 - 0.233ms returns 0
T1CD4 000:348.675 JLINK_CORESIGHT_ReadAPDPReg(AP reg 0x03)
T1CD4 000:349.167   Value=0x20205046
T1CD4 000:349.177 - 0.501ms returns 0
T1CD4 000:349.185 JLINK_CORESIGHT_WriteAPDPReg(AP reg 0x00, 0x80000002)
T1CD4 000:349.417 - 0.233ms returns 0
T1CD4 000:349.425 JLINK_CORESIGHT_WriteAPDPReg(AP reg 0x01, 0x80011140)
T1CD4 000:349.672 - 0.245ms returns 0
T1CD4 000:349.698 JLINK_CORESIGHT_ReadAPDPReg(AP reg 0x03)
T1CD4 000:350.018   Value=0x00000000
T1CD4 000:350.064 - 0.367ms returns 0
T1CD4 000:350.073 JLINK_CORESIGHT_WriteAPDPReg(AP reg 0x00, 0x80000002)
T1CD4 000:350.353 - 0.280ms returns 0
T1CD4 000:350.361 JLINK_CORESIGHT_WriteAPDPReg(AP reg 0x01, 0x80011130)
T1CD4 000:350.617 - 0.255ms returns 0
T1CD4 000:350.627 JLINK_CORESIGHT_ReadAPDPReg(AP reg 0x03)
T1CD4 000:350.964   Value=0x00032320
T1CD4 000:350.973 - 0.346ms returns 0
T1CD4 000:351.038 JLINK_CORESIGHT_WriteAPDPReg(AP reg 0x00, 0x80000002)
T1CD4 000:351.255 - 0.217ms returns 0
T1CD4 000:351.263 JLINK_CORESIGHT_WriteAPDPReg(AP reg 0x01, 0x80011140)
T1CD4 000:351.587 - 0.324ms returns 0
T1CD4 000:351.597 JLINK_CORESIGHT_ReadAPDPReg(AP reg 0x03)
T1CD4 000:351.930   Value=0x00000002
T1CD4 000:351.938 - 0.341ms returns 0
T1CD4 000:351.946 JLINK_CORESIGHT_WriteAPDPReg(AP reg 0x00, 0x80000002)
T1CD4 000:352.167 - 0.221ms returns 0
T1CD4 000:352.174 JLINK_CORESIGHT_WriteAPDPReg(AP reg 0x01, 0x80011120)
T1CD4 000:352.492 - 0.317ms returns 0
T1CD4 000:352.500 JLINK_CORESIGHT_WriteAPDPReg(AP reg 0x03, 0x2C010001)
T1CD4 000:352.825 - 0.325ms returns 0
T1CD4 000:352.833 JLINK_CORESIGHT_WriteAPDPReg(AP reg 0x00, 0x80000002)
T1CD4 000:353.049 - 0.216ms returns 0
T1CD4 000:353.056 JLINK_CORESIGHT_WriteAPDPReg(AP reg 0x01, 0x80011140)
T1CD4 000:353.362 - 0.306ms returns 0
T1CD4 000:353.370 JLINK_CORESIGHT_ReadAPDPReg(AP reg 0x03)
T1CD4 000:353.710   Value=0x00000002
T1CD4 000:353.720 - 0.350ms returns 0
T1CD4 000:353.727 JLINK_CORESIGHT_WriteAPDPReg(AP reg 0x00, 0x80000002)
T1CD4 000:353.969 - 0.242ms returns 0
T1CD4 000:353.977 JLINK_CORESIGHT_WriteAPDPReg(AP reg 0x01, 0x80011120)
T1CD4 000:354.294 - 0.317ms returns 0
T1CD4 000:354.303 JLINK_CORESIGHT_WriteAPDPReg(AP reg 0x03, 0x000003D3)
T1CD4 000:354.551 - 0.247ms returns 0
T1CD4 000:354.575 JLINK_CORESIGHT_WriteAPDPReg(AP reg 0x00, 0x80000002)
T1CD4 000:354.850 - 0.275ms returns 0
T1CD4 000:354.865 JLINK_CORESIGHT_WriteAPDPReg(AP reg 0x01, 0x80011140)
T1CD4 000:355.171 - 0.306ms returns 0
T1CD4 000:355.186 JLINK_CORESIGHT_ReadAPDPReg(AP reg 0x03)
T1CD4 000:355.532   Value=0x00000000
T1CD4 000:355.555 - 0.369ms returns 0
T1CD4 000:355.569 JLINK_CORESIGHT_WriteAPDPReg(AP reg 0x00, 0x80000002)
T1CD4 000:355.815 - 0.247ms returns 0
T1CD4 000:355.830 JLINK_CORESIGHT_WriteAPDPReg(AP reg 0x01, 0x80011130)
T1CD4 000:356.058 - 0.227ms returns 0
T1CD4 000:356.079 JLINK_CORESIGHT_ReadAPDPReg(AP reg 0x03)
T1CD4 000:356.430   Value=0x2C020081
T1CD4 000:356.456 - 0.377ms returns 0
T1CD4 000:356.464 JLINK_CORESIGHT_WriteAPDPReg(AP reg 0x00, 0x80000002)
T1CD4 000:356.693 - 0.228ms returns 0
T1CD4 000:356.700 JLINK_CORESIGHT_WriteAPDPReg(AP reg 0x01, 0x80011140)
T1CD4 000:356.950 - 0.250ms returns 0
T1CD4 000:356.958 JLINK_CORESIGHT_ReadAPDPReg(AP reg 0x03)
T1CD4 000:357.380   Value=0x00000000
T1CD4 000:357.388 - 0.430ms returns 0
T1CD4 000:357.395 JLINK_CORESIGHT_WriteAPDPReg(AP reg 0x00, 0x80000002)
T1CD4 000:357.654 - 0.258ms returns 0
T1CD4 000:357.662 JLINK_CORESIGHT_WriteAPDPReg(AP reg 0x01, 0x80011130)
T1CD4 000:357.911 - 0.249ms returns 0
T1CD4 000:357.919 JLINK_CORESIGHT_ReadAPDPReg(AP reg 0x03)
T1CD4 000:358.220   Value=0x0003D002
T1CD4 000:358.229 - 0.310ms returns 0
T1CD4 000:358.239 JLINK_CORESIGHT_WriteAPDPReg(AP reg 0x00, 0x80000002)
T1CD4 000:358.488 - 0.249ms returns 0
T1CD4 000:358.497 JLINK_CORESIGHT_WriteAPDPReg(AP reg 0x01, 0x80011140)
T1CD4 000:358.821 - 0.325ms returns 0
T1CD4 000:358.829 JLINK_CORESIGHT_ReadAPDPReg(AP reg 0x03)
T1CD4 000:359.259   Value=0x00000002
T1CD4 000:359.268 - 0.439ms returns 0
T1CD4 000:359.275 JLINK_CORESIGHT_WriteAPDPReg(AP reg 0x00, 0x80000002)
T1CD4 000:359.519 - 0.243ms returns 0
T1CD4 000:359.528 JLINK_CORESIGHT_WriteAPDPReg(AP reg 0x01, 0x80011120)
T1CD4 000:359.800 - 0.272ms returns 0
T1CD4 000:359.808 JLINK_CORESIGHT_WriteAPDPReg(AP reg 0x03, 0x4F010001)
T1CD4 000:360.039 - 0.231ms returns 0
T1CD4 000:360.046 JLINK_CORESIGHT_WriteAPDPReg(AP reg 0x00, 0x80000002)
T1CD4 000:360.358 - 0.312ms returns 0
T1CD4 000:360.367 JLINK_CORESIGHT_WriteAPDPReg(AP reg 0x01, 0x80011140)
T1CD4 000:360.637 - 0.270ms returns 0
T1CD4 000:360.647 JLINK_CORESIGHT_ReadAPDPReg(AP reg 0x03)
T1CD4 000:360.990   Value=0x00000002
T1CD4 000:360.999 - 0.352ms returns 0
T1CD4 000:361.006 JLINK_CORESIGHT_WriteAPDPReg(AP reg 0x00, 0x80000002)
T1CD4 000:361.254 - 0.248ms returns 0
T1CD4 000:361.263 JLINK_CORESIGHT_WriteAPDPReg(AP reg 0x01, 0x80011120)
T1CD4 000:361.512 - 0.249ms returns 0
T1CD4 000:361.519 JLINK_CORESIGHT_WriteAPDPReg(AP reg 0x03, 0x000003B0)
T1CD4 000:361.843 - 0.324ms returns 0
T1CD4 000:361.850 JLINK_CORESIGHT_WriteAPDPReg(AP reg 0x00, 0x80000002)
T1CD4 000:362.167 - 0.316ms returns 0
T1CD4 000:362.175 JLINK_CORESIGHT_WriteAPDPReg(AP reg 0x01, 0x80011140)
T1CD4 000:362.417 - 0.241ms returns 0
T1CD4 000:362.425 JLINK_CORESIGHT_ReadAPDPReg(AP reg 0x03)
T1CD4 000:362.873   Value=0x00000000
T1CD4 000:362.905 - 0.480ms returns 0
T1CD4 000:362.922 JLINK_CORESIGHT_WriteAPDPReg(AP reg 0x00, 0x80000002)
T1CD4 000:363.217 - 0.294ms returns 0
T1CD4 000:363.258 JLINK_CORESIGHT_WriteAPDPReg(AP reg 0x01, 0x80011130)
T1CD4 000:363.534 - 0.276ms returns 0
T1CD4 000:363.554 JLINK_CORESIGHT_ReadAPDPReg(AP reg 0x03)
T1CD4 000:363.891   Value=0x4F0B0081
T1CD4 000:363.908 - 0.354ms returns 0
T1CD4 000:363.921 JLINK_CORESIGHT_WriteAPDPReg(AP reg 0x00, 0x80000002)
T1CD4 000:364.206 - 0.285ms returns 0
T1CD4 000:364.229 JLINK_CORESIGHT_WriteAPDPReg(AP reg 0x01, 0x80011140)
T1CD4 000:364.496 - 0.267ms returns 0
T1CD4 000:364.512 JLINK_CORESIGHT_ReadAPDPReg(AP reg 0x03)
T1CD4 000:364.848   Value=0x00000000
T1CD4 000:364.866 - 0.353ms returns 0
T1CD4 000:364.874 JLINK_CORESIGHT_WriteAPDPReg(AP reg 0x00, 0x80000002)
T1CD4 000:365.167 - 0.293ms returns 0
T1CD4 000:365.177 JLINK_CORESIGHT_WriteAPDPReg(AP reg 0x01, 0x80011130)
T1CD4 000:365.431 - 0.254ms returns 0
T1CD4 000:365.440 JLINK_CORESIGHT_ReadAPDPReg(AP reg 0x03)
T1CD4 000:365.740   Value=0x20001400
T1CD4 000:365.749 - 0.309ms returns 0
T1CD4 000:365.756 JLINK_CORESIGHT_WriteAPDPReg(AP reg 0x00, 0x80000002)
T1CD4 000:366.007 - 0.251ms returns 0
T1CD4 000:366.014 JLINK_CORESIGHT_WriteAPDPReg(AP reg 0x01, 0x80011140)
T1CD4 000:366.344 - 0.329ms returns 0
T1CD4 000:366.353 JLINK_CORESIGHT_ReadAPDPReg(AP reg 0x03)
T1CD4 000:366.697   Value=0x00000000
T1CD4 000:366.705 - 0.352ms returns 0
T1CD4 000:366.713 JLINK_CORESIGHT_WriteAPDPReg(AP reg 0x00, 0x80000002)
T1CD4 000:366.964 - 0.251ms returns 0
T1CD4 000:366.971 JLINK_CORESIGHT_WriteAPDPReg(AP reg 0x01, 0x80011130)
T1CD4 000:367.243 - 0.270ms returns 0
T1CD4 000:367.267 JLINK_CORESIGHT_ReadAPDPReg(AP reg 0x03)
T1CD4 000:367.621   Value=0x0B000000
T1CD4 000:367.633 - 0.366ms returns 0
T1CD4 000:367.641 JLINK_CORESIGHT_WriteAPDPReg(AP reg 0x00, 0x80000002)
T1CD4 000:367.885 - 0.244ms returns 0
T1CD4 000:367.892 JLINK_CORESIGHT_WriteAPDPReg(AP reg 0x01, 0x80011140)
T1CD4 000:368.167 - 0.274ms returns 0
T1CD4 000:368.177 JLINK_CORESIGHT_ReadAPDPReg(AP reg 0x03)
T1CD4 000:368.486   Value=0x00000000
T1CD4 000:368.495 - 0.318ms returns 0
T1CD4 000:368.502 JLINK_CORESIGHT_WriteAPDPReg(AP reg 0x00, 0x80000002)
T1CD4 000:368.744 - 0.242ms returns 0
T1CD4 000:368.751 JLINK_CORESIGHT_WriteAPDPReg(AP reg 0x01, 0x80011130)
T1CD4 000:369.092 - 0.340ms returns 0
T1CD4 000:369.114 JLINK_CORESIGHT_ReadAPDPReg(AP reg 0x03)
T1CD4 000:369.474   Value=0x03571000
T1CD4 000:369.485 - 0.371ms returns 0
T1CD4 000:369.552 JLINK_CORESIGHT_ReadAPDPReg(DP reg 0x01)
T1CD4 000:369.797   Value=0xF0000F40
T1CD4 000:369.805 - 0.252ms returns 0
T1CD4 000:369.812 JLINK_CORESIGHT_WriteAPDPReg(DP reg 0x01, 0xA0000F40)
T1CD4 000:370.055 - 0.243ms returns 0
T1CD4 000:370.062 JLINK_CORESIGHT_ReadAPDPReg(DP reg 0x01)
T1CD4 000:370.382   Value=0x00000F40
T1CD4 000:370.392 - 0.330ms returns 0
T1CD4 000:370.400 JLINK_ClrRESET()
T1CD4 000:370.844 - 0.443ms 
T1CD4 000:472.719 JLINK_Close()
T1CD4 000:485.312 - 12.592ms
T1CD4 000:485.342   
T1CD4 000:485.385   Closed
