T9F38 000:000.591   SEGGER J-Link V8.12c Log File
T9F38 000:000.801   DLL Compiled: Jan 22 2025 12:55:59
T9F38 000:000.811   Logging started @ 2025-03-08 13:19
T9F38 000:000.820   Process: C:\Users\a8456\.eclipse\com.renesas.platform_1309835749\DebugComp\RA\e2-server-gdb.exe
T9F38 000:000.839 - 0.828ms 
T9F38 000:000.858 JLINK_GetDLLVersion()
T9F38 000:000.869 - 0.009ms returns 81203
T9F38 000:005.420 JLINK_OpenEx(...)
T9F38 000:013.325   Firmware: J-Link V9 compiled May  7 2021 16:26:12
T9F38 000:013.917   Firmware: J-Link V9 compiled May  7 2021 16:26:12
T9F38 000:014.071   Decompressing FW timestamp took 106 us
T9F38 000:019.662   Hardware: V9.60
T9F38 000:019.730   S/N: 69660718
T9F38 000:019.739   OEM: SEGGER
T9F38 000:019.748   Feature(s): RDI, GDB, FlashDL, FlashBP, JFlash
T9F38 000:021.258   Bootloader: (FW returned invalid version)
T9F38 000:022.194   TELNET listener socket opened on port 19021
T9F38 000:022.612   WEBSRV WEBSRV_Init(): Starting webserver thread(s)
T9F38 000:022.900   WEBSRV Webserver running on local port 19080
T9F38 000:023.125   Looking for J-Link GUI Server exe at: C:\Users\a8456\.eclipse\com.renesas.platform_1309835749\DebugComp\RA\ARM\Segger_v8.12.3\JLinkGUIServer.exe
T9F38 000:023.261   Looking for J-Link GUI Server exe at: C:\Program Files\SEGGER\JLink_V818\JLinkGUIServer.exe
T9F38 000:023.309   Forking J-Link GUI Server: C:\Program Files\SEGGER\JLink_V818\JLinkGUIServer.exe
T9F38 000:058.875   J-Link GUI Server info: "J-Link GUI server V8.18 "
T9F38 000:067.112 - 61.682ms returns "O.K."
T9F38 000:067.505 JLINK_TIF_Select(JLINKARM_TIF_SWD)
T9F38 000:068.138 - 0.635ms returns 0x00
T9F38 000:068.169 JLINK_ClrRESET()
T9F38 000:068.339 - 0.169ms 
T9F38 000:118.465 JLINK_SetSpeed(1500)
T9F38 000:118.697 - 0.258ms 
T9F38 000:118.733 JLINK_CORESIGHT_Configure(PerformTIFInit=0)
T9F38 000:119.109 - 0.381ms returns 0
T9F38 000:119.200 JLINK_CORESIGHT_ReadAPDPReg(DP reg 0x00)
T9F38 000:119.429   Value=0x6BA02477
T9F38 000:119.454 - 0.257ms returns 0
T9F38 000:119.467 JLINK_CORESIGHT_WriteAPDPReg(DP reg 0x00, 0x0000001F)
T9F38 000:119.671 - 0.202ms returns 0
T9F38 000:119.689 JLINK_CORESIGHT_ReadAPDPReg(DP reg 0x00)
T9F38 000:119.865   Value=0x6BA02477
T9F38 000:119.877 - 0.188ms returns 0
T9F38 000:119.887 JLINK_CORESIGHT_WriteAPDPReg(DP reg 0x02, 0x00000000)
T9F38 000:120.073 - 0.186ms returns 0
T9F38 000:120.092 JLINK_CORESIGHT_WriteAPDPReg(DP reg 0x01, 0x50000000)
T9F38 000:120.260 - 0.168ms returns 0
T9F38 000:120.282 JLINK_CORESIGHT_ReadAPDPReg(DP reg 0x01)
T9F38 000:120.442   Value=0xD0000040
T9F38 000:120.454 - 0.172ms returns 0
T9F38 000:120.468 JLINK_CORESIGHT_ReadAPDPReg(DP reg 0x01)
T9F38 000:120.633   Value=0xF0000040
T9F38 000:120.651 - 0.183ms returns 0
T9F38 000:120.660 JLINK_CORESIGHT_WriteAPDPReg(DP reg 0x00, 0x0000001F)
T9F38 000:120.825 - 0.165ms returns 0
T9F38 000:120.843 JLINK_CORESIGHT_ReadAPDPReg(DP reg 0x00)
T9F38 000:121.069   Value=0x6BA02477
T9F38 000:121.088 - 0.244ms returns 0
T9F38 000:121.100 JLINK_CORESIGHT_WriteAPDPReg(DP reg 0x01, 0x54000000)
T9F38 000:121.361 - 0.261ms returns 0
T9F38 000:121.375 JLINK_CORESIGHT_WriteAPDPReg(DP reg 0x01, 0x50000F00)
T9F38 000:121.590 - 0.214ms returns 0
T9F38 000:121.605 JLINK_CORESIGHT_WriteAPDPReg(DP reg 0x02, 0x01000000)
T9F38 000:121.773 - 0.168ms returns 0
T9F38 000:121.784 JLINK_CORESIGHT_WriteAPDPReg(AP reg 0x00, 0x80000002)
T9F38 000:121.948 - 0.164ms returns 0
T9F38 000:121.961 JLINK_CORESIGHT_WriteAPDPReg(AP reg 0x01, 0x80011100)
T9F38 000:122.156 - 0.195ms returns 0
T9F38 000:122.170 JLINK_CORESIGHT_WriteAPDPReg(AP reg 0x03, 0x000000A5)
T9F38 000:122.336 - 0.166ms returns 0
T9F38 000:122.349 JLINK_CORESIGHT_WriteAPDPReg(AP reg 0x00, 0x80000002)
T9F38 000:122.540 - 0.191ms returns 0
T9F38 000:122.558 JLINK_CORESIGHT_WriteAPDPReg(AP reg 0x01, 0x80011100)
T9F38 000:122.740 - 0.181ms returns 0
T9F38 000:122.756 JLINK_CORESIGHT_ReadAPDPReg(AP reg 0x03)
T9F38 000:123.036   Value=0x000000A5
T9F38 000:123.052 - 0.295ms returns 0
T9F38 000:123.061 JLINK_ClrTMS()
T9F38 000:123.111 - 0.049ms 
T9F38 000:128.527 JLINK_SetTCK()
T9F38 000:128.680 - 0.152ms returns 0
T9F38 000:133.907 JLINK_SetRESET()
T9F38 000:134.055 - 0.146ms 
T9F38 000:334.250 JLINK_CORESIGHT_WriteAPDPReg(AP reg 0x00, 0x80000002)
T9F38 000:334.532 - 0.282ms returns 0
T9F38 000:334.569 JLINK_CORESIGHT_WriteAPDPReg(AP reg 0x01, 0x80011100)
T9F38 000:334.873 - 0.304ms returns 0
T9F38 000:334.897 JLINK_CORESIGHT_ReadAPDPReg(AP reg 0x03)
T9F38 000:335.215   Value=0x000000A5
T9F38 000:335.236 - 0.339ms returns 0
T9F38 000:335.256 JLINK_ClrRESET()
T9F38 000:335.429 - 0.173ms 
T9F38 000:385.925 JLINK_SetSpeed(1500)
T9F38 000:386.053 - 0.128ms 
T9F38 000:386.071 JLINK_CORESIGHT_Configure(PerformTIFInit=0)
T9F38 000:386.452 - 0.380ms returns 0
T9F38 000:386.469 JLINK_CORESIGHT_ReadAPDPReg(DP reg 0x00)
T9F38 000:386.659   Value=0x6BA02477
T9F38 000:386.676 - 0.207ms returns 0
T9F38 000:386.685 JLINK_CORESIGHT_WriteAPDPReg(DP reg 0x00, 0x0000001F)
T9F38 000:386.858 - 0.173ms returns 0
T9F38 000:386.873 JLINK_CORESIGHT_ReadAPDPReg(DP reg 0x00)
T9F38 000:387.064   Value=0x6BA02477
T9F38 000:387.075 - 0.202ms returns 0
T9F38 000:387.083 JLINK_CORESIGHT_WriteAPDPReg(DP reg 0x02, 0x00000000)
T9F38 000:387.246 - 0.162ms returns 0
T9F38 000:387.261 JLINK_CORESIGHT_WriteAPDPReg(DP reg 0x01, 0x50000000)
T9F38 000:387.449 - 0.187ms returns 0
T9F38 000:387.467 JLINK_CORESIGHT_ReadAPDPReg(DP reg 0x01)
T9F38 000:387.671   Value=0xF0000040
T9F38 000:387.683 - 0.216ms returns 0
T9F38 000:387.692 JLINK_CORESIGHT_WriteAPDPReg(DP reg 0x00, 0x0000001F)
T9F38 000:387.908 - 0.215ms returns 0
T9F38 000:387.919 JLINK_CORESIGHT_ReadAPDPReg(DP reg 0x00)
T9F38 000:388.218   Value=0x6BA02477
T9F38 000:388.230 - 0.311ms returns 0
T9F38 000:388.239 JLINK_CORESIGHT_WriteAPDPReg(DP reg 0x01, 0x54000000)
T9F38 000:388.418 - 0.180ms returns 0
T9F38 000:388.430 JLINK_CORESIGHT_WriteAPDPReg(DP reg 0x01, 0x50000F00)
T9F38 000:388.620 - 0.190ms returns 0
T9F38 000:388.633 JLINK_CORESIGHT_WriteAPDPReg(DP reg 0x02, 0x01000000)
T9F38 000:388.824 - 0.190ms returns 0
T9F38 000:388.848 JLINK_CORESIGHT_WriteAPDPReg(AP reg 0x00, 0x80000002)
T9F38 000:389.022 - 0.175ms returns 0
T9F38 000:389.035 JLINK_CORESIGHT_WriteAPDPReg(AP reg 0x01, 0x80011100)
T9F38 000:389.200 - 0.164ms returns 0
T9F38 000:389.214 JLINK_CORESIGHT_WriteAPDPReg(AP reg 0x03, 0x000000A5)
T9F38 000:389.408 - 0.193ms returns 0
T9F38 000:389.421 JLINK_CORESIGHT_WriteAPDPReg(AP reg 0x00, 0x80000002)
T9F38 000:389.592 - 0.171ms returns 0
T9F38 000:389.602 JLINK_CORESIGHT_WriteAPDPReg(AP reg 0x01, 0x80011100)
T9F38 000:389.787 - 0.184ms returns 0
T9F38 000:389.796 JLINK_CORESIGHT_ReadAPDPReg(AP reg 0x03)
T9F38 000:390.050   Value=0x000000A5
T9F38 000:390.060 - 0.264ms returns 0
T9F38 000:390.069 JLINK_ClrTMS()
T9F38 000:390.115 - 0.045ms 
T9F38 000:395.417 JLINK_SetTCK()
T9F38 000:395.509 - 0.091ms returns 0
T9F38 000:400.795 JLINK_SetRESET()
T9F38 000:400.910 - 0.114ms 
T9F38 000:601.617 JLINK_CORESIGHT_WriteAPDPReg(AP reg 0x00, 0x80000002)
T9F38 000:602.062 - 0.445ms returns 0
T9F38 000:602.112 JLINK_CORESIGHT_WriteAPDPReg(AP reg 0x01, 0x80011100)
T9F38 000:602.353 - 0.241ms returns 0
T9F38 000:602.417 JLINK_CORESIGHT_ReadAPDPReg(AP reg 0x03)
T9F38 000:602.664   Value=0x000000A5
T9F38 000:602.728 - 0.311ms returns 0
T9F38 000:603.035 JLINK_CORESIGHT_ReadAPDPReg(DP reg 0x01)
T9F38 000:603.239   Value=0xF0000F40
T9F38 000:603.271 - 0.235ms returns 0
T9F38 000:603.282 JLINK_CORESIGHT_WriteAPDPReg(DP reg 0x01, 0xA0000F40)
T9F38 000:603.473 - 0.190ms returns 0
T9F38 000:603.500 JLINK_CORESIGHT_ReadAPDPReg(DP reg 0x01)
T9F38 000:603.699   Value=0x00000F40
T9F38 000:603.722 - 0.221ms returns 0
T9F38 000:603.735 JLINK_ClrRESET()
T9F38 000:603.911 - 0.176ms 
T9F38 000:712.814 JLINK_Close()
T9F38 000:722.079 - 9.262ms
T9F38 000:722.189   
T9F38 000:722.200   Closed
