T7FDC 000:000.647   SEGGER J-Link V8.12c Log File
T7FDC 000:000.788   DLL Compiled: Jan 22 2025 12:55:59
T7FDC 000:000.802   Logging started @ 2025-03-19 12:27
T7FDC 000:000.815   Process: C:\Users\a8456\.eclipse\com.renesas.platform_1309835749\DebugComp\RA\e2-server-gdb.exe
T7FDC 000:000.832 - 0.828ms 
T7FDC 000:000.851 JLINK_GetDLLVersion()
T7FDC 000:000.866 - 0.014ms returns 81203
T7FDC 000:002.568 JLINK_OpenEx(...)
T7FDC 000:007.982   Firmware: J-Link V9 compiled May  7 2021 16:26:12
T7FDC 000:008.615   Firmware: J-Link V9 compiled May  7 2021 16:26:12
T7FDC 000:008.747   Decompressing FW timestamp took 97 us
T7FDC 000:014.008   Hardware: V9.60
T7FDC 000:014.082   S/N: 69660718
T7FDC 000:014.122   OEM: SEGGER
T7FDC 000:014.424   Feature(s): RDI, GDB, FlashDL, FlashBP, JFlash
T7FDC 000:015.099   Bootloader: (FW returned invalid version)
T7FDC 000:015.713   TELNET listener socket opened on port 19021
T7FDC 000:015.839   WEBSRV WEBSRV_Init(): Starting webserver thread(s)
T7FDC 000:016.035   WEBSRV Webserver running on local port 19080
T7FDC 000:016.149   Looking for J-Link GUI Server exe at: C:\Users\a8456\.eclipse\com.renesas.platform_1309835749\DebugComp\RA\ARM\Segger_v8.12.3\JLinkGUIServer.exe
T7FDC 000:016.231   Looking for J-Link GUI Server exe at: C:\Program Files\SEGGER\JLink_V818\JLinkGUIServer.exe
T7FDC 000:016.259   Forking J-Link GUI Server: C:\Program Files\SEGGER\JLink_V818\JLinkGUIServer.exe
T7FDC 000:044.909   J-Link GUI Server info: "J-Link GUI server V8.18 "
T7FDC 000:045.212 - 42.638ms returns "O.K."
T7FDC 000:045.299 JLINK_TIF_Select(JLINKARM_TIF_SWD)
T7FDC 000:045.818 - 0.518ms returns 0x00
T7FDC 000:045.837 JLINK_ClrRESET()
T7FDC 000:046.179 - 0.341ms 
T7FDC 000:096.473 JLINK_SetSpeed(1500)
T7FDC 000:096.617 - 0.150ms 
T7FDC 000:096.656 JLINK_CORESIGHT_Configure(PerformTIFInit=0)
T7FDC 000:097.115 - 0.464ms returns 0
T7FDC 000:097.201 JLINK_CORESIGHT_ReadAPDPReg(DP reg 0x00)
T7FDC 000:097.696   Value=0x6BA02477
T7FDC 000:097.725 - 0.527ms returns 0
T7FDC 000:097.740 JLINK_CORESIGHT_WriteAPDPReg(DP reg 0x00, 0x0000001F)
T7FDC 000:098.007 - 0.266ms returns 0
T7FDC 000:098.033 JLINK_CORESIGHT_ReadAPDPReg(DP reg 0x00)
T7FDC 000:098.279   Value=0x6BA02477
T7FDC 000:098.307 - 0.274ms returns 0
T7FDC 000:098.321 JLINK_CORESIGHT_WriteAPDPReg(DP reg 0x02, 0x00000000)
T7FDC 000:098.581 - 0.259ms returns 0
T7FDC 000:098.608 JLINK_CORESIGHT_WriteAPDPReg(DP reg 0x01, 0x50000000)
T7FDC 000:098.842 - 0.233ms returns 0
T7FDC 000:098.881 JLINK_CORESIGHT_ReadAPDPReg(DP reg 0x01)
T7FDC 000:099.102   Value=0xD0000040
T7FDC 000:099.124 - 0.242ms returns 0
T7FDC 000:099.139 JLINK_CORESIGHT_ReadAPDPReg(DP reg 0x01)
T7FDC 000:099.362   Value=0xD0000040
T7FDC 000:099.385 - 0.245ms returns 0
T7FDC 000:099.399 JLINK_CORESIGHT_ReadAPDPReg(DP reg 0x01)
T7FDC 000:099.616   Value=0xD0000040
T7FDC 000:099.631 - 0.232ms returns 0
T7FDC 000:099.640 JLINK_CORESIGHT_ReadAPDPReg(DP reg 0x01)
T7FDC 000:099.806   Value=0xD0000040
T7FDC 000:099.814 - 0.174ms returns 0
T7FDC 000:099.821 JLINK_CORESIGHT_ReadAPDPReg(DP reg 0x01)
T7FDC 000:099.969   Value=0xD0000040
T7FDC 000:099.977 - 0.156ms returns 0
T7FDC 000:099.984 JLINK_CORESIGHT_ReadAPDPReg(DP reg 0x01)
T7FDC 000:100.146   Value=0xD0000040
T7FDC 000:100.169 - 0.185ms returns 0
T7FDC 000:100.184 JLINK_CORESIGHT_ReadAPDPReg(DP reg 0x01)
T7FDC 000:100.350   Value=0xD0000040
T7FDC 000:100.394 - 0.209ms returns 0
T7FDC 000:100.413 JLINK_CORESIGHT_ReadAPDPReg(DP reg 0x01)
T7FDC 000:100.597   Value=0xF0000040
T7FDC 000:100.615 - 0.202ms returns 0
T7FDC 000:100.629 JLINK_CORESIGHT_WriteAPDPReg(DP reg 0x00, 0x0000001F)
T7FDC 000:100.798 - 0.169ms returns 0
T7FDC 000:100.812 JLINK_CORESIGHT_ReadAPDPReg(DP reg 0x00)
T7FDC 000:100.982   Value=0x6BA02477
T7FDC 000:101.009 - 0.197ms returns 0
T7FDC 000:101.017 JLINK_CORESIGHT_WriteAPDPReg(DP reg 0x01, 0x54000000)
T7FDC 000:101.232 - 0.215ms returns 0
T7FDC 000:101.239 JLINK_CORESIGHT_WriteAPDPReg(DP reg 0x01, 0x50000F00)
T7FDC 000:101.399 - 0.159ms returns 0
T7FDC 000:101.420 JLINK_CORESIGHT_WriteAPDPReg(DP reg 0x02, 0x01000000)
T7FDC 000:101.643 - 0.223ms returns 0
T7FDC 000:101.662 JLINK_CORESIGHT_WriteAPDPReg(AP reg 0x00, 0x80000002)
T7FDC 000:101.821 - 0.158ms returns 0
T7FDC 000:101.828 JLINK_CORESIGHT_WriteAPDPReg(AP reg 0x01, 0x80011100)
T7FDC 000:101.995 - 0.166ms returns 0
T7FDC 000:102.002 JLINK_CORESIGHT_WriteAPDPReg(AP reg 0x03, 0x000000A5)
T7FDC 000:102.227 - 0.224ms returns 0
T7FDC 000:102.240 JLINK_CORESIGHT_WriteAPDPReg(AP reg 0x00, 0x80000002)
T7FDC 000:102.531 - 0.290ms returns 0
T7FDC 000:102.558 JLINK_CORESIGHT_WriteAPDPReg(AP reg 0x01, 0x80011100)
T7FDC 000:102.753 - 0.194ms returns 0
T7FDC 000:102.766 JLINK_CORESIGHT_ReadAPDPReg(AP reg 0x03)
T7FDC 000:102.970   Value=0x000000A5
T7FDC 000:102.981 - 0.214ms returns 0
T7FDC 000:102.989 JLINK_ClrTMS()
T7FDC 000:103.045 - 0.055ms 
T7FDC 000:108.747 JLINK_SetTCK()
T7FDC 000:108.848 - 0.100ms returns 0
T7FDC 000:114.746 JLINK_SetRESET()
T7FDC 000:114.935 - 0.188ms 
T7FDC 000:315.725 JLINK_CORESIGHT_WriteAPDPReg(AP reg 0x00, 0x80000002)
T7FDC 000:316.106 - 0.384ms returns 0
T7FDC 000:316.135 JLINK_CORESIGHT_WriteAPDPReg(AP reg 0x01, 0x80011100)
T7FDC 000:316.359 - 0.223ms returns 0
T7FDC 000:316.374 JLINK_CORESIGHT_ReadAPDPReg(AP reg 0x03)
T7FDC 000:316.628   Value=0x00000000
T7FDC 000:316.645 - 0.270ms returns 0
T7FDC 000:316.675 JLINK_CORESIGHT_WriteAPDPReg(AP reg 0x00, 0x80000002)
T7FDC 000:316.848 - 0.173ms returns 0
T7FDC 000:316.862 JLINK_CORESIGHT_WriteAPDPReg(AP reg 0x01, 0x80011140)
T7FDC 000:317.027 - 0.165ms returns 0
T7FDC 000:317.043 JLINK_CORESIGHT_ReadAPDPReg(AP reg 0x03)
T7FDC 000:317.270   Value=0x00000002
T7FDC 000:317.288 - 0.245ms returns 0
T7FDC 000:317.300 JLINK_CORESIGHT_WriteAPDPReg(AP reg 0x00, 0x80000002)
T7FDC 000:317.499 - 0.198ms returns 0
T7FDC 000:317.512 JLINK_CORESIGHT_WriteAPDPReg(AP reg 0x01, 0x80011120)
T7FDC 000:317.680 - 0.167ms returns 0
T7FDC 000:317.705 JLINK_CORESIGHT_WriteAPDPReg(AP reg 0x03, 0x00000055)
T7FDC 000:317.901 - 0.196ms returns 0
T7FDC 000:317.926 JLINK_CORESIGHT_WriteAPDPReg(AP reg 0x00, 0x80000002)
T7FDC 000:318.147 - 0.220ms returns 0
T7FDC 000:318.184 JLINK_CORESIGHT_WriteAPDPReg(AP reg 0x01, 0x80011140)
T7FDC 000:318.401 - 0.217ms returns 0
T7FDC 000:318.418 JLINK_CORESIGHT_ReadAPDPReg(AP reg 0x03)
T7FDC 000:318.632   Value=0x00000000
T7FDC 000:318.755 - 0.336ms returns 0
T7FDC 000:318.766 JLINK_CORESIGHT_WriteAPDPReg(AP reg 0x00, 0x80000002)
T7FDC 000:319.013 - 0.247ms returns 0
T7FDC 000:319.030 JLINK_CORESIGHT_WriteAPDPReg(AP reg 0x01, 0x80011130)
T7FDC 000:319.251 - 0.220ms returns 0
T7FDC 000:319.274 JLINK_CORESIGHT_ReadAPDPReg(AP reg 0x03)
T7FDC 000:319.504   Value=0x000000C6
T7FDC 000:319.516 - 0.241ms returns 0
T7FDC 000:319.538 JLINK_CORESIGHT_WriteAPDPReg(AP reg 0x00, 0x80000002)
T7FDC 000:319.693 - 0.155ms returns 0
T7FDC 000:319.703 JLINK_CORESIGHT_WriteAPDPReg(AP reg 0x01, 0x80011140)
T7FDC 000:319.872 - 0.169ms returns 0
T7FDC 000:319.880 JLINK_CORESIGHT_ReadAPDPReg(AP reg 0x03)
T7FDC 000:320.235   Value=0x00000002
T7FDC 000:320.258 - 0.378ms returns 0
T7FDC 000:320.272 JLINK_CORESIGHT_WriteAPDPReg(AP reg 0x00, 0x80000002)
T7FDC 000:320.472 - 0.200ms returns 0
T7FDC 000:320.487 JLINK_CORESIGHT_WriteAPDPReg(AP reg 0x01, 0x80011120)
T7FDC 000:320.662 - 0.175ms returns 0
T7FDC 000:320.687 JLINK_CORESIGHT_WriteAPDPReg(AP reg 0x03, 0x3A010001)
T7FDC 000:320.848 - 0.161ms returns 0
T7FDC 000:320.863 JLINK_CORESIGHT_WriteAPDPReg(AP reg 0x00, 0x80000002)
T7FDC 000:321.027 - 0.164ms returns 0
T7FDC 000:321.042 JLINK_CORESIGHT_WriteAPDPReg(AP reg 0x01, 0x80011140)
T7FDC 000:321.222 - 0.180ms returns 0
T7FDC 000:321.235 JLINK_CORESIGHT_ReadAPDPReg(AP reg 0x03)
T7FDC 000:321.483   Value=0x00000002
T7FDC 000:321.495 - 0.260ms returns 0
T7FDC 000:321.504 JLINK_CORESIGHT_WriteAPDPReg(AP reg 0x00, 0x80000002)
T7FDC 000:321.664 - 0.160ms returns 0
T7FDC 000:321.681 JLINK_CORESIGHT_WriteAPDPReg(AP reg 0x01, 0x80011120)
T7FDC 000:321.835 - 0.154ms returns 0
T7FDC 000:321.843 JLINK_CORESIGHT_WriteAPDPReg(AP reg 0x03, 0x000003C5)
T7FDC 000:322.095 - 0.252ms returns 0
T7FDC 000:322.105 JLINK_CORESIGHT_WriteAPDPReg(AP reg 0x00, 0x80000002)
T7FDC 000:322.273 - 0.168ms returns 0
T7FDC 000:322.280 JLINK_CORESIGHT_WriteAPDPReg(AP reg 0x01, 0x80011140)
T7FDC 000:322.445 - 0.164ms returns 0
T7FDC 000:322.453 JLINK_CORESIGHT_ReadAPDPReg(AP reg 0x03)
T7FDC 000:322.678   Value=0x00000002
T7FDC 000:322.691 - 0.238ms returns 0
T7FDC 000:322.700 JLINK_CORESIGHT_ReadAPDPReg(AP reg 0x03)
T7FDC 000:322.923   Value=0x00000002
T7FDC 000:322.932 - 0.232ms returns 0
T7FDC 000:322.940 JLINK_CORESIGHT_ReadAPDPReg(AP reg 0x03)
T7FDC 000:323.145   Value=0x00000002
T7FDC 000:323.155 - 0.215ms returns 0
T7FDC 000:323.163 JLINK_CORESIGHT_ReadAPDPReg(AP reg 0x03)
T7FDC 000:323.392   Value=0x00000002
T7FDC 000:323.401 - 0.238ms returns 0
T7FDC 000:323.408 JLINK_CORESIGHT_ReadAPDPReg(AP reg 0x03)
T7FDC 000:323.610   Value=0x00000002
T7FDC 000:323.618 - 0.210ms returns 0
T7FDC 000:323.626 JLINK_CORESIGHT_ReadAPDPReg(AP reg 0x03)
T7FDC 000:323.834   Value=0x00000002
T7FDC 000:323.844 - 0.218ms returns 0
T7FDC 000:323.851 JLINK_CORESIGHT_ReadAPDPReg(AP reg 0x03)
T7FDC 000:324.097   Value=0x00000000
T7FDC 000:324.107 - 0.255ms returns 0
T7FDC 000:324.114 JLINK_CORESIGHT_WriteAPDPReg(AP reg 0x00, 0x80000002)
T7FDC 000:324.322 - 0.207ms returns 0
T7FDC 000:324.329 JLINK_CORESIGHT_WriteAPDPReg(AP reg 0x01, 0x80011130)
T7FDC 000:324.498 - 0.168ms returns 0
T7FDC 000:324.505 JLINK_CORESIGHT_ReadAPDPReg(AP reg 0x03)
T7FDC 000:324.712   Value=0x3A2A0081
T7FDC 000:324.722 - 0.217ms returns 0
T7FDC 000:324.730 JLINK_CORESIGHT_WriteAPDPReg(AP reg 0x00, 0x80000002)
T7FDC 000:324.893 - 0.162ms returns 0
T7FDC 000:324.900 JLINK_CORESIGHT_WriteAPDPReg(AP reg 0x01, 0x80011140)
T7FDC 000:325.096 - 0.196ms returns 0
T7FDC 000:325.103 JLINK_CORESIGHT_ReadAPDPReg(AP reg 0x03)
T7FDC 000:325.298   Value=0x00000000
T7FDC 000:325.307 - 0.204ms returns 0
T7FDC 000:325.314 JLINK_CORESIGHT_WriteAPDPReg(AP reg 0x00, 0x80000002)
T7FDC 000:325.481 - 0.167ms returns 0
T7FDC 000:325.489 JLINK_CORESIGHT_WriteAPDPReg(AP reg 0x01, 0x80011130)
T7FDC 000:325.651 - 0.161ms returns 0
T7FDC 000:325.666 JLINK_CORESIGHT_ReadAPDPReg(AP reg 0x03)
T7FDC 000:325.871   Value=0x80841E00
T7FDC 000:325.880 - 0.213ms returns 0
T7FDC 000:325.887 JLINK_CORESIGHT_WriteAPDPReg(AP reg 0x00, 0x80000002)
T7FDC 000:326.099 - 0.212ms returns 0
T7FDC 000:326.115 JLINK_CORESIGHT_WriteAPDPReg(AP reg 0x01, 0x80011140)
T7FDC 000:326.292 - 0.177ms returns 0
T7FDC 000:326.300 JLINK_CORESIGHT_ReadAPDPReg(AP reg 0x03)
T7FDC 000:326.514   Value=0x00000000
T7FDC 000:326.523 - 0.223ms returns 0
T7FDC 000:326.531 JLINK_CORESIGHT_WriteAPDPReg(AP reg 0x00, 0x80000002)
T7FDC 000:326.687 - 0.156ms returns 0
T7FDC 000:326.696 JLINK_CORESIGHT_WriteAPDPReg(AP reg 0x01, 0x80011130)
T7FDC 000:326.858 - 0.162ms returns 0
T7FDC 000:326.865 JLINK_CORESIGHT_ReadAPDPReg(AP reg 0x03)
T7FDC 000:327.096   Value=0x000D0803
T7FDC 000:327.105 - 0.239ms returns 0
T7FDC 000:327.112 JLINK_CORESIGHT_WriteAPDPReg(AP reg 0x00, 0x80000002)
T7FDC 000:327.278 - 0.165ms returns 0
T7FDC 000:327.285 JLINK_CORESIGHT_WriteAPDPReg(AP reg 0x01, 0x80011140)
T7FDC 000:327.469 - 0.183ms returns 0
T7FDC 000:327.476 JLINK_CORESIGHT_ReadAPDPReg(AP reg 0x03)
T7FDC 000:327.691   Value=0x00000000
T7FDC 000:327.707 - 0.230ms returns 0
T7FDC 000:327.717 JLINK_CORESIGHT_WriteAPDPReg(AP reg 0x00, 0x80000002)
T7FDC 000:327.876 - 0.158ms returns 0
T7FDC 000:327.888 JLINK_CORESIGHT_WriteAPDPReg(AP reg 0x01, 0x80011130)
T7FDC 000:328.098 - 0.210ms returns 0
T7FDC 000:328.106 JLINK_CORESIGHT_ReadAPDPReg(AP reg 0x03)
T7FDC 000:328.310   Value=0x31574B02
T7FDC 000:328.318 - 0.212ms returns 0
T7FDC 000:328.326 JLINK_CORESIGHT_WriteAPDPReg(AP reg 0x00, 0x80000002)
T7FDC 000:328.480 - 0.154ms returns 0
T7FDC 000:328.488 JLINK_CORESIGHT_WriteAPDPReg(AP reg 0x01, 0x80011140)
T7FDC 000:328.674 - 0.185ms returns 0
T7FDC 000:328.683 JLINK_CORESIGHT_ReadAPDPReg(AP reg 0x03)
T7FDC 000:328.893   Value=0x00000000
T7FDC 000:328.906 - 0.222ms returns 0
T7FDC 000:328.914 JLINK_CORESIGHT_WriteAPDPReg(AP reg 0x00, 0x80000002)
T7FDC 000:329.096 - 0.181ms returns 0
T7FDC 000:329.104 JLINK_CORESIGHT_WriteAPDPReg(AP reg 0x01, 0x80011130)
T7FDC 000:329.255 - 0.151ms returns 0
T7FDC 000:329.264 JLINK_CORESIGHT_ReadAPDPReg(AP reg 0x03)
T7FDC 000:329.482   Value=0x333A7674
T7FDC 000:329.490 - 0.227ms returns 0
T7FDC 000:329.498 JLINK_CORESIGHT_WriteAPDPReg(AP reg 0x00, 0x80000002)
T7FDC 000:329.649 - 0.151ms returns 0
T7FDC 000:329.659 JLINK_CORESIGHT_WriteAPDPReg(AP reg 0x01, 0x80011140)
T7FDC 000:329.821 - 0.161ms returns 0
T7FDC 000:329.829 JLINK_CORESIGHT_ReadAPDPReg(AP reg 0x03)
T7FDC 000:330.149   Value=0x00000000
T7FDC 000:330.216 - 0.386ms returns 0
T7FDC 000:330.226 JLINK_CORESIGHT_WriteAPDPReg(AP reg 0x00, 0x80000002)
T7FDC 000:330.567 - 0.341ms returns 0
T7FDC 000:330.580 JLINK_CORESIGHT_WriteAPDPReg(AP reg 0x01, 0x80011130)
T7FDC 000:330.794 - 0.213ms returns 0
T7FDC 000:330.821 JLINK_CORESIGHT_ReadAPDPReg(AP reg 0x03)
T7FDC 000:331.102   Value=0x30383334
T7FDC 000:331.140 - 0.318ms returns 0
T7FDC 000:331.166 JLINK_CORESIGHT_WriteAPDPReg(AP reg 0x00, 0x80000002)
T7FDC 000:331.398 - 0.232ms returns 0
T7FDC 000:331.468 JLINK_CORESIGHT_WriteAPDPReg(AP reg 0x01, 0x80011140)
T7FDC 000:331.719 - 0.250ms returns 0
T7FDC 000:331.750 JLINK_CORESIGHT_ReadAPDPReg(AP reg 0x03)
T7FDC 000:332.023   Value=0x00000000
T7FDC 000:332.053 - 0.303ms returns 0
T7FDC 000:332.068 JLINK_CORESIGHT_WriteAPDPReg(AP reg 0x00, 0x80000002)
T7FDC 000:332.300 - 0.232ms returns 0
T7FDC 000:332.318 JLINK_CORESIGHT_WriteAPDPReg(AP reg 0x01, 0x80011130)
T7FDC 000:332.472 - 0.154ms returns 0
T7FDC 000:332.488 JLINK_CORESIGHT_ReadAPDPReg(AP reg 0x03)
T7FDC 000:332.694   Value=0x11103130
T7FDC 000:332.710 - 0.222ms returns 0
T7FDC 000:332.719 JLINK_CORESIGHT_WriteAPDPReg(AP reg 0x00, 0x80000002)
T7FDC 000:332.873 - 0.155ms returns 0
T7FDC 000:332.881 JLINK_CORESIGHT_WriteAPDPReg(AP reg 0x01, 0x80011140)
T7FDC 000:333.148 - 0.267ms returns 0
T7FDC 000:333.158 JLINK_CORESIGHT_ReadAPDPReg(AP reg 0x03)
T7FDC 000:333.397   Value=0x00000000
T7FDC 000:333.407 - 0.248ms returns 0
T7FDC 000:333.414 JLINK_CORESIGHT_WriteAPDPReg(AP reg 0x00, 0x80000002)
T7FDC 000:333.572 - 0.158ms returns 0
T7FDC 000:333.579 JLINK_CORESIGHT_WriteAPDPReg(AP reg 0x01, 0x80011130)
T7FDC 000:333.746 - 0.167ms returns 0
T7FDC 000:333.768 JLINK_CORESIGHT_ReadAPDPReg(AP reg 0x03)
T7FDC 000:333.995   Value=0x4637520E
T7FDC 000:334.007 - 0.238ms returns 0
T7FDC 000:334.015 JLINK_CORESIGHT_WriteAPDPReg(AP reg 0x00, 0x80000002)
T7FDC 000:334.233 - 0.218ms returns 0
T7FDC 000:334.241 JLINK_CORESIGHT_WriteAPDPReg(AP reg 0x01, 0x80011140)
T7FDC 000:334.397 - 0.155ms returns 0
T7FDC 000:334.411 JLINK_CORESIGHT_ReadAPDPReg(AP reg 0x03)
T7FDC 000:334.622   Value=0x00000000
T7FDC 000:334.635 - 0.224ms returns 0
T7FDC 000:334.643 JLINK_CORESIGHT_WriteAPDPReg(AP reg 0x00, 0x80000002)
T7FDC 000:334.821 - 0.178ms returns 0
T7FDC 000:334.832 JLINK_CORESIGHT_WriteAPDPReg(AP reg 0x01, 0x80011130)
T7FDC 000:334.993 - 0.162ms returns 0
T7FDC 000:335.001 JLINK_CORESIGHT_ReadAPDPReg(AP reg 0x03)
T7FDC 000:335.271   Value=0x314C3441
T7FDC 000:335.279 - 0.278ms returns 0
T7FDC 000:335.286 JLINK_CORESIGHT_WriteAPDPReg(AP reg 0x00, 0x80000002)
T7FDC 000:335.445 - 0.159ms returns 0
T7FDC 000:335.452 JLINK_CORESIGHT_WriteAPDPReg(AP reg 0x01, 0x80011140)
T7FDC 000:335.621 - 0.169ms returns 0
T7FDC 000:335.632 JLINK_CORESIGHT_ReadAPDPReg(AP reg 0x03)
T7FDC 000:335.846   Value=0x00000000
T7FDC 000:335.856 - 0.225ms returns 0
T7FDC 000:335.864 JLINK_CORESIGHT_WriteAPDPReg(AP reg 0x00, 0x80000002)
T7FDC 000:336.019 - 0.154ms returns 0
T7FDC 000:336.026 JLINK_CORESIGHT_WriteAPDPReg(AP reg 0x01, 0x80011130)
T7FDC 000:336.233 - 0.207ms returns 0
T7FDC 000:336.240 JLINK_CORESIGHT_ReadAPDPReg(AP reg 0x03)
T7FDC 000:336.445   Value=0x43344442
T7FDC 000:336.453 - 0.212ms returns 0
T7FDC 000:336.460 JLINK_CORESIGHT_WriteAPDPReg(AP reg 0x00, 0x80000002)
T7FDC 000:336.628 - 0.168ms returns 0
T7FDC 000:336.688 JLINK_CORESIGHT_WriteAPDPReg(AP reg 0x01, 0x80011140)
T7FDC 000:336.846 - 0.158ms returns 0
T7FDC 000:336.857 JLINK_CORESIGHT_ReadAPDPReg(AP reg 0x03)
T7FDC 000:337.097   Value=0x00000000
T7FDC 000:337.105 - 0.248ms returns 0
T7FDC 000:337.113 JLINK_CORESIGHT_WriteAPDPReg(AP reg 0x00, 0x80000002)
T7FDC 000:337.270 - 0.157ms returns 0
T7FDC 000:337.277 JLINK_CORESIGHT_WriteAPDPReg(AP reg 0x01, 0x80011130)
T7FDC 000:337.446 - 0.168ms returns 0
T7FDC 000:337.453 JLINK_CORESIGHT_ReadAPDPReg(AP reg 0x03)
T7FDC 000:337.695   Value=0x20205046
T7FDC 000:337.706 - 0.252ms returns 0
T7FDC 000:337.713 JLINK_CORESIGHT_WriteAPDPReg(AP reg 0x00, 0x80000002)
T7FDC 000:337.870 - 0.157ms returns 0
T7FDC 000:337.877 JLINK_CORESIGHT_WriteAPDPReg(AP reg 0x01, 0x80011140)
T7FDC 000:338.019 - 0.141ms returns 0
T7FDC 000:338.026 JLINK_CORESIGHT_ReadAPDPReg(AP reg 0x03)
T7FDC 000:338.271   Value=0x00000000
T7FDC 000:338.279 - 0.253ms returns 0
T7FDC 000:338.286 JLINK_CORESIGHT_WriteAPDPReg(AP reg 0x00, 0x80000002)
T7FDC 000:338.445 - 0.159ms returns 0
T7FDC 000:338.452 JLINK_CORESIGHT_WriteAPDPReg(AP reg 0x01, 0x80011130)
T7FDC 000:338.620 - 0.168ms returns 0
T7FDC 000:338.629 JLINK_CORESIGHT_ReadAPDPReg(AP reg 0x03)
T7FDC 000:338.820   Value=0x00032320
T7FDC 000:338.829 - 0.200ms returns 0
T7FDC 000:338.888 JLINK_CORESIGHT_WriteAPDPReg(AP reg 0x00, 0x80000002)
T7FDC 000:339.096 - 0.208ms returns 0
T7FDC 000:339.103 JLINK_CORESIGHT_WriteAPDPReg(AP reg 0x01, 0x80011140)
T7FDC 000:339.245 - 0.141ms returns 0
T7FDC 000:339.252 JLINK_CORESIGHT_ReadAPDPReg(AP reg 0x03)
T7FDC 000:339.445   Value=0x00000002
T7FDC 000:339.453 - 0.201ms returns 0
T7FDC 000:339.460 JLINK_CORESIGHT_WriteAPDPReg(AP reg 0x00, 0x80000002)
T7FDC 000:339.620 - 0.160ms returns 0
T7FDC 000:339.629 JLINK_CORESIGHT_WriteAPDPReg(AP reg 0x01, 0x80011120)
T7FDC 000:339.793 - 0.164ms returns 0
T7FDC 000:339.800 JLINK_CORESIGHT_WriteAPDPReg(AP reg 0x03, 0x2C010001)
T7FDC 000:339.969 - 0.168ms returns 0
T7FDC 000:339.976 JLINK_CORESIGHT_WriteAPDPReg(AP reg 0x00, 0x80000002)
T7FDC 000:340.139 - 0.162ms returns 0
T7FDC 000:340.148 JLINK_CORESIGHT_WriteAPDPReg(AP reg 0x01, 0x80011140)
T7FDC 000:340.295 - 0.147ms returns 0
T7FDC 000:340.302 JLINK_CORESIGHT_ReadAPDPReg(AP reg 0x03)
T7FDC 000:340.494   Value=0x00000002
T7FDC 000:340.503 - 0.200ms returns 0
T7FDC 000:340.510 JLINK_CORESIGHT_WriteAPDPReg(AP reg 0x00, 0x80000002)
T7FDC 000:340.664 - 0.154ms returns 0
T7FDC 000:340.673 JLINK_CORESIGHT_WriteAPDPReg(AP reg 0x01, 0x80011120)
T7FDC 000:340.815 - 0.143ms returns 0
T7FDC 000:340.823 JLINK_CORESIGHT_WriteAPDPReg(AP reg 0x03, 0x000003D3)
T7FDC 000:340.982 - 0.158ms returns 0
T7FDC 000:340.990 JLINK_CORESIGHT_WriteAPDPReg(AP reg 0x00, 0x80000002)
T7FDC 000:341.237 - 0.246ms returns 0
T7FDC 000:341.244 JLINK_CORESIGHT_WriteAPDPReg(AP reg 0x01, 0x80011140)
T7FDC 000:341.395 - 0.150ms returns 0
T7FDC 000:341.402 JLINK_CORESIGHT_ReadAPDPReg(AP reg 0x03)
T7FDC 000:341.595   Value=0x00000002
T7FDC 000:341.605 - 0.202ms returns 0
T7FDC 000:341.612 JLINK_CORESIGHT_ReadAPDPReg(AP reg 0x03)
T7FDC 000:341.826   Value=0x00000002
T7FDC 000:341.835 - 0.222ms returns 0
T7FDC 000:341.842 JLINK_CORESIGHT_ReadAPDPReg(AP reg 0x03)
T7FDC 000:342.019   Value=0x00000002
T7FDC 000:342.027 - 0.185ms returns 0
T7FDC 000:342.033 JLINK_CORESIGHT_ReadAPDPReg(AP reg 0x03)
T7FDC 000:342.246   Value=0x00000002
T7FDC 000:342.254 - 0.221ms returns 0
T7FDC 000:342.261 JLINK_CORESIGHT_ReadAPDPReg(AP reg 0x03)
T7FDC 000:342.445   Value=0x00000002
T7FDC 000:342.453 - 0.192ms returns 0
T7FDC 000:342.460 JLINK_CORESIGHT_ReadAPDPReg(AP reg 0x03)
T7FDC 000:342.645   Value=0x00000002
T7FDC 000:342.653 - 0.193ms returns 0
T7FDC 000:342.660 JLINK_CORESIGHT_ReadAPDPReg(AP reg 0x03)
T7FDC 000:342.845   Value=0x00000002
T7FDC 000:342.854 - 0.193ms returns 0
T7FDC 000:342.861 JLINK_CORESIGHT_ReadAPDPReg(AP reg 0x03)
T7FDC 000:343.096   Value=0x00000002
T7FDC 000:343.104 - 0.243ms returns 0
T7FDC 000:343.111 JLINK_CORESIGHT_ReadAPDPReg(AP reg 0x03)
T7FDC 000:343.300   Value=0x00000002
T7FDC 000:343.311 - 0.200ms returns 0
T7FDC 000:343.319 JLINK_CORESIGHT_ReadAPDPReg(AP reg 0x03)
T7FDC 000:343.495   Value=0x00000002
T7FDC 000:343.503 - 0.184ms returns 0
T7FDC 000:343.510 JLINK_CORESIGHT_ReadAPDPReg(AP reg 0x03)
T7FDC 000:343.695   Value=0x00000002
T7FDC 000:343.706 - 0.195ms returns 0
T7FDC 000:343.713 JLINK_CORESIGHT_ReadAPDPReg(AP reg 0x03)
T7FDC 000:343.895   Value=0x00000002
T7FDC 000:343.903 - 0.190ms returns 0
T7FDC 000:343.910 JLINK_CORESIGHT_ReadAPDPReg(AP reg 0x03)
T7FDC 000:344.096   Value=0x00000002
T7FDC 000:344.104 - 0.194ms returns 0
T7FDC 000:344.111 JLINK_CORESIGHT_ReadAPDPReg(AP reg 0x03)
T7FDC 000:344.320   Value=0x00000002
T7FDC 000:344.328 - 0.217ms returns 0
T7FDC 000:344.335 JLINK_CORESIGHT_ReadAPDPReg(AP reg 0x03)
T7FDC 000:344.520   Value=0x00000000
T7FDC 000:344.528 - 0.193ms returns 0
T7FDC 000:344.535 JLINK_CORESIGHT_WriteAPDPReg(AP reg 0x00, 0x80000002)
T7FDC 000:344.695 - 0.160ms returns 0
T7FDC 000:344.704 JLINK_CORESIGHT_WriteAPDPReg(AP reg 0x01, 0x80011130)
T7FDC 000:344.870 - 0.165ms returns 0
T7FDC 000:344.877 JLINK_CORESIGHT_ReadAPDPReg(AP reg 0x03)
T7FDC 000:345.096   Value=0x2C020081
T7FDC 000:345.104 - 0.227ms returns 0
T7FDC 000:345.111 JLINK_CORESIGHT_WriteAPDPReg(AP reg 0x00, 0x80000002)
T7FDC 000:345.270 - 0.158ms returns 0
T7FDC 000:345.277 JLINK_CORESIGHT_WriteAPDPReg(AP reg 0x01, 0x80011140)
T7FDC 000:345.445 - 0.168ms returns 0
T7FDC 000:345.452 JLINK_CORESIGHT_ReadAPDPReg(AP reg 0x03)
T7FDC 000:345.645   Value=0x00000000
T7FDC 000:345.655 - 0.202ms returns 0
T7FDC 000:345.663 JLINK_CORESIGHT_WriteAPDPReg(AP reg 0x00, 0x80000002)
T7FDC 000:345.820 - 0.157ms returns 0
T7FDC 000:345.828 JLINK_CORESIGHT_WriteAPDPReg(AP reg 0x01, 0x80011130)
T7FDC 000:345.994 - 0.166ms returns 0
T7FDC 000:346.001 JLINK_CORESIGHT_ReadAPDPReg(AP reg 0x03)
T7FDC 000:346.271   Value=0x0003D002
T7FDC 000:346.280 - 0.278ms returns 0
T7FDC 000:346.289 JLINK_CORESIGHT_WriteAPDPReg(AP reg 0x00, 0x80000002)
T7FDC 000:346.445 - 0.156ms returns 0
T7FDC 000:346.452 JLINK_CORESIGHT_WriteAPDPReg(AP reg 0x01, 0x80011140)
T7FDC 000:346.620 - 0.168ms returns 0
T7FDC 000:346.629 JLINK_CORESIGHT_ReadAPDPReg(AP reg 0x03)
T7FDC 000:346.847   Value=0x00000002
T7FDC 000:346.863 - 0.233ms returns 0
T7FDC 000:346.871 JLINK_CORESIGHT_WriteAPDPReg(AP reg 0x00, 0x80000002)
T7FDC 000:347.102 - 0.230ms returns 0
T7FDC 000:347.130 JLINK_CORESIGHT_WriteAPDPReg(AP reg 0x01, 0x80011120)
T7FDC 000:347.295 - 0.165ms returns 0
T7FDC 000:347.302 JLINK_CORESIGHT_WriteAPDPReg(AP reg 0x03, 0x4F010001)
T7FDC 000:347.470 - 0.167ms returns 0
T7FDC 000:347.478 JLINK_CORESIGHT_WriteAPDPReg(AP reg 0x00, 0x80000002)
T7FDC 000:347.646 - 0.168ms returns 0
T7FDC 000:347.661 JLINK_CORESIGHT_WriteAPDPReg(AP reg 0x01, 0x80011140)
T7FDC 000:347.848 - 0.186ms returns 0
T7FDC 000:347.863 JLINK_CORESIGHT_ReadAPDPReg(AP reg 0x03)
T7FDC 000:348.099   Value=0x00000002
T7FDC 000:348.117 - 0.253ms returns 0
T7FDC 000:348.130 JLINK_CORESIGHT_WriteAPDPReg(AP reg 0x00, 0x80000002)
T7FDC 000:348.297 - 0.167ms returns 0
T7FDC 000:348.313 JLINK_CORESIGHT_WriteAPDPReg(AP reg 0x01, 0x80011120)
T7FDC 000:348.472 - 0.159ms returns 0
T7FDC 000:348.488 JLINK_CORESIGHT_WriteAPDPReg(AP reg 0x03, 0x000003B0)
T7FDC 000:348.698 - 0.209ms returns 0
T7FDC 000:348.724 JLINK_CORESIGHT_WriteAPDPReg(AP reg 0x00, 0x80000002)
T7FDC 000:348.914 - 0.189ms returns 0
T7FDC 000:348.933 JLINK_CORESIGHT_WriteAPDPReg(AP reg 0x01, 0x80011140)
T7FDC 000:349.099 - 0.166ms returns 0
T7FDC 000:349.116 JLINK_CORESIGHT_ReadAPDPReg(AP reg 0x03)
T7FDC 000:349.320   Value=0x00000000
T7FDC 000:349.329 - 0.213ms returns 0
T7FDC 000:349.336 JLINK_CORESIGHT_WriteAPDPReg(AP reg 0x00, 0x80000002)
T7FDC 000:349.497 - 0.161ms returns 0
T7FDC 000:349.504 JLINK_CORESIGHT_WriteAPDPReg(AP reg 0x01, 0x80011130)
T7FDC 000:349.671 - 0.166ms returns 0
T7FDC 000:349.686 JLINK_CORESIGHT_ReadAPDPReg(AP reg 0x03)
T7FDC 000:349.893   Value=0x4F0B0081
T7FDC 000:349.908 - 0.222ms returns 0
T7FDC 000:349.916 JLINK_CORESIGHT_WriteAPDPReg(AP reg 0x00, 0x80000002)
T7FDC 000:350.144 - 0.228ms returns 0
T7FDC 000:350.153 JLINK_CORESIGHT_WriteAPDPReg(AP reg 0x01, 0x80011140)
T7FDC 000:350.311 - 0.158ms returns 0
T7FDC 000:350.318 JLINK_CORESIGHT_ReadAPDPReg(AP reg 0x03)
T7FDC 000:350.526   Value=0x00000000
T7FDC 000:350.535 - 0.216ms returns 0
T7FDC 000:350.543 JLINK_CORESIGHT_WriteAPDPReg(AP reg 0x00, 0x80000002)
T7FDC 000:350.711 - 0.168ms returns 0
T7FDC 000:350.721 JLINK_CORESIGHT_WriteAPDPReg(AP reg 0x01, 0x80011130)
T7FDC 000:350.890 - 0.169ms returns 0
T7FDC 000:350.898 JLINK_CORESIGHT_ReadAPDPReg(AP reg 0x03)
T7FDC 000:351.096   Value=0x20001400
T7FDC 000:351.105 - 0.206ms returns 0
T7FDC 000:351.112 JLINK_CORESIGHT_WriteAPDPReg(AP reg 0x00, 0x80000002)
T7FDC 000:351.278 - 0.166ms returns 0
T7FDC 000:351.285 JLINK_CORESIGHT_WriteAPDPReg(AP reg 0x01, 0x80011140)
T7FDC 000:351.454 - 0.169ms returns 0
T7FDC 000:351.461 JLINK_CORESIGHT_ReadAPDPReg(AP reg 0x03)
T7FDC 000:351.670   Value=0x00000000
T7FDC 000:351.681 - 0.220ms returns 0
T7FDC 000:351.689 JLINK_CORESIGHT_WriteAPDPReg(AP reg 0x00, 0x80000002)
T7FDC 000:351.846 - 0.156ms returns 0
T7FDC 000:351.857 JLINK_CORESIGHT_WriteAPDPReg(AP reg 0x01, 0x80011130)
T7FDC 000:352.021 - 0.164ms returns 0
T7FDC 000:352.029 JLINK_CORESIGHT_ReadAPDPReg(AP reg 0x03)
T7FDC 000:352.288   Value=0x0B000000
T7FDC 000:352.297 - 0.267ms returns 0
T7FDC 000:352.303 JLINK_CORESIGHT_WriteAPDPReg(AP reg 0x00, 0x80000002)
T7FDC 000:352.460 - 0.156ms returns 0
T7FDC 000:352.467 JLINK_CORESIGHT_WriteAPDPReg(AP reg 0x01, 0x80011140)
T7FDC 000:352.617 - 0.150ms returns 0
T7FDC 000:352.631 JLINK_CORESIGHT_ReadAPDPReg(AP reg 0x03)
T7FDC 000:352.883   Value=0x00000000
T7FDC 000:352.896 - 0.264ms returns 0
T7FDC 000:352.904 JLINK_CORESIGHT_WriteAPDPReg(AP reg 0x00, 0x80000002)
T7FDC 000:353.143 - 0.239ms returns 0
T7FDC 000:353.151 JLINK_CORESIGHT_WriteAPDPReg(AP reg 0x01, 0x80011130)
T7FDC 000:353.321 - 0.169ms returns 0
T7FDC 000:353.328 JLINK_CORESIGHT_ReadAPDPReg(AP reg 0x03)
T7FDC 000:353.562   Value=0x03571000
T7FDC 000:353.573 - 0.245ms returns 0
T7FDC 000:353.642 JLINK_CORESIGHT_ReadAPDPReg(DP reg 0x01)
T7FDC 000:353.832   Value=0xF0000F40
T7FDC 000:353.843 - 0.201ms returns 0
T7FDC 000:353.851 JLINK_CORESIGHT_WriteAPDPReg(DP reg 0x01, 0xA0000F40)
T7FDC 000:354.004 - 0.153ms returns 0
T7FDC 000:354.012 JLINK_CORESIGHT_ReadAPDPReg(DP reg 0x01)
T7FDC 000:354.232   Value=0x00000F40
T7FDC 000:354.240 - 0.228ms returns 0
T7FDC 000:354.247 JLINK_ClrRESET()
T7FDC 000:354.609 - 0.361ms 
T7FDC 000:462.310 JLINK_Close()
T7FDC 000:474.995 - 12.684ms
T7FDC 000:475.027   
T7FDC 000:475.033   Closed
