T53D0 000:000.398   SEGGER J-Link V8.12c Log File
T53D0 000:000.486   DLL Compiled: Jan 22 2025 12:55:59
T53D0 000:000.492   Logging started @ 2025-03-08 14:08
T53D0 000:000.497   Process: C:\Users\a8456\.eclipse\com.renesas.platform_1309835749\DebugComp\RA\e2-server-gdb.exe
T53D0 000:000.506 - 0.502ms 
T53D0 000:000.517 JLINK_GetDLLVersion()
T53D0 000:000.524 - 0.006ms returns 81203
T53D0 000:005.172 JLINK_OpenEx(...)
T53D0 000:012.084   Firmware: J-Link V9 compiled May  7 2021 16:26:12
T53D0 000:012.627   Firmware: J-Link V9 compiled May  7 2021 16:26:12
T53D0 000:012.744   Decompressing FW timestamp took 85 us
T53D0 000:018.093   Hardware: V9.60
T53D0 000:018.122   S/N: 69660718
T53D0 000:018.136   OEM: SEGGER
T53D0 000:018.150   Feature(s): RDI, GDB, FlashDL, FlashBP, JFlash
T53D0 000:019.755   Bootloader: (FW returned invalid version)
T53D0 000:020.547   TELNET listener socket opened on port 19021
T53D0 000:020.741   WEBSRV WEBSRV_Init(): Starting webserver thread(s)
T53D0 000:020.973   WEBSRV Webserver running on local port 19080
T53D0 000:021.097   Looking for J-Link GUI Server exe at: C:\Users\a8456\.eclipse\com.renesas.platform_1309835749\DebugComp\RA\ARM\Segger_v8.12.3\JLinkGUIServer.exe
T53D0 000:021.183   Looking for J-Link GUI Server exe at: C:\Program Files\SEGGER\JLink_V818\JLinkGUIServer.exe
T53D0 000:021.207   Forking J-Link GUI Server: C:\Program Files\SEGGER\JLink_V818\JLinkGUIServer.exe
T53D0 000:043.234   J-Link GUI Server info: "J-Link GUI server V8.18 "
T53D0 000:046.121 - 40.943ms returns "O.K."
T53D0 000:046.207 JLINK_TIF_Select(JLINKARM_TIF_SWD)
T53D0 000:046.671 - 0.463ms returns 0x00
T53D0 000:046.691 JLINK_ClrRESET()
T53D0 000:046.861 - 0.170ms 
T53D0 000:096.916 JLINK_SetSpeed(1500)
T53D0 000:097.065 - 0.153ms 
T53D0 000:097.110 JLINK_CORESIGHT_Configure(PerformTIFInit=0)
T53D0 000:097.526 - 0.421ms returns 0
T53D0 000:097.584 JLINK_CORESIGHT_ReadAPDPReg(DP reg 0x00)
T53D0 000:097.790   Value=0x6BA02477
T53D0 000:097.798 - 0.215ms returns 0
T53D0 000:097.805 JLINK_CORESIGHT_WriteAPDPReg(DP reg 0x00, 0x0000001F)
T53D0 000:098.002 - 0.196ms returns 0
T53D0 000:098.011 JLINK_CORESIGHT_ReadAPDPReg(DP reg 0x00)
T53D0 000:098.231   Value=0x6BA02477
T53D0 000:098.240 - 0.229ms returns 0
T53D0 000:098.247 JLINK_CORESIGHT_WriteAPDPReg(DP reg 0x02, 0x00000000)
T53D0 000:098.437 - 0.190ms returns 0
T53D0 000:098.445 JLINK_CORESIGHT_WriteAPDPReg(DP reg 0x01, 0x50000000)
T53D0 000:098.727 - 0.281ms returns 0
T53D0 000:098.739 JLINK_CORESIGHT_ReadAPDPReg(DP reg 0x01)
T53D0 000:098.939   Value=0xD0000040
T53D0 000:098.949 - 0.210ms returns 0
T53D0 000:098.958 JLINK_CORESIGHT_ReadAPDPReg(DP reg 0x01)
T53D0 000:099.123   Value=0xF0000040
T53D0 000:099.134 - 0.175ms returns 0
T53D0 000:099.141 JLINK_CORESIGHT_WriteAPDPReg(DP reg 0x00, 0x0000001F)
T53D0 000:099.318 - 0.177ms returns 0
T53D0 000:099.326 JLINK_CORESIGHT_ReadAPDPReg(DP reg 0x00)
T53D0 000:099.499   Value=0x6BA02477
T53D0 000:099.507 - 0.180ms returns 0
T53D0 000:099.515 JLINK_CORESIGHT_WriteAPDPReg(DP reg 0x01, 0x54000000)
T53D0 000:099.734 - 0.219ms returns 0
T53D0 000:099.743 JLINK_CORESIGHT_WriteAPDPReg(DP reg 0x01, 0x50000F00)
T53D0 000:099.946 - 0.202ms returns 0
T53D0 000:099.954 JLINK_CORESIGHT_WriteAPDPReg(DP reg 0x02, 0x01000000)
T53D0 000:100.130 - 0.176ms returns 0
T53D0 000:100.140 JLINK_CORESIGHT_WriteAPDPReg(AP reg 0x00, 0x80000002)
T53D0 000:100.341 - 0.201ms returns 0
T53D0 000:100.349 JLINK_CORESIGHT_WriteAPDPReg(AP reg 0x01, 0x80011100)
T53D0 000:100.520 - 0.171ms returns 0
T53D0 000:100.528 JLINK_CORESIGHT_WriteAPDPReg(AP reg 0x03, 0x000000A5)
T53D0 000:100.765 - 0.236ms returns 0
T53D0 000:100.793 JLINK_CORESIGHT_WriteAPDPReg(AP reg 0x00, 0x80000002)
T53D0 000:100.995 - 0.202ms returns 0
T53D0 000:101.007 JLINK_CORESIGHT_WriteAPDPReg(AP reg 0x01, 0x80011100)
T53D0 000:101.217 - 0.210ms returns 0
T53D0 000:101.227 JLINK_CORESIGHT_ReadAPDPReg(AP reg 0x03)
T53D0 000:101.440   Value=0x000000A5
T53D0 000:101.452 - 0.225ms returns 0
T53D0 000:101.460 JLINK_ClrTMS()
T53D0 000:101.499 - 0.039ms 
T53D0 000:106.932 JLINK_SetTCK()
T53D0 000:107.011 - 0.077ms returns 0
T53D0 000:112.183 JLINK_SetRESET()
T53D0 000:112.260 - 0.082ms 
T53D0 000:312.322 JLINK_CORESIGHT_WriteAPDPReg(AP reg 0x00, 0x80000002)
T53D0 000:312.615 - 0.292ms returns 0
T53D0 000:312.657 JLINK_CORESIGHT_WriteAPDPReg(AP reg 0x01, 0x80011100)
T53D0 000:312.894 - 0.238ms returns 0
T53D0 000:312.915 JLINK_CORESIGHT_ReadAPDPReg(AP reg 0x03)
T53D0 000:313.208   Value=0x000000A5
T53D0 000:313.226 - 0.311ms returns 0
T53D0 000:313.246 JLINK_ClrRESET()
T53D0 000:313.484 - 0.237ms 
T53D0 000:363.710 JLINK_SetSpeed(1500)
T53D0 000:363.855 - 0.144ms 
T53D0 000:363.877 JLINK_CORESIGHT_Configure(PerformTIFInit=0)
T53D0 000:364.322 - 0.444ms returns 0
T53D0 000:364.365 JLINK_CORESIGHT_ReadAPDPReg(DP reg 0x00)
T53D0 000:364.626   Value=0x6BA02477
T53D0 000:364.641 - 0.276ms returns 0
T53D0 000:364.649 JLINK_CORESIGHT_WriteAPDPReg(DP reg 0x00, 0x0000001F)
T53D0 000:364.921 - 0.271ms returns 0
T53D0 000:364.947 JLINK_CORESIGHT_ReadAPDPReg(DP reg 0x00)
T53D0 000:365.170   Value=0x6BA02477
T53D0 000:365.187 - 0.239ms returns 0
T53D0 000:365.195 JLINK_CORESIGHT_WriteAPDPReg(DP reg 0x02, 0x00000000)
T53D0 000:365.434 - 0.238ms returns 0
T53D0 000:365.441 JLINK_CORESIGHT_WriteAPDPReg(DP reg 0x01, 0x50000000)
T53D0 000:365.603 - 0.161ms returns 0
T53D0 000:365.626 JLINK_CORESIGHT_ReadAPDPReg(DP reg 0x01)
T53D0 000:365.878   Value=0xF0000040
T53D0 000:365.888 - 0.262ms returns 0
T53D0 000:365.895 JLINK_CORESIGHT_WriteAPDPReg(DP reg 0x00, 0x0000001F)
T53D0 000:366.063 - 0.167ms returns 0
T53D0 000:366.072 JLINK_CORESIGHT_ReadAPDPReg(DP reg 0x00)
T53D0 000:366.233   Value=0x6BA02477
T53D0 000:366.241 - 0.169ms returns 0
T53D0 000:366.248 JLINK_CORESIGHT_WriteAPDPReg(DP reg 0x01, 0x54000000)
T53D0 000:366.475 - 0.226ms returns 0
T53D0 000:366.491 JLINK_CORESIGHT_WriteAPDPReg(DP reg 0x01, 0x50000F00)
T53D0 000:366.728 - 0.237ms returns 0
T53D0 000:366.737 JLINK_CORESIGHT_WriteAPDPReg(DP reg 0x02, 0x01000000)
T53D0 000:366.903 - 0.166ms returns 0
T53D0 000:366.912 JLINK_CORESIGHT_WriteAPDPReg(AP reg 0x00, 0x80000002)
T53D0 000:367.135 - 0.223ms returns 0
T53D0 000:367.143 JLINK_CORESIGHT_WriteAPDPReg(AP reg 0x01, 0x80011100)
T53D0 000:367.355 - 0.212ms returns 0
T53D0 000:367.363 JLINK_CORESIGHT_WriteAPDPReg(AP reg 0x03, 0x000000A5)
T53D0 000:367.524 - 0.161ms returns 0
T53D0 000:367.531 JLINK_CORESIGHT_WriteAPDPReg(AP reg 0x00, 0x80000002)
T53D0 000:367.741 - 0.209ms returns 0
T53D0 000:367.766 JLINK_CORESIGHT_WriteAPDPReg(AP reg 0x01, 0x80011100)
T53D0 000:367.963 - 0.196ms returns 0
T53D0 000:368.043 JLINK_CORESIGHT_ReadAPDPReg(AP reg 0x03)
T53D0 000:373.010   Value=0x000000A5
T53D0 000:373.068 - 5.025ms returns 0
T53D0 000:373.086 JLINK_ClrTMS()
T53D0 000:373.537 - 0.450ms 
T53D0 000:378.908 JLINK_SetTCK()
T53D0 000:379.070 - 0.162ms returns 0
T53D0 000:384.141 JLINK_SetRESET()
T53D0 000:384.251 - 0.110ms 
T53D0 000:584.844 JLINK_CORESIGHT_WriteAPDPReg(AP reg 0x00, 0x80000002)
T53D0 000:585.655 - 0.812ms returns 0
T53D0 000:585.699 JLINK_CORESIGHT_WriteAPDPReg(AP reg 0x01, 0x80011100)
T53D0 000:586.292 - 0.592ms returns 0
T53D0 000:586.329 JLINK_CORESIGHT_ReadAPDPReg(AP reg 0x03)
T53D0 000:587.226   Value=0x000000A5
T53D0 000:587.270 - 0.941ms returns 0
T53D0 000:587.470 JLINK_CORESIGHT_ReadAPDPReg(DP reg 0x01)
T53D0 000:587.776   Value=0xF0000F40
T53D0 000:587.805 - 0.334ms returns 0
T53D0 000:587.818 JLINK_CORESIGHT_WriteAPDPReg(DP reg 0x01, 0xA0000F40)
T53D0 000:588.087 - 0.268ms returns 0
T53D0 000:588.107 JLINK_CORESIGHT_ReadAPDPReg(DP reg 0x01)
T53D0 000:588.316   Value=0x00000F40
T53D0 000:588.327 - 0.220ms returns 0
T53D0 000:588.334 JLINK_ClrRESET()
T53D0 000:588.496 - 0.160ms 
T53D0 000:689.319 JLINK_Close()
T53D0 000:703.289 - 13.969ms
T53D0 000:703.346   
T53D0 000:703.358   Closed
