T3594 000:001.466   SEGGER J-Link V8.12c Log File
T3594 000:001.598   DLL Compiled: Jan 22 2025 12:55:59
T3594 000:001.611   Logging started @ 2025-03-16 13:54
T3594 000:001.625   Process: C:\Users\a8456\.eclipse\com.renesas.platform_1309835749\DebugComp\RA\e2-server-gdb.exe
T3594 000:001.642 - 1.637ms 
T3594 000:001.662 JLINK_GetDLLVersion()
T3594 000:001.676 - 0.014ms returns 81203
T3594 000:003.813 JLINK_OpenEx(...)
T3594 000:010.173   Firmware: J-Link V9 compiled May  7 2021 16:26:12
T3594 000:010.664   Firmware: J-Link V9 compiled May  7 2021 16:26:12
T3594 000:010.791   Decompressing FW timestamp took 86 us
T3594 000:016.238   Hardware: V9.60
T3594 000:016.337   S/N: 69660718
T3594 000:016.376   OEM: SEGGER
T3594 000:016.625   Feature(s): RDI, GDB, FlashDL, FlashBP, JFlash
T3594 000:017.360   Bootloader: (FW returned invalid version)
T3594 000:018.062   TELNET listener socket opened on port 19021
T3594 000:018.192   WEBSRV WEBSRV_Init(): Starting webserver thread(s)
T3594 000:018.400   WEBSRV Webserver running on local port 19080
T3594 000:018.547   Looking for J-Link GUI Server exe at: C:\Users\a8456\.eclipse\com.renesas.platform_1309835749\DebugComp\RA\ARM\Segger_v8.12.3\JLinkGUIServer.exe
T3594 000:018.639   Looking for J-Link GUI Server exe at: C:\Program Files\SEGGER\JLink_V818\JLinkGUIServer.exe
T3594 000:018.666   Forking J-Link GUI Server: C:\Program Files\SEGGER\JLink_V818\JLinkGUIServer.exe
T3594 000:045.200   J-Link GUI Server info: "J-Link GUI server V8.18 "
T3594 000:055.053 - 51.235ms returns "O.K."
T3594 000:055.160 JLINK_TIF_Select(JLINKARM_TIF_SWD)
T3594 000:055.572 - 0.412ms returns 0x00
T3594 000:055.591 JLINK_ClrRESET()
T3594 000:055.960 - 0.368ms 
T3594 000:106.434 JLINK_SetSpeed(1500)
T3594 000:106.521 - 0.093ms 
T3594 000:106.543 JLINK_CORESIGHT_Configure(PerformTIFInit=0)
T3594 000:106.873 - 0.333ms returns 0
T3594 000:106.894 JLINK_CORESIGHT_ReadAPDPReg(DP reg 0x00)
T3594 000:107.067   Value=0x6BA02477
T3594 000:107.083 - 0.191ms returns 0
T3594 000:107.092 JLINK_CORESIGHT_WriteAPDPReg(DP reg 0x00, 0x0000001F)
T3594 000:107.248 - 0.155ms returns 0
T3594 000:107.261 JLINK_CORESIGHT_ReadAPDPReg(DP reg 0x00)
T3594 000:107.416   Value=0x6BA02477
T3594 000:107.436 - 0.174ms returns 0
T3594 000:107.490 JLINK_CORESIGHT_WriteAPDPReg(DP reg 0x02, 0x00000000)
T3594 000:107.659 - 0.168ms returns 0
T3594 000:107.687 JLINK_CORESIGHT_WriteAPDPReg(DP reg 0x01, 0x50000000)
T3594 000:107.885 - 0.198ms returns 0
T3594 000:107.906 JLINK_CORESIGHT_ReadAPDPReg(DP reg 0x01)
T3594 000:108.091   Value=0xD0000040
T3594 000:108.104 - 0.198ms returns 0
T3594 000:108.116 JLINK_CORESIGHT_ReadAPDPReg(DP reg 0x01)
T3594 000:108.284   Value=0xD0000040
T3594 000:108.293 - 0.177ms returns 0
T3594 000:108.300 JLINK_CORESIGHT_ReadAPDPReg(DP reg 0x01)
T3594 000:108.457   Value=0xD0000040
T3594 000:108.472 - 0.172ms returns 0
T3594 000:108.481 JLINK_CORESIGHT_ReadAPDPReg(DP reg 0x01)
T3594 000:108.630   Value=0xD0000040
T3594 000:108.639 - 0.157ms returns 0
T3594 000:108.646 JLINK_CORESIGHT_ReadAPDPReg(DP reg 0x01)
T3594 000:108.856   Value=0xD0000040
T3594 000:108.869 - 0.222ms returns 0
T3594 000:108.878 JLINK_CORESIGHT_ReadAPDPReg(DP reg 0x01)
T3594 000:109.063   Value=0xD0000040
T3594 000:109.078 - 0.199ms returns 0
T3594 000:109.087 JLINK_CORESIGHT_ReadAPDPReg(DP reg 0x01)
T3594 000:109.256   Value=0xD0000040
T3594 000:109.267 - 0.180ms returns 0
T3594 000:109.275 JLINK_CORESIGHT_ReadAPDPReg(DP reg 0x01)
T3594 000:109.432   Value=0xF0000040
T3594 000:109.448 - 0.172ms returns 0
T3594 000:109.456 JLINK_CORESIGHT_WriteAPDPReg(DP reg 0x00, 0x0000001F)
T3594 000:109.610 - 0.153ms returns 0
T3594 000:109.620 JLINK_CORESIGHT_ReadAPDPReg(DP reg 0x00)
T3594 000:109.800   Value=0x6BA02477
T3594 000:109.810 - 0.190ms returns 0
T3594 000:109.818 JLINK_CORESIGHT_WriteAPDPReg(DP reg 0x01, 0x54000000)
T3594 000:110.006 - 0.188ms returns 0
T3594 000:110.017 JLINK_CORESIGHT_WriteAPDPReg(DP reg 0x01, 0x50000F00)
T3594 000:110.176 - 0.158ms returns 0
T3594 000:110.190 JLINK_CORESIGHT_WriteAPDPReg(DP reg 0x02, 0x01000000)
T3594 000:110.367 - 0.177ms returns 0
T3594 000:110.379 JLINK_CORESIGHT_WriteAPDPReg(AP reg 0x00, 0x80000002)
T3594 000:110.536 - 0.157ms returns 0
T3594 000:110.548 JLINK_CORESIGHT_WriteAPDPReg(AP reg 0x01, 0x80011100)
T3594 000:110.743 - 0.195ms returns 0
T3594 000:110.751 JLINK_CORESIGHT_WriteAPDPReg(AP reg 0x03, 0x000000A5)
T3594 000:110.904 - 0.153ms returns 0
T3594 000:110.915 JLINK_CORESIGHT_WriteAPDPReg(AP reg 0x00, 0x80000002)
T3594 000:111.069 - 0.153ms returns 0
T3594 000:111.079 JLINK_CORESIGHT_WriteAPDPReg(AP reg 0x01, 0x80011100)
T3594 000:111.235 - 0.156ms returns 0
T3594 000:111.251 JLINK_CORESIGHT_ReadAPDPReg(AP reg 0x03)
T3594 000:111.458   Value=0x000000A5
T3594 000:111.471 - 0.220ms returns 0
T3594 000:111.480 JLINK_ClrTMS()
T3594 000:111.532 - 0.052ms 
T3594 000:117.447 JLINK_SetTCK()
T3594 000:117.614 - 0.168ms returns 0
T3594 000:123.424 JLINK_SetRESET()
T3594 000:123.503 - 0.078ms 
T3594 000:324.423 JLINK_CORESIGHT_WriteAPDPReg(AP reg 0x00, 0x80000002)
T3594 000:324.791 - 0.369ms returns 0
T3594 000:324.816 JLINK_CORESIGHT_WriteAPDPReg(AP reg 0x01, 0x80011100)
T3594 000:325.049 - 0.233ms returns 0
T3594 000:325.065 JLINK_CORESIGHT_ReadAPDPReg(AP reg 0x03)
T3594 000:325.325   Value=0x00000000
T3594 000:325.342 - 0.277ms returns 0
T3594 000:325.356 JLINK_CORESIGHT_WriteAPDPReg(AP reg 0x00, 0x80000002)
T3594 000:325.541 - 0.184ms returns 0
T3594 000:325.564 JLINK_CORESIGHT_WriteAPDPReg(AP reg 0x01, 0x80011140)
T3594 000:325.786 - 0.221ms returns 0
T3594 000:325.802 JLINK_CORESIGHT_ReadAPDPReg(AP reg 0x03)
T3594 000:326.025   Value=0x00000002
T3594 000:326.042 - 0.240ms returns 0
T3594 000:326.055 JLINK_CORESIGHT_WriteAPDPReg(AP reg 0x00, 0x80000002)
T3594 000:326.219 - 0.164ms returns 0
T3594 000:326.242 JLINK_CORESIGHT_WriteAPDPReg(AP reg 0x01, 0x80011120)
T3594 000:326.414 - 0.171ms returns 0
T3594 000:326.437 JLINK_CORESIGHT_WriteAPDPReg(AP reg 0x03, 0x00000055)
T3594 000:326.611 - 0.173ms returns 0
T3594 000:326.631 JLINK_CORESIGHT_WriteAPDPReg(AP reg 0x00, 0x80000002)
T3594 000:326.888 - 0.256ms returns 0
T3594 000:326.909 JLINK_CORESIGHT_WriteAPDPReg(AP reg 0x01, 0x80011140)
T3594 000:327.081 - 0.173ms returns 0
T3594 000:327.096 JLINK_CORESIGHT_ReadAPDPReg(AP reg 0x03)
T3594 000:327.314   Value=0x00000000
T3594 000:327.332 - 0.235ms returns 0
T3594 000:327.345 JLINK_CORESIGHT_WriteAPDPReg(AP reg 0x00, 0x80000002)
T3594 000:327.509 - 0.163ms returns 0
T3594 000:327.531 JLINK_CORESIGHT_WriteAPDPReg(AP reg 0x01, 0x80011130)
T3594 000:327.746 - 0.215ms returns 0
T3594 000:327.761 JLINK_CORESIGHT_ReadAPDPReg(AP reg 0x03)
T3594 000:328.006   Value=0x000000C6
T3594 000:328.024 - 0.263ms returns 0
T3594 000:328.048 JLINK_CORESIGHT_WriteAPDPReg(AP reg 0x00, 0x80000002)
T3594 000:328.219 - 0.170ms returns 0
T3594 000:328.243 JLINK_CORESIGHT_WriteAPDPReg(AP reg 0x01, 0x80011140)
T3594 000:328.414 - 0.170ms returns 0
T3594 000:328.435 JLINK_CORESIGHT_ReadAPDPReg(AP reg 0x03)
T3594 000:328.655   Value=0x00000002
T3594 000:328.673 - 0.237ms returns 0
T3594 000:328.686 JLINK_CORESIGHT_WriteAPDPReg(AP reg 0x00, 0x80000002)
T3594 000:328.858 - 0.172ms returns 0
T3594 000:328.873 JLINK_CORESIGHT_WriteAPDPReg(AP reg 0x01, 0x80011120)
T3594 000:329.048 - 0.175ms returns 0
T3594 000:329.067 JLINK_CORESIGHT_WriteAPDPReg(AP reg 0x03, 0x3A010001)
T3594 000:329.232 - 0.164ms returns 0
T3594 000:329.240 JLINK_CORESIGHT_WriteAPDPReg(AP reg 0x00, 0x80000002)
T3594 000:329.384 - 0.144ms returns 0
T3594 000:329.391 JLINK_CORESIGHT_WriteAPDPReg(AP reg 0x01, 0x80011140)
T3594 000:329.545 - 0.153ms returns 0
T3594 000:329.554 JLINK_CORESIGHT_ReadAPDPReg(AP reg 0x03)
T3594 000:329.768   Value=0x00000002
T3594 000:329.776 - 0.222ms returns 0
T3594 000:329.784 JLINK_CORESIGHT_WriteAPDPReg(AP reg 0x00, 0x80000002)
T3594 000:329.934 - 0.150ms returns 0
T3594 000:329.942 JLINK_CORESIGHT_WriteAPDPReg(AP reg 0x01, 0x80011120)
T3594 000:330.091 - 0.149ms returns 0
T3594 000:330.098 JLINK_CORESIGHT_WriteAPDPReg(AP reg 0x03, 0x000003C5)
T3594 000:330.274 - 0.176ms returns 0
T3594 000:330.283 JLINK_CORESIGHT_WriteAPDPReg(AP reg 0x00, 0x80000002)
T3594 000:330.436 - 0.153ms returns 0
T3594 000:330.445 JLINK_CORESIGHT_WriteAPDPReg(AP reg 0x01, 0x80011140)
T3594 000:330.601 - 0.156ms returns 0
T3594 000:330.609 JLINK_CORESIGHT_ReadAPDPReg(AP reg 0x03)
T3594 000:330.832   Value=0x00000002
T3594 000:330.876 - 0.267ms returns 0
T3594 000:330.901 JLINK_CORESIGHT_ReadAPDPReg(AP reg 0x03)
T3594 000:331.137   Value=0x00000002
T3594 000:331.163 - 0.262ms returns 0
T3594 000:331.178 JLINK_CORESIGHT_ReadAPDPReg(AP reg 0x03)
T3594 000:331.424   Value=0x00000002
T3594 000:331.449 - 0.270ms returns 0
T3594 000:331.463 JLINK_CORESIGHT_ReadAPDPReg(AP reg 0x03)
T3594 000:331.755   Value=0x00000002
T3594 000:331.782 - 0.319ms returns 0
T3594 000:331.797 JLINK_CORESIGHT_ReadAPDPReg(AP reg 0x03)
T3594 000:332.040   Value=0x00000002
T3594 000:332.067 - 0.269ms returns 0
T3594 000:332.082 JLINK_CORESIGHT_ReadAPDPReg(AP reg 0x03)
T3594 000:332.329   Value=0x00000002
T3594 000:332.399 - 0.316ms returns 0
T3594 000:332.437 JLINK_CORESIGHT_ReadAPDPReg(AP reg 0x03)
T3594 000:332.748   Value=0x00000002
T3594 000:332.776 - 0.339ms returns 0
T3594 000:332.791 JLINK_CORESIGHT_ReadAPDPReg(AP reg 0x03)
T3594 000:333.021   Value=0x00000002
T3594 000:333.038 - 0.247ms returns 0
T3594 000:333.050 JLINK_CORESIGHT_ReadAPDPReg(AP reg 0x03)
T3594 000:333.277   Value=0x00000002
T3594 000:333.294 - 0.243ms returns 0
T3594 000:333.303 JLINK_CORESIGHT_ReadAPDPReg(AP reg 0x03)
T3594 000:333.518   Value=0x00000002
T3594 000:333.530 - 0.227ms returns 0
T3594 000:333.538 JLINK_CORESIGHT_ReadAPDPReg(AP reg 0x03)
T3594 000:333.743   Value=0x00000002
T3594 000:333.751 - 0.214ms returns 0
T3594 000:333.758 JLINK_CORESIGHT_ReadAPDPReg(AP reg 0x03)
T3594 000:333.960   Value=0x00000002
T3594 000:333.969 - 0.210ms returns 0
T3594 000:333.975 JLINK_CORESIGHT_ReadAPDPReg(AP reg 0x03)
T3594 000:334.167   Value=0x00000000
T3594 000:334.175 - 0.199ms returns 0
T3594 000:334.182 JLINK_CORESIGHT_WriteAPDPReg(AP reg 0x00, 0x80000002)
T3594 000:334.332 - 0.149ms returns 0
T3594 000:334.339 JLINK_CORESIGHT_WriteAPDPReg(AP reg 0x01, 0x80011130)
T3594 000:334.483 - 0.143ms returns 0
T3594 000:334.491 JLINK_CORESIGHT_ReadAPDPReg(AP reg 0x03)
T3594 000:334.743   Value=0x3A2A0081
T3594 000:334.753 - 0.261ms returns 0
T3594 000:334.760 JLINK_CORESIGHT_WriteAPDPReg(AP reg 0x00, 0x80000002)
T3594 000:334.914 - 0.153ms returns 0
T3594 000:334.921 JLINK_CORESIGHT_WriteAPDPReg(AP reg 0x01, 0x80011140)
T3594 000:335.079 - 0.158ms returns 0
T3594 000:335.087 JLINK_CORESIGHT_ReadAPDPReg(AP reg 0x03)
T3594 000:335.285   Value=0x00000000
T3594 000:335.293 - 0.206ms returns 0
T3594 000:335.300 JLINK_CORESIGHT_WriteAPDPReg(AP reg 0x00, 0x80000002)
T3594 000:335.453 - 0.153ms returns 0
T3594 000:335.462 JLINK_CORESIGHT_WriteAPDPReg(AP reg 0x01, 0x80011130)
T3594 000:335.613 - 0.151ms returns 0
T3594 000:335.621 JLINK_CORESIGHT_ReadAPDPReg(AP reg 0x03)
T3594 000:335.830   Value=0x80841E00
T3594 000:335.839 - 0.218ms returns 0
T3594 000:335.848 JLINK_CORESIGHT_WriteAPDPReg(AP reg 0x00, 0x80000002)
T3594 000:335.992 - 0.144ms returns 0
T3594 000:336.000 JLINK_CORESIGHT_WriteAPDPReg(AP reg 0x01, 0x80011140)
T3594 000:336.153 - 0.153ms returns 0
T3594 000:336.161 JLINK_CORESIGHT_ReadAPDPReg(AP reg 0x03)
T3594 000:336.370   Value=0x00000000
T3594 000:336.378 - 0.217ms returns 0
T3594 000:336.386 JLINK_CORESIGHT_WriteAPDPReg(AP reg 0x00, 0x80000002)
T3594 000:336.575 - 0.189ms returns 0
T3594 000:336.585 JLINK_CORESIGHT_WriteAPDPReg(AP reg 0x01, 0x80011130)
T3594 000:336.747 - 0.161ms returns 0
T3594 000:336.765 JLINK_CORESIGHT_ReadAPDPReg(AP reg 0x03)
T3594 000:336.983   Value=0x000D0803
T3594 000:336.995 - 0.229ms returns 0
T3594 000:337.003 JLINK_CORESIGHT_WriteAPDPReg(AP reg 0x00, 0x80000002)
T3594 000:337.159 - 0.156ms returns 0
T3594 000:337.168 JLINK_CORESIGHT_WriteAPDPReg(AP reg 0x01, 0x80011140)
T3594 000:337.329 - 0.160ms returns 0
T3594 000:337.340 JLINK_CORESIGHT_ReadAPDPReg(AP reg 0x03)
T3594 000:337.558   Value=0x00000000
T3594 000:337.595 - 0.253ms returns 0
T3594 000:337.609 JLINK_CORESIGHT_WriteAPDPReg(AP reg 0x00, 0x80000002)
T3594 000:337.768 - 0.159ms returns 0
T3594 000:337.776 JLINK_CORESIGHT_WriteAPDPReg(AP reg 0x01, 0x80011130)
T3594 000:337.983 - 0.206ms returns 0
T3594 000:337.996 JLINK_CORESIGHT_ReadAPDPReg(AP reg 0x03)
T3594 000:338.199   Value=0x31574B02
T3594 000:338.209 - 0.212ms returns 0
T3594 000:338.217 JLINK_CORESIGHT_WriteAPDPReg(AP reg 0x00, 0x80000002)
T3594 000:338.370 - 0.153ms returns 0
T3594 000:338.378 JLINK_CORESIGHT_WriteAPDPReg(AP reg 0x01, 0x80011140)
T3594 000:338.535 - 0.156ms returns 0
T3594 000:338.544 JLINK_CORESIGHT_ReadAPDPReg(AP reg 0x03)
T3594 000:338.743   Value=0x00000000
T3594 000:338.751 - 0.207ms returns 0
T3594 000:338.759 JLINK_CORESIGHT_WriteAPDPReg(AP reg 0x00, 0x80000002)
T3594 000:338.909 - 0.150ms returns 0
T3594 000:338.917 JLINK_CORESIGHT_WriteAPDPReg(AP reg 0x01, 0x80011130)
T3594 000:339.068 - 0.150ms returns 0
T3594 000:339.094 JLINK_CORESIGHT_ReadAPDPReg(AP reg 0x03)
T3594 000:339.305   Value=0x333A7674
T3594 000:339.314 - 0.220ms returns 0
T3594 000:339.322 JLINK_CORESIGHT_WriteAPDPReg(AP reg 0x00, 0x80000002)
T3594 000:339.475 - 0.152ms returns 0
T3594 000:339.483 JLINK_CORESIGHT_WriteAPDPReg(AP reg 0x01, 0x80011140)
T3594 000:339.629 - 0.146ms returns 0
T3594 000:339.638 JLINK_CORESIGHT_ReadAPDPReg(AP reg 0x03)
T3594 000:339.902   Value=0x00000000
T3594 000:339.912 - 0.274ms returns 0
T3594 000:339.921 JLINK_CORESIGHT_WriteAPDPReg(AP reg 0x00, 0x80000002)
T3594 000:340.079 - 0.157ms returns 0
T3594 000:340.087 JLINK_CORESIGHT_WriteAPDPReg(AP reg 0x01, 0x80011130)
T3594 000:340.236 - 0.148ms returns 0
T3594 000:340.244 JLINK_CORESIGHT_ReadAPDPReg(AP reg 0x03)
T3594 000:340.450   Value=0x30383334
T3594 000:340.461 - 0.216ms returns 0
T3594 000:340.469 JLINK_CORESIGHT_WriteAPDPReg(AP reg 0x00, 0x80000002)
T3594 000:340.629 - 0.160ms returns 0
T3594 000:340.637 JLINK_CORESIGHT_WriteAPDPReg(AP reg 0x01, 0x80011140)
T3594 000:340.856 - 0.218ms returns 0
T3594 000:340.864 JLINK_CORESIGHT_ReadAPDPReg(AP reg 0x03)
T3594 000:341.067   Value=0x00000000
T3594 000:341.075 - 0.211ms returns 0
T3594 000:341.083 JLINK_CORESIGHT_WriteAPDPReg(AP reg 0x00, 0x80000002)
T3594 000:341.233 - 0.151ms returns 0
T3594 000:341.242 JLINK_CORESIGHT_WriteAPDPReg(AP reg 0x01, 0x80011130)
T3594 000:341.399 - 0.157ms returns 0
T3594 000:341.409 JLINK_CORESIGHT_ReadAPDPReg(AP reg 0x03)
T3594 000:341.613   Value=0x11103130
T3594 000:341.622 - 0.212ms returns 0
T3594 000:341.630 JLINK_CORESIGHT_WriteAPDPReg(AP reg 0x00, 0x80000002)
T3594 000:341.794 - 0.164ms returns 0
T3594 000:341.802 JLINK_CORESIGHT_WriteAPDPReg(AP reg 0x01, 0x80011140)
T3594 000:341.956 - 0.154ms returns 0
T3594 000:341.964 JLINK_CORESIGHT_ReadAPDPReg(AP reg 0x03)
T3594 000:342.166   Value=0x00000000
T3594 000:342.175 - 0.210ms returns 0
T3594 000:342.182 JLINK_CORESIGHT_WriteAPDPReg(AP reg 0x00, 0x80000002)
T3594 000:342.332 - 0.149ms returns 0
T3594 000:342.342 JLINK_CORESIGHT_WriteAPDPReg(AP reg 0x01, 0x80011130)
T3594 000:342.492 - 0.150ms returns 0
T3594 000:342.500 JLINK_CORESIGHT_ReadAPDPReg(AP reg 0x03)
T3594 000:342.743   Value=0x4637520E
T3594 000:342.752 - 0.251ms returns 0
T3594 000:342.760 JLINK_CORESIGHT_WriteAPDPReg(AP reg 0x00, 0x80000002)
T3594 000:342.910 - 0.150ms returns 0
T3594 000:342.922 JLINK_CORESIGHT_WriteAPDPReg(AP reg 0x01, 0x80011140)
T3594 000:343.080 - 0.158ms returns 0
T3594 000:343.088 JLINK_CORESIGHT_ReadAPDPReg(AP reg 0x03)
T3594 000:343.300   Value=0x00000000
T3594 000:343.330 - 0.242ms returns 0
T3594 000:343.340 JLINK_CORESIGHT_WriteAPDPReg(AP reg 0x00, 0x80000002)
T3594 000:343.493 - 0.153ms returns 0
T3594 000:343.503 JLINK_CORESIGHT_WriteAPDPReg(AP reg 0x01, 0x80011130)
T3594 000:343.655 - 0.151ms returns 0
T3594 000:343.663 JLINK_CORESIGHT_ReadAPDPReg(AP reg 0x03)
T3594 000:343.904   Value=0x314C3441
T3594 000:343.913 - 0.249ms returns 0
T3594 000:343.949 JLINK_CORESIGHT_WriteAPDPReg(AP reg 0x00, 0x80000002)
T3594 000:344.101 - 0.151ms returns 0
T3594 000:344.109 JLINK_CORESIGHT_WriteAPDPReg(AP reg 0x01, 0x80011140)
T3594 000:344.260 - 0.151ms returns 0
T3594 000:344.268 JLINK_CORESIGHT_ReadAPDPReg(AP reg 0x03)
T3594 000:344.523   Value=0x00000000
T3594 000:344.534 - 0.266ms returns 0
T3594 000:344.543 JLINK_CORESIGHT_WriteAPDPReg(AP reg 0x00, 0x80000002)
T3594 000:344.742 - 0.199ms returns 0
T3594 000:344.751 JLINK_CORESIGHT_WriteAPDPReg(AP reg 0x01, 0x80011130)
T3594 000:344.900 - 0.149ms returns 0
T3594 000:344.908 JLINK_CORESIGHT_ReadAPDPReg(AP reg 0x03)
T3594 000:345.109   Value=0x43344442
T3594 000:345.120 - 0.212ms returns 0
T3594 000:345.129 JLINK_CORESIGHT_WriteAPDPReg(AP reg 0x00, 0x80000002)
T3594 000:345.294 - 0.165ms returns 0
T3594 000:345.306 JLINK_CORESIGHT_WriteAPDPReg(AP reg 0x01, 0x80011140)
T3594 000:345.458 - 0.152ms returns 0
T3594 000:345.469 JLINK_CORESIGHT_ReadAPDPReg(AP reg 0x03)
T3594 000:345.671   Value=0x00000000
T3594 000:345.679 - 0.210ms returns 0
T3594 000:345.687 JLINK_CORESIGHT_WriteAPDPReg(AP reg 0x00, 0x80000002)
T3594 000:345.855 - 0.167ms returns 0
T3594 000:345.863 JLINK_CORESIGHT_WriteAPDPReg(AP reg 0x01, 0x80011130)
T3594 000:346.012 - 0.149ms returns 0
T3594 000:346.019 JLINK_CORESIGHT_ReadAPDPReg(AP reg 0x03)
T3594 000:346.223   Value=0x20205046
T3594 000:346.232 - 0.212ms returns 0
T3594 000:346.239 JLINK_CORESIGHT_WriteAPDPReg(AP reg 0x00, 0x80000002)
T3594 000:346.389 - 0.149ms returns 0
T3594 000:346.399 JLINK_CORESIGHT_WriteAPDPReg(AP reg 0x01, 0x80011140)
T3594 000:346.549 - 0.150ms returns 0
T3594 000:346.558 JLINK_CORESIGHT_ReadAPDPReg(AP reg 0x03)
T3594 000:346.797   Value=0x00000000
T3594 000:346.807 - 0.249ms returns 0
T3594 000:346.815 JLINK_CORESIGHT_WriteAPDPReg(AP reg 0x00, 0x80000002)
T3594 000:346.992 - 0.177ms returns 0
T3594 000:347.000 JLINK_CORESIGHT_WriteAPDPReg(AP reg 0x01, 0x80011130)
T3594 000:347.150 - 0.149ms returns 0
T3594 000:347.158 JLINK_CORESIGHT_ReadAPDPReg(AP reg 0x03)
T3594 000:347.358   Value=0x00032320
T3594 000:347.368 - 0.210ms returns 0
T3594 000:347.460 JLINK_CORESIGHT_WriteAPDPReg(AP reg 0x00, 0x80000002)
T3594 000:347.759 - 0.298ms returns 0
T3594 000:347.785 JLINK_CORESIGHT_WriteAPDPReg(AP reg 0x01, 0x80011140)
T3594 000:348.658 - 0.872ms returns 0
T3594 000:348.695 JLINK_CORESIGHT_ReadAPDPReg(AP reg 0x03)
T3594 000:349.141   Value=0x00000002
T3594 000:349.198 - 0.503ms returns 0
T3594 000:349.216 JLINK_CORESIGHT_WriteAPDPReg(AP reg 0x00, 0x80000002)
T3594 000:349.453 - 0.237ms returns 0
T3594 000:349.479 JLINK_CORESIGHT_WriteAPDPReg(AP reg 0x01, 0x80011120)
T3594 000:349.675 - 0.195ms returns 0
T3594 000:349.698 JLINK_CORESIGHT_WriteAPDPReg(AP reg 0x03, 0x2C010001)
T3594 000:349.870 - 0.171ms returns 0
T3594 000:349.888 JLINK_CORESIGHT_WriteAPDPReg(AP reg 0x00, 0x80000002)
T3594 000:350.056 - 0.168ms returns 0
T3594 000:350.070 JLINK_CORESIGHT_WriteAPDPReg(AP reg 0x01, 0x80011140)
T3594 000:350.232 - 0.162ms returns 0
T3594 000:350.247 JLINK_CORESIGHT_ReadAPDPReg(AP reg 0x03)
T3594 000:350.461   Value=0x00000002
T3594 000:350.484 - 0.236ms returns 0
T3594 000:350.498 JLINK_CORESIGHT_WriteAPDPReg(AP reg 0x00, 0x80000002)
T3594 000:350.674 - 0.176ms returns 0
T3594 000:350.689 JLINK_CORESIGHT_WriteAPDPReg(AP reg 0x01, 0x80011120)
T3594 000:350.861 - 0.172ms returns 0
T3594 000:350.877 JLINK_CORESIGHT_WriteAPDPReg(AP reg 0x03, 0x000003D3)
T3594 000:351.049 - 0.172ms returns 0
T3594 000:351.065 JLINK_CORESIGHT_WriteAPDPReg(AP reg 0x00, 0x80000002)
T3594 000:351.231 - 0.166ms returns 0
T3594 000:351.255 JLINK_CORESIGHT_WriteAPDPReg(AP reg 0x01, 0x80011140)
T3594 000:351.451 - 0.196ms returns 0
T3594 000:351.471 JLINK_CORESIGHT_ReadAPDPReg(AP reg 0x03)
T3594 000:351.744   Value=0x00000002
T3594 000:351.753 - 0.281ms returns 0
T3594 000:351.760 JLINK_CORESIGHT_ReadAPDPReg(AP reg 0x03)
T3594 000:351.961   Value=0x00000002
T3594 000:351.969 - 0.209ms returns 0
T3594 000:351.976 JLINK_CORESIGHT_ReadAPDPReg(AP reg 0x03)
T3594 000:352.177   Value=0x00000002
T3594 000:352.187 - 0.211ms returns 0
T3594 000:352.194 JLINK_CORESIGHT_ReadAPDPReg(AP reg 0x03)
T3594 000:352.402   Value=0x00000002
T3594 000:352.430 - 0.236ms returns 0
T3594 000:352.445 JLINK_CORESIGHT_ReadAPDPReg(AP reg 0x03)
T3594 000:352.665   Value=0x00000002
T3594 000:352.687 - 0.242ms returns 0
T3594 000:352.701 JLINK_CORESIGHT_ReadAPDPReg(AP reg 0x03)
T3594 000:352.923   Value=0x00000002
T3594 000:352.940 - 0.239ms returns 0
T3594 000:352.953 JLINK_CORESIGHT_ReadAPDPReg(AP reg 0x03)
T3594 000:353.164   Value=0x00000002
T3594 000:353.181 - 0.228ms returns 0
T3594 000:353.193 JLINK_CORESIGHT_ReadAPDPReg(AP reg 0x03)
T3594 000:353.408   Value=0x00000002
T3594 000:353.431 - 0.237ms returns 0
T3594 000:353.444 JLINK_CORESIGHT_ReadAPDPReg(AP reg 0x03)
T3594 000:353.663   Value=0x00000002
T3594 000:353.680 - 0.236ms returns 0
T3594 000:353.693 JLINK_CORESIGHT_ReadAPDPReg(AP reg 0x03)
T3594 000:353.909   Value=0x00000002
T3594 000:353.923 - 0.230ms returns 0
T3594 000:353.931 JLINK_CORESIGHT_ReadAPDPReg(AP reg 0x03)
T3594 000:354.155   Value=0x00000002
T3594 000:354.183 - 0.251ms returns 0
T3594 000:354.201 JLINK_CORESIGHT_ReadAPDPReg(AP reg 0x03)
T3594 000:354.427   Value=0x00000002
T3594 000:354.449 - 0.248ms returns 0
T3594 000:354.463 JLINK_CORESIGHT_ReadAPDPReg(AP reg 0x03)
T3594 000:354.746   Value=0x00000002
T3594 000:354.770 - 0.306ms returns 0
T3594 000:354.783 JLINK_CORESIGHT_ReadAPDPReg(AP reg 0x03)
T3594 000:355.007   Value=0x00000002
T3594 000:355.021 - 0.238ms returns 0
T3594 000:355.029 JLINK_CORESIGHT_ReadAPDPReg(AP reg 0x03)
T3594 000:355.257   Value=0x00000002
T3594 000:355.266 - 0.237ms returns 0
T3594 000:355.274 JLINK_CORESIGHT_ReadAPDPReg(AP reg 0x03)
T3594 000:355.480   Value=0x00000000
T3594 000:355.490 - 0.216ms returns 0
T3594 000:355.498 JLINK_CORESIGHT_WriteAPDPReg(AP reg 0x00, 0x80000002)
T3594 000:355.648 - 0.150ms returns 0
T3594 000:355.655 JLINK_CORESIGHT_WriteAPDPReg(AP reg 0x01, 0x80011130)
T3594 000:355.854 - 0.199ms returns 0
T3594 000:355.862 JLINK_CORESIGHT_ReadAPDPReg(AP reg 0x03)
T3594 000:356.061   Value=0x2C020081
T3594 000:356.069 - 0.207ms returns 0
T3594 000:356.076 JLINK_CORESIGHT_WriteAPDPReg(AP reg 0x00, 0x80000002)
T3594 000:356.230 - 0.155ms returns 0
T3594 000:356.238 JLINK_CORESIGHT_WriteAPDPReg(AP reg 0x01, 0x80011140)
T3594 000:356.387 - 0.149ms returns 0
T3594 000:356.396 JLINK_CORESIGHT_ReadAPDPReg(AP reg 0x03)
T3594 000:356.597   Value=0x00000000
T3594 000:356.606 - 0.210ms returns 0
T3594 000:356.613 JLINK_CORESIGHT_WriteAPDPReg(AP reg 0x00, 0x80000002)
T3594 000:356.780 - 0.167ms returns 0
T3594 000:356.789 JLINK_CORESIGHT_WriteAPDPReg(AP reg 0x01, 0x80011130)
T3594 000:356.962 - 0.173ms returns 0
T3594 000:356.970 JLINK_CORESIGHT_ReadAPDPReg(AP reg 0x03)
T3594 000:357.166   Value=0x0003D002
T3594 000:357.175 - 0.204ms returns 0
T3594 000:357.188 JLINK_CORESIGHT_WriteAPDPReg(AP reg 0x00, 0x80000002)
T3594 000:357.331 - 0.143ms returns 0
T3594 000:357.340 JLINK_CORESIGHT_WriteAPDPReg(AP reg 0x01, 0x80011140)
T3594 000:357.492 - 0.151ms returns 0
T3594 000:357.499 JLINK_CORESIGHT_ReadAPDPReg(AP reg 0x03)
T3594 000:357.743   Value=0x00000002
T3594 000:357.753 - 0.253ms returns 0
T3594 000:357.760 JLINK_CORESIGHT_WriteAPDPReg(AP reg 0x00, 0x80000002)
T3594 000:357.964 - 0.203ms returns 0
T3594 000:357.989 JLINK_CORESIGHT_WriteAPDPReg(AP reg 0x01, 0x80011120)
T3594 000:358.147 - 0.158ms returns 0
T3594 000:358.154 JLINK_CORESIGHT_WriteAPDPReg(AP reg 0x03, 0x4F010001)
T3594 000:358.309 - 0.154ms returns 0
T3594 000:358.325 JLINK_CORESIGHT_WriteAPDPReg(AP reg 0x00, 0x80000002)
T3594 000:358.480 - 0.155ms returns 0
T3594 000:358.490 JLINK_CORESIGHT_WriteAPDPReg(AP reg 0x01, 0x80011140)
T3594 000:358.647 - 0.156ms returns 0
T3594 000:358.654 JLINK_CORESIGHT_ReadAPDPReg(AP reg 0x03)
T3594 000:358.904   Value=0x00000002
T3594 000:358.913 - 0.258ms returns 0
T3594 000:358.920 JLINK_CORESIGHT_WriteAPDPReg(AP reg 0x00, 0x80000002)
T3594 000:359.070 - 0.150ms returns 0
T3594 000:359.079 JLINK_CORESIGHT_WriteAPDPReg(AP reg 0x01, 0x80011120)
T3594 000:359.231 - 0.152ms returns 0
T3594 000:359.238 JLINK_CORESIGHT_WriteAPDPReg(AP reg 0x03, 0x000003B0)
T3594 000:359.379 - 0.140ms returns 0
T3594 000:359.387 JLINK_CORESIGHT_WriteAPDPReg(AP reg 0x00, 0x80000002)
T3594 000:359.539 - 0.151ms returns 0
T3594 000:359.546 JLINK_CORESIGHT_WriteAPDPReg(AP reg 0x01, 0x80011140)
T3594 000:359.744 - 0.197ms returns 0
T3594 000:359.751 JLINK_CORESIGHT_ReadAPDPReg(AP reg 0x03)
T3594 000:359.964   Value=0x00000000
T3594 000:359.973 - 0.221ms returns 0
T3594 000:359.980 JLINK_CORESIGHT_WriteAPDPReg(AP reg 0x00, 0x80000002)
T3594 000:360.126 - 0.146ms returns 0
T3594 000:360.134 JLINK_CORESIGHT_WriteAPDPReg(AP reg 0x01, 0x80011130)
T3594 000:360.296 - 0.162ms returns 0
T3594 000:360.305 JLINK_CORESIGHT_ReadAPDPReg(AP reg 0x03)
T3594 000:360.510   Value=0x4F0B0081
T3594 000:360.541 - 0.236ms returns 0
T3594 000:360.550 JLINK_CORESIGHT_WriteAPDPReg(AP reg 0x00, 0x80000002)
T3594 000:360.743 - 0.193ms returns 0
T3594 000:360.751 JLINK_CORESIGHT_WriteAPDPReg(AP reg 0x01, 0x80011140)
T3594 000:360.898 - 0.147ms returns 0
T3594 000:360.905 JLINK_CORESIGHT_ReadAPDPReg(AP reg 0x03)
T3594 000:361.111   Value=0x00000000
T3594 000:361.119 - 0.213ms returns 0
T3594 000:361.126 JLINK_CORESIGHT_WriteAPDPReg(AP reg 0x00, 0x80000002)
T3594 000:361.267 - 0.141ms returns 0
T3594 000:361.274 JLINK_CORESIGHT_WriteAPDPReg(AP reg 0x01, 0x80011130)
T3594 000:361.416 - 0.141ms returns 0
T3594 000:361.423 JLINK_CORESIGHT_ReadAPDPReg(AP reg 0x03)
T3594 000:361.630   Value=0x20000400
T3594 000:361.638 - 0.214ms returns 0
T3594 000:361.645 JLINK_CORESIGHT_WriteAPDPReg(AP reg 0x00, 0x80000002)
T3594 000:361.864 - 0.219ms returns 0
T3594 000:361.886 JLINK_CORESIGHT_WriteAPDPReg(AP reg 0x01, 0x80011140)
T3594 000:362.066 - 0.180ms returns 0
T3594 000:362.090 JLINK_CORESIGHT_ReadAPDPReg(AP reg 0x03)
T3594 000:362.330   Value=0x00000000
T3594 000:362.350 - 0.260ms returns 0
T3594 000:362.364 JLINK_CORESIGHT_WriteAPDPReg(AP reg 0x00, 0x80000002)
T3594 000:362.546 - 0.182ms returns 0
T3594 000:362.557 JLINK_CORESIGHT_WriteAPDPReg(AP reg 0x01, 0x80011130)
T3594 000:362.743 - 0.185ms returns 0
T3594 000:362.750 JLINK_CORESIGHT_ReadAPDPReg(AP reg 0x03)
T3594 000:362.948   Value=0x02000000
T3594 000:362.958 - 0.207ms returns 0
T3594 000:362.965 JLINK_CORESIGHT_WriteAPDPReg(AP reg 0x00, 0x80000002)
T3594 000:363.107 - 0.142ms returns 0
T3594 000:363.114 JLINK_CORESIGHT_WriteAPDPReg(AP reg 0x01, 0x80011140)
T3594 000:363.255 - 0.140ms returns 0
T3594 000:363.262 JLINK_CORESIGHT_ReadAPDPReg(AP reg 0x03)
T3594 000:363.464   Value=0x00000000
T3594 000:363.474 - 0.211ms returns 0
T3594 000:363.481 JLINK_CORESIGHT_WriteAPDPReg(AP reg 0x00, 0x80000002)
T3594 000:363.627 - 0.145ms returns 0
T3594 000:363.634 JLINK_CORESIGHT_WriteAPDPReg(AP reg 0x01, 0x80011130)
T3594 000:363.855 - 0.220ms returns 0
T3594 000:363.862 JLINK_CORESIGHT_ReadAPDPReg(AP reg 0x03)
T3594 000:364.060   Value=0x03780800
T3594 000:364.068 - 0.206ms returns 0
T3594 000:364.152 JLINK_CORESIGHT_WriteAPDPReg(AP reg 0x00, 0x80000002)
T3594 000:364.479 - 0.327ms returns 0
T3594 000:364.586 JLINK_CORESIGHT_WriteAPDPReg(AP reg 0x01, 0x80011140)
T3594 000:365.112 - 0.525ms returns 0
T3594 000:365.140 JLINK_CORESIGHT_ReadAPDPReg(AP reg 0x03)
T3594 000:365.542   Value=0x00000002
T3594 000:365.570 - 0.430ms returns 0
T3594 000:365.585 JLINK_CORESIGHT_WriteAPDPReg(AP reg 0x00, 0x80000002)
T3594 000:365.958 - 0.372ms returns 0
T3594 000:365.983 JLINK_CORESIGHT_WriteAPDPReg(AP reg 0x01, 0x80011120)
T3594 000:366.165 - 0.181ms returns 0
T3594 000:366.188 JLINK_CORESIGHT_WriteAPDPReg(AP reg 0x03, 0x2C010001)
T3594 000:366.362 - 0.173ms returns 0
T3594 000:366.383 JLINK_CORESIGHT_WriteAPDPReg(AP reg 0x00, 0x80000002)
T3594 000:366.568 - 0.185ms returns 0
T3594 000:366.586 JLINK_CORESIGHT_WriteAPDPReg(AP reg 0x01, 0x80011140)
T3594 000:366.789 - 0.203ms returns 0
T3594 000:366.826 JLINK_CORESIGHT_ReadAPDPReg(AP reg 0x03)
T3594 000:367.087   Value=0x00000002
T3594 000:367.108 - 0.282ms returns 0
T3594 000:367.117 JLINK_CORESIGHT_WriteAPDPReg(AP reg 0x00, 0x80000002)
T3594 000:367.277 - 0.159ms returns 0
T3594 000:367.287 JLINK_CORESIGHT_WriteAPDPReg(AP reg 0x01, 0x80011120)
T3594 000:367.439 - 0.152ms returns 0
T3594 000:367.449 JLINK_CORESIGHT_WriteAPDPReg(AP reg 0x03, 0x000003D3)
T3594 000:367.605 - 0.155ms returns 0
T3594 000:367.612 JLINK_CORESIGHT_WriteAPDPReg(AP reg 0x00, 0x80000002)
T3594 000:367.769 - 0.156ms returns 0
T3594 000:367.776 JLINK_CORESIGHT_WriteAPDPReg(AP reg 0x01, 0x80011140)
T3594 000:367.939 - 0.162ms returns 0
T3594 000:367.946 JLINK_CORESIGHT_ReadAPDPReg(AP reg 0x03)
T3594 000:368.153   Value=0x00000002
T3594 000:368.162 - 0.215ms returns 0
T3594 000:368.169 JLINK_CORESIGHT_ReadAPDPReg(AP reg 0x03)
T3594 000:368.415   Value=0x00000002
T3594 000:368.444 - 0.275ms returns 0
T3594 000:368.459 JLINK_CORESIGHT_ReadAPDPReg(AP reg 0x03)
T3594 000:368.745   Value=0x00000000
T3594 000:368.758 - 0.299ms returns 0
T3594 000:368.766 JLINK_CORESIGHT_WriteAPDPReg(AP reg 0x00, 0x80000002)
T3594 000:368.954 - 0.187ms returns 0
T3594 000:368.972 JLINK_CORESIGHT_WriteAPDPReg(AP reg 0x01, 0x80011130)
T3594 000:369.133 - 0.161ms returns 0
T3594 000:369.145 JLINK_CORESIGHT_ReadAPDPReg(AP reg 0x03)
T3594 000:369.353   Value=0x2C020081
T3594 000:369.375 - 0.229ms returns 0
T3594 000:369.388 JLINK_CORESIGHT_WriteAPDPReg(AP reg 0x00, 0x80000002)
T3594 000:369.565 - 0.177ms returns 0
T3594 000:369.580 JLINK_CORESIGHT_WriteAPDPReg(AP reg 0x01, 0x80011140)
T3594 000:369.745 - 0.165ms returns 0
T3594 000:369.760 JLINK_CORESIGHT_ReadAPDPReg(AP reg 0x03)
T3594 000:369.986   Value=0x00000000
T3594 000:370.002 - 0.242ms returns 0
T3594 000:370.015 JLINK_CORESIGHT_WriteAPDPReg(AP reg 0x00, 0x80000002)
T3594 000:370.172 - 0.157ms returns 0
T3594 000:370.186 JLINK_CORESIGHT_WriteAPDPReg(AP reg 0x01, 0x80011130)
T3594 000:370.354 - 0.167ms returns 0
T3594 000:370.369 JLINK_CORESIGHT_ReadAPDPReg(AP reg 0x03)
T3594 000:370.583   Value=0x0003D002
T3594 000:370.592 - 0.222ms returns 0
T3594 000:370.607 JLINK_CORESIGHT_WriteAPDPReg(AP reg 0x00, 0x80000002)
T3594 000:370.794 - 0.187ms returns 0
T3594 000:370.802 JLINK_CORESIGHT_WriteAPDPReg(AP reg 0x01, 0x80011140)
T3594 000:371.010 - 0.207ms returns 0
T3594 000:371.036 JLINK_CORESIGHT_ReadAPDPReg(AP reg 0x03)
T3594 000:371.257   Value=0x00000002
T3594 000:371.271 - 0.235ms returns 0
T3594 000:371.279 JLINK_CORESIGHT_WriteAPDPReg(AP reg 0x00, 0x80000002)
T3594 000:371.481 - 0.201ms returns 0
T3594 000:371.492 JLINK_CORESIGHT_WriteAPDPReg(AP reg 0x01, 0x80011120)
T3594 000:371.666 - 0.174ms returns 0
T3594 000:371.675 JLINK_CORESIGHT_WriteAPDPReg(AP reg 0x03, 0x4E0B0001)
T3594 000:371.858 - 0.184ms returns 0
T3594 000:371.866 JLINK_CORESIGHT_WriteAPDPReg(AP reg 0x00, 0x80000002)
T3594 000:372.017 - 0.151ms returns 0
T3594 000:372.024 JLINK_CORESIGHT_WriteAPDPReg(AP reg 0x01, 0x80011140)
T3594 000:372.185 - 0.160ms returns 0
T3594 000:372.209 JLINK_CORESIGHT_ReadAPDPReg(AP reg 0x03)
T3594 000:372.438   Value=0x00000002
T3594 000:372.451 - 0.241ms returns 0
T3594 000:372.461 JLINK_CORESIGHT_WriteAPDPReg(AP reg 0x00, 0x80000002)
T3594 000:372.621 - 0.160ms returns 0
T3594 000:372.629 JLINK_CORESIGHT_WriteAPDPReg(AP reg 0x01, 0x80011120)
T3594 000:372.807 - 0.178ms returns 0
T3594 000:372.831 JLINK_CORESIGHT_WriteAPDPReg(AP reg 0x03, 0x20000300)
T3594 000:373.007 - 0.175ms returns 0
T3594 000:373.018 JLINK_CORESIGHT_WriteAPDPReg(AP reg 0x00, 0x80000002)
T3594 000:373.191 - 0.172ms returns 0
T3594 000:373.204 JLINK_CORESIGHT_WriteAPDPReg(AP reg 0x01, 0x80011140)
T3594 000:373.376 - 0.171ms returns 0
T3594 000:373.386 JLINK_CORESIGHT_ReadAPDPReg(AP reg 0x03)
T3594 000:373.600   Value=0x00000002
T3594 000:373.608 - 0.222ms returns 0
T3594 000:373.616 JLINK_CORESIGHT_WriteAPDPReg(AP reg 0x00, 0x80000002)
T3594 000:373.767 - 0.151ms returns 0
T3594 000:373.775 JLINK_CORESIGHT_WriteAPDPReg(AP reg 0x01, 0x80011120)
T3594 000:373.963 - 0.187ms returns 0
T3594 000:373.972 JLINK_CORESIGHT_WriteAPDPReg(AP reg 0x03, 0x02000000)
T3594 000:374.125 - 0.152ms returns 0
T3594 000:374.133 JLINK_CORESIGHT_WriteAPDPReg(AP reg 0x00, 0x80000002)
T3594 000:374.300 - 0.167ms returns 0
T3594 000:374.315 JLINK_CORESIGHT_WriteAPDPReg(AP reg 0x01, 0x80011140)
T3594 000:374.466 - 0.151ms returns 0
T3594 000:374.475 JLINK_CORESIGHT_ReadAPDPReg(AP reg 0x03)
T3594 000:374.743   Value=0x00000002
T3594 000:374.752 - 0.276ms returns 0
T3594 000:374.759 JLINK_CORESIGHT_WriteAPDPReg(AP reg 0x00, 0x80000002)
T3594 000:374.909 - 0.150ms returns 0
T3594 000:374.917 JLINK_CORESIGHT_WriteAPDPReg(AP reg 0x01, 0x80011120)
T3594 000:375.067 - 0.149ms returns 0
T3594 000:375.074 JLINK_CORESIGHT_WriteAPDPReg(AP reg 0x03, 0x037A0800)
T3594 000:375.229 - 0.155ms returns 0
T3594 000:375.237 JLINK_CORESIGHT_WriteAPDPReg(AP reg 0x00, 0x80000002)
T3594 000:375.382 - 0.144ms returns 0
T3594 000:375.392 JLINK_CORESIGHT_WriteAPDPReg(AP reg 0x01, 0x80011140)
T3594 000:375.544 - 0.152ms returns 0
T3594 000:375.553 JLINK_CORESIGHT_ReadAPDPReg(AP reg 0x03)
T3594 000:375.744   Value=0x00000002
T3594 000:375.752 - 0.199ms returns 0
T3594 000:375.760 JLINK_CORESIGHT_ReadAPDPReg(AP reg 0x03)
T3594 000:375.971   Value=0x00000002
T3594 000:375.982 - 0.222ms returns 0
T3594 000:375.991 JLINK_CORESIGHT_ReadAPDPReg(AP reg 0x03)
T3594 000:376.196   Value=0x00000002
T3594 000:376.204 - 0.213ms returns 0
T3594 000:376.212 JLINK_CORESIGHT_ReadAPDPReg(AP reg 0x03)
T3594 000:376.411   Value=0x00000002
T3594 000:376.421 - 0.208ms returns 0
T3594 000:376.429 JLINK_CORESIGHT_ReadAPDPReg(AP reg 0x03)
T3594 000:376.629   Value=0x00000002
T3594 000:376.637 - 0.208ms returns 0
T3594 000:376.645 JLINK_CORESIGHT_ReadAPDPReg(AP reg 0x03)
T3594 000:376.905   Value=0x00000002
T3594 000:376.915 - 0.270ms returns 0
T3594 000:376.924 JLINK_CORESIGHT_ReadAPDPReg(AP reg 0x03)
T3594 000:377.119   Value=0x00000002
T3594 000:377.128 - 0.204ms returns 0
T3594 000:377.136 JLINK_CORESIGHT_ReadAPDPReg(AP reg 0x03)
T3594 000:377.336   Value=0x00000002
T3594 000:377.346 - 0.210ms returns 0
T3594 000:377.354 JLINK_CORESIGHT_ReadAPDPReg(AP reg 0x03)
T3594 000:377.555   Value=0x00000002
T3594 000:377.563 - 0.208ms returns 0
T3594 000:377.571 JLINK_CORESIGHT_ReadAPDPReg(AP reg 0x03)
T3594 000:377.801   Value=0x00000002
T3594 000:377.816 - 0.245ms returns 0
T3594 000:377.826 JLINK_CORESIGHT_ReadAPDPReg(AP reg 0x03)
T3594 000:378.030   Value=0x00000002
T3594 000:378.041 - 0.215ms returns 0
T3594 000:378.050 JLINK_CORESIGHT_ReadAPDPReg(AP reg 0x03)
T3594 000:378.258   Value=0x00000002
T3594 000:378.271 - 0.221ms returns 0
T3594 000:378.280 JLINK_CORESIGHT_ReadAPDPReg(AP reg 0x03)
T3594 000:378.511   Value=0x00000002
T3594 000:378.521 - 0.240ms returns 0
T3594 000:378.529 JLINK_CORESIGHT_ReadAPDPReg(AP reg 0x03)
T3594 000:378.743   Value=0x00000002
T3594 000:378.751 - 0.222ms returns 0
T3594 000:378.759 JLINK_CORESIGHT_ReadAPDPReg(AP reg 0x03)
T3594 000:378.957   Value=0x00000002
T3594 000:378.965 - 0.206ms returns 0
T3594 000:378.973 JLINK_CORESIGHT_ReadAPDPReg(AP reg 0x03)
T3594 000:379.174   Value=0x00000002
T3594 000:379.182 - 0.209ms returns 0
T3594 000:379.190 JLINK_CORESIGHT_ReadAPDPReg(AP reg 0x03)
T3594 000:379.388   Value=0x00000002
T3594 000:379.397 - 0.206ms returns 0
T3594 000:379.404 JLINK_CORESIGHT_ReadAPDPReg(AP reg 0x03)
T3594 000:379.604   Value=0x00000002
T3594 000:379.612 - 0.208ms returns 0
T3594 000:379.619 JLINK_CORESIGHT_ReadAPDPReg(AP reg 0x03)
T3594 000:379.805   Value=0x00000002
T3594 000:379.816 - 0.196ms returns 0
T3594 000:379.824 JLINK_CORESIGHT_ReadAPDPReg(AP reg 0x03)
T3594 000:380.032   Value=0x00000002
T3594 000:380.055 - 0.231ms returns 0
T3594 000:380.071 JLINK_CORESIGHT_ReadAPDPReg(AP reg 0x03)
T3594 000:380.307   Value=0x00000002
T3594 000:380.326 - 0.255ms returns 0
T3594 000:380.336 JLINK_CORESIGHT_ReadAPDPReg(AP reg 0x03)
T3594 000:380.546   Value=0x00000002
T3594 000:380.556 - 0.220ms returns 0
T3594 000:380.593 JLINK_CORESIGHT_ReadAPDPReg(AP reg 0x03)
T3594 000:380.805   Value=0x00000002
T3594 000:380.814 - 0.221ms returns 0
T3594 000:380.823 JLINK_CORESIGHT_ReadAPDPReg(AP reg 0x03)
T3594 000:381.081   Value=0x00000002
T3594 000:381.093 - 0.270ms returns 0
T3594 000:381.103 JLINK_CORESIGHT_ReadAPDPReg(AP reg 0x03)
T3594 000:381.324   Value=0x00000002
T3594 000:381.351 - 0.248ms returns 0
T3594 000:381.368 JLINK_CORESIGHT_ReadAPDPReg(AP reg 0x03)
T3594 000:381.909   Value=0x00000002
T3594 000:381.951 - 0.582ms returns 0
T3594 000:381.969 JLINK_CORESIGHT_ReadAPDPReg(AP reg 0x03)
T3594 000:382.811   Value=0x00000002
T3594 000:382.844 - 0.875ms returns 0
T3594 000:382.861 JLINK_CORESIGHT_ReadAPDPReg(AP reg 0x03)
T3594 000:383.724   Value=0x00000002
T3594 000:383.759 - 0.897ms returns 0
T3594 000:383.778 JLINK_CORESIGHT_ReadAPDPReg(AP reg 0x03)
T3594 000:384.042   Value=0x00000002
T3594 000:384.070 - 0.292ms returns 0
T3594 000:384.086 JLINK_CORESIGHT_ReadAPDPReg(AP reg 0x03)
T3594 000:384.318   Value=0x00000002
T3594 000:384.344 - 0.258ms returns 0
T3594 000:384.386 JLINK_CORESIGHT_ReadAPDPReg(AP reg 0x03)
T3594 000:384.621   Value=0x00000002
T3594 000:384.644 - 0.258ms returns 0
T3594 000:384.660 JLINK_CORESIGHT_ReadAPDPReg(AP reg 0x03)
T3594 000:384.901   Value=0x00000002
T3594 000:384.929 - 0.269ms returns 0
T3594 000:384.946 JLINK_CORESIGHT_ReadAPDPReg(AP reg 0x03)
T3594 000:385.185   Value=0x00000002
T3594 000:385.201 - 0.255ms returns 0
T3594 000:385.212 JLINK_CORESIGHT_ReadAPDPReg(AP reg 0x03)
T3594 000:385.437   Value=0x00000002
T3594 000:385.462 - 0.250ms returns 0
T3594 000:385.478 JLINK_CORESIGHT_ReadAPDPReg(AP reg 0x03)
T3594 000:385.746   Value=0x00000002
T3594 000:385.763 - 0.285ms returns 0
T3594 000:385.773 JLINK_CORESIGHT_ReadAPDPReg(AP reg 0x03)
T3594 000:385.988   Value=0x00000002
T3594 000:386.012 - 0.239ms returns 0
T3594 000:386.028 JLINK_CORESIGHT_ReadAPDPReg(AP reg 0x03)
T3594 000:386.260   Value=0x00000002
T3594 000:386.277 - 0.249ms returns 0
T3594 000:386.291 JLINK_CORESIGHT_ReadAPDPReg(AP reg 0x03)
T3594 000:386.507   Value=0x00000002
T3594 000:386.524 - 0.232ms returns 0
T3594 000:386.543 JLINK_CORESIGHT_ReadAPDPReg(AP reg 0x03)
T3594 000:386.744   Value=0x00000002
T3594 000:386.758 - 0.215ms returns 0
T3594 000:386.767 JLINK_CORESIGHT_ReadAPDPReg(AP reg 0x03)
T3594 000:386.983   Value=0x00000002
T3594 000:386.993 - 0.225ms returns 0
T3594 000:387.002 JLINK_CORESIGHT_ReadAPDPReg(AP reg 0x03)
T3594 000:387.209   Value=0x00000002
T3594 000:387.217 - 0.215ms returns 0
T3594 000:387.225 JLINK_CORESIGHT_ReadAPDPReg(AP reg 0x03)
T3594 000:387.425   Value=0x00000000
T3594 000:387.434 - 0.208ms returns 0
T3594 000:387.442 JLINK_CORESIGHT_WriteAPDPReg(AP reg 0x00, 0x80000002)
T3594 000:387.591 - 0.149ms returns 0
T3594 000:387.600 JLINK_CORESIGHT_WriteAPDPReg(AP reg 0x01, 0x80011130)
T3594 000:387.758 - 0.158ms returns 0
T3594 000:387.766 JLINK_CORESIGHT_ReadAPDPReg(AP reg 0x03)
T3594 000:387.978   Value=0x4E0A0081
T3594 000:387.989 - 0.222ms returns 0
T3594 000:387.997 JLINK_CORESIGHT_WriteAPDPReg(AP reg 0x00, 0x80000002)
T3594 000:388.150 - 0.152ms returns 0
T3594 000:388.158 JLINK_CORESIGHT_WriteAPDPReg(AP reg 0x01, 0x80011140)
T3594 000:388.317 - 0.158ms returns 0
T3594 000:388.325 JLINK_CORESIGHT_ReadAPDPReg(AP reg 0x03)
T3594 000:388.529   Value=0x00000000
T3594 000:388.537 - 0.212ms returns 0
T3594 000:388.545 JLINK_CORESIGHT_WriteAPDPReg(AP reg 0x00, 0x80000002)
T3594 000:388.743 - 0.198ms returns 0
T3594 000:388.751 JLINK_CORESIGHT_WriteAPDPReg(AP reg 0x01, 0x80011130)
T3594 000:388.904 - 0.152ms returns 0
T3594 000:388.932 JLINK_CORESIGHT_ReadAPDPReg(AP reg 0x03)
T3594 000:389.171   Value=0xFFFFFF00
T3594 000:389.181 - 0.249ms returns 0
T3594 000:389.190 JLINK_CORESIGHT_WriteAPDPReg(AP reg 0x00, 0x80000002)
T3594 000:389.351 - 0.160ms returns 0
T3594 000:389.361 JLINK_CORESIGHT_WriteAPDPReg(AP reg 0x01, 0x80011140)
T3594 000:389.521 - 0.160ms returns 0
T3594 000:389.529 JLINK_CORESIGHT_ReadAPDPReg(AP reg 0x03)
T3594 000:389.743   Value=0x00000000
T3594 000:389.753 - 0.224ms returns 0
T3594 000:389.761 JLINK_CORESIGHT_WriteAPDPReg(AP reg 0x00, 0x80000002)
T3594 000:389.910 - 0.148ms returns 0
T3594 000:389.917 JLINK_CORESIGHT_WriteAPDPReg(AP reg 0x01, 0x80011130)
T3594 000:390.069 - 0.152ms returns 0
T3594 000:390.077 JLINK_CORESIGHT_ReadAPDPReg(AP reg 0x03)
T3594 000:390.280   Value=0xFFFFFFFF
T3594 000:390.288 - 0.210ms returns 0
T3594 000:390.295 JLINK_CORESIGHT_WriteAPDPReg(AP reg 0x00, 0x80000002)
T3594 000:390.444 - 0.149ms returns 0
T3594 000:390.452 JLINK_CORESIGHT_WriteAPDPReg(AP reg 0x01, 0x80011140)
T3594 000:390.605 - 0.152ms returns 0
T3594 000:390.613 JLINK_CORESIGHT_ReadAPDPReg(AP reg 0x03)
T3594 000:390.822   Value=0x00000000
T3594 000:390.830 - 0.217ms returns 0
T3594 000:390.837 JLINK_CORESIGHT_WriteAPDPReg(AP reg 0x00, 0x80000002)
T3594 000:390.992 - 0.154ms returns 0
T3594 000:391.002 JLINK_CORESIGHT_WriteAPDPReg(AP reg 0x01, 0x80011130)
T3594 000:391.153 - 0.151ms returns 0
T3594 000:391.161 JLINK_CORESIGHT_ReadAPDPReg(AP reg 0x03)
T3594 000:391.358   Value=0x0003B0FF
T3594 000:391.366 - 0.205ms returns 0
T3594 000:391.399 JLINK_CORESIGHT_WriteAPDPReg(AP reg 0x00, 0x80000002)
T3594 000:391.549 - 0.149ms returns 0
T3594 000:391.556 JLINK_CORESIGHT_WriteAPDPReg(AP reg 0x01, 0x80011140)
T3594 000:391.744 - 0.187ms returns 0
T3594 000:391.751 JLINK_CORESIGHT_ReadAPDPReg(AP reg 0x03)
T3594 000:391.960   Value=0x00000002
T3594 000:391.990 - 0.239ms returns 0
T3594 000:391.999 JLINK_CORESIGHT_WriteAPDPReg(AP reg 0x00, 0x80000002)
T3594 000:392.160 - 0.160ms returns 0
T3594 000:392.174 JLINK_CORESIGHT_WriteAPDPReg(AP reg 0x01, 0x80011120)
T3594 000:392.332 - 0.158ms returns 0
T3594 000:392.341 JLINK_CORESIGHT_WriteAPDPReg(AP reg 0x03, 0x4F010001)
T3594 000:392.491 - 0.150ms returns 0
T3594 000:392.499 JLINK_CORESIGHT_WriteAPDPReg(AP reg 0x00, 0x80000002)
T3594 000:392.648 - 0.149ms returns 0
T3594 000:392.655 JLINK_CORESIGHT_WriteAPDPReg(AP reg 0x01, 0x80011140)
T3594 000:392.862 - 0.206ms returns 0
T3594 000:392.881 JLINK_CORESIGHT_ReadAPDPReg(AP reg 0x03)
T3594 000:393.100   Value=0x00000002
T3594 000:393.109 - 0.228ms returns 0
T3594 000:393.116 JLINK_CORESIGHT_WriteAPDPReg(AP reg 0x00, 0x80000002)
T3594 000:393.259 - 0.143ms returns 0
T3594 000:393.267 JLINK_CORESIGHT_WriteAPDPReg(AP reg 0x01, 0x80011120)
T3594 000:393.416 - 0.149ms returns 0
T3594 000:393.423 JLINK_CORESIGHT_WriteAPDPReg(AP reg 0x03, 0x000003B0)
T3594 000:393.575 - 0.151ms returns 0
T3594 000:393.582 JLINK_CORESIGHT_WriteAPDPReg(AP reg 0x00, 0x80000002)
T3594 000:393.743 - 0.161ms returns 0
T3594 000:393.750 JLINK_CORESIGHT_WriteAPDPReg(AP reg 0x01, 0x80011140)
T3594 000:393.895 - 0.145ms returns 0
T3594 000:393.906 JLINK_CORESIGHT_ReadAPDPReg(AP reg 0x03)
T3594 000:394.108   Value=0x00000000
T3594 000:394.118 - 0.212ms returns 0
T3594 000:394.125 JLINK_CORESIGHT_WriteAPDPReg(AP reg 0x00, 0x80000002)
T3594 000:394.267 - 0.142ms returns 0
T3594 000:394.275 JLINK_CORESIGHT_WriteAPDPReg(AP reg 0x01, 0x80011130)
T3594 000:394.416 - 0.141ms returns 0
T3594 000:394.423 JLINK_CORESIGHT_ReadAPDPReg(AP reg 0x03)
T3594 000:394.630   Value=0x4F0B0081
T3594 000:394.638 - 0.214ms returns 0
T3594 000:394.645 JLINK_CORESIGHT_WriteAPDPReg(AP reg 0x00, 0x80000002)
T3594 000:394.855 - 0.209ms returns 0
T3594 000:394.862 JLINK_CORESIGHT_WriteAPDPReg(AP reg 0x01, 0x80011140)
T3594 000:395.006 - 0.144ms returns 0
T3594 000:395.014 JLINK_CORESIGHT_ReadAPDPReg(AP reg 0x03)
T3594 000:395.226   Value=0x00000000
T3594 000:395.235 - 0.220ms returns 0
T3594 000:395.242 JLINK_CORESIGHT_WriteAPDPReg(AP reg 0x00, 0x80000002)
T3594 000:395.414 - 0.172ms returns 0
T3594 000:395.421 JLINK_CORESIGHT_WriteAPDPReg(AP reg 0x01, 0x80011130)
T3594 000:395.578 - 0.157ms returns 0
T3594 000:395.585 JLINK_CORESIGHT_ReadAPDPReg(AP reg 0x03)
T3594 000:395.780   Value=0x20000300
T3594 000:395.789 - 0.203ms returns 0
T3594 000:395.796 JLINK_CORESIGHT_WriteAPDPReg(AP reg 0x00, 0x80000002)
T3594 000:395.958 - 0.162ms returns 0
T3594 000:395.968 JLINK_CORESIGHT_WriteAPDPReg(AP reg 0x01, 0x80011140)
T3594 000:396.114 - 0.145ms returns 0
T3594 000:396.121 JLINK_CORESIGHT_ReadAPDPReg(AP reg 0x03)
T3594 000:396.322   Value=0x00000000
T3594 000:396.331 - 0.209ms returns 0
T3594 000:396.338 JLINK_CORESIGHT_WriteAPDPReg(AP reg 0x00, 0x80000002)
T3594 000:396.482 - 0.144ms returns 0
T3594 000:396.489 JLINK_CORESIGHT_WriteAPDPReg(AP reg 0x01, 0x80011130)
T3594 000:396.629 - 0.140ms returns 0
T3594 000:396.636 JLINK_CORESIGHT_ReadAPDPReg(AP reg 0x03)
T3594 000:396.902   Value=0x02000000
T3594 000:396.912 - 0.275ms returns 0
T3594 000:396.919 JLINK_CORESIGHT_WriteAPDPReg(AP reg 0x00, 0x80000002)
T3594 000:397.104 - 0.185ms returns 0
T3594 000:397.113 JLINK_CORESIGHT_WriteAPDPReg(AP reg 0x01, 0x80011140)
T3594 000:397.284 - 0.171ms returns 0
T3594 000:397.292 JLINK_CORESIGHT_ReadAPDPReg(AP reg 0x03)
T3594 000:397.498   Value=0x00000000
T3594 000:397.526 - 0.233ms returns 0
T3594 000:397.540 JLINK_CORESIGHT_WriteAPDPReg(AP reg 0x00, 0x80000002)
T3594 000:397.766 - 0.225ms returns 0
T3594 000:397.802 JLINK_CORESIGHT_WriteAPDPReg(AP reg 0x01, 0x80011130)
T3594 000:398.157 - 0.355ms returns 0
T3594 000:398.182 JLINK_CORESIGHT_ReadAPDPReg(AP reg 0x03)
T3594 000:398.504   Value=0x03790800
T3594 000:398.535 - 0.353ms returns 0
T3594 000:398.757 JLINK_CORESIGHT_WriteAPDPReg(AP reg 0x00, 0x80000002)
T3594 000:399.259 - 0.501ms returns 0
T3594 000:399.286 JLINK_CORESIGHT_WriteAPDPReg(AP reg 0x01, 0x80011140)
T3594 000:399.890 - 0.603ms returns 0
T3594 000:399.931 JLINK_CORESIGHT_ReadAPDPReg(AP reg 0x03)
T3594 000:400.194   Value=0x00000002
T3594 000:400.225 - 0.294ms returns 0
T3594 000:400.314 JLINK_CORESIGHT_WriteAPDPReg(AP reg 0x00, 0x80000002)
T3594 000:400.497 - 0.183ms returns 0
T3594 000:400.519 JLINK_CORESIGHT_WriteAPDPReg(AP reg 0x01, 0x80011120)
T3594 000:400.748 - 0.228ms returns 0
T3594 000:400.763 JLINK_CORESIGHT_WriteAPDPReg(AP reg 0x03, 0x4F010001)
T3594 000:400.969 - 0.206ms returns 0
T3594 000:400.996 JLINK_CORESIGHT_WriteAPDPReg(AP reg 0x00, 0x80000002)
T3594 000:401.182 - 0.185ms returns 0
T3594 000:401.205 JLINK_CORESIGHT_WriteAPDPReg(AP reg 0x01, 0x80011140)
T3594 000:401.376 - 0.171ms returns 0
T3594 000:401.394 JLINK_CORESIGHT_ReadAPDPReg(AP reg 0x03)
T3594 000:401.618   Value=0x00000002
T3594 000:401.644 - 0.250ms returns 0
T3594 000:401.664 JLINK_CORESIGHT_WriteAPDPReg(AP reg 0x00, 0x80000002)
T3594 000:401.859 - 0.195ms returns 0
T3594 000:401.875 JLINK_CORESIGHT_WriteAPDPReg(AP reg 0x01, 0x80011120)
T3594 000:402.051 - 0.175ms returns 0
T3594 000:402.063 JLINK_CORESIGHT_WriteAPDPReg(AP reg 0x03, 0x000003B0)
T3594 000:402.233 - 0.170ms returns 0
T3594 000:402.242 JLINK_CORESIGHT_WriteAPDPReg(AP reg 0x00, 0x80000002)
T3594 000:402.397 - 0.155ms returns 0
T3594 000:402.422 JLINK_CORESIGHT_WriteAPDPReg(AP reg 0x01, 0x80011140)
T3594 000:402.579 - 0.156ms returns 0
T3594 000:402.607 JLINK_CORESIGHT_ReadAPDPReg(AP reg 0x03)
T3594 000:402.860   Value=0x00000000
T3594 000:402.872 - 0.265ms returns 0
T3594 000:402.881 JLINK_CORESIGHT_WriteAPDPReg(AP reg 0x00, 0x80000002)
T3594 000:403.033 - 0.152ms returns 0
T3594 000:403.042 JLINK_CORESIGHT_WriteAPDPReg(AP reg 0x01, 0x80011130)
T3594 000:403.193 - 0.151ms returns 0
T3594 000:403.201 JLINK_CORESIGHT_ReadAPDPReg(AP reg 0x03)
T3594 000:403.408   Value=0x4F0B0081
T3594 000:403.418 - 0.217ms returns 0
T3594 000:403.425 JLINK_CORESIGHT_WriteAPDPReg(AP reg 0x00, 0x80000002)
T3594 000:403.583 - 0.158ms returns 0
T3594 000:403.591 JLINK_CORESIGHT_WriteAPDPReg(AP reg 0x01, 0x80011140)
T3594 000:403.754 - 0.162ms returns 0
T3594 000:403.769 JLINK_CORESIGHT_ReadAPDPReg(AP reg 0x03)
T3594 000:403.976   Value=0x00000000
T3594 000:403.990 - 0.220ms returns 0
T3594 000:403.998 JLINK_CORESIGHT_WriteAPDPReg(AP reg 0x00, 0x80000002)
T3594 000:404.160 - 0.161ms returns 0
T3594 000:404.172 JLINK_CORESIGHT_WriteAPDPReg(AP reg 0x01, 0x80011130)
T3594 000:404.337 - 0.164ms returns 0
T3594 000:404.346 JLINK_CORESIGHT_ReadAPDPReg(AP reg 0x03)
T3594 000:404.554   Value=0x20000300
T3594 000:404.569 - 0.222ms returns 0
T3594 000:404.578 JLINK_CORESIGHT_WriteAPDPReg(AP reg 0x00, 0x80000002)
T3594 000:404.744 - 0.166ms returns 0
T3594 000:404.752 JLINK_CORESIGHT_WriteAPDPReg(AP reg 0x01, 0x80011140)
T3594 000:404.904 - 0.152ms returns 0
T3594 000:404.912 JLINK_CORESIGHT_ReadAPDPReg(AP reg 0x03)
T3594 000:405.117   Value=0x00000000
T3594 000:405.125 - 0.213ms returns 0
T3594 000:405.132 JLINK_CORESIGHT_WriteAPDPReg(AP reg 0x00, 0x80000002)
T3594 000:405.270 - 0.138ms returns 0
T3594 000:405.277 JLINK_CORESIGHT_WriteAPDPReg(AP reg 0x01, 0x80011130)
T3594 000:405.423 - 0.145ms returns 0
T3594 000:405.430 JLINK_CORESIGHT_ReadAPDPReg(AP reg 0x03)
T3594 000:405.619   Value=0x02000000
T3594 000:405.627 - 0.197ms returns 0
T3594 000:405.634 JLINK_CORESIGHT_WriteAPDPReg(AP reg 0x00, 0x80000002)
T3594 000:405.860 - 0.226ms returns 0
T3594 000:405.867 JLINK_CORESIGHT_WriteAPDPReg(AP reg 0x01, 0x80011140)
T3594 000:406.011 - 0.144ms returns 0
T3594 000:406.020 JLINK_CORESIGHT_ReadAPDPReg(AP reg 0x03)
T3594 000:406.232   Value=0x00000000
T3594 000:406.244 - 0.223ms returns 0
T3594 000:406.252 JLINK_CORESIGHT_WriteAPDPReg(AP reg 0x00, 0x80000002)
T3594 000:406.407 - 0.155ms returns 0
T3594 000:406.414 JLINK_CORESIGHT_WriteAPDPReg(AP reg 0x01, 0x80011130)
T3594 000:406.583 - 0.169ms returns 0
T3594 000:406.591 JLINK_CORESIGHT_ReadAPDPReg(AP reg 0x03)
T3594 000:406.841   Value=0x03790800
T3594 000:406.852 - 0.261ms returns 0
T3594 000:406.866 JLINK_CORESIGHT_ReadAPDPReg(DP reg 0x01)
T3594 000:407.057   Value=0xF0000F40
T3594 000:407.086 - 0.219ms returns 0
T3594 000:407.100 JLINK_CORESIGHT_WriteAPDPReg(DP reg 0x01, 0xA0000F40)
T3594 000:407.306 - 0.206ms returns 0
T3594 000:407.324 JLINK_CORESIGHT_ReadAPDPReg(DP reg 0x01)
T3594 000:407.481   Value=0x00000F40
T3594 000:407.490 - 0.167ms returns 0
T3594 000:407.498 JLINK_ClrRESET()
T3594 000:407.806 - 0.307ms 
T3594 000:517.501 JLINK_Close()
T3594 000:526.728 - 9.225ms
T3594 000:526.755   
T3594 000:526.761   Closed
