T8230 000:001.074   SEGGER J-Link V8.12c Log File
T8230 000:001.310   DLL Compiled: Jan 22 2025 12:55:59
T8230 000:001.327   Logging started @ 2025-03-16 15:53
T8230 000:001.342   Process: C:\Users\a8456\.eclipse\com.renesas.platform_1309835749\DebugComp\RA\e2-server-gdb.exe
T8230 000:001.362 - 1.356ms 
T8230 000:001.385 JLINK_GetDLLVersion()
T8230 000:001.400 - 0.015ms returns 81203
T8230 000:003.580 JLINK_OpenEx(...)
T8230 000:009.126   Firmware: J-Link V9 compiled May  7 2021 16:26:12
T8230 000:009.617   Firmware: J-Link V9 compiled May  7 2021 16:26:12
T8230 000:009.750   Decompressing FW timestamp took 86 us
T8230 000:015.030   Hardware: V9.60
T8230 000:015.063   S/N: 69660718
T8230 000:015.083   OEM: SEGGER
T8230 000:015.490   Feature(s): RDI, GDB, FlashDL, FlashBP, JFlash
T8230 000:015.938   Bootloader: (FW returned invalid version)
T8230 000:016.723   TELNET listener socket opened on port 19021
T8230 000:017.022   WEBSRV WEBSRV_Init(): Starting webserver thread(s)
T8230 000:017.215   WEBSRV Webserver running on local port 19080
T8230 000:017.330   Looking for J-Link GUI Server exe at: C:\Users\a8456\.eclipse\com.renesas.platform_1309835749\DebugComp\RA\ARM\Segger_v8.12.3\JLinkGUIServer.exe
T8230 000:017.421   Looking for J-Link GUI Server exe at: C:\Program Files\SEGGER\JLink_V818\JLinkGUIServer.exe
T8230 000:017.448   Forking J-Link GUI Server: C:\Program Files\SEGGER\JLink_V818\JLinkGUIServer.exe
T8230 000:043.211   J-Link GUI Server info: "J-Link GUI server V8.18 "
T8230 000:048.103 - 44.520ms returns "O.K."
T8230 000:048.175 JLINK_TIF_Select(JLINKARM_TIF_SWD)
T8230 000:048.611 - 0.435ms returns 0x00
T8230 000:048.634 JLINK_ClrRESET()
T8230 000:048.974 - 0.340ms 
T8230 000:099.804 JLINK_SetSpeed(1500)
T8230 000:099.977 - 0.177ms 
T8230 000:100.017 JLINK_CORESIGHT_Configure(PerformTIFInit=0)
T8230 000:100.458 - 0.446ms returns 0
T8230 000:100.500 JLINK_CORESIGHT_ReadAPDPReg(DP reg 0x00)
T8230 000:100.919   Value=0x6BA02477
T8230 000:100.946 - 0.449ms returns 0
T8230 000:100.960 JLINK_CORESIGHT_WriteAPDPReg(DP reg 0x00, 0x0000001F)
T8230 000:101.179 - 0.206ms returns 0
T8230 000:101.197 JLINK_CORESIGHT_ReadAPDPReg(DP reg 0x00)
T8230 000:101.464   Value=0x6BA02477
T8230 000:101.560 - 0.362ms returns 0
T8230 000:101.578 JLINK_CORESIGHT_WriteAPDPReg(DP reg 0x02, 0x00000000)
T8230 000:102.002 - 0.423ms returns 0
T8230 000:102.035 JLINK_CORESIGHT_WriteAPDPReg(DP reg 0x01, 0x50000000)
T8230 000:102.283 - 0.247ms returns 0
T8230 000:102.322 JLINK_CORESIGHT_ReadAPDPReg(DP reg 0x01)
T8230 000:102.554   Value=0xD0000040
T8230 000:102.599 - 0.277ms returns 0
T8230 000:102.618 JLINK_CORESIGHT_ReadAPDPReg(DP reg 0x01)
T8230 000:102.780   Value=0xD0000040
T8230 000:102.833 - 0.214ms returns 0
T8230 000:102.842 JLINK_CORESIGHT_ReadAPDPReg(DP reg 0x01)
T8230 000:103.026   Value=0xD0000040
T8230 000:103.040 - 0.198ms returns 0
T8230 000:103.049 JLINK_CORESIGHT_ReadAPDPReg(DP reg 0x01)
T8230 000:103.268   Value=0xD0000040
T8230 000:103.282 - 0.232ms returns 0
T8230 000:103.290 JLINK_CORESIGHT_ReadAPDPReg(DP reg 0x01)
T8230 000:103.497   Value=0xD0000040
T8230 000:103.514 - 0.224ms returns 0
T8230 000:103.523 JLINK_CORESIGHT_ReadAPDPReg(DP reg 0x01)
T8230 000:103.682   Value=0xD0000040
T8230 000:103.692 - 0.169ms returns 0
T8230 000:103.700 JLINK_CORESIGHT_ReadAPDPReg(DP reg 0x01)
T8230 000:103.856   Value=0xD0000040
T8230 000:103.871 - 0.171ms returns 0
T8230 000:103.880 JLINK_CORESIGHT_ReadAPDPReg(DP reg 0x01)
T8230 000:104.027   Value=0xF0000040
T8230 000:104.036 - 0.156ms returns 0
T8230 000:104.043 JLINK_CORESIGHT_WriteAPDPReg(DP reg 0x00, 0x0000001F)
T8230 000:104.274 - 0.230ms returns 0
T8230 000:104.296 JLINK_CORESIGHT_ReadAPDPReg(DP reg 0x00)
T8230 000:104.490   Value=0x6BA02477
T8230 000:104.505 - 0.216ms returns 0
T8230 000:104.513 JLINK_CORESIGHT_WriteAPDPReg(DP reg 0x01, 0x54000000)
T8230 000:104.767 - 0.253ms returns 0
T8230 000:104.780 JLINK_CORESIGHT_WriteAPDPReg(DP reg 0x01, 0x50000F00)
T8230 000:105.152 - 0.372ms returns 0
T8230 000:105.167 JLINK_CORESIGHT_WriteAPDPReg(DP reg 0x02, 0x01000000)
T8230 000:105.403 - 0.236ms returns 0
T8230 000:105.420 JLINK_CORESIGHT_WriteAPDPReg(AP reg 0x00, 0x80000002)
T8230 000:105.583 - 0.163ms returns 0
T8230 000:105.592 JLINK_CORESIGHT_WriteAPDPReg(AP reg 0x01, 0x80011100)
T8230 000:105.761 - 0.169ms returns 0
T8230 000:105.775 JLINK_CORESIGHT_WriteAPDPReg(AP reg 0x03, 0x000000A5)
T8230 000:105.956 - 0.181ms returns 0
T8230 000:105.982 JLINK_CORESIGHT_WriteAPDPReg(AP reg 0x00, 0x80000002)
T8230 000:106.804 - 0.821ms returns 0
T8230 000:106.828 JLINK_CORESIGHT_WriteAPDPReg(AP reg 0x01, 0x80011100)
T8230 000:108.597 - 1.768ms returns 0
T8230 000:108.661 JLINK_CORESIGHT_ReadAPDPReg(AP reg 0x03)
T8230 000:119.633   Value=0x000000A5
T8230 000:119.688 - 11.026ms returns 0
T8230 000:119.708 JLINK_ClrTMS()
T8230 000:119.915 - 0.206ms 
T8230 000:126.898 JLINK_SetTCK()
T8230 000:128.605 - 1.706ms returns 0
T8230 000:134.137 JLINK_SetRESET()
T8230 000:135.301 - 1.163ms 
T8230 000:336.378 JLINK_CORESIGHT_WriteAPDPReg(AP reg 0x00, 0x80000002)
T8230 000:336.638 - 0.260ms returns 0
T8230 000:336.675 JLINK_CORESIGHT_WriteAPDPReg(AP reg 0x01, 0x80011100)
T8230 000:336.850 - 0.175ms returns 0
T8230 000:336.865 JLINK_CORESIGHT_ReadAPDPReg(AP reg 0x03)
T8230 000:337.154   Value=0x00000000
T8230 000:337.170 - 0.304ms returns 0
T8230 000:337.180 JLINK_CORESIGHT_WriteAPDPReg(AP reg 0x00, 0x80000002)
T8230 000:337.349 - 0.169ms returns 0
T8230 000:337.378 JLINK_CORESIGHT_WriteAPDPReg(AP reg 0x01, 0x80011140)
T8230 000:337.540 - 0.163ms returns 0
T8230 000:337.549 JLINK_CORESIGHT_ReadAPDPReg(AP reg 0x03)
T8230 000:337.750   Value=0x00000002
T8230 000:337.758 - 0.209ms returns 0
T8230 000:337.765 JLINK_CORESIGHT_WriteAPDPReg(AP reg 0x00, 0x80000002)
T8230 000:337.928 - 0.162ms returns 0
T8230 000:337.935 JLINK_CORESIGHT_WriteAPDPReg(AP reg 0x01, 0x80011120)
T8230 000:338.152 - 0.217ms returns 0
T8230 000:338.159 JLINK_CORESIGHT_WriteAPDPReg(AP reg 0x03, 0x00000055)
T8230 000:338.311 - 0.151ms returns 0
T8230 000:338.318 JLINK_CORESIGHT_WriteAPDPReg(AP reg 0x00, 0x80000002)
T8230 000:338.489 - 0.171ms returns 0
T8230 000:338.497 JLINK_CORESIGHT_WriteAPDPReg(AP reg 0x01, 0x80011140)
T8230 000:338.664 - 0.167ms returns 0
T8230 000:338.671 JLINK_CORESIGHT_ReadAPDPReg(AP reg 0x03)
T8230 000:338.876   Value=0x00000000
T8230 000:338.885 - 0.213ms returns 0
T8230 000:338.891 JLINK_CORESIGHT_WriteAPDPReg(AP reg 0x00, 0x80000002)
T8230 000:339.052 - 0.161ms returns 0
T8230 000:339.060 JLINK_CORESIGHT_WriteAPDPReg(AP reg 0x01, 0x80011130)
T8230 000:339.302 - 0.242ms returns 0
T8230 000:339.314 JLINK_CORESIGHT_ReadAPDPReg(AP reg 0x03)
T8230 000:339.559   Value=0x000000C6
T8230 000:339.572 - 0.258ms returns 0
T8230 000:339.590 JLINK_CORESIGHT_WriteAPDPReg(AP reg 0x00, 0x80000002)
T8230 000:339.750 - 0.160ms returns 0
T8230 000:339.764 JLINK_CORESIGHT_WriteAPDPReg(AP reg 0x01, 0x80011140)
T8230 000:339.935 - 0.169ms returns 0
T8230 000:339.947 JLINK_CORESIGHT_ReadAPDPReg(AP reg 0x03)
T8230 000:340.151   Value=0x00000002
T8230 000:340.159 - 0.212ms returns 0
T8230 000:340.167 JLINK_CORESIGHT_WriteAPDPReg(AP reg 0x00, 0x80000002)
T8230 000:340.344 - 0.176ms returns 0
T8230 000:340.375 JLINK_CORESIGHT_WriteAPDPReg(AP reg 0x01, 0x80011120)
T8230 000:340.561 - 0.186ms returns 0
T8230 000:340.575 JLINK_CORESIGHT_WriteAPDPReg(AP reg 0x03, 0x3A010001)
T8230 000:340.789 - 0.213ms returns 0
T8230 000:340.799 JLINK_CORESIGHT_WriteAPDPReg(AP reg 0x00, 0x80000002)
T8230 000:340.967 - 0.167ms returns 0
T8230 000:340.975 JLINK_CORESIGHT_WriteAPDPReg(AP reg 0x01, 0x80011140)
T8230 000:341.199 - 0.224ms returns 0
T8230 000:341.208 JLINK_CORESIGHT_ReadAPDPReg(AP reg 0x03)
T8230 000:341.420   Value=0x00000002
T8230 000:341.430 - 0.222ms returns 0
T8230 000:341.438 JLINK_CORESIGHT_WriteAPDPReg(AP reg 0x00, 0x80000002)
T8230 000:341.592 - 0.154ms returns 0
T8230 000:341.599 JLINK_CORESIGHT_WriteAPDPReg(AP reg 0x01, 0x80011120)
T8230 000:341.764 - 0.165ms returns 0
T8230 000:341.773 JLINK_CORESIGHT_WriteAPDPReg(AP reg 0x03, 0x000003C5)
T8230 000:341.981 - 0.208ms returns 0
T8230 000:341.991 JLINK_CORESIGHT_WriteAPDPReg(AP reg 0x00, 0x80000002)
T8230 000:342.153 - 0.161ms returns 0
T8230 000:342.160 JLINK_CORESIGHT_WriteAPDPReg(AP reg 0x01, 0x80011140)
T8230 000:342.329 - 0.169ms returns 0
T8230 000:342.337 JLINK_CORESIGHT_ReadAPDPReg(AP reg 0x03)
T8230 000:342.525   Value=0x00000002
T8230 000:342.533 - 0.197ms returns 0
T8230 000:342.540 JLINK_CORESIGHT_ReadAPDPReg(AP reg 0x03)
T8230 000:342.745   Value=0x00000002
T8230 000:342.753 - 0.212ms returns 0
T8230 000:342.760 JLINK_CORESIGHT_ReadAPDPReg(AP reg 0x03)
T8230 000:342.949   Value=0x00000002
T8230 000:342.957 - 0.197ms returns 0
T8230 000:342.963 JLINK_CORESIGHT_ReadAPDPReg(AP reg 0x03)
T8230 000:343.151   Value=0x00000002
T8230 000:343.159 - 0.195ms returns 0
T8230 000:343.166 JLINK_CORESIGHT_ReadAPDPReg(AP reg 0x03)
T8230 000:343.399   Value=0x00000002
T8230 000:343.414 - 0.248ms returns 0
T8230 000:343.423 JLINK_CORESIGHT_ReadAPDPReg(AP reg 0x03)
T8230 000:343.624   Value=0x00000002
T8230 000:343.637 - 0.214ms returns 0
T8230 000:343.645 JLINK_CORESIGHT_ReadAPDPReg(AP reg 0x03)
T8230 000:343.845   Value=0x00000002
T8230 000:343.853 - 0.207ms returns 0
T8230 000:343.860 JLINK_CORESIGHT_ReadAPDPReg(AP reg 0x03)
T8230 000:344.060   Value=0x00000002
T8230 000:344.068 - 0.208ms returns 0
T8230 000:344.074 JLINK_CORESIGHT_ReadAPDPReg(AP reg 0x03)
T8230 000:344.323   Value=0x00000002
T8230 000:344.332 - 0.257ms returns 0
T8230 000:344.339 JLINK_CORESIGHT_ReadAPDPReg(AP reg 0x03)
T8230 000:344.537   Value=0x00000000
T8230 000:344.545 - 0.206ms returns 0
T8230 000:344.552 JLINK_CORESIGHT_WriteAPDPReg(AP reg 0x00, 0x80000002)
T8230 000:344.741 - 0.188ms returns 0
T8230 000:344.748 JLINK_CORESIGHT_WriteAPDPReg(AP reg 0x01, 0x80011130)
T8230 000:344.913 - 0.165ms returns 0
T8230 000:344.920 JLINK_CORESIGHT_ReadAPDPReg(AP reg 0x03)
T8230 000:345.151   Value=0x3A2A0081
T8230 000:345.159 - 0.239ms returns 0
T8230 000:345.166 JLINK_CORESIGHT_WriteAPDPReg(AP reg 0x00, 0x80000002)
T8230 000:345.345 - 0.179ms returns 0
T8230 000:345.371 JLINK_CORESIGHT_WriteAPDPReg(AP reg 0x01, 0x80011140)
T8230 000:345.600 - 0.229ms returns 0
T8230 000:345.627 JLINK_CORESIGHT_ReadAPDPReg(AP reg 0x03)
T8230 000:345.855   Value=0x00000000
T8230 000:345.872 - 0.244ms returns 0
T8230 000:345.880 JLINK_CORESIGHT_WriteAPDPReg(AP reg 0x00, 0x80000002)
T8230 000:346.060 - 0.179ms returns 0
T8230 000:346.082 JLINK_CORESIGHT_WriteAPDPReg(AP reg 0x01, 0x80011130)
T8230 000:346.312 - 0.230ms returns 0
T8230 000:346.325 JLINK_CORESIGHT_ReadAPDPReg(AP reg 0x03)
T8230 000:346.618   Value=0x80841E00
T8230 000:346.633 - 0.308ms returns 0
T8230 000:346.642 JLINK_CORESIGHT_WriteAPDPReg(AP reg 0x00, 0x80000002)
T8230 000:346.799 - 0.157ms returns 0
T8230 000:346.806 JLINK_CORESIGHT_WriteAPDPReg(AP reg 0x01, 0x80011140)
T8230 000:346.974 - 0.167ms returns 0
T8230 000:346.982 JLINK_CORESIGHT_ReadAPDPReg(AP reg 0x03)
T8230 000:347.195   Value=0x00000000
T8230 000:347.203 - 0.221ms returns 0
T8230 000:347.210 JLINK_CORESIGHT_WriteAPDPReg(AP reg 0x00, 0x80000002)
T8230 000:347.370 - 0.159ms returns 0
T8230 000:347.382 JLINK_CORESIGHT_WriteAPDPReg(AP reg 0x01, 0x80011130)
T8230 000:347.540 - 0.158ms returns 0
T8230 000:347.550 JLINK_CORESIGHT_ReadAPDPReg(AP reg 0x03)
T8230 000:347.789   Value=0x000D0803
T8230 000:347.798 - 0.248ms returns 0
T8230 000:347.805 JLINK_CORESIGHT_WriteAPDPReg(AP reg 0x00, 0x80000002)
T8230 000:347.957 - 0.152ms returns 0
T8230 000:347.964 JLINK_CORESIGHT_WriteAPDPReg(AP reg 0x01, 0x80011140)
T8230 000:348.151 - 0.187ms returns 0
T8230 000:348.158 JLINK_CORESIGHT_ReadAPDPReg(AP reg 0x03)
T8230 000:348.435   Value=0x00000000
T8230 000:348.448 - 0.289ms returns 0
T8230 000:348.455 JLINK_CORESIGHT_WriteAPDPReg(AP reg 0x00, 0x80000002)
T8230 000:348.617 - 0.161ms returns 0
T8230 000:348.626 JLINK_CORESIGHT_WriteAPDPReg(AP reg 0x01, 0x80011130)
T8230 000:348.787 - 0.162ms returns 0
T8230 000:348.795 JLINK_CORESIGHT_ReadAPDPReg(AP reg 0x03)
T8230 000:348.992   Value=0x31574B02
T8230 000:349.002 - 0.207ms returns 0
T8230 000:349.009 JLINK_CORESIGHT_WriteAPDPReg(AP reg 0x00, 0x80000002)
T8230 000:349.188 - 0.179ms returns 0
T8230 000:349.196 JLINK_CORESIGHT_WriteAPDPReg(AP reg 0x01, 0x80011140)
T8230 000:349.377 - 0.181ms returns 0
T8230 000:349.386 JLINK_CORESIGHT_ReadAPDPReg(AP reg 0x03)
T8230 000:349.605   Value=0x00000000
T8230 000:349.614 - 0.227ms returns 0
T8230 000:349.621 JLINK_CORESIGHT_WriteAPDPReg(AP reg 0x00, 0x80000002)
T8230 000:349.779 - 0.157ms returns 0
T8230 000:349.786 JLINK_CORESIGHT_WriteAPDPReg(AP reg 0x01, 0x80011130)
T8230 000:349.937 - 0.150ms returns 0
T8230 000:349.999 JLINK_CORESIGHT_ReadAPDPReg(AP reg 0x03)
T8230 000:350.238   Value=0x333A7674
T8230 000:350.264 - 0.265ms returns 0
T8230 000:350.279 JLINK_CORESIGHT_WriteAPDPReg(AP reg 0x00, 0x80000002)
T8230 000:350.570 - 0.286ms returns 0
T8230 000:350.713 JLINK_CORESIGHT_WriteAPDPReg(AP reg 0x01, 0x80011140)
T8230 000:350.958 - 0.245ms returns 0
T8230 000:350.986 JLINK_CORESIGHT_ReadAPDPReg(AP reg 0x03)
T8230 000:351.360   Value=0x00000000
T8230 000:351.407 - 0.421ms returns 0
T8230 000:351.424 JLINK_CORESIGHT_WriteAPDPReg(AP reg 0x00, 0x80000002)
T8230 000:351.688 - 0.263ms returns 0
T8230 000:351.719 JLINK_CORESIGHT_WriteAPDPReg(AP reg 0x01, 0x80011130)
T8230 000:351.906 - 0.187ms returns 0
T8230 000:351.930 JLINK_CORESIGHT_ReadAPDPReg(AP reg 0x03)
T8230 000:352.155   Value=0x30383334
T8230 000:352.176 - 0.245ms returns 0
T8230 000:352.187 JLINK_CORESIGHT_WriteAPDPReg(AP reg 0x00, 0x80000002)
T8230 000:352.358 - 0.171ms returns 0
T8230 000:352.367 JLINK_CORESIGHT_WriteAPDPReg(AP reg 0x01, 0x80011140)
T8230 000:352.531 - 0.164ms returns 0
T8230 000:352.547 JLINK_CORESIGHT_ReadAPDPReg(AP reg 0x03)
T8230 000:352.755   Value=0x00000000
T8230 000:352.764 - 0.216ms returns 0
T8230 000:352.771 JLINK_CORESIGHT_WriteAPDPReg(AP reg 0x00, 0x80000002)
T8230 000:352.926 - 0.155ms returns 0
T8230 000:352.934 JLINK_CORESIGHT_WriteAPDPReg(AP reg 0x01, 0x80011130)
T8230 000:353.075 - 0.141ms returns 0
T8230 000:353.083 JLINK_CORESIGHT_ReadAPDPReg(AP reg 0x03)
T8230 000:353.331   Value=0x11103130
T8230 000:353.355 - 0.272ms returns 0
T8230 000:353.364 JLINK_CORESIGHT_WriteAPDPReg(AP reg 0x00, 0x80000002)
T8230 000:353.531 - 0.167ms returns 0
T8230 000:353.543 JLINK_CORESIGHT_WriteAPDPReg(AP reg 0x01, 0x80011140)
T8230 000:353.700 - 0.157ms returns 0
T8230 000:353.708 JLINK_CORESIGHT_ReadAPDPReg(AP reg 0x03)
T8230 000:353.901   Value=0x00000000
T8230 000:353.910 - 0.201ms returns 0
T8230 000:353.917 JLINK_CORESIGHT_WriteAPDPReg(AP reg 0x00, 0x80000002)
T8230 000:354.057 - 0.140ms returns 0
T8230 000:354.064 JLINK_CORESIGHT_WriteAPDPReg(AP reg 0x01, 0x80011130)
T8230 000:354.281 - 0.217ms returns 0
T8230 000:354.288 JLINK_CORESIGHT_ReadAPDPReg(AP reg 0x03)
T8230 000:354.484   Value=0x4637520E
T8230 000:354.497 - 0.209ms returns 0
T8230 000:354.509 JLINK_CORESIGHT_WriteAPDPReg(AP reg 0x00, 0x80000002)
T8230 000:354.682 - 0.173ms returns 0
T8230 000:354.691 JLINK_CORESIGHT_WriteAPDPReg(AP reg 0x01, 0x80011140)
T8230 000:354.854 - 0.162ms returns 0
T8230 000:354.862 JLINK_CORESIGHT_ReadAPDPReg(AP reg 0x03)
T8230 000:355.151   Value=0x00000000
T8230 000:355.159 - 0.297ms returns 0
T8230 000:355.167 JLINK_CORESIGHT_WriteAPDPReg(AP reg 0x00, 0x80000002)
T8230 000:355.325 - 0.158ms returns 0
T8230 000:355.387 JLINK_CORESIGHT_WriteAPDPReg(AP reg 0x01, 0x80011130)
T8230 000:355.569 - 0.182ms returns 0
T8230 000:355.591 JLINK_CORESIGHT_ReadAPDPReg(AP reg 0x03)
T8230 000:355.809   Value=0x314C3441
T8230 000:355.825 - 0.233ms returns 0
T8230 000:355.834 JLINK_CORESIGHT_WriteAPDPReg(AP reg 0x00, 0x80000002)
T8230 000:356.001 - 0.166ms returns 0
T8230 000:356.009 JLINK_CORESIGHT_WriteAPDPReg(AP reg 0x01, 0x80011140)
T8230 000:356.205 - 0.195ms returns 0
T8230 000:356.219 JLINK_CORESIGHT_ReadAPDPReg(AP reg 0x03)
T8230 000:356.425   Value=0x00000000
T8230 000:356.435 - 0.216ms returns 0
T8230 000:356.444 JLINK_CORESIGHT_WriteAPDPReg(AP reg 0x00, 0x80000002)
T8230 000:356.654 - 0.210ms returns 0
T8230 000:356.664 JLINK_CORESIGHT_WriteAPDPReg(AP reg 0x01, 0x80011130)
T8230 000:356.811 - 0.146ms returns 0
T8230 000:356.819 JLINK_CORESIGHT_ReadAPDPReg(AP reg 0x03)
T8230 000:357.030   Value=0x43344442
T8230 000:357.041 - 0.222ms returns 0
T8230 000:357.050 JLINK_CORESIGHT_WriteAPDPReg(AP reg 0x00, 0x80000002)
T8230 000:357.280 - 0.230ms returns 0
T8230 000:357.308 JLINK_CORESIGHT_WriteAPDPReg(AP reg 0x01, 0x80011140)
T8230 000:357.534 - 0.226ms returns 0
T8230 000:357.555 JLINK_CORESIGHT_ReadAPDPReg(AP reg 0x03)
T8230 000:357.813   Value=0x00000000
T8230 000:357.823 - 0.268ms returns 0
T8230 000:357.832 JLINK_CORESIGHT_WriteAPDPReg(AP reg 0x00, 0x80000002)
T8230 000:358.000 - 0.168ms returns 0
T8230 000:358.009 JLINK_CORESIGHT_WriteAPDPReg(AP reg 0x01, 0x80011130)
T8230 000:358.152 - 0.143ms returns 0
T8230 000:358.160 JLINK_CORESIGHT_ReadAPDPReg(AP reg 0x03)
T8230 000:358.357   Value=0x20205046
T8230 000:358.372 - 0.211ms returns 0
T8230 000:358.380 JLINK_CORESIGHT_WriteAPDPReg(AP reg 0x00, 0x80000002)
T8230 000:358.558 - 0.177ms returns 0
T8230 000:358.569 JLINK_CORESIGHT_WriteAPDPReg(AP reg 0x01, 0x80011140)
T8230 000:358.736 - 0.167ms returns 0
T8230 000:358.746 JLINK_CORESIGHT_ReadAPDPReg(AP reg 0x03)
T8230 000:358.957   Value=0x00000000
T8230 000:358.986 - 0.239ms returns 0
T8230 000:359.003 JLINK_CORESIGHT_WriteAPDPReg(AP reg 0x00, 0x80000002)
T8230 000:359.208 - 0.204ms returns 0
T8230 000:359.284 JLINK_CORESIGHT_WriteAPDPReg(AP reg 0x01, 0x80011130)
T8230 000:359.533 - 0.249ms returns 0
T8230 000:359.560 JLINK_CORESIGHT_ReadAPDPReg(AP reg 0x03)
T8230 000:359.796   Value=0x00032320
T8230 000:359.816 - 0.257ms returns 0
T8230 000:359.922 JLINK_CORESIGHT_WriteAPDPReg(AP reg 0x00, 0x80000002)
T8230 000:360.154 - 0.232ms returns 0
T8230 000:360.164 JLINK_CORESIGHT_WriteAPDPReg(AP reg 0x01, 0x80011140)
T8230 000:360.325 - 0.161ms returns 0
T8230 000:360.334 JLINK_CORESIGHT_ReadAPDPReg(AP reg 0x03)
T8230 000:360.577   Value=0x00000002
T8230 000:360.592 - 0.258ms returns 0
T8230 000:360.600 JLINK_CORESIGHT_WriteAPDPReg(AP reg 0x00, 0x80000002)
T8230 000:360.779 - 0.178ms returns 0
T8230 000:360.786 JLINK_CORESIGHT_WriteAPDPReg(AP reg 0x01, 0x80011120)
T8230 000:360.927 - 0.141ms returns 0
T8230 000:360.935 JLINK_CORESIGHT_WriteAPDPReg(AP reg 0x03, 0x2C010001)
T8230 000:361.154 - 0.219ms returns 0
T8230 000:361.167 JLINK_CORESIGHT_WriteAPDPReg(AP reg 0x00, 0x80000002)
T8230 000:361.325 - 0.157ms returns 0
T8230 000:361.334 JLINK_CORESIGHT_WriteAPDPReg(AP reg 0x01, 0x80011140)
T8230 000:361.501 - 0.167ms returns 0
T8230 000:361.508 JLINK_CORESIGHT_ReadAPDPReg(AP reg 0x03)
T8230 000:361.701   Value=0x00000002
T8230 000:361.711 - 0.202ms returns 0
T8230 000:361.719 JLINK_CORESIGHT_WriteAPDPReg(AP reg 0x00, 0x80000002)
T8230 000:361.876 - 0.157ms returns 0
T8230 000:361.883 JLINK_CORESIGHT_WriteAPDPReg(AP reg 0x01, 0x80011120)
T8230 000:362.058 - 0.174ms returns 0
T8230 000:362.065 JLINK_CORESIGHT_WriteAPDPReg(AP reg 0x03, 0x000003D3)
T8230 000:362.283 - 0.217ms returns 0
T8230 000:362.308 JLINK_CORESIGHT_WriteAPDPReg(AP reg 0x00, 0x80000002)
T8230 000:362.487 - 0.179ms returns 0
T8230 000:362.509 JLINK_CORESIGHT_WriteAPDPReg(AP reg 0x01, 0x80011140)
T8230 000:362.683 - 0.174ms returns 0
T8230 000:362.692 JLINK_CORESIGHT_ReadAPDPReg(AP reg 0x03)
T8230 000:362.900   Value=0x00000002
T8230 000:362.909 - 0.216ms returns 0
T8230 000:362.916 JLINK_CORESIGHT_ReadAPDPReg(AP reg 0x03)
T8230 000:363.155   Value=0x00000002
T8230 000:363.164 - 0.248ms returns 0
T8230 000:363.171 JLINK_CORESIGHT_ReadAPDPReg(AP reg 0x03)
T8230 000:363.377   Value=0x00000002
T8230 000:363.389 - 0.218ms returns 0
T8230 000:363.397 JLINK_CORESIGHT_ReadAPDPReg(AP reg 0x03)
T8230 000:363.627   Value=0x00000002
T8230 000:363.639 - 0.241ms returns 0
T8230 000:363.647 JLINK_CORESIGHT_ReadAPDPReg(AP reg 0x03)
T8230 000:363.903   Value=0x00000002
T8230 000:363.915 - 0.268ms returns 0
T8230 000:363.923 JLINK_CORESIGHT_ReadAPDPReg(AP reg 0x03)
T8230 000:364.151   Value=0x00000002
T8230 000:364.162 - 0.239ms returns 0
T8230 000:364.169 JLINK_CORESIGHT_ReadAPDPReg(AP reg 0x03)
T8230 000:364.355   Value=0x00000002
T8230 000:364.368 - 0.198ms returns 0
T8230 000:364.376 JLINK_CORESIGHT_ReadAPDPReg(AP reg 0x03)
T8230 000:364.570   Value=0x00000002
T8230 000:364.582 - 0.206ms returns 0
T8230 000:364.589 JLINK_CORESIGHT_ReadAPDPReg(AP reg 0x03)
T8230 000:364.780   Value=0x00000002
T8230 000:364.792 - 0.202ms returns 0
T8230 000:364.800 JLINK_CORESIGHT_ReadAPDPReg(AP reg 0x03)
T8230 000:365.001   Value=0x00000002
T8230 000:365.009 - 0.209ms returns 0
T8230 000:365.016 JLINK_CORESIGHT_ReadAPDPReg(AP reg 0x03)
T8230 000:365.202   Value=0x00000002
T8230 000:365.213 - 0.197ms returns 0
T8230 000:365.221 JLINK_CORESIGHT_ReadAPDPReg(AP reg 0x03)
T8230 000:365.427   Value=0x00000002
T8230 000:365.438 - 0.217ms returns 0
T8230 000:365.446 JLINK_CORESIGHT_ReadAPDPReg(AP reg 0x03)
T8230 000:365.654   Value=0x00000002
T8230 000:365.664 - 0.218ms returns 0
T8230 000:365.672 JLINK_CORESIGHT_ReadAPDPReg(AP reg 0x03)
T8230 000:365.890   Value=0x00000002
T8230 000:365.898 - 0.226ms returns 0
T8230 000:365.905 JLINK_CORESIGHT_ReadAPDPReg(AP reg 0x03)
T8230 000:366.153   Value=0x00000002
T8230 000:366.161 - 0.256ms returns 0
T8230 000:366.168 JLINK_CORESIGHT_ReadAPDPReg(AP reg 0x03)
T8230 000:366.366   Value=0x00000002
T8230 000:366.375 - 0.206ms returns 0
T8230 000:366.382 JLINK_CORESIGHT_ReadAPDPReg(AP reg 0x03)
T8230 000:366.574   Value=0x00000002
T8230 000:366.584 - 0.202ms returns 0
T8230 000:366.616 JLINK_CORESIGHT_ReadAPDPReg(AP reg 0x03)
T8230 000:366.855   Value=0x00000000
T8230 000:366.885 - 0.269ms returns 0
T8230 000:366.901 JLINK_CORESIGHT_WriteAPDPReg(AP reg 0x00, 0x80000002)
T8230 000:367.181 - 0.280ms returns 0
T8230 000:367.211 JLINK_CORESIGHT_WriteAPDPReg(AP reg 0x01, 0x80011130)
T8230 000:367.431 - 0.220ms returns 0
T8230 000:367.455 JLINK_CORESIGHT_ReadAPDPReg(AP reg 0x03)
T8230 000:367.691   Value=0x2C020081
T8230 000:367.721 - 0.265ms returns 0
T8230 000:367.736 JLINK_CORESIGHT_WriteAPDPReg(AP reg 0x00, 0x80000002)
T8230 000:367.974 - 0.238ms returns 0
T8230 000:368.001 JLINK_CORESIGHT_WriteAPDPReg(AP reg 0x01, 0x80011140)
T8230 000:368.292 - 0.290ms returns 0
T8230 000:368.314 JLINK_CORESIGHT_ReadAPDPReg(AP reg 0x03)
T8230 000:369.098   Value=0x00000000
T8230 000:369.125 - 0.811ms returns 0
T8230 000:369.137 JLINK_CORESIGHT_WriteAPDPReg(AP reg 0x00, 0x80000002)
T8230 000:369.361 - 0.224ms returns 0
T8230 000:369.380 JLINK_CORESIGHT_WriteAPDPReg(AP reg 0x01, 0x80011130)
T8230 000:369.582 - 0.201ms returns 0
T8230 000:369.599 JLINK_CORESIGHT_ReadAPDPReg(AP reg 0x03)
T8230 000:369.854   Value=0x0003D002
T8230 000:369.883 - 0.283ms returns 0
T8230 000:369.911 JLINK_CORESIGHT_WriteAPDPReg(AP reg 0x00, 0x80000002)
T8230 000:370.156 - 0.245ms returns 0
T8230 000:370.173 JLINK_CORESIGHT_WriteAPDPReg(AP reg 0x01, 0x80011140)
T8230 000:370.332 - 0.159ms returns 0
T8230 000:370.342 JLINK_CORESIGHT_ReadAPDPReg(AP reg 0x03)
T8230 000:370.609   Value=0x00000002
T8230 000:370.649 - 0.306ms returns 0
T8230 000:370.658 JLINK_CORESIGHT_WriteAPDPReg(AP reg 0x00, 0x80000002)
T8230 000:370.866 - 0.208ms returns 0
T8230 000:370.877 JLINK_CORESIGHT_WriteAPDPReg(AP reg 0x01, 0x80011120)
T8230 000:371.036 - 0.159ms returns 0
T8230 000:371.044 JLINK_CORESIGHT_WriteAPDPReg(AP reg 0x03, 0x4F010001)
T8230 000:371.275 - 0.231ms returns 0
T8230 000:371.285 JLINK_CORESIGHT_WriteAPDPReg(AP reg 0x00, 0x80000002)
T8230 000:371.452 - 0.167ms returns 0
T8230 000:371.460 JLINK_CORESIGHT_WriteAPDPReg(AP reg 0x01, 0x80011140)
T8230 000:371.623 - 0.164ms returns 0
T8230 000:371.631 JLINK_CORESIGHT_ReadAPDPReg(AP reg 0x03)
T8230 000:371.822   Value=0x00000002
T8230 000:371.832 - 0.200ms returns 0
T8230 000:371.840 JLINK_CORESIGHT_WriteAPDPReg(AP reg 0x00, 0x80000002)
T8230 000:371.995 - 0.155ms returns 0
T8230 000:372.002 JLINK_CORESIGHT_WriteAPDPReg(AP reg 0x01, 0x80011120)
T8230 000:372.151 - 0.149ms returns 0
T8230 000:372.201 JLINK_CORESIGHT_WriteAPDPReg(AP reg 0x03, 0x000003B0)
T8230 000:372.367 - 0.166ms returns 0
T8230 000:372.374 JLINK_CORESIGHT_WriteAPDPReg(AP reg 0x00, 0x80000002)
T8230 000:372.537 - 0.163ms returns 0
T8230 000:372.544 JLINK_CORESIGHT_WriteAPDPReg(AP reg 0x01, 0x80011140)
T8230 000:372.700 - 0.156ms returns 0
T8230 000:372.715 JLINK_CORESIGHT_ReadAPDPReg(AP reg 0x03)
T8230 000:372.949   Value=0x00000000
T8230 000:372.958 - 0.242ms returns 0
T8230 000:372.965 JLINK_CORESIGHT_WriteAPDPReg(AP reg 0x00, 0x80000002)
T8230 000:373.157 - 0.191ms returns 0
T8230 000:373.181 JLINK_CORESIGHT_WriteAPDPReg(AP reg 0x01, 0x80011130)
T8230 000:373.347 - 0.166ms returns 0
T8230 000:373.361 JLINK_CORESIGHT_ReadAPDPReg(AP reg 0x03)
T8230 000:373.617   Value=0x4F0B0081
T8230 000:373.626 - 0.265ms returns 0
T8230 000:373.634 JLINK_CORESIGHT_WriteAPDPReg(AP reg 0x00, 0x80000002)
T8230 000:373.795 - 0.160ms returns 0
T8230 000:373.813 JLINK_CORESIGHT_WriteAPDPReg(AP reg 0x01, 0x80011140)
T8230 000:373.995 - 0.182ms returns 0
T8230 000:374.002 JLINK_CORESIGHT_ReadAPDPReg(AP reg 0x03)
T8230 000:374.200   Value=0x00000000
T8230 000:374.208 - 0.205ms returns 0
T8230 000:374.215 JLINK_CORESIGHT_WriteAPDPReg(AP reg 0x00, 0x80000002)
T8230 000:374.371 - 0.156ms returns 0
T8230 000:374.378 JLINK_CORESIGHT_WriteAPDPReg(AP reg 0x01, 0x80011130)
T8230 000:374.524 - 0.146ms returns 0
T8230 000:374.532 JLINK_CORESIGHT_ReadAPDPReg(AP reg 0x03)
T8230 000:374.745   Value=0x20001200
T8230 000:374.754 - 0.223ms returns 0
T8230 000:374.762 JLINK_CORESIGHT_WriteAPDPReg(AP reg 0x00, 0x80000002)
T8230 000:374.916 - 0.153ms returns 0
T8230 000:374.931 JLINK_CORESIGHT_WriteAPDPReg(AP reg 0x01, 0x80011140)
T8230 000:375.152 - 0.221ms returns 0
T8230 000:375.159 JLINK_CORESIGHT_ReadAPDPReg(AP reg 0x03)
T8230 000:375.374   Value=0x00000000
T8230 000:375.385 - 0.226ms returns 0
T8230 000:375.393 JLINK_CORESIGHT_WriteAPDPReg(AP reg 0x00, 0x80000002)
T8230 000:375.560 - 0.166ms returns 0
T8230 000:375.572 JLINK_CORESIGHT_WriteAPDPReg(AP reg 0x01, 0x80011130)
T8230 000:375.739 - 0.167ms returns 0
T8230 000:375.752 JLINK_CORESIGHT_ReadAPDPReg(AP reg 0x03)
T8230 000:375.962   Value=0x0B000000
T8230 000:375.974 - 0.221ms returns 0
T8230 000:375.982 JLINK_CORESIGHT_WriteAPDPReg(AP reg 0x00, 0x80000002)
T8230 000:376.152 - 0.170ms returns 0
T8230 000:376.165 JLINK_CORESIGHT_WriteAPDPReg(AP reg 0x01, 0x80011140)
T8230 000:376.325 - 0.160ms returns 0
T8230 000:376.335 JLINK_CORESIGHT_ReadAPDPReg(AP reg 0x03)
T8230 000:376.540   Value=0x00000000
T8230 000:376.553 - 0.218ms returns 0
T8230 000:376.562 JLINK_CORESIGHT_WriteAPDPReg(AP reg 0x00, 0x80000002)
T8230 000:376.717 - 0.155ms returns 0
T8230 000:376.726 JLINK_CORESIGHT_WriteAPDPReg(AP reg 0x01, 0x80011130)
T8230 000:376.889 - 0.162ms returns 0
T8230 000:376.896 JLINK_CORESIGHT_ReadAPDPReg(AP reg 0x03)
T8230 000:377.151   Value=0x03591000
T8230 000:377.160 - 0.263ms returns 0
T8230 000:377.223 JLINK_CORESIGHT_WriteAPDPReg(AP reg 0x00, 0x80000002)
T8230 000:377.375 - 0.152ms returns 0
T8230 000:377.382 JLINK_CORESIGHT_WriteAPDPReg(AP reg 0x01, 0x80011140)
T8230 000:377.553 - 0.171ms returns 0
T8230 000:377.560 JLINK_CORESIGHT_ReadAPDPReg(AP reg 0x03)
T8230 000:377.811   Value=0x00000002
T8230 000:377.819 - 0.259ms returns 0
T8230 000:377.826 JLINK_CORESIGHT_WriteAPDPReg(AP reg 0x00, 0x80000002)
T8230 000:377.988 - 0.161ms returns 0
T8230 000:377.995 JLINK_CORESIGHT_WriteAPDPReg(AP reg 0x01, 0x80011120)
T8230 000:378.153 - 0.158ms returns 0
T8230 000:378.160 JLINK_CORESIGHT_WriteAPDPReg(AP reg 0x03, 0x2C010001)
T8230 000:378.345 - 0.184ms returns 0
T8230 000:378.352 JLINK_CORESIGHT_WriteAPDPReg(AP reg 0x00, 0x80000002)
T8230 000:378.517 - 0.164ms returns 0
T8230 000:378.524 JLINK_CORESIGHT_WriteAPDPReg(AP reg 0x01, 0x80011140)
T8230 000:378.671 - 0.147ms returns 0
T8230 000:378.686 JLINK_CORESIGHT_ReadAPDPReg(AP reg 0x03)
T8230 000:378.950   Value=0x00000002
T8230 000:378.960 - 0.274ms returns 0
T8230 000:378.968 JLINK_CORESIGHT_WriteAPDPReg(AP reg 0x00, 0x80000002)
T8230 000:379.158 - 0.190ms returns 0
T8230 000:379.173 JLINK_CORESIGHT_WriteAPDPReg(AP reg 0x01, 0x80011120)
T8230 000:379.390 - 0.216ms returns 0
T8230 000:379.402 JLINK_CORESIGHT_WriteAPDPReg(AP reg 0x03, 0x000003D3)
T8230 000:379.568 - 0.166ms returns 0
T8230 000:379.582 JLINK_CORESIGHT_WriteAPDPReg(AP reg 0x00, 0x80000002)
T8230 000:379.741 - 0.159ms returns 0
T8230 000:379.752 JLINK_CORESIGHT_WriteAPDPReg(AP reg 0x01, 0x80011140)
T8230 000:379.913 - 0.161ms returns 0
T8230 000:379.921 JLINK_CORESIGHT_ReadAPDPReg(AP reg 0x03)
T8230 000:380.151   Value=0x00000002
T8230 000:380.160 - 0.238ms returns 0
T8230 000:380.167 JLINK_CORESIGHT_ReadAPDPReg(AP reg 0x03)
T8230 000:380.367   Value=0x00000002
T8230 000:380.375 - 0.208ms returns 0
T8230 000:380.381 JLINK_CORESIGHT_ReadAPDPReg(AP reg 0x03)
T8230 000:380.582   Value=0x00000002
T8230 000:380.590 - 0.208ms returns 0
T8230 000:380.597 JLINK_CORESIGHT_ReadAPDPReg(AP reg 0x03)
T8230 000:380.803   Value=0x00000002
T8230 000:380.813 - 0.216ms returns 0
T8230 000:380.821 JLINK_CORESIGHT_ReadAPDPReg(AP reg 0x03)
T8230 000:381.017   Value=0x00000002
T8230 000:381.025 - 0.204ms returns 0
T8230 000:381.032 JLINK_CORESIGHT_ReadAPDPReg(AP reg 0x03)
T8230 000:381.238   Value=0x00000002
T8230 000:381.248 - 0.216ms returns 0
T8230 000:381.256 JLINK_CORESIGHT_ReadAPDPReg(AP reg 0x03)
T8230 000:381.453   Value=0x00000000
T8230 000:381.462 - 0.205ms returns 0
T8230 000:381.469 JLINK_CORESIGHT_WriteAPDPReg(AP reg 0x00, 0x80000002)
T8230 000:381.625 - 0.156ms returns 0
T8230 000:381.632 JLINK_CORESIGHT_WriteAPDPReg(AP reg 0x01, 0x80011130)
T8230 000:381.803 - 0.170ms returns 0
T8230 000:381.810 JLINK_CORESIGHT_ReadAPDPReg(AP reg 0x03)
T8230 000:382.016   Value=0x2C020081
T8230 000:382.024 - 0.214ms returns 0
T8230 000:382.031 JLINK_CORESIGHT_WriteAPDPReg(AP reg 0x00, 0x80000002)
T8230 000:382.207 - 0.175ms returns 0
T8230 000:382.220 JLINK_CORESIGHT_WriteAPDPReg(AP reg 0x01, 0x80011140)
T8230 000:382.401 - 0.181ms returns 0
T8230 000:382.411 JLINK_CORESIGHT_ReadAPDPReg(AP reg 0x03)
T8230 000:382.648   Value=0x00000000
T8230 000:382.660 - 0.249ms returns 0
T8230 000:382.669 JLINK_CORESIGHT_WriteAPDPReg(AP reg 0x00, 0x80000002)
T8230 000:382.859 - 0.190ms returns 0
T8230 000:382.869 JLINK_CORESIGHT_WriteAPDPReg(AP reg 0x01, 0x80011130)
T8230 000:383.029 - 0.160ms returns 0
T8230 000:383.036 JLINK_CORESIGHT_ReadAPDPReg(AP reg 0x03)
T8230 000:383.239   Value=0x0003D002
T8230 000:383.261 - 0.224ms returns 0
T8230 000:383.282 JLINK_CORESIGHT_WriteAPDPReg(AP reg 0x00, 0x80000002)
T8230 000:383.481 - 0.198ms returns 0
T8230 000:383.507 JLINK_CORESIGHT_WriteAPDPReg(AP reg 0x01, 0x80011140)
T8230 000:383.709 - 0.203ms returns 0
T8230 000:383.727 JLINK_CORESIGHT_ReadAPDPReg(AP reg 0x03)
T8230 000:384.008   Value=0x00000002
T8230 000:384.036 - 0.313ms returns 0
T8230 000:384.050 JLINK_CORESIGHT_WriteAPDPReg(AP reg 0x00, 0x80000002)
T8230 000:384.312 - 0.262ms returns 0
T8230 000:384.339 JLINK_CORESIGHT_WriteAPDPReg(AP reg 0x01, 0x80011120)
T8230 000:384.551 - 0.212ms returns 0
T8230 000:384.581 JLINK_CORESIGHT_WriteAPDPReg(AP reg 0x03, 0x4E0B0001)
T8230 000:385.014 - 0.432ms returns 0
T8230 000:385.045 JLINK_CORESIGHT_WriteAPDPReg(AP reg 0x00, 0x80000002)
T8230 000:385.286 - 0.240ms returns 0
T8230 000:385.307 JLINK_CORESIGHT_WriteAPDPReg(AP reg 0x01, 0x80011140)
T8230 000:385.487 - 0.180ms returns 0
T8230 000:385.508 JLINK_CORESIGHT_ReadAPDPReg(AP reg 0x03)
T8230 000:385.730   Value=0x00000002
T8230 000:385.753 - 0.245ms returns 0
T8230 000:385.769 JLINK_CORESIGHT_WriteAPDPReg(AP reg 0x00, 0x80000002)
T8230 000:385.952 - 0.183ms returns 0
T8230 000:385.965 JLINK_CORESIGHT_WriteAPDPReg(AP reg 0x01, 0x80011120)
T8230 000:386.157 - 0.191ms returns 0
T8230 000:386.175 JLINK_CORESIGHT_WriteAPDPReg(AP reg 0x03, 0x20000F00)
T8230 000:386.345 - 0.170ms returns 0
T8230 000:386.358 JLINK_CORESIGHT_WriteAPDPReg(AP reg 0x00, 0x80000002)
T8230 000:386.531 - 0.172ms returns 0
T8230 000:386.548 JLINK_CORESIGHT_WriteAPDPReg(AP reg 0x01, 0x80011140)
T8230 000:386.701 - 0.153ms returns 0
T8230 000:386.711 JLINK_CORESIGHT_ReadAPDPReg(AP reg 0x03)
T8230 000:386.926   Value=0x00000002
T8230 000:386.935 - 0.223ms returns 0
T8230 000:386.943 JLINK_CORESIGHT_WriteAPDPReg(AP reg 0x00, 0x80000002)
T8230 000:387.151 - 0.208ms returns 0
T8230 000:387.159 JLINK_CORESIGHT_WriteAPDPReg(AP reg 0x01, 0x80011120)
T8230 000:387.324 - 0.165ms returns 0
T8230 000:387.332 JLINK_CORESIGHT_WriteAPDPReg(AP reg 0x03, 0x0B000000)
T8230 000:387.500 - 0.168ms returns 0
T8230 000:387.509 JLINK_CORESIGHT_WriteAPDPReg(AP reg 0x00, 0x80000002)
T8230 000:387.685 - 0.176ms returns 0
T8230 000:387.697 JLINK_CORESIGHT_WriteAPDPReg(AP reg 0x01, 0x80011140)
T8230 000:387.858 - 0.161ms returns 0
T8230 000:387.869 JLINK_CORESIGHT_ReadAPDPReg(AP reg 0x03)
T8230 000:388.075   Value=0x00000002
T8230 000:388.084 - 0.214ms returns 0
T8230 000:388.092 JLINK_CORESIGHT_WriteAPDPReg(AP reg 0x00, 0x80000002)
T8230 000:388.279 - 0.187ms returns 0
T8230 000:388.289 JLINK_CORESIGHT_WriteAPDPReg(AP reg 0x01, 0x80011120)
T8230 000:388.448 - 0.159ms returns 0
T8230 000:388.456 JLINK_CORESIGHT_WriteAPDPReg(AP reg 0x03, 0x035D1000)
T8230 000:388.626 - 0.169ms returns 0
T8230 000:388.634 JLINK_CORESIGHT_WriteAPDPReg(AP reg 0x00, 0x80000002)
T8230 000:388.809 - 0.174ms returns 0
T8230 000:388.827 JLINK_CORESIGHT_WriteAPDPReg(AP reg 0x01, 0x80011140)
T8230 000:389.000 - 0.174ms returns 0
T8230 000:389.009 JLINK_CORESIGHT_ReadAPDPReg(AP reg 0x03)
T8230 000:389.239   Value=0x00000002
T8230 000:389.248 - 0.238ms returns 0
T8230 000:389.255 JLINK_CORESIGHT_ReadAPDPReg(AP reg 0x03)
T8230 000:389.450   Value=0x00000002
T8230 000:389.458 - 0.202ms returns 0
T8230 000:389.466 JLINK_CORESIGHT_ReadAPDPReg(AP reg 0x03)
T8230 000:389.654   Value=0x00000002
T8230 000:389.662 - 0.196ms returns 0
T8230 000:389.670 JLINK_CORESIGHT_ReadAPDPReg(AP reg 0x03)
T8230 000:389.853   Value=0x00000002
T8230 000:389.861 - 0.191ms returns 0
T8230 000:389.869 JLINK_CORESIGHT_ReadAPDPReg(AP reg 0x03)
T8230 000:390.061   Value=0x00000002
T8230 000:390.069 - 0.200ms returns 0
T8230 000:390.077 JLINK_CORESIGHT_ReadAPDPReg(AP reg 0x03)
T8230 000:390.303   Value=0x00000002
T8230 000:390.311 - 0.234ms returns 0
T8230 000:390.319 JLINK_CORESIGHT_ReadAPDPReg(AP reg 0x03)
T8230 000:390.528   Value=0x00000002
T8230 000:390.536 - 0.218ms returns 0
T8230 000:390.544 JLINK_CORESIGHT_ReadAPDPReg(AP reg 0x03)
T8230 000:390.732   Value=0x00000002
T8230 000:390.747 - 0.203ms returns 0
T8230 000:390.757 JLINK_CORESIGHT_ReadAPDPReg(AP reg 0x03)
T8230 000:390.951   Value=0x00000002
T8230 000:390.960 - 0.202ms returns 0
T8230 000:390.967 JLINK_CORESIGHT_ReadAPDPReg(AP reg 0x03)
T8230 000:391.151   Value=0x00000002
T8230 000:391.159 - 0.191ms returns 0
T8230 000:391.167 JLINK_CORESIGHT_ReadAPDPReg(AP reg 0x03)
T8230 000:391.354   Value=0x00000002
T8230 000:391.364 - 0.197ms returns 0
T8230 000:391.372 JLINK_CORESIGHT_ReadAPDPReg(AP reg 0x03)
T8230 000:391.576   Value=0x00000002
T8230 000:391.584 - 0.212ms returns 0
T8230 000:391.592 JLINK_CORESIGHT_ReadAPDPReg(AP reg 0x03)
T8230 000:391.779   Value=0x00000002
T8230 000:391.789 - 0.197ms returns 0
T8230 000:391.797 JLINK_CORESIGHT_ReadAPDPReg(AP reg 0x03)
T8230 000:392.001   Value=0x00000002
T8230 000:392.009 - 0.212ms returns 0
T8230 000:392.017 JLINK_CORESIGHT_ReadAPDPReg(AP reg 0x03)
T8230 000:392.201   Value=0x00000002
T8230 000:392.209 - 0.192ms returns 0
T8230 000:392.217 JLINK_CORESIGHT_ReadAPDPReg(AP reg 0x03)
T8230 000:392.425   Value=0x00000002
T8230 000:392.434 - 0.217ms returns 0
T8230 000:392.441 JLINK_CORESIGHT_ReadAPDPReg(AP reg 0x03)
T8230 000:392.626   Value=0x00000002
T8230 000:392.634 - 0.193ms returns 0
T8230 000:392.642 JLINK_CORESIGHT_ReadAPDPReg(AP reg 0x03)
T8230 000:392.824   Value=0x00000002
T8230 000:392.833 - 0.191ms returns 0
T8230 000:392.840 JLINK_CORESIGHT_ReadAPDPReg(AP reg 0x03)
T8230 000:393.025   Value=0x00000002
T8230 000:393.033 - 0.193ms returns 0
T8230 000:393.043 JLINK_CORESIGHT_ReadAPDPReg(AP reg 0x03)
T8230 000:393.236   Value=0x00000002
T8230 000:393.244 - 0.201ms returns 0
T8230 000:393.252 JLINK_CORESIGHT_ReadAPDPReg(AP reg 0x03)
T8230 000:393.450   Value=0x00000002
T8230 000:393.459 - 0.207ms returns 0
T8230 000:393.466 JLINK_CORESIGHT_ReadAPDPReg(AP reg 0x03)
T8230 000:393.654   Value=0x00000002
T8230 000:393.663 - 0.196ms returns 0
T8230 000:393.671 JLINK_CORESIGHT_ReadAPDPReg(AP reg 0x03)
T8230 000:393.915   Value=0x00000002
T8230 000:393.930 - 0.258ms returns 0
T8230 000:393.939 JLINK_CORESIGHT_ReadAPDPReg(AP reg 0x03)
T8230 000:394.152   Value=0x00000002
T8230 000:394.160 - 0.220ms returns 0
T8230 000:394.168 JLINK_CORESIGHT_ReadAPDPReg(AP reg 0x03)
T8230 000:394.356   Value=0x00000002
T8230 000:394.378 - 0.209ms returns 0
T8230 000:394.387 JLINK_CORESIGHT_ReadAPDPReg(AP reg 0x03)
T8230 000:394.576   Value=0x00000002
T8230 000:394.584 - 0.197ms returns 0
T8230 000:394.592 JLINK_CORESIGHT_ReadAPDPReg(AP reg 0x03)
T8230 000:394.876   Value=0x00000002
T8230 000:394.899 - 0.306ms returns 0
T8230 000:394.924 JLINK_CORESIGHT_ReadAPDPReg(AP reg 0x03)
T8230 000:395.154   Value=0x00000002
T8230 000:395.170 - 0.246ms returns 0
T8230 000:395.179 JLINK_CORESIGHT_ReadAPDPReg(AP reg 0x03)
T8230 000:395.371   Value=0x00000002
T8230 000:395.380 - 0.200ms returns 0
T8230 000:395.387 JLINK_CORESIGHT_ReadAPDPReg(AP reg 0x03)
T8230 000:395.600   Value=0x00000002
T8230 000:395.609 - 0.221ms returns 0
T8230 000:395.617 JLINK_CORESIGHT_ReadAPDPReg(AP reg 0x03)
T8230 000:395.804   Value=0x00000002
T8230 000:395.827 - 0.210ms returns 0
T8230 000:395.851 JLINK_CORESIGHT_ReadAPDPReg(AP reg 0x03)
T8230 000:396.058   Value=0x00000002
T8230 000:396.070 - 0.219ms returns 0
T8230 000:396.079 JLINK_CORESIGHT_ReadAPDPReg(AP reg 0x03)
T8230 000:396.307   Value=0x00000002
T8230 000:396.316 - 0.237ms returns 0
T8230 000:396.324 JLINK_CORESIGHT_ReadAPDPReg(AP reg 0x03)
T8230 000:396.528   Value=0x00000002
T8230 000:396.537 - 0.212ms returns 0
T8230 000:396.544 JLINK_CORESIGHT_ReadAPDPReg(AP reg 0x03)
T8230 000:396.754   Value=0x00000002
T8230 000:396.770 - 0.225ms returns 0
T8230 000:396.780 JLINK_CORESIGHT_ReadAPDPReg(AP reg 0x03)
T8230 000:396.983   Value=0x00000002
T8230 000:396.991 - 0.211ms returns 0
T8230 000:396.999 JLINK_CORESIGHT_ReadAPDPReg(AP reg 0x03)
T8230 000:397.206   Value=0x00000002
T8230 000:397.230 - 0.230ms returns 0
T8230 000:397.245 JLINK_CORESIGHT_ReadAPDPReg(AP reg 0x03)
T8230 000:397.452   Value=0x00000002
T8230 000:397.463 - 0.218ms returns 0
T8230 000:397.472 JLINK_CORESIGHT_ReadAPDPReg(AP reg 0x03)
T8230 000:397.685   Value=0x00000002
T8230 000:397.703 - 0.230ms returns 0
T8230 000:397.718 JLINK_CORESIGHT_ReadAPDPReg(AP reg 0x03)
T8230 000:397.927   Value=0x00000002
T8230 000:397.936 - 0.218ms returns 0
T8230 000:397.946 JLINK_CORESIGHT_ReadAPDPReg(AP reg 0x03)
T8230 000:398.152   Value=0x00000002
T8230 000:398.160 - 0.214ms returns 0
T8230 000:398.168 JLINK_CORESIGHT_ReadAPDPReg(AP reg 0x03)
T8230 000:398.353   Value=0x00000002
T8230 000:398.361 - 0.193ms returns 0
T8230 000:398.369 JLINK_CORESIGHT_ReadAPDPReg(AP reg 0x03)
T8230 000:398.558   Value=0x00000002
T8230 000:398.566 - 0.197ms returns 0
T8230 000:398.574 JLINK_CORESIGHT_ReadAPDPReg(AP reg 0x03)
T8230 000:398.774   Value=0x00000002
T8230 000:398.784 - 0.209ms returns 0
T8230 000:398.818 JLINK_CORESIGHT_ReadAPDPReg(AP reg 0x03)
T8230 000:399.014   Value=0x00000002
T8230 000:399.022 - 0.204ms returns 0
T8230 000:399.030 JLINK_CORESIGHT_ReadAPDPReg(AP reg 0x03)
T8230 000:399.254   Value=0x00000002
T8230 000:399.278 - 0.247ms returns 0
T8230 000:399.293 JLINK_CORESIGHT_ReadAPDPReg(AP reg 0x03)
T8230 000:399.495   Value=0x00000002
T8230 000:399.512 - 0.219ms returns 0
T8230 000:399.527 JLINK_CORESIGHT_ReadAPDPReg(AP reg 0x03)
T8230 000:399.753   Value=0x00000002
T8230 000:399.778 - 0.251ms returns 0
T8230 000:399.788 JLINK_CORESIGHT_ReadAPDPReg(AP reg 0x03)
T8230 000:399.999   Value=0x00000002
T8230 000:400.084 - 0.296ms returns 0
T8230 000:400.104 JLINK_CORESIGHT_ReadAPDPReg(AP reg 0x03)
T8230 000:400.309   Value=0x00000002
T8230 000:400.337 - 0.233ms returns 0
T8230 000:400.412 JLINK_CORESIGHT_ReadAPDPReg(AP reg 0x03)
T8230 000:400.650   Value=0x00000002
T8230 000:400.700 - 0.288ms returns 0
T8230 000:400.769 JLINK_CORESIGHT_ReadAPDPReg(AP reg 0x03)
T8230 000:401.000   Value=0x00000000
T8230 000:401.019 - 0.250ms returns 0
T8230 000:401.033 JLINK_CORESIGHT_WriteAPDPReg(AP reg 0x00, 0x80000002)
T8230 000:401.282 - 0.248ms returns 0
T8230 000:401.306 JLINK_CORESIGHT_WriteAPDPReg(AP reg 0x01, 0x80011130)
T8230 000:401.473 - 0.167ms returns 0
T8230 000:401.494 JLINK_CORESIGHT_ReadAPDPReg(AP reg 0x03)
T8230 000:401.949   Value=0x4E0A0081
T8230 000:401.976 - 0.482ms returns 0
T8230 000:401.990 JLINK_CORESIGHT_WriteAPDPReg(AP reg 0x00, 0x80000002)
T8230 000:402.229 - 0.238ms returns 0
T8230 000:402.252 JLINK_CORESIGHT_WriteAPDPReg(AP reg 0x01, 0x80011140)
T8230 000:402.433 - 0.182ms returns 0
T8230 000:402.450 JLINK_CORESIGHT_ReadAPDPReg(AP reg 0x03)
T8230 000:402.680   Value=0x00000000
T8230 000:402.705 - 0.255ms returns 0
T8230 000:402.720 JLINK_CORESIGHT_WriteAPDPReg(AP reg 0x00, 0x80000002)
T8230 000:402.928 - 0.208ms returns 0
T8230 000:402.951 JLINK_CORESIGHT_WriteAPDPReg(AP reg 0x01, 0x80011130)
T8230 000:403.157 - 0.205ms returns 0
T8230 000:403.177 JLINK_CORESIGHT_ReadAPDPReg(AP reg 0x03)
T8230 000:403.438   Value=0xFFFFFF00
T8230 000:403.463 - 0.286ms returns 0
T8230 000:403.478 JLINK_CORESIGHT_WriteAPDPReg(AP reg 0x00, 0x80000002)
T8230 000:403.652 - 0.174ms returns 0
T8230 000:403.673 JLINK_CORESIGHT_WriteAPDPReg(AP reg 0x01, 0x80011140)
T8230 000:403.903 - 0.230ms returns 0
T8230 000:403.913 JLINK_CORESIGHT_ReadAPDPReg(AP reg 0x03)
T8230 000:404.151   Value=0x00000000
T8230 000:404.160 - 0.246ms returns 0
T8230 000:404.167 JLINK_CORESIGHT_WriteAPDPReg(AP reg 0x00, 0x80000002)
T8230 000:404.325 - 0.157ms returns 0
T8230 000:404.332 JLINK_CORESIGHT_WriteAPDPReg(AP reg 0x01, 0x80011130)
T8230 000:404.497 - 0.164ms returns 0
T8230 000:404.504 JLINK_CORESIGHT_ReadAPDPReg(AP reg 0x03)
T8230 000:404.746   Value=0xFFFFFFFF
T8230 000:404.770 - 0.265ms returns 0
T8230 000:404.783 JLINK_CORESIGHT_WriteAPDPReg(AP reg 0x00, 0x80000002)
T8230 000:405.004 - 0.220ms returns 0
T8230 000:405.024 JLINK_CORESIGHT_WriteAPDPReg(AP reg 0x01, 0x80011140)
T8230 000:405.283 - 0.258ms returns 0
T8230 000:405.309 JLINK_CORESIGHT_ReadAPDPReg(AP reg 0x03)
T8230 000:405.544   Value=0x00000000
T8230 000:405.571 - 0.262ms returns 0
T8230 000:405.586 JLINK_CORESIGHT_WriteAPDPReg(AP reg 0x00, 0x80000002)
T8230 000:405.813 - 0.226ms returns 0
T8230 000:405.838 JLINK_CORESIGHT_WriteAPDPReg(AP reg 0x01, 0x80011130)
T8230 000:406.023 - 0.184ms returns 0
T8230 000:406.042 JLINK_CORESIGHT_ReadAPDPReg(AP reg 0x03)
T8230 000:406.314   Value=0x0003B0FF
T8230 000:406.334 - 0.292ms returns 0
T8230 000:406.351 JLINK_CORESIGHT_WriteAPDPReg(AP reg 0x00, 0x80000002)
T8230 000:406.530 - 0.179ms returns 0
T8230 000:406.560 JLINK_CORESIGHT_WriteAPDPReg(AP reg 0x01, 0x80011140)
T8230 000:406.747 - 0.187ms returns 0
T8230 000:406.756 JLINK_CORESIGHT_ReadAPDPReg(AP reg 0x03)
T8230 000:406.994   Value=0x00000002
T8230 000:407.010 - 0.253ms returns 0
T8230 000:407.019 JLINK_CORESIGHT_WriteAPDPReg(AP reg 0x00, 0x80000002)
T8230 000:407.195 - 0.176ms returns 0
T8230 000:407.204 JLINK_CORESIGHT_WriteAPDPReg(AP reg 0x01, 0x80011120)
T8230 000:407.370 - 0.165ms returns 0
T8230 000:407.386 JLINK_CORESIGHT_WriteAPDPReg(AP reg 0x03, 0x4F010001)
T8230 000:407.550 - 0.164ms returns 0
T8230 000:407.557 JLINK_CORESIGHT_WriteAPDPReg(AP reg 0x00, 0x80000002)
T8230 000:407.722 - 0.164ms returns 0
T8230 000:407.731 JLINK_CORESIGHT_WriteAPDPReg(AP reg 0x01, 0x80011140)
T8230 000:407.891 - 0.160ms returns 0
T8230 000:407.899 JLINK_CORESIGHT_ReadAPDPReg(AP reg 0x03)
T8230 000:408.151   Value=0x00000002
T8230 000:408.160 - 0.260ms returns 0
T8230 000:408.167 JLINK_CORESIGHT_WriteAPDPReg(AP reg 0x00, 0x80000002)
T8230 000:408.335 - 0.168ms returns 0
T8230 000:408.365 JLINK_CORESIGHT_WriteAPDPReg(AP reg 0x01, 0x80011120)
T8230 000:408.520 - 0.155ms returns 0
T8230 000:408.534 JLINK_CORESIGHT_WriteAPDPReg(AP reg 0x03, 0x000003B0)
T8230 000:408.704 - 0.170ms returns 0
T8230 000:408.728 JLINK_CORESIGHT_WriteAPDPReg(AP reg 0x00, 0x80000002)
T8230 000:408.883 - 0.155ms returns 0
T8230 000:408.892 JLINK_CORESIGHT_WriteAPDPReg(AP reg 0x01, 0x80011140)
T8230 000:409.055 - 0.162ms returns 0
T8230 000:409.063 JLINK_CORESIGHT_ReadAPDPReg(AP reg 0x03)
T8230 000:409.349   Value=0x00000000
T8230 000:409.360 - 0.297ms returns 0
T8230 000:409.367 JLINK_CORESIGHT_WriteAPDPReg(AP reg 0x00, 0x80000002)
T8230 000:409.517 - 0.150ms returns 0
T8230 000:409.524 JLINK_CORESIGHT_WriteAPDPReg(AP reg 0x01, 0x80011130)
T8230 000:409.712 - 0.186ms returns 0
T8230 000:409.725 JLINK_CORESIGHT_ReadAPDPReg(AP reg 0x03)
T8230 000:409.929   Value=0x4F0B0081
T8230 000:409.940 - 0.215ms returns 0
T8230 000:409.948 JLINK_CORESIGHT_WriteAPDPReg(AP reg 0x00, 0x80000002)
T8230 000:410.152 - 0.204ms returns 0
T8230 000:410.160 JLINK_CORESIGHT_WriteAPDPReg(AP reg 0x01, 0x80011140)
T8230 000:410.312 - 0.152ms returns 0
T8230 000:410.319 JLINK_CORESIGHT_ReadAPDPReg(AP reg 0x03)
T8230 000:410.539   Value=0x00000000
T8230 000:410.547 - 0.228ms returns 0
T8230 000:410.554 JLINK_CORESIGHT_WriteAPDPReg(AP reg 0x00, 0x80000002)
T8230 000:410.767 - 0.212ms returns 0
T8230 000:410.792 JLINK_CORESIGHT_WriteAPDPReg(AP reg 0x01, 0x80011130)
T8230 000:410.982 - 0.190ms returns 0
T8230 000:410.993 JLINK_CORESIGHT_ReadAPDPReg(AP reg 0x03)
T8230 000:411.228   Value=0x20000F00
T8230 000:411.246 - 0.253ms returns 0
T8230 000:411.255 JLINK_CORESIGHT_WriteAPDPReg(AP reg 0x00, 0x80000002)
T8230 000:411.446 - 0.190ms returns 0
T8230 000:411.464 JLINK_CORESIGHT_WriteAPDPReg(AP reg 0x01, 0x80011140)
T8230 000:411.617 - 0.153ms returns 0
T8230 000:411.628 JLINK_CORESIGHT_ReadAPDPReg(AP reg 0x03)
T8230 000:411.837   Value=0x00000000
T8230 000:411.850 - 0.222ms returns 0
T8230 000:411.858 JLINK_CORESIGHT_WriteAPDPReg(AP reg 0x00, 0x80000002)
T8230 000:412.022 - 0.164ms returns 0
T8230 000:412.048 JLINK_CORESIGHT_WriteAPDPReg(AP reg 0x01, 0x80011130)
T8230 000:412.281 - 0.233ms returns 0
T8230 000:412.292 JLINK_CORESIGHT_ReadAPDPReg(AP reg 0x03)
T8230 000:412.499   Value=0x0B000000
T8230 000:412.511 - 0.219ms returns 0
T8230 000:412.519 JLINK_CORESIGHT_WriteAPDPReg(AP reg 0x00, 0x80000002)
T8230 000:412.671 - 0.152ms returns 0
T8230 000:412.704 JLINK_CORESIGHT_WriteAPDPReg(AP reg 0x01, 0x80011140)
T8230 000:412.888 - 0.184ms returns 0
T8230 000:412.897 JLINK_CORESIGHT_ReadAPDPReg(AP reg 0x03)
T8230 000:413.153   Value=0x00000000
T8230 000:413.165 - 0.268ms returns 0
T8230 000:413.173 JLINK_CORESIGHT_WriteAPDPReg(AP reg 0x00, 0x80000002)
T8230 000:413.322 - 0.148ms returns 0
T8230 000:413.349 JLINK_CORESIGHT_WriteAPDPReg(AP reg 0x01, 0x80011130)
T8230 000:413.520 - 0.166ms returns 0
T8230 000:413.527 JLINK_CORESIGHT_ReadAPDPReg(AP reg 0x03)
T8230 000:413.748   Value=0x035C1000
T8230 000:413.772 - 0.244ms returns 0
T8230 000:413.887 JLINK_CORESIGHT_WriteAPDPReg(AP reg 0x00, 0x80000002)
T8230 000:414.060 - 0.173ms returns 0
T8230 000:414.071 JLINK_CORESIGHT_WriteAPDPReg(AP reg 0x01, 0x80011140)
T8230 000:414.280 - 0.208ms returns 0
T8230 000:414.291 JLINK_CORESIGHT_ReadAPDPReg(AP reg 0x03)
T8230 000:414.498   Value=0x00000002
T8230 000:414.511 - 0.219ms returns 0
T8230 000:414.519 JLINK_CORESIGHT_WriteAPDPReg(AP reg 0x00, 0x80000002)
T8230 000:414.696 - 0.176ms returns 0
T8230 000:414.707 JLINK_CORESIGHT_WriteAPDPReg(AP reg 0x01, 0x80011120)
T8230 000:414.878 - 0.170ms returns 0
T8230 000:414.902 JLINK_CORESIGHT_WriteAPDPReg(AP reg 0x03, 0x4F010001)
T8230 000:415.066 - 0.164ms returns 0
T8230 000:415.083 JLINK_CORESIGHT_WriteAPDPReg(AP reg 0x00, 0x80000002)
T8230 000:415.269 - 0.186ms returns 0
T8230 000:415.301 JLINK_CORESIGHT_WriteAPDPReg(AP reg 0x01, 0x80011140)
T8230 000:415.461 - 0.160ms returns 0
T8230 000:415.471 JLINK_CORESIGHT_ReadAPDPReg(AP reg 0x03)
T8230 000:415.709   Value=0x00000002
T8230 000:415.747 - 0.275ms returns 0
T8230 000:415.767 JLINK_CORESIGHT_WriteAPDPReg(AP reg 0x00, 0x80000002)
T8230 000:415.943 - 0.176ms returns 0
T8230 000:415.955 JLINK_CORESIGHT_WriteAPDPReg(AP reg 0x01, 0x80011120)
T8230 000:416.159 - 0.203ms returns 0
T8230 000:416.172 JLINK_CORESIGHT_WriteAPDPReg(AP reg 0x03, 0x000003B0)
T8230 000:416.340 - 0.168ms returns 0
T8230 000:416.351 JLINK_CORESIGHT_WriteAPDPReg(AP reg 0x00, 0x80000002)
T8230 000:416.526 - 0.175ms returns 0
T8230 000:416.536 JLINK_CORESIGHT_WriteAPDPReg(AP reg 0x01, 0x80011140)
T8230 000:416.718 - 0.181ms returns 0
T8230 000:416.746 JLINK_CORESIGHT_ReadAPDPReg(AP reg 0x03)
T8230 000:417.425   Value=0x00000000
T8230 000:417.455 - 0.708ms returns 0
T8230 000:417.470 JLINK_CORESIGHT_WriteAPDPReg(AP reg 0x00, 0x80000002)
T8230 000:417.661 - 0.190ms returns 0
T8230 000:417.727 JLINK_CORESIGHT_WriteAPDPReg(AP reg 0x01, 0x80011130)
T8230 000:418.008 - 0.281ms returns 0
T8230 000:418.064 JLINK_CORESIGHT_ReadAPDPReg(AP reg 0x03)
T8230 000:418.331   Value=0x4F0B0081
T8230 000:418.356 - 0.291ms returns 0
T8230 000:418.370 JLINK_CORESIGHT_WriteAPDPReg(AP reg 0x00, 0x80000002)
T8230 000:418.560 - 0.191ms returns 0
T8230 000:418.576 JLINK_CORESIGHT_WriteAPDPReg(AP reg 0x01, 0x80011140)
T8230 000:418.786 - 0.209ms returns 0
T8230 000:418.812 JLINK_CORESIGHT_ReadAPDPReg(AP reg 0x03)
T8230 000:419.064   Value=0x00000000
T8230 000:419.090 - 0.277ms returns 0
T8230 000:419.105 JLINK_CORESIGHT_WriteAPDPReg(AP reg 0x00, 0x80000002)
T8230 000:419.295 - 0.190ms returns 0
T8230 000:419.321 JLINK_CORESIGHT_WriteAPDPReg(AP reg 0x01, 0x80011130)
T8230 000:419.534 - 0.213ms returns 0
T8230 000:419.554 JLINK_CORESIGHT_ReadAPDPReg(AP reg 0x03)
T8230 000:419.779   Value=0x20000F00
T8230 000:419.790 - 0.235ms returns 0
T8230 000:419.798 JLINK_CORESIGHT_WriteAPDPReg(AP reg 0x00, 0x80000002)
T8230 000:419.952 - 0.153ms returns 0
T8230 000:419.959 JLINK_CORESIGHT_WriteAPDPReg(AP reg 0x01, 0x80011140)
T8230 000:420.152 - 0.193ms returns 0
T8230 000:420.160 JLINK_CORESIGHT_ReadAPDPReg(AP reg 0x03)
T8230 000:420.358   Value=0x00000000
T8230 000:420.383 - 0.223ms returns 0
T8230 000:420.392 JLINK_CORESIGHT_WriteAPDPReg(AP reg 0x00, 0x80000002)
T8230 000:420.559 - 0.167ms returns 0
T8230 000:420.575 JLINK_CORESIGHT_WriteAPDPReg(AP reg 0x01, 0x80011130)
T8230 000:420.753 - 0.178ms returns 0
T8230 000:420.765 JLINK_CORESIGHT_ReadAPDPReg(AP reg 0x03)
T8230 000:421.001   Value=0x0B000000
T8230 000:421.010 - 0.244ms returns 0
T8230 000:421.017 JLINK_CORESIGHT_WriteAPDPReg(AP reg 0x00, 0x80000002)
T8230 000:421.205 - 0.188ms returns 0
T8230 000:421.222 JLINK_CORESIGHT_WriteAPDPReg(AP reg 0x01, 0x80011140)
T8230 000:421.402 - 0.179ms returns 0
T8230 000:421.413 JLINK_CORESIGHT_ReadAPDPReg(AP reg 0x03)
T8230 000:421.605   Value=0x00000000
T8230 000:421.614 - 0.201ms returns 0
T8230 000:421.621 JLINK_CORESIGHT_WriteAPDPReg(AP reg 0x00, 0x80000002)
T8230 000:421.779 - 0.158ms returns 0
T8230 000:421.788 JLINK_CORESIGHT_WriteAPDPReg(AP reg 0x01, 0x80011130)
T8230 000:421.930 - 0.142ms returns 0
T8230 000:421.937 JLINK_CORESIGHT_ReadAPDPReg(AP reg 0x03)
T8230 000:422.153   Value=0x035C1000
T8230 000:422.161 - 0.224ms returns 0
T8230 000:422.175 JLINK_CORESIGHT_ReadAPDPReg(DP reg 0x01)
T8230 000:422.343   Value=0xF0000F40
T8230 000:422.357 - 0.182ms returns 0
T8230 000:422.365 JLINK_CORESIGHT_WriteAPDPReg(DP reg 0x01, 0xA0000F40)
T8230 000:422.531 - 0.166ms returns 0
T8230 000:422.542 JLINK_CORESIGHT_ReadAPDPReg(DP reg 0x01)
T8230 000:422.694   Value=0x00000F40
T8230 000:422.708 - 0.165ms returns 0
T8230 000:422.716 JLINK_ClrRESET()
T8230 000:423.056 - 0.340ms 
T8230 000:525.834 JLINK_Close()
T8230 000:538.491 - 12.655ms
T8230 000:538.522   
T8230 000:538.528   Closed
