T0860 000:001.050   SEGGER J-Link V8.12c Log File
T0860 000:001.205   DLL Compiled: Jan 22 2025 12:55:59
T0860 000:001.223   Logging started @ 2025-03-14 07:38
T0860 000:001.237   Process: C:\Users\a8456\.eclipse\com.renesas.platform_1309835749\DebugComp\RA\e2-server-gdb.exe
T0860 000:001.256 - 1.250ms 
T0860 000:001.276 JLINK_GetDLLVersion()
T0860 000:001.290 - 0.014ms returns 81203
T0860 000:003.118 JLINK_OpenEx(...)
T0860 000:012.151   Firmware: J-Link V9 compiled May  7 2021 16:26:12
T0860 000:012.648   Firmware: J-Link V9 compiled May  7 2021 16:26:12
T0860 000:012.779   Decompressing FW timestamp took 91 us
T0860 000:018.581   Hardware: V9.60
T0860 000:018.643   S/N: 69660718
T0860 000:018.663   OEM: SEGGER
T0860 000:018.880   Feature(s): RDI, GDB, FlashDL, FlashBP, JFlash
T0860 000:019.360   Bootloader: (FW returned invalid version)
T0860 000:019.916   TELNET listener socket opened on port 19021
T0860 000:020.046   WEBSRV WEBSRV_Init(): Starting webserver thread(s)
T0860 000:020.174   WEBSRV Webserver running on local port 19080
T0860 000:020.278   Looking for J-Link GUI Server exe at: C:\Users\a8456\.eclipse\com.renesas.platform_1309835749\DebugComp\RA\ARM\Segger_v8.12.3\JLinkGUIServer.exe
T0860 000:020.359   Looking for J-Link GUI Server exe at: C:\Program Files\SEGGER\JLink_V818\JLinkGUIServer.exe
T0860 000:020.386   Forking J-Link GUI Server: C:\Program Files\SEGGER\JLink_V818\JLinkGUIServer.exe
T0860 000:042.990   J-Link GUI Server info: "J-Link GUI server V8.18 "
T0860 000:047.980 - 44.855ms returns "O.K."
T0860 000:048.075 JLINK_TIF_Select(JLINKARM_TIF_SWD)
T0860 000:048.507 - 0.430ms returns 0x00
T0860 000:048.561 JLINK_ClrRESET()
T0860 000:049.008 - 0.446ms 
T0860 000:100.292 JLINK_SetSpeed(1500)
T0860 000:100.492 - 0.208ms 
T0860 000:100.534 JLINK_CORESIGHT_Configure(PerformTIFInit=0)
T0860 000:100.915 - 0.389ms returns 0
T0860 000:100.945 JLINK_CORESIGHT_ReadAPDPReg(DP reg 0x00)
T0860 000:101.133   Value=0x6BA02477
T0860 000:101.172 - 0.228ms returns 0
T0860 000:101.182 JLINK_CORESIGHT_WriteAPDPReg(DP reg 0x00, 0x0000001F)
T0860 000:101.378 - 0.195ms returns 0
T0860 000:101.390 JLINK_CORESIGHT_ReadAPDPReg(DP reg 0x00)
T0860 000:101.603   Value=0x6BA02477
T0860 000:101.635 - 0.244ms returns 0
T0860 000:101.643 JLINK_CORESIGHT_WriteAPDPReg(DP reg 0x02, 0x00000000)
T0860 000:101.813 - 0.169ms returns 0
T0860 000:101.821 JLINK_CORESIGHT_WriteAPDPReg(DP reg 0x01, 0x50000000)
T0860 000:101.972 - 0.151ms returns 0
T0860 000:101.995 JLINK_CORESIGHT_ReadAPDPReg(DP reg 0x01)
T0860 000:102.165   Value=0xD0000040
T0860 000:102.178 - 0.183ms returns 0
T0860 000:102.190 JLINK_CORESIGHT_ReadAPDPReg(DP reg 0x01)
T0860 000:102.386   Value=0xD0000040
T0860 000:102.402 - 0.211ms returns 0
T0860 000:102.411 JLINK_CORESIGHT_ReadAPDPReg(DP reg 0x01)
T0860 000:102.584   Value=0xD0000040
T0860 000:102.598 - 0.186ms returns 0
T0860 000:102.606 JLINK_CORESIGHT_ReadAPDPReg(DP reg 0x01)
T0860 000:102.763   Value=0xD0000040
T0860 000:102.771 - 0.165ms returns 0
T0860 000:102.778 JLINK_CORESIGHT_ReadAPDPReg(DP reg 0x01)
T0860 000:102.939   Value=0xD0000040
T0860 000:102.954 - 0.175ms returns 0
T0860 000:102.962 JLINK_CORESIGHT_ReadAPDPReg(DP reg 0x01)
T0860 000:103.126   Value=0xD0000040
T0860 000:103.137 - 0.174ms returns 0
T0860 000:103.145 JLINK_CORESIGHT_ReadAPDPReg(DP reg 0x01)
T0860 000:103.321   Value=0xD0000040
T0860 000:103.330 - 0.185ms returns 0
T0860 000:103.337 JLINK_CORESIGHT_ReadAPDPReg(DP reg 0x01)
T0860 000:103.502   Value=0xF0000040
T0860 000:103.517 - 0.180ms returns 0
T0860 000:103.525 JLINK_CORESIGHT_WriteAPDPReg(DP reg 0x00, 0x0000001F)
T0860 000:103.679 - 0.153ms returns 0
T0860 000:103.686 JLINK_CORESIGHT_ReadAPDPReg(DP reg 0x00)
T0860 000:103.851   Value=0x6BA02477
T0860 000:103.859 - 0.173ms returns 0
T0860 000:103.866 JLINK_CORESIGHT_WriteAPDPReg(DP reg 0x01, 0x54000000)
T0860 000:104.024 - 0.157ms returns 0
T0860 000:104.033 JLINK_CORESIGHT_WriteAPDPReg(DP reg 0x01, 0x50000F00)
T0860 000:104.198 - 0.165ms returns 0
T0860 000:104.205 JLINK_CORESIGHT_WriteAPDPReg(DP reg 0x02, 0x01000000)
T0860 000:104.438 - 0.232ms returns 0
T0860 000:104.451 JLINK_CORESIGHT_WriteAPDPReg(AP reg 0x00, 0x80000002)
T0860 000:104.621 - 0.170ms returns 0
T0860 000:104.636 JLINK_CORESIGHT_WriteAPDPReg(AP reg 0x01, 0x80011100)
T0860 000:104.798 - 0.161ms returns 0
T0860 000:104.805 JLINK_CORESIGHT_WriteAPDPReg(AP reg 0x03, 0x000000A5)
T0860 000:104.974 - 0.168ms returns 0
T0860 000:104.981 JLINK_CORESIGHT_WriteAPDPReg(AP reg 0x00, 0x80000002)
T0860 000:105.146 - 0.164ms returns 0
T0860 000:105.153 JLINK_CORESIGHT_WriteAPDPReg(AP reg 0x01, 0x80011100)
T0860 000:105.330 - 0.176ms returns 0
T0860 000:105.337 JLINK_CORESIGHT_ReadAPDPReg(AP reg 0x03)
T0860 000:105.538   Value=0x000000A5
T0860 000:105.550 - 0.212ms returns 0
T0860 000:105.557 JLINK_ClrTMS()
T0860 000:105.663 - 0.105ms 
T0860 000:110.936 JLINK_SetTCK()
T0860 000:110.998 - 0.061ms returns 0
T0860 000:116.951 JLINK_SetRESET()
T0860 000:117.077 - 0.125ms 
T0860 000:317.628 JLINK_CORESIGHT_WriteAPDPReg(AP reg 0x00, 0x80000002)
T0860 000:317.927 - 0.299ms returns 0
T0860 000:317.944 JLINK_CORESIGHT_WriteAPDPReg(AP reg 0x01, 0x80011100)
T0860 000:318.144 - 0.200ms returns 0
T0860 000:318.159 JLINK_CORESIGHT_ReadAPDPReg(AP reg 0x03)
T0860 000:318.429   Value=0x00000000
T0860 000:318.456 - 0.297ms returns 0
T0860 000:318.471 JLINK_CORESIGHT_WriteAPDPReg(AP reg 0x00, 0x80000002)
T0860 000:318.713 - 0.241ms returns 0
T0860 000:318.739 JLINK_CORESIGHT_WriteAPDPReg(AP reg 0x01, 0x80011140)
T0860 000:318.924 - 0.185ms returns 0
T0860 000:318.941 JLINK_CORESIGHT_ReadAPDPReg(AP reg 0x03)
T0860 000:319.176   Value=0x00000002
T0860 000:319.200 - 0.258ms returns 0
T0860 000:319.210 JLINK_CORESIGHT_WriteAPDPReg(AP reg 0x00, 0x80000002)
T0860 000:319.456 - 0.246ms returns 0
T0860 000:319.464 JLINK_CORESIGHT_WriteAPDPReg(AP reg 0x01, 0x80011120)
T0860 000:319.628 - 0.164ms returns 0
T0860 000:319.653 JLINK_CORESIGHT_WriteAPDPReg(AP reg 0x03, 0x00000055)
T0860 000:319.826 - 0.172ms returns 0
T0860 000:319.836 JLINK_CORESIGHT_WriteAPDPReg(AP reg 0x00, 0x80000002)
T0860 000:319.987 - 0.151ms returns 0
T0860 000:319.995 JLINK_CORESIGHT_WriteAPDPReg(AP reg 0x01, 0x80011140)
T0860 000:320.162 - 0.167ms returns 0
T0860 000:320.169 JLINK_CORESIGHT_ReadAPDPReg(AP reg 0x03)
T0860 000:320.377   Value=0x00000000
T0860 000:320.386 - 0.216ms returns 0
T0860 000:320.392 JLINK_CORESIGHT_WriteAPDPReg(AP reg 0x00, 0x80000002)
T0860 000:320.546 - 0.153ms returns 0
T0860 000:320.553 JLINK_CORESIGHT_WriteAPDPReg(AP reg 0x01, 0x80011130)
T0860 000:320.731 - 0.178ms returns 0
T0860 000:320.740 JLINK_CORESIGHT_ReadAPDPReg(AP reg 0x03)
T0860 000:320.982   Value=0x000000C6
T0860 000:320.990 - 0.249ms returns 0
T0860 000:321.007 JLINK_CORESIGHT_WriteAPDPReg(AP reg 0x00, 0x80000002)
T0860 000:321.171 - 0.164ms returns 0
T0860 000:321.178 JLINK_CORESIGHT_WriteAPDPReg(AP reg 0x01, 0x80011140)
T0860 000:321.324 - 0.146ms returns 0
T0860 000:321.331 JLINK_CORESIGHT_ReadAPDPReg(AP reg 0x03)
T0860 000:321.523   Value=0x00000002
T0860 000:321.532 - 0.200ms returns 0
T0860 000:321.539 JLINK_CORESIGHT_WriteAPDPReg(AP reg 0x00, 0x80000002)
T0860 000:321.701 - 0.162ms returns 0
T0860 000:321.710 JLINK_CORESIGHT_WriteAPDPReg(AP reg 0x01, 0x80011120)
T0860 000:321.900 - 0.190ms returns 0
T0860 000:321.908 JLINK_CORESIGHT_WriteAPDPReg(AP reg 0x03, 0x3A010001)
T0860 000:322.070 - 0.162ms returns 0
T0860 000:322.078 JLINK_CORESIGHT_WriteAPDPReg(AP reg 0x00, 0x80000002)
T0860 000:322.227 - 0.149ms returns 0
T0860 000:322.234 JLINK_CORESIGHT_WriteAPDPReg(AP reg 0x01, 0x80011140)
T0860 000:322.453 - 0.218ms returns 0
T0860 000:322.460 JLINK_CORESIGHT_ReadAPDPReg(AP reg 0x03)
T0860 000:322.663   Value=0x00000002
T0860 000:322.687 - 0.227ms returns 0
T0860 000:322.702 JLINK_CORESIGHT_WriteAPDPReg(AP reg 0x00, 0x80000002)
T0860 000:322.897 - 0.195ms returns 0
T0860 000:322.912 JLINK_CORESIGHT_WriteAPDPReg(AP reg 0x01, 0x80011120)
T0860 000:323.073 - 0.161ms returns 0
T0860 000:323.086 JLINK_CORESIGHT_WriteAPDPReg(AP reg 0x03, 0x000003C5)
T0860 000:323.322 - 0.236ms returns 0
T0860 000:323.332 JLINK_CORESIGHT_WriteAPDPReg(AP reg 0x00, 0x80000002)
T0860 000:323.494 - 0.162ms returns 0
T0860 000:323.502 JLINK_CORESIGHT_WriteAPDPReg(AP reg 0x01, 0x80011140)
T0860 000:323.671 - 0.169ms returns 0
T0860 000:323.681 JLINK_CORESIGHT_ReadAPDPReg(AP reg 0x03)
T0860 000:323.900   Value=0x00000002
T0860 000:323.908 - 0.227ms returns 0
T0860 000:323.915 JLINK_CORESIGHT_ReadAPDPReg(AP reg 0x03)
T0860 000:324.095   Value=0x00000002
T0860 000:324.104 - 0.188ms returns 0
T0860 000:324.110 JLINK_CORESIGHT_ReadAPDPReg(AP reg 0x03)
T0860 000:324.322   Value=0x00000002
T0860 000:324.330 - 0.219ms returns 0
T0860 000:324.337 JLINK_CORESIGHT_ReadAPDPReg(AP reg 0x03)
T0860 000:324.524   Value=0x00000002
T0860 000:324.534 - 0.197ms returns 0
T0860 000:324.541 JLINK_CORESIGHT_ReadAPDPReg(AP reg 0x03)
T0860 000:324.729   Value=0x00000002
T0860 000:324.739 - 0.198ms returns 0
T0860 000:324.747 JLINK_CORESIGHT_ReadAPDPReg(AP reg 0x03)
T0860 000:324.949   Value=0x00000000
T0860 000:324.957 - 0.210ms returns 0
T0860 000:324.964 JLINK_CORESIGHT_WriteAPDPReg(AP reg 0x00, 0x80000002)
T0860 000:325.118 - 0.153ms returns 0
T0860 000:325.125 JLINK_CORESIGHT_WriteAPDPReg(AP reg 0x01, 0x80011130)
T0860 000:325.322 - 0.196ms returns 0
T0860 000:325.329 JLINK_CORESIGHT_ReadAPDPReg(AP reg 0x03)
T0860 000:325.546   Value=0x3A2A0081
T0860 000:325.556 - 0.226ms returns 0
T0860 000:325.563 JLINK_CORESIGHT_WriteAPDPReg(AP reg 0x00, 0x80000002)
T0860 000:325.726 - 0.162ms returns 0
T0860 000:325.749 JLINK_CORESIGHT_WriteAPDPReg(AP reg 0x01, 0x80011140)
T0860 000:325.924 - 0.175ms returns 0
T0860 000:325.940 JLINK_CORESIGHT_ReadAPDPReg(AP reg 0x03)
T0860 000:326.192   Value=0x00000000
T0860 000:326.209 - 0.269ms returns 0
T0860 000:326.222 JLINK_CORESIGHT_WriteAPDPReg(AP reg 0x00, 0x80000002)
T0860 000:326.463 - 0.240ms returns 0
T0860 000:326.477 JLINK_CORESIGHT_WriteAPDPReg(AP reg 0x01, 0x80011130)
T0860 000:326.667 - 0.190ms returns 0
T0860 000:326.681 JLINK_CORESIGHT_ReadAPDPReg(AP reg 0x03)
T0860 000:326.904   Value=0x80841E00
T0860 000:326.928 - 0.247ms returns 0
T0860 000:326.943 JLINK_CORESIGHT_WriteAPDPReg(AP reg 0x00, 0x80000002)
T0860 000:327.125 - 0.182ms returns 0
T0860 000:327.142 JLINK_CORESIGHT_WriteAPDPReg(AP reg 0x01, 0x80011140)
T0860 000:327.325 - 0.182ms returns 0
T0860 000:327.340 JLINK_CORESIGHT_ReadAPDPReg(AP reg 0x03)
T0860 000:327.546   Value=0x00000000
T0860 000:327.563 - 0.223ms returns 0
T0860 000:327.575 JLINK_CORESIGHT_WriteAPDPReg(AP reg 0x00, 0x80000002)
T0860 000:327.778 - 0.202ms returns 0
T0860 000:327.802 JLINK_CORESIGHT_WriteAPDPReg(AP reg 0x01, 0x80011130)
T0860 000:327.983 - 0.180ms returns 0
T0860 000:328.008 JLINK_CORESIGHT_ReadAPDPReg(AP reg 0x03)
T0860 000:328.247   Value=0x000D0803
T0860 000:328.270 - 0.262ms returns 0
T0860 000:328.284 JLINK_CORESIGHT_WriteAPDPReg(AP reg 0x00, 0x80000002)
T0860 000:328.450 - 0.166ms returns 0
T0860 000:328.472 JLINK_CORESIGHT_WriteAPDPReg(AP reg 0x01, 0x80011140)
T0860 000:328.648 - 0.175ms returns 0
T0860 000:328.671 JLINK_CORESIGHT_ReadAPDPReg(AP reg 0x03)
T0860 000:328.905   Value=0x00000000
T0860 000:328.922 - 0.251ms returns 0
T0860 000:328.936 JLINK_CORESIGHT_WriteAPDPReg(AP reg 0x00, 0x80000002)
T0860 000:329.106 - 0.170ms returns 0
T0860 000:329.122 JLINK_CORESIGHT_WriteAPDPReg(AP reg 0x01, 0x80011130)
T0860 000:329.327 - 0.205ms returns 0
T0860 000:329.343 JLINK_CORESIGHT_ReadAPDPReg(AP reg 0x03)
T0860 000:329.561   Value=0x31574B02
T0860 000:329.580 - 0.236ms returns 0
T0860 000:329.589 JLINK_CORESIGHT_WriteAPDPReg(AP reg 0x00, 0x80000002)
T0860 000:329.777 - 0.188ms returns 0
T0860 000:329.788 JLINK_CORESIGHT_WriteAPDPReg(AP reg 0x01, 0x80011140)
T0860 000:329.959 - 0.171ms returns 0
T0860 000:329.968 JLINK_CORESIGHT_ReadAPDPReg(AP reg 0x03)
T0860 000:330.169   Value=0x00000000
T0860 000:330.177 - 0.209ms returns 0
T0860 000:330.185 JLINK_CORESIGHT_WriteAPDPReg(AP reg 0x00, 0x80000002)
T0860 000:330.371 - 0.185ms returns 0
T0860 000:330.381 JLINK_CORESIGHT_WriteAPDPReg(AP reg 0x01, 0x80011130)
T0860 000:330.542 - 0.160ms returns 0
T0860 000:330.550 JLINK_CORESIGHT_ReadAPDPReg(AP reg 0x03)
T0860 000:330.787   Value=0x333A7674
T0860 000:330.797 - 0.247ms returns 0
T0860 000:330.805 JLINK_CORESIGHT_WriteAPDPReg(AP reg 0x00, 0x80000002)
T0860 000:330.960 - 0.154ms returns 0
T0860 000:330.968 JLINK_CORESIGHT_WriteAPDPReg(AP reg 0x01, 0x80011140)
T0860 000:331.119 - 0.150ms returns 0
T0860 000:331.127 JLINK_CORESIGHT_ReadAPDPReg(AP reg 0x03)
T0860 000:331.322   Value=0x00000000
T0860 000:331.330 - 0.203ms returns 0
T0860 000:331.338 JLINK_CORESIGHT_WriteAPDPReg(AP reg 0x00, 0x80000002)
T0860 000:331.493 - 0.154ms returns 0
T0860 000:331.501 JLINK_CORESIGHT_WriteAPDPReg(AP reg 0x01, 0x80011130)
T0860 000:331.930 - 0.428ms returns 0
T0860 000:332.028 JLINK_CORESIGHT_ReadAPDPReg(AP reg 0x03)
T0860 000:332.359   Value=0x30383334
T0860 000:332.386 - 0.358ms returns 0
T0860 000:332.401 JLINK_CORESIGHT_WriteAPDPReg(AP reg 0x00, 0x80000002)
T0860 000:332.837 - 0.435ms returns 0
T0860 000:332.866 JLINK_CORESIGHT_WriteAPDPReg(AP reg 0x01, 0x80011140)
T0860 000:333.127 - 0.260ms returns 0
T0860 000:333.154 JLINK_CORESIGHT_ReadAPDPReg(AP reg 0x03)
T0860 000:333.395   Value=0x00000000
T0860 000:333.421 - 0.267ms returns 0
T0860 000:333.436 JLINK_CORESIGHT_WriteAPDPReg(AP reg 0x00, 0x80000002)
T0860 000:333.627 - 0.191ms returns 0
T0860 000:333.652 JLINK_CORESIGHT_WriteAPDPReg(AP reg 0x01, 0x80011130)
T0860 000:333.840 - 0.187ms returns 0
T0860 000:333.862 JLINK_CORESIGHT_ReadAPDPReg(AP reg 0x03)
T0860 000:334.126   Value=0x11103130
T0860 000:334.149 - 0.286ms returns 0
T0860 000:334.162 JLINK_CORESIGHT_WriteAPDPReg(AP reg 0x00, 0x80000002)
T0860 000:334.372 - 0.209ms returns 0
T0860 000:334.393 JLINK_CORESIGHT_WriteAPDPReg(AP reg 0x01, 0x80011140)
T0860 000:334.626 - 0.233ms returns 0
T0860 000:334.647 JLINK_CORESIGHT_ReadAPDPReg(AP reg 0x03)
T0860 000:334.871   Value=0x00000000
T0860 000:334.894 - 0.247ms returns 0
T0860 000:334.908 JLINK_CORESIGHT_WriteAPDPReg(AP reg 0x00, 0x80000002)
T0860 000:335.087 - 0.179ms returns 0
T0860 000:335.102 JLINK_CORESIGHT_WriteAPDPReg(AP reg 0x01, 0x80011130)
T0860 000:335.342 - 0.239ms returns 0
T0860 000:335.368 JLINK_CORESIGHT_ReadAPDPReg(AP reg 0x03)
T0860 000:335.634   Value=0x4637520E
T0860 000:335.662 - 0.293ms returns 0
T0860 000:335.676 JLINK_CORESIGHT_WriteAPDPReg(AP reg 0x00, 0x80000002)
T0860 000:335.903 - 0.226ms returns 0
T0860 000:335.926 JLINK_CORESIGHT_WriteAPDPReg(AP reg 0x01, 0x80011140)
T0860 000:336.147 - 0.222ms returns 0
T0860 000:336.166 JLINK_CORESIGHT_ReadAPDPReg(AP reg 0x03)
T0860 000:336.416   Value=0x00000000
T0860 000:336.443 - 0.276ms returns 0
T0860 000:336.458 JLINK_CORESIGHT_WriteAPDPReg(AP reg 0x00, 0x80000002)
T0860 000:336.686 - 0.227ms returns 0
T0860 000:336.711 JLINK_CORESIGHT_WriteAPDPReg(AP reg 0x01, 0x80011130)
T0860 000:336.899 - 0.187ms returns 0
T0860 000:336.918 JLINK_CORESIGHT_ReadAPDPReg(AP reg 0x03)
T0860 000:337.174   Value=0x314C3441
T0860 000:337.198 - 0.280ms returns 0
T0860 000:337.212 JLINK_CORESIGHT_WriteAPDPReg(AP reg 0x00, 0x80000002)
T0860 000:337.462 - 0.250ms returns 0
T0860 000:337.477 JLINK_CORESIGHT_WriteAPDPReg(AP reg 0x01, 0x80011140)
T0860 000:337.649 - 0.171ms returns 0
T0860 000:337.668 JLINK_CORESIGHT_ReadAPDPReg(AP reg 0x03)
T0860 000:337.916   Value=0x00000000
T0860 000:337.933 - 0.265ms returns 0
T0860 000:337.946 JLINK_CORESIGHT_WriteAPDPReg(AP reg 0x00, 0x80000002)
T0860 000:338.144 - 0.198ms returns 0
T0860 000:338.158 JLINK_CORESIGHT_WriteAPDPReg(AP reg 0x01, 0x80011130)
T0860 000:338.334 - 0.175ms returns 0
T0860 000:338.349 JLINK_CORESIGHT_ReadAPDPReg(AP reg 0x03)
T0860 000:338.618   Value=0x43344442
T0860 000:338.643 - 0.293ms returns 0
T0860 000:338.657 JLINK_CORESIGHT_WriteAPDPReg(AP reg 0x00, 0x80000002)
T0860 000:338.876 - 0.219ms returns 0
T0860 000:338.898 JLINK_CORESIGHT_WriteAPDPReg(AP reg 0x01, 0x80011140)
T0860 000:339.066 - 0.168ms returns 0
T0860 000:339.160 JLINK_CORESIGHT_ReadAPDPReg(AP reg 0x03)
T0860 000:339.384   Value=0x00000000
T0860 000:339.406 - 0.246ms returns 0
T0860 000:339.420 JLINK_CORESIGHT_WriteAPDPReg(AP reg 0x00, 0x80000002)
T0860 000:339.601 - 0.180ms returns 0
T0860 000:339.623 JLINK_CORESIGHT_WriteAPDPReg(AP reg 0x01, 0x80011130)
T0860 000:339.813 - 0.190ms returns 0
T0860 000:339.833 JLINK_CORESIGHT_ReadAPDPReg(AP reg 0x03)
T0860 000:340.049   Value=0x20205046
T0860 000:340.069 - 0.236ms returns 0
T0860 000:340.083 JLINK_CORESIGHT_WriteAPDPReg(AP reg 0x00, 0x80000002)
T0860 000:340.327 - 0.243ms returns 0
T0860 000:340.348 JLINK_CORESIGHT_WriteAPDPReg(AP reg 0x01, 0x80011140)
T0860 000:340.529 - 0.181ms returns 0
T0860 000:340.544 JLINK_CORESIGHT_ReadAPDPReg(AP reg 0x03)
T0860 000:340.753   Value=0x00000000
T0860 000:340.778 - 0.233ms returns 0
T0860 000:340.793 JLINK_CORESIGHT_WriteAPDPReg(AP reg 0x00, 0x80000002)
T0860 000:340.974 - 0.181ms returns 0
T0860 000:340.994 JLINK_CORESIGHT_WriteAPDPReg(AP reg 0x01, 0x80011130)
T0860 000:341.165 - 0.171ms returns 0
T0860 000:341.180 JLINK_CORESIGHT_ReadAPDPReg(AP reg 0x03)
T0860 000:341.407   Value=0x00032320
T0860 000:341.431 - 0.250ms returns 0
T0860 000:341.524 JLINK_CORESIGHT_WriteAPDPReg(AP reg 0x00, 0x80000002)
T0860 000:341.719 - 0.194ms returns 0
T0860 000:341.739 JLINK_CORESIGHT_WriteAPDPReg(AP reg 0x01, 0x80011140)
T0860 000:341.914 - 0.175ms returns 0
T0860 000:341.929 JLINK_CORESIGHT_ReadAPDPReg(AP reg 0x03)
T0860 000:342.143   Value=0x00000002
T0860 000:342.160 - 0.231ms returns 0
T0860 000:342.173 JLINK_CORESIGHT_WriteAPDPReg(AP reg 0x00, 0x80000002)
T0860 000:342.384 - 0.211ms returns 0
T0860 000:342.404 JLINK_CORESIGHT_WriteAPDPReg(AP reg 0x01, 0x80011120)
T0860 000:342.575 - 0.171ms returns 0
T0860 000:342.612 JLINK_CORESIGHT_WriteAPDPReg(AP reg 0x03, 0x2C010001)
T0860 000:342.826 - 0.214ms returns 0
T0860 000:342.849 JLINK_CORESIGHT_WriteAPDPReg(AP reg 0x00, 0x80000002)
T0860 000:343.023 - 0.174ms returns 0
T0860 000:343.039 JLINK_CORESIGHT_WriteAPDPReg(AP reg 0x01, 0x80011140)
T0860 000:343.198 - 0.158ms returns 0
T0860 000:343.213 JLINK_CORESIGHT_ReadAPDPReg(AP reg 0x03)
T0860 000:343.486   Value=0x00000002
T0860 000:343.502 - 0.289ms returns 0
T0860 000:343.515 JLINK_CORESIGHT_WriteAPDPReg(AP reg 0x00, 0x80000002)
T0860 000:343.750 - 0.235ms returns 0
T0860 000:343.774 JLINK_CORESIGHT_WriteAPDPReg(AP reg 0x01, 0x80011120)
T0860 000:343.964 - 0.190ms returns 0
T0860 000:343.984 JLINK_CORESIGHT_WriteAPDPReg(AP reg 0x03, 0x000003D3)
T0860 000:344.162 - 0.178ms returns 0
T0860 000:344.177 JLINK_CORESIGHT_WriteAPDPReg(AP reg 0x00, 0x80000002)
T0860 000:344.369 - 0.192ms returns 0
T0860 000:344.384 JLINK_CORESIGHT_WriteAPDPReg(AP reg 0x01, 0x80011140)
T0860 000:344.553 - 0.169ms returns 0
T0860 000:344.568 JLINK_CORESIGHT_ReadAPDPReg(AP reg 0x03)
T0860 000:344.833   Value=0x00000002
T0860 000:344.850 - 0.282ms returns 0
T0860 000:344.863 JLINK_CORESIGHT_ReadAPDPReg(AP reg 0x03)
T0860 000:345.087   Value=0x00000002
T0860 000:345.104 - 0.240ms returns 0
T0860 000:345.116 JLINK_CORESIGHT_ReadAPDPReg(AP reg 0x03)
T0860 000:345.326   Value=0x00000002
T0860 000:345.344 - 0.227ms returns 0
T0860 000:345.357 JLINK_CORESIGHT_ReadAPDPReg(AP reg 0x03)
T0860 000:345.577   Value=0x00000002
T0860 000:345.624 - 0.267ms returns 0
T0860 000:345.639 JLINK_CORESIGHT_ReadAPDPReg(AP reg 0x03)
T0860 000:345.874   Value=0x00000002
T0860 000:345.891 - 0.252ms returns 0
T0860 000:345.900 JLINK_CORESIGHT_ReadAPDPReg(AP reg 0x03)
T0860 000:346.096   Value=0x00000002
T0860 000:346.104 - 0.204ms returns 0
T0860 000:346.111 JLINK_CORESIGHT_ReadAPDPReg(AP reg 0x03)
T0860 000:346.322   Value=0x00000002
T0860 000:346.330 - 0.219ms returns 0
T0860 000:346.337 JLINK_CORESIGHT_ReadAPDPReg(AP reg 0x03)
T0860 000:346.554   Value=0x00000002
T0860 000:346.585 - 0.247ms returns 0
T0860 000:346.617 JLINK_CORESIGHT_ReadAPDPReg(AP reg 0x03)
T0860 000:346.826   Value=0x00000002
T0860 000:346.838 - 0.221ms returns 0
T0860 000:346.846 JLINK_CORESIGHT_ReadAPDPReg(AP reg 0x03)
T0860 000:347.071   Value=0x00000002
T0860 000:347.081 - 0.235ms returns 0
T0860 000:347.088 JLINK_CORESIGHT_ReadAPDPReg(AP reg 0x03)
T0860 000:347.321   Value=0x00000002
T0860 000:347.330 - 0.242ms returns 0
T0860 000:347.337 JLINK_CORESIGHT_ReadAPDPReg(AP reg 0x03)
T0860 000:347.550   Value=0x00000002
T0860 000:347.561 - 0.223ms returns 0
T0860 000:347.568 JLINK_CORESIGHT_ReadAPDPReg(AP reg 0x03)
T0860 000:347.796   Value=0x00000002
T0860 000:347.806 - 0.237ms returns 0
T0860 000:347.813 JLINK_CORESIGHT_ReadAPDPReg(AP reg 0x03)
T0860 000:347.994   Value=0x00000002
T0860 000:348.003 - 0.189ms returns 0
T0860 000:348.010 JLINK_CORESIGHT_ReadAPDPReg(AP reg 0x03)
T0860 000:348.200   Value=0x00000002
T0860 000:348.208 - 0.198ms returns 0
T0860 000:348.215 JLINK_CORESIGHT_ReadAPDPReg(AP reg 0x03)
T0860 000:348.467   Value=0x00000002
T0860 000:348.479 - 0.264ms returns 0
T0860 000:348.487 JLINK_CORESIGHT_ReadAPDPReg(AP reg 0x03)
T0860 000:348.808   Value=0x00000000
T0860 000:348.882 - 0.395ms returns 0
T0860 000:349.178 JLINK_CORESIGHT_WriteAPDPReg(AP reg 0x00, 0x80000002)
T0860 000:349.503 - 0.325ms returns 0
T0860 000:349.519 JLINK_CORESIGHT_WriteAPDPReg(AP reg 0x01, 0x80011130)
T0860 000:349.900 - 0.384ms returns 0
T0860 000:349.940 JLINK_CORESIGHT_ReadAPDPReg(AP reg 0x03)
T0860 000:350.177   Value=0x2C020081
T0860 000:350.205 - 0.265ms returns 0
T0860 000:350.219 JLINK_CORESIGHT_WriteAPDPReg(AP reg 0x00, 0x80000002)
T0860 000:350.451 - 0.231ms returns 0
T0860 000:350.476 JLINK_CORESIGHT_WriteAPDPReg(AP reg 0x01, 0x80011140)
T0860 000:350.665 - 0.189ms returns 0
T0860 000:350.693 JLINK_CORESIGHT_ReadAPDPReg(AP reg 0x03)
T0860 000:350.931   Value=0x00000000
T0860 000:350.957 - 0.264ms returns 0
T0860 000:350.972 JLINK_CORESIGHT_WriteAPDPReg(AP reg 0x00, 0x80000002)
T0860 000:351.159 - 0.187ms returns 0
T0860 000:351.177 JLINK_CORESIGHT_WriteAPDPReg(AP reg 0x01, 0x80011130)
T0860 000:351.378 - 0.201ms returns 0
T0860 000:351.398 JLINK_CORESIGHT_ReadAPDPReg(AP reg 0x03)
T0860 000:351.635   Value=0x0003D002
T0860 000:351.671 - 0.272ms returns 0
T0860 000:351.696 JLINK_CORESIGHT_WriteAPDPReg(AP reg 0x00, 0x80000002)
T0860 000:351.873 - 0.177ms returns 0
T0860 000:351.896 JLINK_CORESIGHT_WriteAPDPReg(AP reg 0x01, 0x80011140)
T0860 000:352.075 - 0.179ms returns 0
T0860 000:352.090 JLINK_CORESIGHT_ReadAPDPReg(AP reg 0x03)
T0860 000:352.326   Value=0x00000002
T0860 000:352.350 - 0.260ms returns 0
T0860 000:352.365 JLINK_CORESIGHT_WriteAPDPReg(AP reg 0x00, 0x80000002)
T0860 000:352.553 - 0.187ms returns 0
T0860 000:352.579 JLINK_CORESIGHT_WriteAPDPReg(AP reg 0x01, 0x80011120)
T0860 000:352.791 - 0.212ms returns 0
T0860 000:352.813 JLINK_CORESIGHT_WriteAPDPReg(AP reg 0x03, 0x4F010001)
T0860 000:352.983 - 0.169ms returns 0
T0860 000:352.997 JLINK_CORESIGHT_WriteAPDPReg(AP reg 0x00, 0x80000002)
T0860 000:353.175 - 0.177ms returns 0
T0860 000:353.192 JLINK_CORESIGHT_WriteAPDPReg(AP reg 0x01, 0x80011140)
T0860 000:353.381 - 0.189ms returns 0
T0860 000:353.390 JLINK_CORESIGHT_ReadAPDPReg(AP reg 0x03)
T0860 000:353.629   Value=0x00000002
T0860 000:353.655 - 0.264ms returns 0
T0860 000:353.673 JLINK_CORESIGHT_WriteAPDPReg(AP reg 0x00, 0x80000002)
T0860 000:353.856 - 0.183ms returns 0
T0860 000:353.864 JLINK_CORESIGHT_WriteAPDPReg(AP reg 0x01, 0x80011120)
T0860 000:354.025 - 0.160ms returns 0
T0860 000:354.032 JLINK_CORESIGHT_WriteAPDPReg(AP reg 0x03, 0x000003B0)
T0860 000:354.203 - 0.170ms returns 0
T0860 000:354.210 JLINK_CORESIGHT_WriteAPDPReg(AP reg 0x00, 0x80000002)
T0860 000:354.449 - 0.239ms returns 0
T0860 000:354.456 JLINK_CORESIGHT_WriteAPDPReg(AP reg 0x01, 0x80011140)
T0860 000:354.607 - 0.150ms returns 0
T0860 000:354.621 JLINK_CORESIGHT_ReadAPDPReg(AP reg 0x03)
T0860 000:354.825   Value=0x00000000
T0860 000:354.836 - 0.214ms returns 0
T0860 000:354.843 JLINK_CORESIGHT_WriteAPDPReg(AP reg 0x00, 0x80000002)
T0860 000:354.994 - 0.151ms returns 0
T0860 000:355.002 JLINK_CORESIGHT_WriteAPDPReg(AP reg 0x01, 0x80011130)
T0860 000:355.200 - 0.198ms returns 0
T0860 000:355.209 JLINK_CORESIGHT_ReadAPDPReg(AP reg 0x03)
T0860 000:355.414   Value=0x4F0B0081
T0860 000:355.442 - 0.232ms returns 0
T0860 000:355.449 JLINK_CORESIGHT_WriteAPDPReg(AP reg 0x00, 0x80000002)
T0860 000:355.645 - 0.195ms returns 0
T0860 000:355.655 JLINK_CORESIGHT_WriteAPDPReg(AP reg 0x01, 0x80011140)
T0860 000:355.824 - 0.169ms returns 0
T0860 000:355.832 JLINK_CORESIGHT_ReadAPDPReg(AP reg 0x03)
T0860 000:356.031   Value=0x00000000
T0860 000:356.039 - 0.207ms returns 0
T0860 000:356.046 JLINK_CORESIGHT_WriteAPDPReg(AP reg 0x00, 0x80000002)
T0860 000:356.200 - 0.153ms returns 0
T0860 000:356.207 JLINK_CORESIGHT_WriteAPDPReg(AP reg 0x01, 0x80011130)
T0860 000:356.379 - 0.171ms returns 0
T0860 000:356.408 JLINK_CORESIGHT_ReadAPDPReg(AP reg 0x03)
T0860 000:356.673   Value=0x20000400
T0860 000:356.686 - 0.279ms returns 0
T0860 000:356.696 JLINK_CORESIGHT_WriteAPDPReg(AP reg 0x00, 0x80000002)
T0860 000:356.900 - 0.204ms returns 0
T0860 000:356.908 JLINK_CORESIGHT_WriteAPDPReg(AP reg 0x01, 0x80011140)
T0860 000:357.083 - 0.175ms returns 0
T0860 000:357.091 JLINK_CORESIGHT_ReadAPDPReg(AP reg 0x03)
T0860 000:357.323   Value=0x00000000
T0860 000:357.332 - 0.240ms returns 0
T0860 000:357.340 JLINK_CORESIGHT_WriteAPDPReg(AP reg 0x00, 0x80000002)
T0860 000:357.500 - 0.159ms returns 0
T0860 000:357.524 JLINK_CORESIGHT_WriteAPDPReg(AP reg 0x01, 0x80011130)
T0860 000:357.705 - 0.180ms returns 0
T0860 000:357.729 JLINK_CORESIGHT_ReadAPDPReg(AP reg 0x03)
T0860 000:357.955   Value=0x02000000
T0860 000:357.985 - 0.255ms returns 0
T0860 000:358.000 JLINK_CORESIGHT_WriteAPDPReg(AP reg 0x00, 0x80000002)
T0860 000:358.172 - 0.171ms returns 0
T0860 000:358.180 JLINK_CORESIGHT_WriteAPDPReg(AP reg 0x01, 0x80011140)
T0860 000:358.376 - 0.195ms returns 0
T0860 000:358.439 JLINK_CORESIGHT_ReadAPDPReg(AP reg 0x03)
T0860 000:358.672   Value=0x00000000
T0860 000:358.682 - 0.243ms returns 0
T0860 000:358.690 JLINK_CORESIGHT_WriteAPDPReg(AP reg 0x00, 0x80000002)
T0860 000:358.857 - 0.167ms returns 0
T0860 000:358.864 JLINK_CORESIGHT_WriteAPDPReg(AP reg 0x01, 0x80011130)
T0860 000:359.025 - 0.161ms returns 0
T0860 000:359.032 JLINK_CORESIGHT_ReadAPDPReg(AP reg 0x03)
T0860 000:359.322   Value=0x03780800
T0860 000:359.330 - 0.298ms returns 0
T0860 000:359.392 JLINK_CORESIGHT_WriteAPDPReg(AP reg 0x00, 0x80000002)
T0860 000:359.577 - 0.185ms returns 0
T0860 000:359.588 JLINK_CORESIGHT_WriteAPDPReg(AP reg 0x01, 0x80011140)
T0860 000:359.857 - 0.268ms returns 0
T0860 000:359.879 JLINK_CORESIGHT_ReadAPDPReg(AP reg 0x03)
T0860 000:360.158   Value=0x00000002
T0860 000:360.174 - 0.294ms returns 0
T0860 000:360.182 JLINK_CORESIGHT_WriteAPDPReg(AP reg 0x00, 0x80000002)
T0860 000:360.376 - 0.193ms returns 0
T0860 000:360.385 JLINK_CORESIGHT_WriteAPDPReg(AP reg 0x01, 0x80011120)
T0860 000:360.553 - 0.167ms returns 0
T0860 000:360.575 JLINK_CORESIGHT_WriteAPDPReg(AP reg 0x03, 0x2C010001)
T0860 000:360.768 - 0.193ms returns 0
T0860 000:360.782 JLINK_CORESIGHT_WriteAPDPReg(AP reg 0x00, 0x80000002)
T0860 000:360.932 - 0.150ms returns 0
T0860 000:360.939 JLINK_CORESIGHT_WriteAPDPReg(AP reg 0x01, 0x80011140)
T0860 000:361.089 - 0.150ms returns 0
T0860 000:361.096 JLINK_CORESIGHT_ReadAPDPReg(AP reg 0x03)
T0860 000:361.325   Value=0x00000002
T0860 000:361.333 - 0.237ms returns 0
T0860 000:361.341 JLINK_CORESIGHT_WriteAPDPReg(AP reg 0x00, 0x80000002)
T0860 000:361.529 - 0.188ms returns 0
T0860 000:361.552 JLINK_CORESIGHT_WriteAPDPReg(AP reg 0x01, 0x80011120)
T0860 000:361.747 - 0.195ms returns 0
T0860 000:361.757 JLINK_CORESIGHT_WriteAPDPReg(AP reg 0x03, 0x000003D3)
T0860 000:361.911 - 0.154ms returns 0
T0860 000:361.919 JLINK_CORESIGHT_WriteAPDPReg(AP reg 0x00, 0x80000002)
T0860 000:362.066 - 0.147ms returns 0
T0860 000:362.074 JLINK_CORESIGHT_WriteAPDPReg(AP reg 0x01, 0x80011140)
T0860 000:362.226 - 0.152ms returns 0
T0860 000:362.233 JLINK_CORESIGHT_ReadAPDPReg(AP reg 0x03)
T0860 000:362.503   Value=0x00000002
T0860 000:362.527 - 0.294ms returns 0
T0860 000:362.556 JLINK_CORESIGHT_ReadAPDPReg(AP reg 0x03)
T0860 000:362.809   Value=0x00000002
T0860 000:362.822 - 0.266ms returns 0
T0860 000:362.829 JLINK_CORESIGHT_ReadAPDPReg(AP reg 0x03)
T0860 000:363.016   Value=0x00000000
T0860 000:363.025 - 0.195ms returns 0
T0860 000:363.032 JLINK_CORESIGHT_WriteAPDPReg(AP reg 0x00, 0x80000002)
T0860 000:363.203 - 0.172ms returns 0
T0860 000:363.211 JLINK_CORESIGHT_WriteAPDPReg(AP reg 0x01, 0x80011130)
T0860 000:363.443 - 0.231ms returns 0
T0860 000:363.465 JLINK_CORESIGHT_ReadAPDPReg(AP reg 0x03)
T0860 000:363.706   Value=0x2C020081
T0860 000:363.718 - 0.253ms returns 0
T0860 000:363.726 JLINK_CORESIGHT_WriteAPDPReg(AP reg 0x00, 0x80000002)
T0860 000:363.894 - 0.168ms returns 0
T0860 000:363.901 JLINK_CORESIGHT_WriteAPDPReg(AP reg 0x01, 0x80011140)
T0860 000:364.079 - 0.177ms returns 0
T0860 000:364.086 JLINK_CORESIGHT_ReadAPDPReg(AP reg 0x03)
T0860 000:364.331   Value=0x00000000
T0860 000:364.357 - 0.270ms returns 0
T0860 000:364.372 JLINK_CORESIGHT_WriteAPDPReg(AP reg 0x00, 0x80000002)
T0860 000:364.554 - 0.181ms returns 0
T0860 000:364.576 JLINK_CORESIGHT_WriteAPDPReg(AP reg 0x01, 0x80011130)
T0860 000:364.794 - 0.218ms returns 0
T0860 000:364.815 JLINK_CORESIGHT_ReadAPDPReg(AP reg 0x03)
T0860 000:365.155   Value=0x0003D002
T0860 000:365.170 - 0.355ms returns 0
T0860 000:365.183 JLINK_CORESIGHT_WriteAPDPReg(AP reg 0x00, 0x80000002)
T0860 000:365.596 - 0.413ms returns 0
T0860 000:365.663 JLINK_CORESIGHT_WriteAPDPReg(AP reg 0x01, 0x80011140)
T0860 000:365.873 - 0.211ms returns 0
T0860 000:365.900 JLINK_CORESIGHT_ReadAPDPReg(AP reg 0x03)
T0860 000:366.133   Value=0x00000002
T0860 000:366.160 - 0.260ms returns 0
T0860 000:366.174 JLINK_CORESIGHT_WriteAPDPReg(AP reg 0x00, 0x80000002)
T0860 000:366.380 - 0.205ms returns 0
T0860 000:366.410 JLINK_CORESIGHT_WriteAPDPReg(AP reg 0x01, 0x80011120)
T0860 000:366.594 - 0.183ms returns 0
T0860 000:366.662 JLINK_CORESIGHT_WriteAPDPReg(AP reg 0x03, 0x4E0B0001)
T0860 000:366.854 - 0.192ms returns 0
T0860 000:366.877 JLINK_CORESIGHT_WriteAPDPReg(AP reg 0x00, 0x80000002)
T0860 000:367.065 - 0.187ms returns 0
T0860 000:367.081 JLINK_CORESIGHT_WriteAPDPReg(AP reg 0x01, 0x80011140)
T0860 000:367.252 - 0.171ms returns 0
T0860 000:367.267 JLINK_CORESIGHT_ReadAPDPReg(AP reg 0x03)
T0860 000:367.500   Value=0x00000002
T0860 000:367.528 - 0.261ms returns 0
T0860 000:367.543 JLINK_CORESIGHT_WriteAPDPReg(AP reg 0x00, 0x80000002)
T0860 000:367.749 - 0.205ms returns 0
T0860 000:367.772 JLINK_CORESIGHT_WriteAPDPReg(AP reg 0x01, 0x80011120)
T0860 000:367.963 - 0.191ms returns 0
T0860 000:367.980 JLINK_CORESIGHT_WriteAPDPReg(AP reg 0x03, 0x20001500)
T0860 000:368.144 - 0.164ms returns 0
T0860 000:368.159 JLINK_CORESIGHT_WriteAPDPReg(AP reg 0x00, 0x80000002)
T0860 000:368.333 - 0.173ms returns 0
T0860 000:368.356 JLINK_CORESIGHT_WriteAPDPReg(AP reg 0x01, 0x80011140)
T0860 000:368.545 - 0.188ms returns 0
T0860 000:368.572 JLINK_CORESIGHT_ReadAPDPReg(AP reg 0x03)
T0860 000:368.862   Value=0x00000002
T0860 000:368.882 - 0.310ms returns 0
T0860 000:368.895 JLINK_CORESIGHT_WriteAPDPReg(AP reg 0x00, 0x80000002)
T0860 000:369.086 - 0.190ms returns 0
T0860 000:369.103 JLINK_CORESIGHT_WriteAPDPReg(AP reg 0x01, 0x80011120)
T0860 000:369.324 - 0.221ms returns 0
T0860 000:369.331 JLINK_CORESIGHT_WriteAPDPReg(AP reg 0x03, 0x0B000000)
T0860 000:369.506 - 0.173ms returns 0
T0860 000:369.527 JLINK_CORESIGHT_WriteAPDPReg(AP reg 0x00, 0x80000002)
T0860 000:369.735 - 0.208ms returns 0
T0860 000:369.749 JLINK_CORESIGHT_WriteAPDPReg(AP reg 0x01, 0x80011140)
T0860 000:369.911 - 0.161ms returns 0
T0860 000:369.919 JLINK_CORESIGHT_ReadAPDPReg(AP reg 0x03)
T0860 000:370.126   Value=0x00000002
T0860 000:370.135 - 0.216ms returns 0
T0860 000:370.142 JLINK_CORESIGHT_WriteAPDPReg(AP reg 0x00, 0x80000002)
T0860 000:370.322 - 0.179ms returns 0
T0860 000:370.329 JLINK_CORESIGHT_WriteAPDPReg(AP reg 0x01, 0x80011120)
T0860 000:370.488 - 0.158ms returns 0
T0860 000:370.511 JLINK_CORESIGHT_WriteAPDPReg(AP reg 0x03, 0x03571000)
T0860 000:370.698 - 0.187ms returns 0
T0860 000:370.713 JLINK_CORESIGHT_WriteAPDPReg(AP reg 0x00, 0x80000002)
T0860 000:370.874 - 0.160ms returns 0
T0860 000:370.881 JLINK_CORESIGHT_WriteAPDPReg(AP reg 0x01, 0x80011140)
T0860 000:371.046 - 0.164ms returns 0
T0860 000:371.053 JLINK_CORESIGHT_ReadAPDPReg(AP reg 0x03)
T0860 000:371.339   Value=0x00000002
T0860 000:371.362 - 0.308ms returns 0
T0860 000:371.376 JLINK_CORESIGHT_ReadAPDPReg(AP reg 0x03)
T0860 000:371.577   Value=0x00000002
T0860 000:371.624 - 0.247ms returns 0
T0860 000:371.638 JLINK_CORESIGHT_ReadAPDPReg(AP reg 0x03)
T0860 000:371.850   Value=0x00000002
T0860 000:371.869 - 0.230ms returns 0
T0860 000:371.882 JLINK_CORESIGHT_ReadAPDPReg(AP reg 0x03)
T0860 000:372.110   Value=0x00000002
T0860 000:372.135 - 0.253ms returns 0
T0860 000:372.150 JLINK_CORESIGHT_ReadAPDPReg(AP reg 0x03)
T0860 000:372.379   Value=0x00000002
T0860 000:372.403 - 0.252ms returns 0
T0860 000:372.417 JLINK_CORESIGHT_ReadAPDPReg(AP reg 0x03)
T0860 000:372.674   Value=0x00000002
T0860 000:372.710 - 0.293ms returns 0
T0860 000:372.731 JLINK_CORESIGHT_ReadAPDPReg(AP reg 0x03)
T0860 000:372.941   Value=0x00000002
T0860 000:372.963 - 0.232ms returns 0
T0860 000:372.977 JLINK_CORESIGHT_ReadAPDPReg(AP reg 0x03)
T0860 000:373.198   Value=0x00000002
T0860 000:373.215 - 0.238ms returns 0
T0860 000:373.228 JLINK_CORESIGHT_ReadAPDPReg(AP reg 0x03)
T0860 000:373.474   Value=0x00000002
T0860 000:373.500 - 0.271ms returns 0
T0860 000:373.515 JLINK_CORESIGHT_ReadAPDPReg(AP reg 0x03)
T0860 000:373.748   Value=0x00000002
T0860 000:373.773 - 0.258ms returns 0
T0860 000:373.788 JLINK_CORESIGHT_ReadAPDPReg(AP reg 0x03)
T0860 000:374.007   Value=0x00000002
T0860 000:374.029 - 0.241ms returns 0
T0860 000:374.042 JLINK_CORESIGHT_ReadAPDPReg(AP reg 0x03)
T0860 000:374.246   Value=0x00000002
T0860 000:374.263 - 0.221ms returns 0
T0860 000:374.275 JLINK_CORESIGHT_ReadAPDPReg(AP reg 0x03)
T0860 000:374.497   Value=0x00000002
T0860 000:374.522 - 0.246ms returns 0
T0860 000:374.537 JLINK_CORESIGHT_ReadAPDPReg(AP reg 0x03)
T0860 000:374.756   Value=0x00000002
T0860 000:374.779 - 0.242ms returns 0
T0860 000:374.792 JLINK_CORESIGHT_ReadAPDPReg(AP reg 0x03)
T0860 000:375.019   Value=0x00000002
T0860 000:375.035 - 0.243ms returns 0
T0860 000:375.048 JLINK_CORESIGHT_ReadAPDPReg(AP reg 0x03)
T0860 000:375.339   Value=0x00000002
T0860 000:375.369 - 0.321ms returns 0
T0860 000:375.385 JLINK_CORESIGHT_ReadAPDPReg(AP reg 0x03)
T0860 000:375.871   Value=0x00000002
T0860 000:375.897 - 0.512ms returns 0
T0860 000:375.913 JLINK_CORESIGHT_ReadAPDPReg(AP reg 0x03)
T0860 000:376.149   Value=0x00000002
T0860 000:376.172 - 0.259ms returns 0
T0860 000:376.186 JLINK_CORESIGHT_ReadAPDPReg(AP reg 0x03)
T0860 000:376.420   Value=0x00000002
T0860 000:376.446 - 0.260ms returns 0
T0860 000:376.460 JLINK_CORESIGHT_ReadAPDPReg(AP reg 0x03)
T0860 000:376.672   Value=0x00000002
T0860 000:376.687 - 0.227ms returns 0
T0860 000:376.696 JLINK_CORESIGHT_ReadAPDPReg(AP reg 0x03)
T0860 000:376.917   Value=0x00000002
T0860 000:376.943 - 0.247ms returns 0
T0860 000:376.957 JLINK_CORESIGHT_ReadAPDPReg(AP reg 0x03)
T0860 000:377.173   Value=0x00000002
T0860 000:377.192 - 0.235ms returns 0
T0860 000:377.206 JLINK_CORESIGHT_ReadAPDPReg(AP reg 0x03)
T0860 000:377.482   Value=0x00000002
T0860 000:377.495 - 0.289ms returns 0
T0860 000:377.503 JLINK_CORESIGHT_ReadAPDPReg(AP reg 0x03)
T0860 000:377.752   Value=0x00000002
T0860 000:377.779 - 0.276ms returns 0
T0860 000:377.794 JLINK_CORESIGHT_ReadAPDPReg(AP reg 0x03)
T0860 000:378.000   Value=0x00000002
T0860 000:378.023 - 0.229ms returns 0
T0860 000:378.037 JLINK_CORESIGHT_ReadAPDPReg(AP reg 0x03)
T0860 000:378.250   Value=0x00000002
T0860 000:378.271 - 0.234ms returns 0
T0860 000:378.284 JLINK_CORESIGHT_ReadAPDPReg(AP reg 0x03)
T0860 000:378.504   Value=0x00000002
T0860 000:378.533 - 0.248ms returns 0
T0860 000:378.548 JLINK_CORESIGHT_ReadAPDPReg(AP reg 0x03)
T0860 000:378.788   Value=0x00000002
T0860 000:378.816 - 0.268ms returns 0
T0860 000:378.839 JLINK_CORESIGHT_ReadAPDPReg(AP reg 0x03)
T0860 000:379.069   Value=0x00000002
T0860 000:379.096 - 0.257ms returns 0
T0860 000:379.111 JLINK_CORESIGHT_ReadAPDPReg(AP reg 0x03)
T0860 000:379.381   Value=0x00000002
T0860 000:379.411 - 0.300ms returns 0
T0860 000:379.435 JLINK_CORESIGHT_ReadAPDPReg(AP reg 0x03)
T0860 000:379.676   Value=0x00000002
T0860 000:379.700 - 0.264ms returns 0
T0860 000:379.714 JLINK_CORESIGHT_ReadAPDPReg(AP reg 0x03)
T0860 000:379.953   Value=0x00000002
T0860 000:379.976 - 0.261ms returns 0
T0860 000:379.990 JLINK_CORESIGHT_ReadAPDPReg(AP reg 0x03)
T0860 000:380.204   Value=0x00000002
T0860 000:380.228 - 0.237ms returns 0
T0860 000:380.242 JLINK_CORESIGHT_ReadAPDPReg(AP reg 0x03)
T0860 000:380.491   Value=0x00000002
T0860 000:380.520 - 0.277ms returns 0
T0860 000:380.535 JLINK_CORESIGHT_ReadAPDPReg(AP reg 0x03)
T0860 000:380.875   Value=0x00000002
T0860 000:380.903 - 0.368ms returns 0
T0860 000:380.919 JLINK_CORESIGHT_ReadAPDPReg(AP reg 0x03)
T0860 000:381.159   Value=0x00000002
T0860 000:381.182 - 0.263ms returns 0
T0860 000:381.197 JLINK_CORESIGHT_ReadAPDPReg(AP reg 0x03)
T0860 000:381.411   Value=0x00000002
T0860 000:381.432 - 0.234ms returns 0
T0860 000:381.446 JLINK_CORESIGHT_ReadAPDPReg(AP reg 0x03)
T0860 000:384.314   Value=0x00000002
T0860 000:384.363 - 2.916ms returns 0
T0860 000:384.385 JLINK_CORESIGHT_ReadAPDPReg(AP reg 0x03)
T0860 000:384.715   Value=0x00000002
T0860 000:384.747 - 0.361ms returns 0
T0860 000:384.764 JLINK_CORESIGHT_ReadAPDPReg(AP reg 0x03)
T0860 000:385.084   Value=0x00000000
T0860 000:385.113 - 0.349ms returns 0
T0860 000:385.131 JLINK_CORESIGHT_WriteAPDPReg(AP reg 0x00, 0x80000002)
T0860 000:385.332 - 0.200ms returns 0
T0860 000:385.363 JLINK_CORESIGHT_WriteAPDPReg(AP reg 0x01, 0x80011130)
T0860 000:385.577 - 0.213ms returns 0
T0860 000:385.604 JLINK_CORESIGHT_ReadAPDPReg(AP reg 0x03)
T0860 000:385.850   Value=0x4E0A0081
T0860 000:385.873 - 0.269ms returns 0
T0860 000:385.888 JLINK_CORESIGHT_WriteAPDPReg(AP reg 0x00, 0x80000002)
T0860 000:386.074 - 0.186ms returns 0
T0860 000:386.092 JLINK_CORESIGHT_WriteAPDPReg(AP reg 0x01, 0x80011140)
T0860 000:386.347 - 0.254ms returns 0
T0860 000:386.375 JLINK_CORESIGHT_ReadAPDPReg(AP reg 0x03)
T0860 000:386.662   Value=0x00000000
T0860 000:386.689 - 0.313ms returns 0
T0860 000:386.706 JLINK_CORESIGHT_WriteAPDPReg(AP reg 0x00, 0x80000002)
T0860 000:386.949 - 0.243ms returns 0
T0860 000:386.976 JLINK_CORESIGHT_WriteAPDPReg(AP reg 0x01, 0x80011130)
T0860 000:387.183 - 0.206ms returns 0
T0860 000:387.208 JLINK_CORESIGHT_ReadAPDPReg(AP reg 0x03)
T0860 000:387.501   Value=0xFFFFFF00
T0860 000:387.529 - 0.321ms returns 0
T0860 000:387.545 JLINK_CORESIGHT_WriteAPDPReg(AP reg 0x00, 0x80000002)
T0860 000:387.734 - 0.188ms returns 0
T0860 000:387.759 JLINK_CORESIGHT_WriteAPDPReg(AP reg 0x01, 0x80011140)
T0860 000:387.952 - 0.193ms returns 0
T0860 000:387.968 JLINK_CORESIGHT_ReadAPDPReg(AP reg 0x03)
T0860 000:388.175   Value=0x00000000
T0860 000:388.192 - 0.223ms returns 0
T0860 000:388.205 JLINK_CORESIGHT_WriteAPDPReg(AP reg 0x00, 0x80000002)
T0860 000:388.462 - 0.256ms returns 0
T0860 000:388.491 JLINK_CORESIGHT_WriteAPDPReg(AP reg 0x01, 0x80011130)
T0860 000:388.706 - 0.214ms returns 0
T0860 000:388.732 JLINK_CORESIGHT_ReadAPDPReg(AP reg 0x03)
T0860 000:388.975   Value=0xFFFFFFFF
T0860 000:388.996 - 0.264ms returns 0
T0860 000:389.011 JLINK_CORESIGHT_WriteAPDPReg(AP reg 0x00, 0x80000002)
T0860 000:389.204 - 0.193ms returns 0
T0860 000:389.220 JLINK_CORESIGHT_WriteAPDPReg(AP reg 0x01, 0x80011140)
T0860 000:389.457 - 0.237ms returns 0
T0860 000:389.482 JLINK_CORESIGHT_ReadAPDPReg(AP reg 0x03)
T0860 000:389.719   Value=0x00000000
T0860 000:389.744 - 0.261ms returns 0
T0860 000:389.760 JLINK_CORESIGHT_WriteAPDPReg(AP reg 0x00, 0x80000002)
T0860 000:389.952 - 0.192ms returns 0
T0860 000:389.968 JLINK_CORESIGHT_WriteAPDPReg(AP reg 0x01, 0x80011130)
T0860 000:390.147 - 0.179ms returns 0
T0860 000:390.163 JLINK_CORESIGHT_ReadAPDPReg(AP reg 0x03)
T0860 000:390.378   Value=0x0003B0FF
T0860 000:390.405 - 0.241ms returns 0
T0860 000:390.456 JLINK_CORESIGHT_WriteAPDPReg(AP reg 0x00, 0x80000002)
T0860 000:390.814 - 0.358ms returns 0
T0860 000:390.833 JLINK_CORESIGHT_WriteAPDPReg(AP reg 0x01, 0x80011140)
T0860 000:391.027 - 0.193ms returns 0
T0860 000:391.053 JLINK_CORESIGHT_ReadAPDPReg(AP reg 0x03)
T0860 000:391.327   Value=0x00000002
T0860 000:391.349 - 0.296ms returns 0
T0860 000:391.363 JLINK_CORESIGHT_WriteAPDPReg(AP reg 0x00, 0x80000002)
T0860 000:391.550 - 0.187ms returns 0
T0860 000:391.569 JLINK_CORESIGHT_WriteAPDPReg(AP reg 0x01, 0x80011120)
T0860 000:391.749 - 0.179ms returns 0
T0860 000:391.764 JLINK_CORESIGHT_WriteAPDPReg(AP reg 0x03, 0x4F010001)
T0860 000:391.955 - 0.191ms returns 0
T0860 000:391.980 JLINK_CORESIGHT_WriteAPDPReg(AP reg 0x00, 0x80000002)
T0860 000:392.158 - 0.178ms returns 0
T0860 000:392.172 JLINK_CORESIGHT_WriteAPDPReg(AP reg 0x01, 0x80011140)
T0860 000:392.379 - 0.206ms returns 0
T0860 000:392.401 JLINK_CORESIGHT_ReadAPDPReg(AP reg 0x03)
T0860 000:392.677   Value=0x00000002
T0860 000:392.721 - 0.319ms returns 0
T0860 000:392.736 JLINK_CORESIGHT_WriteAPDPReg(AP reg 0x00, 0x80000002)
T0860 000:392.996 - 0.260ms returns 0
T0860 000:393.022 JLINK_CORESIGHT_WriteAPDPReg(AP reg 0x01, 0x80011120)
T0860 000:393.252 - 0.230ms returns 0
T0860 000:393.273 JLINK_CORESIGHT_WriteAPDPReg(AP reg 0x03, 0x000003B0)
T0860 000:393.473 - 0.199ms returns 0
T0860 000:393.497 JLINK_CORESIGHT_WriteAPDPReg(AP reg 0x00, 0x80000002)
T0860 000:393.677 - 0.180ms returns 0
T0860 000:393.701 JLINK_CORESIGHT_WriteAPDPReg(AP reg 0x01, 0x80011140)
T0860 000:393.897 - 0.196ms returns 0
T0860 000:393.918 JLINK_CORESIGHT_ReadAPDPReg(AP reg 0x03)
T0860 000:394.123   Value=0x00000000
T0860 000:394.141 - 0.223ms returns 0
T0860 000:394.154 JLINK_CORESIGHT_WriteAPDPReg(AP reg 0x00, 0x80000002)
T0860 000:394.325 - 0.171ms returns 0
T0860 000:394.340 JLINK_CORESIGHT_WriteAPDPReg(AP reg 0x01, 0x80011130)
T0860 000:394.519 - 0.178ms returns 0
T0860 000:394.544 JLINK_CORESIGHT_ReadAPDPReg(AP reg 0x03)
T0860 000:394.775   Value=0x4F0B0081
T0860 000:394.801 - 0.256ms returns 0
T0860 000:394.814 JLINK_CORESIGHT_WriteAPDPReg(AP reg 0x00, 0x80000002)
T0860 000:394.995 - 0.181ms returns 0
T0860 000:395.010 JLINK_CORESIGHT_WriteAPDPReg(AP reg 0x01, 0x80011140)
T0860 000:395.174 - 0.164ms returns 0
T0860 000:395.189 JLINK_CORESIGHT_ReadAPDPReg(AP reg 0x03)
T0860 000:395.426   Value=0x00000000
T0860 000:395.454 - 0.264ms returns 0
T0860 000:395.463 JLINK_CORESIGHT_WriteAPDPReg(AP reg 0x00, 0x80000002)
T0860 000:395.680 - 0.216ms returns 0
T0860 000:395.709 JLINK_CORESIGHT_WriteAPDPReg(AP reg 0x01, 0x80011130)
T0860 000:395.939 - 0.230ms returns 0
T0860 000:395.960 JLINK_CORESIGHT_ReadAPDPReg(AP reg 0x03)
T0860 000:396.214   Value=0x20001500
T0860 000:396.232 - 0.271ms returns 0
T0860 000:396.245 JLINK_CORESIGHT_WriteAPDPReg(AP reg 0x00, 0x80000002)
T0860 000:396.451 - 0.206ms returns 0
T0860 000:396.468 JLINK_CORESIGHT_WriteAPDPReg(AP reg 0x01, 0x80011140)
T0860 000:396.690 - 0.221ms returns 0
T0860 000:396.714 JLINK_CORESIGHT_ReadAPDPReg(AP reg 0x03)
T0860 000:396.943   Value=0x00000000
T0860 000:396.961 - 0.247ms returns 0
T0860 000:396.975 JLINK_CORESIGHT_WriteAPDPReg(AP reg 0x00, 0x80000002)
T0860 000:397.156 - 0.180ms returns 0
T0860 000:397.170 JLINK_CORESIGHT_WriteAPDPReg(AP reg 0x01, 0x80011130)
T0860 000:397.330 - 0.159ms returns 0
T0860 000:397.345 JLINK_CORESIGHT_ReadAPDPReg(AP reg 0x03)
T0860 000:397.560   Value=0x0B000000
T0860 000:397.580 - 0.235ms returns 0
T0860 000:397.596 JLINK_CORESIGHT_WriteAPDPReg(AP reg 0x00, 0x80000002)
T0860 000:397.825 - 0.228ms returns 0
T0860 000:397.846 JLINK_CORESIGHT_WriteAPDPReg(AP reg 0x01, 0x80011140)
T0860 000:398.019 - 0.173ms returns 0
T0860 000:398.034 JLINK_CORESIGHT_ReadAPDPReg(AP reg 0x03)
T0860 000:398.246   Value=0x00000000
T0860 000:398.263 - 0.228ms returns 0
T0860 000:398.276 JLINK_CORESIGHT_WriteAPDPReg(AP reg 0x00, 0x80000002)
T0860 000:399.976 - 1.698ms returns 0
T0860 000:400.027 JLINK_CORESIGHT_WriteAPDPReg(AP reg 0x01, 0x80011130)
T0860 000:400.261 - 0.234ms returns 0
T0860 000:400.289 JLINK_CORESIGHT_ReadAPDPReg(AP reg 0x03)
T0860 000:400.788   Value=0x03561000
T0860 000:400.817 - 0.528ms returns 0
T0860 000:400.991 JLINK_CORESIGHT_WriteAPDPReg(AP reg 0x00, 0x80000002)
T0860 000:401.200 - 0.209ms returns 0
T0860 000:401.219 JLINK_CORESIGHT_WriteAPDPReg(AP reg 0x01, 0x80011140)
T0860 000:401.473 - 0.254ms returns 0
T0860 000:401.497 JLINK_CORESIGHT_ReadAPDPReg(AP reg 0x03)
T0860 000:401.779   Value=0x00000002
T0860 000:401.808 - 0.311ms returns 0
T0860 000:401.823 JLINK_CORESIGHT_WriteAPDPReg(AP reg 0x00, 0x80000002)
T0860 000:402.046 - 0.223ms returns 0
T0860 000:402.073 JLINK_CORESIGHT_WriteAPDPReg(AP reg 0x01, 0x80011120)
T0860 000:402.332 - 0.259ms returns 0
T0860 000:402.359 JLINK_CORESIGHT_WriteAPDPReg(AP reg 0x03, 0x4F010001)
T0860 000:402.587 - 0.227ms returns 0
T0860 000:402.632 JLINK_CORESIGHT_WriteAPDPReg(AP reg 0x00, 0x80000002)
T0860 000:402.852 - 0.219ms returns 0
T0860 000:402.881 JLINK_CORESIGHT_WriteAPDPReg(AP reg 0x01, 0x80011140)
T0860 000:403.069 - 0.187ms returns 0
T0860 000:403.096 JLINK_CORESIGHT_ReadAPDPReg(AP reg 0x03)
T0860 000:403.395   Value=0x00000002
T0860 000:403.424 - 0.328ms returns 0
T0860 000:403.440 JLINK_CORESIGHT_WriteAPDPReg(AP reg 0x00, 0x80000002)
T0860 000:403.724 - 0.283ms returns 0
T0860 000:403.750 JLINK_CORESIGHT_WriteAPDPReg(AP reg 0x01, 0x80011120)
T0860 000:403.985 - 0.234ms returns 0
T0860 000:404.011 JLINK_CORESIGHT_WriteAPDPReg(AP reg 0x03, 0x000003B0)
T0860 000:404.194 - 0.183ms returns 0
T0860 000:404.220 JLINK_CORESIGHT_WriteAPDPReg(AP reg 0x00, 0x80000002)
T0860 000:404.463 - 0.243ms returns 0
T0860 000:404.488 JLINK_CORESIGHT_WriteAPDPReg(AP reg 0x01, 0x80011140)
T0860 000:404.674 - 0.185ms returns 0
T0860 000:404.697 JLINK_CORESIGHT_ReadAPDPReg(AP reg 0x03)
T0860 000:404.965   Value=0x00000000
T0860 000:404.990 - 0.293ms returns 0
T0860 000:405.005 JLINK_CORESIGHT_WriteAPDPReg(AP reg 0x00, 0x80000002)
T0860 000:405.200 - 0.194ms returns 0
T0860 000:405.217 JLINK_CORESIGHT_WriteAPDPReg(AP reg 0x01, 0x80011130)
T0860 000:405.477 - 0.259ms returns 0
T0860 000:405.504 JLINK_CORESIGHT_ReadAPDPReg(AP reg 0x03)
T0860 000:405.806   Value=0x4F0B0081
T0860 000:405.832 - 0.328ms returns 0
T0860 000:405.847 JLINK_CORESIGHT_WriteAPDPReg(AP reg 0x00, 0x80000002)
T0860 000:406.038 - 0.191ms returns 0
T0860 000:406.056 JLINK_CORESIGHT_WriteAPDPReg(AP reg 0x01, 0x80011140)
T0860 000:406.224 - 0.167ms returns 0
T0860 000:406.241 JLINK_CORESIGHT_ReadAPDPReg(AP reg 0x03)
T0860 000:406.560   Value=0x00000000
T0860 000:406.589 - 0.347ms returns 0
T0860 000:406.606 JLINK_CORESIGHT_WriteAPDPReg(AP reg 0x00, 0x80000002)
T0860 000:406.835 - 0.229ms returns 0
T0860 000:406.861 JLINK_CORESIGHT_WriteAPDPReg(AP reg 0x01, 0x80011130)
T0860 000:407.078 - 0.217ms returns 0
T0860 000:407.103 JLINK_CORESIGHT_ReadAPDPReg(AP reg 0x03)
T0860 000:407.326   Value=0x20001500
T0860 000:407.357 - 0.254ms returns 0
T0860 000:407.372 JLINK_CORESIGHT_WriteAPDPReg(AP reg 0x00, 0x80000002)
T0860 000:407.600 - 0.228ms returns 0
T0860 000:407.624 JLINK_CORESIGHT_WriteAPDPReg(AP reg 0x01, 0x80011140)
T0860 000:407.802 - 0.177ms returns 0
T0860 000:407.825 JLINK_CORESIGHT_ReadAPDPReg(AP reg 0x03)
T0860 000:408.107   Value=0x00000000
T0860 000:408.133 - 0.308ms returns 0
T0860 000:408.148 JLINK_CORESIGHT_WriteAPDPReg(AP reg 0x00, 0x80000002)
T0860 000:408.450 - 0.301ms returns 0
T0860 000:408.471 JLINK_CORESIGHT_WriteAPDPReg(AP reg 0x01, 0x80011130)
T0860 000:408.692 - 0.220ms returns 0
T0860 000:408.717 JLINK_CORESIGHT_ReadAPDPReg(AP reg 0x03)
T0860 000:409.007   Value=0x0B000000
T0860 000:409.032 - 0.315ms returns 0
T0860 000:409.046 JLINK_CORESIGHT_WriteAPDPReg(AP reg 0x00, 0x80000002)
T0860 000:409.249 - 0.202ms returns 0
T0860 000:409.273 JLINK_CORESIGHT_WriteAPDPReg(AP reg 0x01, 0x80011140)
T0860 000:409.484 - 0.210ms returns 0
T0860 000:409.509 JLINK_CORESIGHT_ReadAPDPReg(AP reg 0x03)
T0860 000:409.738   Value=0x00000000
T0860 000:409.767 - 0.258ms returns 0
T0860 000:409.782 JLINK_CORESIGHT_WriteAPDPReg(AP reg 0x00, 0x80000002)
T0860 000:410.000 - 0.218ms returns 0
T0860 000:410.016 JLINK_CORESIGHT_WriteAPDPReg(AP reg 0x01, 0x80011130)
T0860 000:410.202 - 0.185ms returns 0
T0860 000:410.225 JLINK_CORESIGHT_ReadAPDPReg(AP reg 0x03)
T0860 000:410.497   Value=0x03561000
T0860 000:410.524 - 0.299ms returns 0
T0860 000:410.548 JLINK_CORESIGHT_ReadAPDPReg(DP reg 0x01)
T0860 000:410.774   Value=0xF0000F40
T0860 000:410.799 - 0.252ms returns 0
T0860 000:410.813 JLINK_CORESIGHT_WriteAPDPReg(DP reg 0x01, 0xA0000F40)
T0860 000:410.989 - 0.175ms returns 0
T0860 000:411.011 JLINK_CORESIGHT_ReadAPDPReg(DP reg 0x01)
T0860 000:411.199   Value=0x00000F40
T0860 000:411.216 - 0.205ms returns 0
T0860 000:411.228 JLINK_ClrRESET()
T0860 000:411.634 - 0.405ms 
T0860 000:514.088 JLINK_Close()
T0860 000:526.851 - 12.761ms
T0860 000:526.880   
T0860 000:526.886   Closed
