T4824 000:000.423   SEGGER J-Link V8.12c Log File
T4824 000:000.522   DLL Compiled: Jan 22 2025 12:55:59
T4824 000:000.528   Logging started @ 2025-03-16 15:24
T4824 000:000.534   Process: C:\Users\a8456\.eclipse\com.renesas.platform_1309835749\DebugComp\RA\e2-server-gdb.exe
T4824 000:000.544 - 0.540ms 
T4824 000:000.556 JLINK_GetDLLVersion()
T4824 000:000.562 - 0.006ms returns 81203
T4824 000:001.892 JLINK_OpenEx(...)
T4824 000:007.286   Firmware: J-Link V9 compiled May  7 2021 16:26:12
T4824 000:007.739   Firmware: J-Link V9 compiled May  7 2021 16:26:12
T4824 000:007.854   Decompressing FW timestamp took 92 us
T4824 000:013.224   Hardware: V9.60
T4824 000:013.325   S/N: 69660718
T4824 000:013.340   OEM: SEGGER
T4824 000:013.355   Feature(s): RDI, GDB, FlashDL, FlashBP, JFlash
T4824 000:014.117   Bootloader: (FW returned invalid version)
T4824 000:014.766   TELNET listener socket opened on port 19021
T4824 000:014.967   WEBSRV WEBSRV_Init(): Starting webserver thread(s)
T4824 000:015.215   WEBSRV Webserver running on local port 19080
T4824 000:015.368   Looking for J-Link GUI Server exe at: C:\Users\a8456\.eclipse\com.renesas.platform_1309835749\DebugComp\RA\ARM\Segger_v8.12.3\JLinkGUIServer.exe
T4824 000:015.460   Looking for J-Link GUI Server exe at: C:\Program Files\SEGGER\JLink_V818\JLinkGUIServer.exe
T4824 000:015.496   Forking J-Link GUI Server: C:\Program Files\SEGGER\JLink_V818\JLinkGUIServer.exe
T4824 000:036.038   J-Link GUI Server info: "J-Link GUI server V8.18 "
T4824 000:040.421 - 38.524ms returns "O.K."
T4824 000:040.501 JLINK_TIF_Select(JLINKARM_TIF_SWD)
T4824 000:040.901 - 0.400ms returns 0x00
T4824 000:040.926 JLINK_ClrRESET()
T4824 000:041.329 - 0.402ms 
T4824 000:091.909 JLINK_SetSpeed(1500)
T4824 000:092.009 - 0.106ms 
T4824 000:092.032 JLINK_CORESIGHT_Configure(PerformTIFInit=0)
T4824 000:092.348 - 0.319ms returns 0
T4824 000:092.365 JLINK_CORESIGHT_ReadAPDPReg(DP reg 0x00)
T4824 000:092.740   Value=0x6BA02477
T4824 000:092.753 - 0.389ms returns 0
T4824 000:092.761 JLINK_CORESIGHT_WriteAPDPReg(DP reg 0x00, 0x0000001F)
T4824 000:092.929 - 0.168ms returns 0
T4824 000:092.938 JLINK_CORESIGHT_ReadAPDPReg(DP reg 0x00)
T4824 000:093.099   Value=0x6BA02477
T4824 000:093.109 - 0.170ms returns 0
T4824 000:093.116 JLINK_CORESIGHT_WriteAPDPReg(DP reg 0x02, 0x00000000)
T4824 000:093.347 - 0.231ms returns 0
T4824 000:093.357 JLINK_CORESIGHT_WriteAPDPReg(DP reg 0x01, 0x50000000)
T4824 000:093.513 - 0.155ms returns 0
T4824 000:093.524 JLINK_CORESIGHT_ReadAPDPReg(DP reg 0x01)
T4824 000:093.694   Value=0xF0000040
T4824 000:093.703 - 0.178ms returns 0
T4824 000:093.710 JLINK_CORESIGHT_WriteAPDPReg(DP reg 0x00, 0x0000001F)
T4824 000:093.877 - 0.166ms returns 0
T4824 000:093.887 JLINK_CORESIGHT_ReadAPDPReg(DP reg 0x00)
T4824 000:094.053   Value=0x6BA02477
T4824 000:094.065 - 0.177ms returns 0
T4824 000:094.072 JLINK_CORESIGHT_WriteAPDPReg(DP reg 0x01, 0x54000000)
T4824 000:094.220 - 0.147ms returns 0
T4824 000:094.227 JLINK_CORESIGHT_WriteAPDPReg(DP reg 0x01, 0x50000F00)
T4824 000:094.394 - 0.166ms returns 0
T4824 000:094.405 JLINK_CORESIGHT_WriteAPDPReg(DP reg 0x02, 0x01000000)
T4824 000:094.570 - 0.164ms returns 0
T4824 000:094.577 JLINK_CORESIGHT_WriteAPDPReg(AP reg 0x00, 0x80000002)
T4824 000:094.750 - 0.173ms returns 0
T4824 000:094.758 JLINK_CORESIGHT_WriteAPDPReg(AP reg 0x01, 0x80011100)
T4824 000:094.924 - 0.166ms returns 0
T4824 000:094.933 JLINK_CORESIGHT_WriteAPDPReg(AP reg 0x03, 0x000000A5)
T4824 000:095.098 - 0.165ms returns 0
T4824 000:095.106 JLINK_CORESIGHT_WriteAPDPReg(AP reg 0x00, 0x80000002)
T4824 000:095.253 - 0.147ms returns 0
T4824 000:095.261 JLINK_CORESIGHT_WriteAPDPReg(AP reg 0x01, 0x80011100)
T4824 000:095.444 - 0.183ms returns 0
T4824 000:095.451 JLINK_CORESIGHT_ReadAPDPReg(AP reg 0x03)
T4824 000:095.644   Value=0x000000A5
T4824 000:095.653 - 0.201ms returns 0
T4824 000:095.660 JLINK_ClrTMS()
T4824 000:095.703 - 0.042ms 
T4824 000:100.900 JLINK_SetTCK()
T4824 000:101.001 - 0.100ms returns 0
T4824 000:106.880 JLINK_SetRESET()
T4824 000:107.008 - 0.128ms 
T4824 000:307.152 JLINK_CORESIGHT_WriteAPDPReg(AP reg 0x00, 0x80000002)
T4824 000:307.459 - 0.306ms returns 0
T4824 000:307.501 JLINK_CORESIGHT_WriteAPDPReg(AP reg 0x01, 0x80011100)
T4824 000:307.781 - 0.280ms returns 0
T4824 000:307.799 JLINK_CORESIGHT_ReadAPDPReg(AP reg 0x03)
T4824 000:308.102   Value=0x00000000
T4824 000:308.120 - 0.320ms returns 0
T4824 000:308.147 JLINK_CORESIGHT_WriteAPDPReg(AP reg 0x00, 0x80000002)
T4824 000:308.379 - 0.231ms returns 0
T4824 000:308.397 JLINK_CORESIGHT_WriteAPDPReg(AP reg 0x01, 0x80011140)
T4824 000:308.597 - 0.201ms returns 0
T4824 000:308.615 JLINK_CORESIGHT_ReadAPDPReg(AP reg 0x03)
T4824 000:308.846   Value=0x00000002
T4824 000:308.865 - 0.249ms returns 0
T4824 000:308.890 JLINK_CORESIGHT_WriteAPDPReg(AP reg 0x00, 0x80000002)
T4824 000:309.064 - 0.174ms returns 0
T4824 000:309.079 JLINK_CORESIGHT_WriteAPDPReg(AP reg 0x01, 0x80011120)
T4824 000:309.271 - 0.192ms returns 0
T4824 000:309.286 JLINK_CORESIGHT_WriteAPDPReg(AP reg 0x03, 0x00000055)
T4824 000:309.473 - 0.186ms returns 0
T4824 000:309.487 JLINK_CORESIGHT_WriteAPDPReg(AP reg 0x00, 0x80000002)
T4824 000:309.651 - 0.163ms returns 0
T4824 000:309.665 JLINK_CORESIGHT_WriteAPDPReg(AP reg 0x01, 0x80011140)
T4824 000:309.832 - 0.166ms returns 0
T4824 000:309.858 JLINK_CORESIGHT_ReadAPDPReg(AP reg 0x03)
T4824 000:310.144   Value=0x00000000
T4824 000:310.178 - 0.320ms returns 0
T4824 000:310.194 JLINK_CORESIGHT_WriteAPDPReg(AP reg 0x00, 0x80000002)
T4824 000:310.402 - 0.208ms returns 0
T4824 000:310.422 JLINK_CORESIGHT_WriteAPDPReg(AP reg 0x01, 0x80011130)
T4824 000:310.590 - 0.167ms returns 0
T4824 000:310.632 JLINK_CORESIGHT_ReadAPDPReg(AP reg 0x03)
T4824 000:310.895   Value=0x000000C6
T4824 000:310.919 - 0.287ms returns 0
T4824 000:310.950 JLINK_CORESIGHT_WriteAPDPReg(AP reg 0x00, 0x80000002)
T4824 000:311.227 - 0.277ms returns 0
T4824 000:311.253 JLINK_CORESIGHT_WriteAPDPReg(AP reg 0x01, 0x80011140)
T4824 000:311.472 - 0.218ms returns 0
T4824 000:311.495 JLINK_CORESIGHT_ReadAPDPReg(AP reg 0x03)
T4824 000:311.712   Value=0x00000002
T4824 000:311.740 - 0.245ms returns 0
T4824 000:311.755 JLINK_CORESIGHT_WriteAPDPReg(AP reg 0x00, 0x80000002)
T4824 000:311.975 - 0.220ms returns 0
T4824 000:312.000 JLINK_CORESIGHT_WriteAPDPReg(AP reg 0x01, 0x80011120)
T4824 000:312.225 - 0.225ms returns 0
T4824 000:312.250 JLINK_CORESIGHT_WriteAPDPReg(AP reg 0x03, 0x3A010001)
T4824 000:312.475 - 0.225ms returns 0
T4824 000:312.501 JLINK_CORESIGHT_WriteAPDPReg(AP reg 0x00, 0x80000002)
T4824 000:312.694 - 0.193ms returns 0
T4824 000:312.719 JLINK_CORESIGHT_WriteAPDPReg(AP reg 0x01, 0x80011140)
T4824 000:312.916 - 0.196ms returns 0
T4824 000:312.943 JLINK_CORESIGHT_ReadAPDPReg(AP reg 0x03)
T4824 000:313.228   Value=0x00000002
T4824 000:313.255 - 0.312ms returns 0
T4824 000:313.269 JLINK_CORESIGHT_WriteAPDPReg(AP reg 0x00, 0x80000002)
T4824 000:313.451 - 0.181ms returns 0
T4824 000:313.478 JLINK_CORESIGHT_WriteAPDPReg(AP reg 0x01, 0x80011120)
T4824 000:313.668 - 0.190ms returns 0
T4824 000:313.685 JLINK_CORESIGHT_WriteAPDPReg(AP reg 0x03, 0x000003C5)
T4824 000:313.848 - 0.162ms returns 0
T4824 000:313.864 JLINK_CORESIGHT_WriteAPDPReg(AP reg 0x00, 0x80000002)
T4824 000:314.073 - 0.209ms returns 0
T4824 000:314.093 JLINK_CORESIGHT_WriteAPDPReg(AP reg 0x01, 0x80011140)
T4824 000:314.347 - 0.254ms returns 0
T4824 000:314.372 JLINK_CORESIGHT_ReadAPDPReg(AP reg 0x03)
T4824 000:314.617   Value=0x00000002
T4824 000:314.635 - 0.263ms returns 0
T4824 000:314.648 JLINK_CORESIGHT_ReadAPDPReg(AP reg 0x03)
T4824 000:314.861   Value=0x00000002
T4824 000:314.879 - 0.231ms returns 0
T4824 000:314.891 JLINK_CORESIGHT_ReadAPDPReg(AP reg 0x03)
T4824 000:315.097   Value=0x00000002
T4824 000:315.113 - 0.222ms returns 0
T4824 000:315.126 JLINK_CORESIGHT_ReadAPDPReg(AP reg 0x03)
T4824 000:315.605   Value=0x00000002
T4824 000:315.637 - 0.511ms returns 0
T4824 000:315.652 JLINK_CORESIGHT_ReadAPDPReg(AP reg 0x03)
T4824 000:315.895   Value=0x00000000
T4824 000:315.915 - 0.263ms returns 0
T4824 000:315.935 JLINK_CORESIGHT_WriteAPDPReg(AP reg 0x00, 0x80000002)
T4824 000:316.227 - 0.291ms returns 0
T4824 000:316.255 JLINK_CORESIGHT_WriteAPDPReg(AP reg 0x01, 0x80011130)
T4824 000:316.487 - 0.231ms returns 0
T4824 000:316.510 JLINK_CORESIGHT_ReadAPDPReg(AP reg 0x03)
T4824 000:316.722   Value=0x3A2A0081
T4824 000:316.740 - 0.230ms returns 0
T4824 000:316.753 JLINK_CORESIGHT_WriteAPDPReg(AP reg 0x00, 0x80000002)
T4824 000:316.916 - 0.163ms returns 0
T4824 000:316.930 JLINK_CORESIGHT_WriteAPDPReg(AP reg 0x01, 0x80011140)
T4824 000:317.089 - 0.158ms returns 0
T4824 000:317.108 JLINK_CORESIGHT_ReadAPDPReg(AP reg 0x03)
T4824 000:317.379   Value=0x00000000
T4824 000:317.391 - 0.283ms returns 0
T4824 000:317.399 JLINK_CORESIGHT_WriteAPDPReg(AP reg 0x00, 0x80000002)
T4824 000:317.608 - 0.209ms returns 0
T4824 000:317.618 JLINK_CORESIGHT_WriteAPDPReg(AP reg 0x01, 0x80011130)
T4824 000:317.777 - 0.159ms returns 0
T4824 000:317.785 JLINK_CORESIGHT_ReadAPDPReg(AP reg 0x03)
T4824 000:317.996   Value=0x80841E00
T4824 000:318.004 - 0.220ms returns 0
T4824 000:318.012 JLINK_CORESIGHT_WriteAPDPReg(AP reg 0x00, 0x80000002)
T4824 000:318.220 - 0.207ms returns 0
T4824 000:318.229 JLINK_CORESIGHT_WriteAPDPReg(AP reg 0x01, 0x80011140)
T4824 000:318.415 - 0.186ms returns 0
T4824 000:318.423 JLINK_CORESIGHT_ReadAPDPReg(AP reg 0x03)
T4824 000:318.634   Value=0x00000000
T4824 000:318.648 - 0.225ms returns 0
T4824 000:318.657 JLINK_CORESIGHT_WriteAPDPReg(AP reg 0x00, 0x80000002)
T4824 000:318.822 - 0.166ms returns 0
T4824 000:318.835 JLINK_CORESIGHT_WriteAPDPReg(AP reg 0x01, 0x80011130)
T4824 000:318.996 - 0.161ms returns 0
T4824 000:319.004 JLINK_CORESIGHT_ReadAPDPReg(AP reg 0x03)
T4824 000:319.221   Value=0x000D0803
T4824 000:319.230 - 0.226ms returns 0
T4824 000:319.237 JLINK_CORESIGHT_WriteAPDPReg(AP reg 0x00, 0x80000002)
T4824 000:319.415 - 0.179ms returns 0
T4824 000:319.423 JLINK_CORESIGHT_WriteAPDPReg(AP reg 0x01, 0x80011140)
T4824 000:319.586 - 0.163ms returns 0
T4824 000:319.594 JLINK_CORESIGHT_ReadAPDPReg(AP reg 0x03)
T4824 000:319.820   Value=0x00000000
T4824 000:319.828 - 0.234ms returns 0
T4824 000:319.835 JLINK_CORESIGHT_WriteAPDPReg(AP reg 0x00, 0x80000002)
T4824 000:319.997 - 0.161ms returns 0
T4824 000:320.004 JLINK_CORESIGHT_WriteAPDPReg(AP reg 0x01, 0x80011130)
T4824 000:320.219 - 0.214ms returns 0
T4824 000:320.227 JLINK_CORESIGHT_ReadAPDPReg(AP reg 0x03)
T4824 000:320.469   Value=0x31574B02
T4824 000:320.483 - 0.256ms returns 0
T4824 000:320.491 JLINK_CORESIGHT_WriteAPDPReg(AP reg 0x00, 0x80000002)
T4824 000:320.654 - 0.162ms returns 0
T4824 000:320.667 JLINK_CORESIGHT_WriteAPDPReg(AP reg 0x01, 0x80011140)
T4824 000:320.829 - 0.162ms returns 0
T4824 000:320.837 JLINK_CORESIGHT_ReadAPDPReg(AP reg 0x03)
T4824 000:321.043   Value=0x00000000
T4824 000:321.052 - 0.215ms returns 0
T4824 000:321.060 JLINK_CORESIGHT_WriteAPDPReg(AP reg 0x00, 0x80000002)
T4824 000:321.221 - 0.161ms returns 0
T4824 000:321.235 JLINK_CORESIGHT_WriteAPDPReg(AP reg 0x01, 0x80011130)
T4824 000:321.398 - 0.162ms returns 0
T4824 000:321.421 JLINK_CORESIGHT_ReadAPDPReg(AP reg 0x03)
T4824 000:321.654   Value=0x333A7674
T4824 000:321.671 - 0.250ms returns 0
T4824 000:321.684 JLINK_CORESIGHT_WriteAPDPReg(AP reg 0x00, 0x80000002)
T4824 000:321.846 - 0.162ms returns 0
T4824 000:321.861 JLINK_CORESIGHT_WriteAPDPReg(AP reg 0x01, 0x80011140)
T4824 000:322.074 - 0.212ms returns 0
T4824 000:322.086 JLINK_CORESIGHT_ReadAPDPReg(AP reg 0x03)
T4824 000:322.317   Value=0x00000000
T4824 000:322.327 - 0.240ms returns 0
T4824 000:322.336 JLINK_CORESIGHT_WriteAPDPReg(AP reg 0x00, 0x80000002)
T4824 000:322.517 - 0.181ms returns 0
T4824 000:322.526 JLINK_CORESIGHT_WriteAPDPReg(AP reg 0x01, 0x80011130)
T4824 000:322.689 - 0.163ms returns 0
T4824 000:322.697 JLINK_CORESIGHT_ReadAPDPReg(AP reg 0x03)
T4824 000:322.891   Value=0x30383334
T4824 000:322.899 - 0.202ms returns 0
T4824 000:322.907 JLINK_CORESIGHT_WriteAPDPReg(AP reg 0x00, 0x80000002)
T4824 000:323.063 - 0.156ms returns 0
T4824 000:323.074 JLINK_CORESIGHT_WriteAPDPReg(AP reg 0x01, 0x80011140)
T4824 000:323.221 - 0.147ms returns 0
T4824 000:323.229 JLINK_CORESIGHT_ReadAPDPReg(AP reg 0x03)
T4824 000:323.435   Value=0x00000000
T4824 000:323.443 - 0.214ms returns 0
T4824 000:323.451 JLINK_CORESIGHT_WriteAPDPReg(AP reg 0x00, 0x80000002)
T4824 000:323.606 - 0.154ms returns 0
T4824 000:323.614 JLINK_CORESIGHT_WriteAPDPReg(AP reg 0x01, 0x80011130)
T4824 000:323.781 - 0.167ms returns 0
T4824 000:323.788 JLINK_CORESIGHT_ReadAPDPReg(AP reg 0x03)
T4824 000:323.995   Value=0x11103130
T4824 000:324.003 - 0.214ms returns 0
T4824 000:324.011 JLINK_CORESIGHT_WriteAPDPReg(AP reg 0x00, 0x80000002)
T4824 000:324.224 - 0.213ms returns 0
T4824 000:324.250 JLINK_CORESIGHT_WriteAPDPReg(AP reg 0x01, 0x80011140)
T4824 000:324.449 - 0.199ms returns 0
T4824 000:324.472 JLINK_CORESIGHT_ReadAPDPReg(AP reg 0x03)
T4824 000:324.700   Value=0x00000000
T4824 000:324.714 - 0.241ms returns 0
T4824 000:324.723 JLINK_CORESIGHT_WriteAPDPReg(AP reg 0x00, 0x80000002)
T4824 000:324.893 - 0.169ms returns 0
T4824 000:324.901 JLINK_CORESIGHT_WriteAPDPReg(AP reg 0x01, 0x80011130)
T4824 000:325.069 - 0.168ms returns 0
T4824 000:325.077 JLINK_CORESIGHT_ReadAPDPReg(AP reg 0x03)
T4824 000:325.275   Value=0x4637520E
T4824 000:325.298 - 0.221ms returns 0
T4824 000:325.313 JLINK_CORESIGHT_WriteAPDPReg(AP reg 0x00, 0x80000002)
T4824 000:325.501 - 0.188ms returns 0
T4824 000:325.514 JLINK_CORESIGHT_WriteAPDPReg(AP reg 0x01, 0x80011140)
T4824 000:325.694 - 0.180ms returns 0
T4824 000:325.703 JLINK_CORESIGHT_ReadAPDPReg(AP reg 0x03)
T4824 000:325.893   Value=0x00000000
T4824 000:325.901 - 0.198ms returns 0
T4824 000:325.909 JLINK_CORESIGHT_WriteAPDPReg(AP reg 0x00, 0x80000002)
T4824 000:326.069 - 0.160ms returns 0
T4824 000:326.077 JLINK_CORESIGHT_WriteAPDPReg(AP reg 0x01, 0x80011130)
T4824 000:326.221 - 0.143ms returns 0
T4824 000:326.238 JLINK_CORESIGHT_ReadAPDPReg(AP reg 0x03)
T4824 000:326.472   Value=0x314C3441
T4824 000:326.490 - 0.251ms returns 0
T4824 000:326.504 JLINK_CORESIGHT_WriteAPDPReg(AP reg 0x00, 0x80000002)
T4824 000:326.671 - 0.167ms returns 0
T4824 000:326.683 JLINK_CORESIGHT_WriteAPDPReg(AP reg 0x01, 0x80011140)
T4824 000:326.842 - 0.159ms returns 0
T4824 000:326.850 JLINK_CORESIGHT_ReadAPDPReg(AP reg 0x03)
T4824 000:327.065   Value=0x00000000
T4824 000:327.073 - 0.223ms returns 0
T4824 000:327.081 JLINK_CORESIGHT_WriteAPDPReg(AP reg 0x00, 0x80000002)
T4824 000:327.246 - 0.165ms returns 0
T4824 000:327.255 JLINK_CORESIGHT_WriteAPDPReg(AP reg 0x01, 0x80011130)
T4824 000:327.423 - 0.168ms returns 0
T4824 000:327.432 JLINK_CORESIGHT_ReadAPDPReg(AP reg 0x03)
T4824 000:327.644   Value=0x43344442
T4824 000:327.652 - 0.220ms returns 0
T4824 000:327.660 JLINK_CORESIGHT_WriteAPDPReg(AP reg 0x00, 0x80000002)
T4824 000:327.819 - 0.159ms returns 0
T4824 000:327.827 JLINK_CORESIGHT_WriteAPDPReg(AP reg 0x01, 0x80011140)
T4824 000:327.981 - 0.153ms returns 0
T4824 000:327.989 JLINK_CORESIGHT_ReadAPDPReg(AP reg 0x03)
T4824 000:328.220   Value=0x00000000
T4824 000:328.228 - 0.239ms returns 0
T4824 000:328.235 JLINK_CORESIGHT_WriteAPDPReg(AP reg 0x00, 0x80000002)
T4824 000:328.398 - 0.162ms returns 0
T4824 000:328.425 JLINK_CORESIGHT_WriteAPDPReg(AP reg 0x01, 0x80011130)
T4824 000:328.600 - 0.175ms returns 0
T4824 000:328.618 JLINK_CORESIGHT_ReadAPDPReg(AP reg 0x03)
T4824 000:328.824   Value=0x20205046
T4824 000:328.837 - 0.219ms returns 0
T4824 000:328.854 JLINK_CORESIGHT_WriteAPDPReg(AP reg 0x00, 0x80000002)
T4824 000:329.022 - 0.168ms returns 0
T4824 000:329.084 JLINK_CORESIGHT_WriteAPDPReg(AP reg 0x01, 0x80011140)
T4824 000:330.049 - 0.964ms returns 0
T4824 000:330.084 JLINK_CORESIGHT_ReadAPDPReg(AP reg 0x03)
T4824 000:331.116   Value=0x00000000
T4824 000:331.179 - 1.094ms returns 0
T4824 000:331.415 JLINK_CORESIGHT_WriteAPDPReg(AP reg 0x00, 0x80000002)
T4824 000:331.668 - 0.252ms returns 0
T4824 000:331.699 JLINK_CORESIGHT_WriteAPDPReg(AP reg 0x01, 0x80011130)
T4824 000:331.897 - 0.198ms returns 0
T4824 000:331.919 JLINK_CORESIGHT_ReadAPDPReg(AP reg 0x03)
T4824 000:332.319   Value=0x00032320
T4824 000:332.349 - 0.429ms returns 0
T4824 000:332.476 JLINK_CORESIGHT_WriteAPDPReg(AP reg 0x00, 0x80000002)
T4824 000:332.729 - 0.252ms returns 0
T4824 000:332.754 JLINK_CORESIGHT_WriteAPDPReg(AP reg 0x01, 0x80011140)
T4824 000:332.978 - 0.224ms returns 0
T4824 000:333.005 JLINK_CORESIGHT_ReadAPDPReg(AP reg 0x03)
T4824 000:333.277   Value=0x00000002
T4824 000:333.308 - 0.303ms returns 0
T4824 000:333.323 JLINK_CORESIGHT_WriteAPDPReg(AP reg 0x00, 0x80000002)
T4824 000:333.525 - 0.201ms returns 0
T4824 000:333.549 JLINK_CORESIGHT_WriteAPDPReg(AP reg 0x01, 0x80011120)
T4824 000:333.754 - 0.205ms returns 0
T4824 000:333.772 JLINK_CORESIGHT_WriteAPDPReg(AP reg 0x03, 0x2C010001)
T4824 000:333.947 - 0.175ms returns 0
T4824 000:333.963 JLINK_CORESIGHT_WriteAPDPReg(AP reg 0x00, 0x80000002)
T4824 000:334.179 - 0.216ms returns 0
T4824 000:334.204 JLINK_CORESIGHT_WriteAPDPReg(AP reg 0x01, 0x80011140)
T4824 000:334.395 - 0.191ms returns 0
T4824 000:334.414 JLINK_CORESIGHT_ReadAPDPReg(AP reg 0x03)
T4824 000:334.650   Value=0x00000002
T4824 000:334.686 - 0.271ms returns 0
T4824 000:334.715 JLINK_CORESIGHT_WriteAPDPReg(AP reg 0x00, 0x80000002)
T4824 000:334.893 - 0.177ms returns 0
T4824 000:334.915 JLINK_CORESIGHT_WriteAPDPReg(AP reg 0x01, 0x80011120)
T4824 000:335.101 - 0.185ms returns 0
T4824 000:335.116 JLINK_CORESIGHT_WriteAPDPReg(AP reg 0x03, 0x000003D3)
T4824 000:335.353 - 0.236ms returns 0
T4824 000:335.368 JLINK_CORESIGHT_WriteAPDPReg(AP reg 0x00, 0x80000002)
T4824 000:335.543 - 0.174ms returns 0
T4824 000:335.550 JLINK_CORESIGHT_WriteAPDPReg(AP reg 0x01, 0x80011140)
T4824 000:335.723 - 0.173ms returns 0
T4824 000:335.732 JLINK_CORESIGHT_ReadAPDPReg(AP reg 0x03)
T4824 000:335.948   Value=0x00000002
T4824 000:335.956 - 0.224ms returns 0
T4824 000:335.963 JLINK_CORESIGHT_ReadAPDPReg(AP reg 0x03)
T4824 000:336.147   Value=0x00000002
T4824 000:336.157 - 0.194ms returns 0
T4824 000:336.165 JLINK_CORESIGHT_ReadAPDPReg(AP reg 0x03)
T4824 000:336.373   Value=0x00000002
T4824 000:336.383 - 0.218ms returns 0
T4824 000:336.392 JLINK_CORESIGHT_ReadAPDPReg(AP reg 0x03)
T4824 000:336.593   Value=0x00000002
T4824 000:336.602 - 0.210ms returns 0
T4824 000:336.610 JLINK_CORESIGHT_ReadAPDPReg(AP reg 0x03)
T4824 000:336.804   Value=0x00000002
T4824 000:336.830 - 0.220ms returns 0
T4824 000:336.844 JLINK_CORESIGHT_ReadAPDPReg(AP reg 0x03)
T4824 000:337.057   Value=0x00000002
T4824 000:337.065 - 0.221ms returns 0
T4824 000:337.073 JLINK_CORESIGHT_ReadAPDPReg(AP reg 0x03)
T4824 000:337.272   Value=0x00000002
T4824 000:337.282 - 0.209ms returns 0
T4824 000:337.290 JLINK_CORESIGHT_ReadAPDPReg(AP reg 0x03)
T4824 000:337.494   Value=0x00000000
T4824 000:337.503 - 0.212ms returns 0
T4824 000:337.510 JLINK_CORESIGHT_WriteAPDPReg(AP reg 0x00, 0x80000002)
T4824 000:337.673 - 0.162ms returns 0
T4824 000:337.680 JLINK_CORESIGHT_WriteAPDPReg(AP reg 0x01, 0x80011130)
T4824 000:337.849 - 0.169ms returns 0
T4824 000:337.857 JLINK_CORESIGHT_ReadAPDPReg(AP reg 0x03)
T4824 000:338.054   Value=0x2C020081
T4824 000:338.063 - 0.206ms returns 0
T4824 000:338.070 JLINK_CORESIGHT_WriteAPDPReg(AP reg 0x00, 0x80000002)
T4824 000:338.220 - 0.150ms returns 0
T4824 000:338.227 JLINK_CORESIGHT_WriteAPDPReg(AP reg 0x01, 0x80011140)
T4824 000:338.376 - 0.148ms returns 0
T4824 000:338.383 JLINK_CORESIGHT_ReadAPDPReg(AP reg 0x03)
T4824 000:338.598   Value=0x00000000
T4824 000:338.606 - 0.222ms returns 0
T4824 000:338.613 JLINK_CORESIGHT_WriteAPDPReg(AP reg 0x00, 0x80000002)
T4824 000:338.752 - 0.139ms returns 0
T4824 000:338.759 JLINK_CORESIGHT_WriteAPDPReg(AP reg 0x01, 0x80011130)
T4824 000:338.913 - 0.153ms returns 0
T4824 000:338.920 JLINK_CORESIGHT_ReadAPDPReg(AP reg 0x03)
T4824 000:339.128   Value=0x0003D002
T4824 000:339.146 - 0.226ms returns 0
T4824 000:339.161 JLINK_CORESIGHT_WriteAPDPReg(AP reg 0x00, 0x80000002)
T4824 000:339.357 - 0.196ms returns 0
T4824 000:339.365 JLINK_CORESIGHT_WriteAPDPReg(AP reg 0x01, 0x80011140)
T4824 000:339.570 - 0.205ms returns 0
T4824 000:339.579 JLINK_CORESIGHT_ReadAPDPReg(AP reg 0x03)
T4824 000:339.769   Value=0x00000002
T4824 000:339.778 - 0.198ms returns 0
T4824 000:339.785 JLINK_CORESIGHT_WriteAPDPReg(AP reg 0x00, 0x80000002)
T4824 000:339.945 - 0.160ms returns 0
T4824 000:339.952 JLINK_CORESIGHT_WriteAPDPReg(AP reg 0x01, 0x80011120)
T4824 000:340.127 - 0.175ms returns 0
T4824 000:340.146 JLINK_CORESIGHT_WriteAPDPReg(AP reg 0x03, 0x4F010001)
T4824 000:340.349 - 0.203ms returns 0
T4824 000:340.361 JLINK_CORESIGHT_WriteAPDPReg(AP reg 0x00, 0x80000002)
T4824 000:340.521 - 0.160ms returns 0
T4824 000:340.534 JLINK_CORESIGHT_WriteAPDPReg(AP reg 0x01, 0x80011140)
T4824 000:340.695 - 0.161ms returns 0
T4824 000:340.705 JLINK_CORESIGHT_ReadAPDPReg(AP reg 0x03)
T4824 000:340.922   Value=0x00000002
T4824 000:340.931 - 0.226ms returns 0
T4824 000:340.938 JLINK_CORESIGHT_WriteAPDPReg(AP reg 0x00, 0x80000002)
T4824 000:341.115 - 0.176ms returns 0
T4824 000:341.122 JLINK_CORESIGHT_WriteAPDPReg(AP reg 0x01, 0x80011120)
T4824 000:341.334 - 0.212ms returns 0
T4824 000:341.343 JLINK_CORESIGHT_WriteAPDPReg(AP reg 0x03, 0x000003B0)
T4824 000:341.514 - 0.171ms returns 0
T4824 000:341.522 JLINK_CORESIGHT_WriteAPDPReg(AP reg 0x00, 0x80000002)
T4824 000:341.733 - 0.211ms returns 0
T4824 000:341.740 JLINK_CORESIGHT_WriteAPDPReg(AP reg 0x01, 0x80011140)
T4824 000:341.946 - 0.206ms returns 0
T4824 000:341.954 JLINK_CORESIGHT_ReadAPDPReg(AP reg 0x03)
T4824 000:342.221   Value=0x00000000
T4824 000:342.230 - 0.276ms returns 0
T4824 000:342.238 JLINK_CORESIGHT_WriteAPDPReg(AP reg 0x00, 0x80000002)
T4824 000:342.407 - 0.168ms returns 0
T4824 000:342.414 JLINK_CORESIGHT_WriteAPDPReg(AP reg 0x01, 0x80011130)
T4824 000:342.580 - 0.166ms returns 0
T4824 000:342.588 JLINK_CORESIGHT_ReadAPDPReg(AP reg 0x03)
T4824 000:342.794   Value=0x4F0B0081
T4824 000:342.802 - 0.214ms returns 0
T4824 000:342.809 JLINK_CORESIGHT_WriteAPDPReg(AP reg 0x00, 0x80000002)
T4824 000:342.969 - 0.160ms returns 0
T4824 000:342.976 JLINK_CORESIGHT_WriteAPDPReg(AP reg 0x01, 0x80011140)
T4824 000:343.153 - 0.176ms returns 0
T4824 000:343.178 JLINK_CORESIGHT_ReadAPDPReg(AP reg 0x03)
T4824 000:343.392   Value=0x00000000
T4824 000:343.403 - 0.225ms returns 0
T4824 000:343.411 JLINK_CORESIGHT_WriteAPDPReg(AP reg 0x00, 0x80000002)
T4824 000:343.563 - 0.152ms returns 0
T4824 000:343.571 JLINK_CORESIGHT_WriteAPDPReg(AP reg 0x01, 0x80011130)
T4824 000:343.751 - 0.180ms returns 0
T4824 000:343.759 JLINK_CORESIGHT_ReadAPDPReg(AP reg 0x03)
T4824 000:343.969   Value=0x20000F00
T4824 000:343.978 - 0.219ms returns 0
T4824 000:343.985 JLINK_CORESIGHT_WriteAPDPReg(AP reg 0x00, 0x80000002)
T4824 000:344.150 - 0.164ms returns 0
T4824 000:344.164 JLINK_CORESIGHT_WriteAPDPReg(AP reg 0x01, 0x80011140)
T4824 000:344.372 - 0.208ms returns 0
T4824 000:344.383 JLINK_CORESIGHT_ReadAPDPReg(AP reg 0x03)
T4824 000:344.586   Value=0x00000000
T4824 000:344.595 - 0.211ms returns 0
T4824 000:344.602 JLINK_CORESIGHT_WriteAPDPReg(AP reg 0x00, 0x80000002)
T4824 000:344.765 - 0.163ms returns 0
T4824 000:344.773 JLINK_CORESIGHT_WriteAPDPReg(AP reg 0x01, 0x80011130)
T4824 000:344.937 - 0.164ms returns 0
T4824 000:344.944 JLINK_CORESIGHT_ReadAPDPReg(AP reg 0x03)
T4824 000:345.220   Value=0x0B000000
T4824 000:345.230 - 0.285ms returns 0
T4824 000:345.238 JLINK_CORESIGHT_WriteAPDPReg(AP reg 0x00, 0x80000002)
T4824 000:345.398 - 0.159ms returns 0
T4824 000:345.425 JLINK_CORESIGHT_WriteAPDPReg(AP reg 0x01, 0x80011140)
T4824 000:345.628 - 0.202ms returns 0
T4824 000:345.647 JLINK_CORESIGHT_ReadAPDPReg(AP reg 0x03)
T4824 000:345.905   Value=0x00000000
T4824 000:345.935 - 0.287ms returns 0
T4824 000:345.950 JLINK_CORESIGHT_WriteAPDPReg(AP reg 0x00, 0x80000002)
T4824 000:346.254 - 0.303ms returns 0
T4824 000:346.291 JLINK_CORESIGHT_WriteAPDPReg(AP reg 0x01, 0x80011130)
T4824 000:346.533 - 0.242ms returns 0
T4824 000:346.560 JLINK_CORESIGHT_ReadAPDPReg(AP reg 0x03)
T4824 000:346.835   Value=0x035C1000
T4824 000:346.860 - 0.300ms returns 0
T4824 000:346.990 JLINK_CORESIGHT_WriteAPDPReg(AP reg 0x00, 0x80000002)
T4824 000:347.352 - 0.361ms returns 0
T4824 000:347.379 JLINK_CORESIGHT_WriteAPDPReg(AP reg 0x01, 0x80011140)
T4824 000:347.738 - 0.359ms returns 0
T4824 000:347.765 JLINK_CORESIGHT_ReadAPDPReg(AP reg 0x03)
T4824 000:348.042   Value=0x00000002
T4824 000:348.071 - 0.306ms returns 0
T4824 000:348.087 JLINK_CORESIGHT_WriteAPDPReg(AP reg 0x00, 0x80000002)
T4824 000:348.269 - 0.182ms returns 0
T4824 000:348.290 JLINK_CORESIGHT_WriteAPDPReg(AP reg 0x01, 0x80011120)
T4824 000:348.485 - 0.194ms returns 0
T4824 000:348.499 JLINK_CORESIGHT_WriteAPDPReg(AP reg 0x03, 0x2C010001)
T4824 000:348.669 - 0.170ms returns 0
T4824 000:348.688 JLINK_CORESIGHT_WriteAPDPReg(AP reg 0x00, 0x80000002)
T4824 000:348.843 - 0.155ms returns 0
T4824 000:348.850 JLINK_CORESIGHT_WriteAPDPReg(AP reg 0x01, 0x80011140)
T4824 000:349.019 - 0.169ms returns 0
T4824 000:349.027 JLINK_CORESIGHT_ReadAPDPReg(AP reg 0x03)
T4824 000:349.220   Value=0x00000002
T4824 000:349.229 - 0.202ms returns 0
T4824 000:349.237 JLINK_CORESIGHT_WriteAPDPReg(AP reg 0x00, 0x80000002)
T4824 000:349.395 - 0.158ms returns 0
T4824 000:349.403 JLINK_CORESIGHT_WriteAPDPReg(AP reg 0x01, 0x80011120)
T4824 000:349.570 - 0.167ms returns 0
T4824 000:349.587 JLINK_CORESIGHT_WriteAPDPReg(AP reg 0x03, 0x000003D3)
T4824 000:349.791 - 0.203ms returns 0
T4824 000:349.799 JLINK_CORESIGHT_WriteAPDPReg(AP reg 0x00, 0x80000002)
T4824 000:350.094 - 0.295ms returns 0
T4824 000:350.106 JLINK_CORESIGHT_WriteAPDPReg(AP reg 0x01, 0x80011140)
T4824 000:350.274 - 0.168ms returns 0
T4824 000:350.283 JLINK_CORESIGHT_ReadAPDPReg(AP reg 0x03)
T4824 000:350.518   Value=0x00000002
T4824 000:350.528 - 0.245ms returns 0
T4824 000:350.535 JLINK_CORESIGHT_ReadAPDPReg(AP reg 0x03)
T4824 000:350.733   Value=0x00000002
T4824 000:350.741 - 0.206ms returns 0
T4824 000:350.748 JLINK_CORESIGHT_ReadAPDPReg(AP reg 0x03)
T4824 000:350.934   Value=0x00000002
T4824 000:350.942 - 0.194ms returns 0
T4824 000:350.949 JLINK_CORESIGHT_ReadAPDPReg(AP reg 0x03)
T4824 000:351.221   Value=0x00000002
T4824 000:351.231 - 0.282ms returns 0
T4824 000:351.238 JLINK_CORESIGHT_ReadAPDPReg(AP reg 0x03)
T4824 000:351.436   Value=0x00000002
T4824 000:351.444 - 0.206ms returns 0
T4824 000:351.451 JLINK_CORESIGHT_ReadAPDPReg(AP reg 0x03)
T4824 000:351.656   Value=0x00000002
T4824 000:351.683 - 0.231ms returns 0
T4824 000:351.697 JLINK_CORESIGHT_ReadAPDPReg(AP reg 0x03)
T4824 000:351.916   Value=0x00000000
T4824 000:351.928 - 0.231ms returns 0
T4824 000:351.936 JLINK_CORESIGHT_WriteAPDPReg(AP reg 0x00, 0x80000002)
T4824 000:352.114 - 0.178ms returns 0
T4824 000:352.121 JLINK_CORESIGHT_WriteAPDPReg(AP reg 0x01, 0x80011130)
T4824 000:352.335 - 0.213ms returns 0
T4824 000:352.344 JLINK_CORESIGHT_ReadAPDPReg(AP reg 0x03)
T4824 000:352.556   Value=0x2C020081
T4824 000:352.565 - 0.221ms returns 0
T4824 000:352.572 JLINK_CORESIGHT_WriteAPDPReg(AP reg 0x00, 0x80000002)
T4824 000:352.733 - 0.161ms returns 0
T4824 000:352.740 JLINK_CORESIGHT_WriteAPDPReg(AP reg 0x01, 0x80011140)
T4824 000:352.900 - 0.160ms returns 0
T4824 000:352.908 JLINK_CORESIGHT_ReadAPDPReg(AP reg 0x03)
T4824 000:353.223   Value=0x00000000
T4824 000:353.247 - 0.339ms returns 0
T4824 000:353.263 JLINK_CORESIGHT_WriteAPDPReg(AP reg 0x00, 0x80000002)
T4824 000:353.463 - 0.200ms returns 0
T4824 000:353.480 JLINK_CORESIGHT_WriteAPDPReg(AP reg 0x01, 0x80011130)
T4824 000:353.646 - 0.165ms returns 0
T4824 000:353.662 JLINK_CORESIGHT_ReadAPDPReg(AP reg 0x03)
T4824 000:353.895   Value=0x0003D002
T4824 000:353.913 - 0.251ms returns 0
T4824 000:353.976 JLINK_CORESIGHT_WriteAPDPReg(AP reg 0x00, 0x80000002)
T4824 000:354.224 - 0.248ms returns 0
T4824 000:354.247 JLINK_CORESIGHT_WriteAPDPReg(AP reg 0x01, 0x80011140)
T4824 000:354.438 - 0.191ms returns 0
T4824 000:354.454 JLINK_CORESIGHT_ReadAPDPReg(AP reg 0x03)
T4824 000:354.663   Value=0x00000002
T4824 000:354.681 - 0.226ms returns 0
T4824 000:354.694 JLINK_CORESIGHT_WriteAPDPReg(AP reg 0x00, 0x80000002)
T4824 000:354.879 - 0.185ms returns 0
T4824 000:354.897 JLINK_CORESIGHT_WriteAPDPReg(AP reg 0x01, 0x80011120)
T4824 000:355.065 - 0.168ms returns 0
T4824 000:355.076 JLINK_CORESIGHT_WriteAPDPReg(AP reg 0x03, 0x4E0B0001)
T4824 000:355.266 - 0.190ms returns 0
T4824 000:355.281 JLINK_CORESIGHT_WriteAPDPReg(AP reg 0x00, 0x80000002)
T4824 000:355.436 - 0.155ms returns 0
T4824 000:355.444 JLINK_CORESIGHT_WriteAPDPReg(AP reg 0x01, 0x80011140)
T4824 000:355.608 - 0.164ms returns 0
T4824 000:355.616 JLINK_CORESIGHT_ReadAPDPReg(AP reg 0x03)
T4824 000:355.809   Value=0x00000002
T4824 000:355.818 - 0.201ms returns 0
T4824 000:355.825 JLINK_CORESIGHT_WriteAPDPReg(AP reg 0x00, 0x80000002)
T4824 000:355.980 - 0.154ms returns 0
T4824 000:355.987 JLINK_CORESIGHT_WriteAPDPReg(AP reg 0x01, 0x80011120)
T4824 000:356.224 - 0.236ms returns 0
T4824 000:356.240 JLINK_CORESIGHT_WriteAPDPReg(AP reg 0x03, 0x20001200)
T4824 000:356.444 - 0.204ms returns 0
T4824 000:356.453 JLINK_CORESIGHT_WriteAPDPReg(AP reg 0x00, 0x80000002)
T4824 000:356.621 - 0.167ms returns 0
T4824 000:356.628 JLINK_CORESIGHT_WriteAPDPReg(AP reg 0x01, 0x80011140)
T4824 000:356.797 - 0.169ms returns 0
T4824 000:356.805 JLINK_CORESIGHT_ReadAPDPReg(AP reg 0x03)
T4824 000:357.016   Value=0x00000002
T4824 000:357.025 - 0.220ms returns 0
T4824 000:357.032 JLINK_CORESIGHT_WriteAPDPReg(AP reg 0x00, 0x80000002)
T4824 000:357.220 - 0.188ms returns 0
T4824 000:357.229 JLINK_CORESIGHT_WriteAPDPReg(AP reg 0x01, 0x80011120)
T4824 000:357.393 - 0.163ms returns 0
T4824 000:357.400 JLINK_CORESIGHT_WriteAPDPReg(AP reg 0x03, 0x0B000000)
T4824 000:357.569 - 0.168ms returns 0
T4824 000:357.577 JLINK_CORESIGHT_WriteAPDPReg(AP reg 0x00, 0x80000002)
T4824 000:357.723 - 0.146ms returns 0
T4824 000:357.730 JLINK_CORESIGHT_WriteAPDPReg(AP reg 0x01, 0x80011140)
T4824 000:357.877 - 0.146ms returns 0
T4824 000:357.884 JLINK_CORESIGHT_ReadAPDPReg(AP reg 0x03)
T4824 000:358.097   Value=0x00000002
T4824 000:358.106 - 0.222ms returns 0
T4824 000:358.113 JLINK_CORESIGHT_WriteAPDPReg(AP reg 0x00, 0x80000002)
T4824 000:358.349 - 0.236ms returns 0
T4824 000:358.356 JLINK_CORESIGHT_WriteAPDPReg(AP reg 0x01, 0x80011120)
T4824 000:358.500 - 0.143ms returns 0
T4824 000:358.507 JLINK_CORESIGHT_WriteAPDPReg(AP reg 0x03, 0x035A1000)
T4824 000:358.673 - 0.166ms returns 0
T4824 000:358.680 JLINK_CORESIGHT_WriteAPDPReg(AP reg 0x00, 0x80000002)
T4824 000:358.847 - 0.166ms returns 0
T4824 000:358.854 JLINK_CORESIGHT_WriteAPDPReg(AP reg 0x01, 0x80011140)
T4824 000:358.998 - 0.144ms returns 0
T4824 000:359.007 JLINK_CORESIGHT_ReadAPDPReg(AP reg 0x03)
T4824 000:359.221   Value=0x00000002
T4824 000:359.231 - 0.223ms returns 0
T4824 000:359.238 JLINK_CORESIGHT_ReadAPDPReg(AP reg 0x03)
T4824 000:359.422   Value=0x00000002
T4824 000:359.430 - 0.192ms returns 0
T4824 000:359.437 JLINK_CORESIGHT_ReadAPDPReg(AP reg 0x03)
T4824 000:359.629   Value=0x00000002
T4824 000:359.637 - 0.200ms returns 0
T4824 000:359.644 JLINK_CORESIGHT_ReadAPDPReg(AP reg 0x03)
T4824 000:359.847   Value=0x00000002
T4824 000:359.855 - 0.211ms returns 0
T4824 000:359.862 JLINK_CORESIGHT_ReadAPDPReg(AP reg 0x03)
T4824 000:360.055   Value=0x00000002
T4824 000:360.063 - 0.201ms returns 0
T4824 000:360.070 JLINK_CORESIGHT_ReadAPDPReg(AP reg 0x03)
T4824 000:360.270   Value=0x00000002
T4824 000:360.280 - 0.209ms returns 0
T4824 000:360.287 JLINK_CORESIGHT_ReadAPDPReg(AP reg 0x03)
T4824 000:360.494   Value=0x00000002
T4824 000:360.502 - 0.215ms returns 0
T4824 000:360.509 JLINK_CORESIGHT_ReadAPDPReg(AP reg 0x03)
T4824 000:360.694   Value=0x00000002
T4824 000:360.703 - 0.193ms returns 0
T4824 000:360.709 JLINK_CORESIGHT_ReadAPDPReg(AP reg 0x03)
T4824 000:360.893   Value=0x00000002
T4824 000:360.901 - 0.191ms returns 0
T4824 000:360.908 JLINK_CORESIGHT_ReadAPDPReg(AP reg 0x03)
T4824 000:361.098   Value=0x00000002
T4824 000:361.106 - 0.198ms returns 0
T4824 000:361.113 JLINK_CORESIGHT_ReadAPDPReg(AP reg 0x03)
T4824 000:361.310   Value=0x00000002
T4824 000:361.353 - 0.240ms returns 0
T4824 000:361.376 JLINK_CORESIGHT_ReadAPDPReg(AP reg 0x03)
T4824 000:361.598   Value=0x00000002
T4824 000:361.609 - 0.232ms returns 0
T4824 000:361.617 JLINK_CORESIGHT_ReadAPDPReg(AP reg 0x03)
T4824 000:361.823   Value=0x00000002
T4824 000:361.831 - 0.215ms returns 0
T4824 000:361.838 JLINK_CORESIGHT_ReadAPDPReg(AP reg 0x03)
T4824 000:362.020   Value=0x00000002
T4824 000:362.029 - 0.190ms returns 0
T4824 000:362.035 JLINK_CORESIGHT_ReadAPDPReg(AP reg 0x03)
T4824 000:362.220   Value=0x00000002
T4824 000:362.230 - 0.194ms returns 0
T4824 000:362.237 JLINK_CORESIGHT_ReadAPDPReg(AP reg 0x03)
T4824 000:362.436   Value=0x00000002
T4824 000:362.465 - 0.227ms returns 0
T4824 000:362.479 JLINK_CORESIGHT_ReadAPDPReg(AP reg 0x03)
T4824 000:362.697   Value=0x00000002
T4824 000:362.738 - 0.258ms returns 0
T4824 000:362.753 JLINK_CORESIGHT_ReadAPDPReg(AP reg 0x03)
T4824 000:362.976   Value=0x00000002
T4824 000:363.001 - 0.248ms returns 0
T4824 000:363.015 JLINK_CORESIGHT_ReadAPDPReg(AP reg 0x03)
T4824 000:363.255   Value=0x00000002
T4824 000:363.272 - 0.256ms returns 0
T4824 000:363.280 JLINK_CORESIGHT_ReadAPDPReg(AP reg 0x03)
T4824 000:363.499   Value=0x00000002
T4824 000:363.527 - 0.246ms returns 0
T4824 000:363.541 JLINK_CORESIGHT_ReadAPDPReg(AP reg 0x03)
T4824 000:363.754   Value=0x00000002
T4824 000:363.770 - 0.229ms returns 0
T4824 000:363.779 JLINK_CORESIGHT_ReadAPDPReg(AP reg 0x03)
T4824 000:363.970   Value=0x00000002
T4824 000:363.979 - 0.200ms returns 0
T4824 000:363.987 JLINK_CORESIGHT_ReadAPDPReg(AP reg 0x03)
T4824 000:364.225   Value=0x00000002
T4824 000:364.249 - 0.262ms returns 0
T4824 000:364.264 JLINK_CORESIGHT_ReadAPDPReg(AP reg 0x03)
T4824 000:364.472   Value=0x00000002
T4824 000:364.489 - 0.225ms returns 0
T4824 000:364.502 JLINK_CORESIGHT_ReadAPDPReg(AP reg 0x03)
T4824 000:364.719   Value=0x00000002
T4824 000:364.736 - 0.234ms returns 0
T4824 000:364.748 JLINK_CORESIGHT_ReadAPDPReg(AP reg 0x03)
T4824 000:364.948   Value=0x00000002
T4824 000:364.965 - 0.217ms returns 0
T4824 000:364.978 JLINK_CORESIGHT_ReadAPDPReg(AP reg 0x03)
T4824 000:365.224   Value=0x00000002
T4824 000:365.247 - 0.269ms returns 0
T4824 000:365.261 JLINK_CORESIGHT_ReadAPDPReg(AP reg 0x03)
T4824 000:365.479   Value=0x00000002
T4824 000:365.496 - 0.235ms returns 0
T4824 000:365.505 JLINK_CORESIGHT_ReadAPDPReg(AP reg 0x03)
T4824 000:365.728   Value=0x00000002
T4824 000:365.739 - 0.234ms returns 0
T4824 000:365.766 JLINK_CORESIGHT_ReadAPDPReg(AP reg 0x03)
T4824 000:365.982   Value=0x00000002
T4824 000:365.992 - 0.226ms returns 0
T4824 000:366.000 JLINK_CORESIGHT_ReadAPDPReg(AP reg 0x03)
T4824 000:366.221   Value=0x00000002
T4824 000:366.232 - 0.232ms returns 0
T4824 000:366.240 JLINK_CORESIGHT_ReadAPDPReg(AP reg 0x03)
T4824 000:366.445   Value=0x00000002
T4824 000:366.455 - 0.215ms returns 0
T4824 000:366.463 JLINK_CORESIGHT_ReadAPDPReg(AP reg 0x03)
T4824 000:366.644   Value=0x00000002
T4824 000:366.652 - 0.189ms returns 0
T4824 000:366.659 JLINK_CORESIGHT_ReadAPDPReg(AP reg 0x03)
T4824 000:366.843   Value=0x00000002
T4824 000:366.852 - 0.193ms returns 0
T4824 000:366.858 JLINK_CORESIGHT_ReadAPDPReg(AP reg 0x03)
T4824 000:367.057   Value=0x00000002
T4824 000:367.065 - 0.206ms returns 0
T4824 000:367.072 JLINK_CORESIGHT_ReadAPDPReg(AP reg 0x03)
T4824 000:367.279   Value=0x00000002
T4824 000:367.292 - 0.220ms returns 0
T4824 000:367.300 JLINK_CORESIGHT_ReadAPDPReg(AP reg 0x03)
T4824 000:367.494   Value=0x00000002
T4824 000:367.502 - 0.202ms returns 0
T4824 000:367.509 JLINK_CORESIGHT_ReadAPDPReg(AP reg 0x03)
T4824 000:367.694   Value=0x00000002
T4824 000:367.703 - 0.193ms returns 0
T4824 000:367.709 JLINK_CORESIGHT_ReadAPDPReg(AP reg 0x03)
T4824 000:367.893   Value=0x00000002
T4824 000:367.901 - 0.191ms returns 0
T4824 000:367.908 JLINK_CORESIGHT_ReadAPDPReg(AP reg 0x03)
T4824 000:368.098   Value=0x00000002
T4824 000:368.106 - 0.198ms returns 0
T4824 000:368.113 JLINK_CORESIGHT_ReadAPDPReg(AP reg 0x03)
T4824 000:368.305   Value=0x00000002
T4824 000:368.314 - 0.201ms returns 0
T4824 000:368.324 JLINK_CORESIGHT_ReadAPDPReg(AP reg 0x03)
T4824 000:368.520   Value=0x00000002
T4824 000:368.528 - 0.203ms returns 0
T4824 000:368.535 JLINK_CORESIGHT_ReadAPDPReg(AP reg 0x03)
T4824 000:368.723   Value=0x00000002
T4824 000:368.731 - 0.196ms returns 0
T4824 000:368.738 JLINK_CORESIGHT_ReadAPDPReg(AP reg 0x03)
T4824 000:368.924   Value=0x00000002
T4824 000:368.932 - 0.194ms returns 0
T4824 000:368.939 JLINK_CORESIGHT_ReadAPDPReg(AP reg 0x03)
T4824 000:369.128   Value=0x00000002
T4824 000:369.151 - 0.212ms returns 0
T4824 000:369.159 JLINK_CORESIGHT_ReadAPDPReg(AP reg 0x03)
T4824 000:369.376   Value=0x00000002
T4824 000:369.387 - 0.228ms returns 0
T4824 000:369.395 JLINK_CORESIGHT_ReadAPDPReg(AP reg 0x03)
T4824 000:369.594   Value=0x00000002
T4824 000:369.602 - 0.207ms returns 0
T4824 000:369.609 JLINK_CORESIGHT_ReadAPDPReg(AP reg 0x03)
T4824 000:369.798   Value=0x00000002
T4824 000:369.807 - 0.198ms returns 0
T4824 000:369.814 JLINK_CORESIGHT_ReadAPDPReg(AP reg 0x03)
T4824 000:369.995   Value=0x00000002
T4824 000:370.003 - 0.189ms returns 0
T4824 000:370.010 JLINK_CORESIGHT_ReadAPDPReg(AP reg 0x03)
T4824 000:370.258   Value=0x00000002
T4824 000:370.269 - 0.258ms returns 0
T4824 000:370.276 JLINK_CORESIGHT_ReadAPDPReg(AP reg 0x03)
T4824 000:370.469   Value=0x00000002
T4824 000:370.480 - 0.203ms returns 0
T4824 000:370.487 JLINK_CORESIGHT_ReadAPDPReg(AP reg 0x03)
T4824 000:370.695   Value=0x00000002
T4824 000:370.703 - 0.216ms returns 0
T4824 000:370.710 JLINK_CORESIGHT_ReadAPDPReg(AP reg 0x03)
T4824 000:370.893   Value=0x00000002
T4824 000:370.901 - 0.190ms returns 0
T4824 000:370.908 JLINK_CORESIGHT_ReadAPDPReg(AP reg 0x03)
T4824 000:371.097   Value=0x00000002
T4824 000:371.106 - 0.198ms returns 0
T4824 000:371.112 JLINK_CORESIGHT_ReadAPDPReg(AP reg 0x03)
T4824 000:371.306   Value=0x00000002
T4824 000:371.316 - 0.203ms returns 0
T4824 000:371.323 JLINK_CORESIGHT_ReadAPDPReg(AP reg 0x03)
T4824 000:371.519   Value=0x00000002
T4824 000:371.528 - 0.204ms returns 0
T4824 000:371.535 JLINK_CORESIGHT_ReadAPDPReg(AP reg 0x03)
T4824 000:371.723   Value=0x00000002
T4824 000:371.731 - 0.196ms returns 0
T4824 000:371.738 JLINK_CORESIGHT_ReadAPDPReg(AP reg 0x03)
T4824 000:371.923   Value=0x00000002
T4824 000:371.931 - 0.193ms returns 0
T4824 000:371.938 JLINK_CORESIGHT_ReadAPDPReg(AP reg 0x03)
T4824 000:372.152   Value=0x00000000
T4824 000:372.177 - 0.238ms returns 0
T4824 000:372.185 JLINK_CORESIGHT_WriteAPDPReg(AP reg 0x00, 0x80000002)
T4824 000:372.344 - 0.159ms returns 0
T4824 000:372.352 JLINK_CORESIGHT_WriteAPDPReg(AP reg 0x01, 0x80011130)
T4824 000:372.516 - 0.164ms returns 0
T4824 000:372.524 JLINK_CORESIGHT_ReadAPDPReg(AP reg 0x03)
T4824 000:372.723   Value=0x4E0A0081
T4824 000:372.731 - 0.207ms returns 0
T4824 000:372.738 JLINK_CORESIGHT_WriteAPDPReg(AP reg 0x00, 0x80000002)
T4824 000:372.893 - 0.155ms returns 0
T4824 000:372.900 JLINK_CORESIGHT_WriteAPDPReg(AP reg 0x01, 0x80011140)
T4824 000:373.070 - 0.169ms returns 0
T4824 000:373.077 JLINK_CORESIGHT_ReadAPDPReg(AP reg 0x03)
T4824 000:373.270   Value=0x00000000
T4824 000:373.280 - 0.203ms returns 0
T4824 000:373.287 JLINK_CORESIGHT_WriteAPDPReg(AP reg 0x00, 0x80000002)
T4824 000:373.445 - 0.157ms returns 0
T4824 000:373.452 JLINK_CORESIGHT_WriteAPDPReg(AP reg 0x01, 0x80011130)
T4824 000:373.658 - 0.205ms returns 0
T4824 000:373.672 JLINK_CORESIGHT_ReadAPDPReg(AP reg 0x03)
T4824 000:373.894   Value=0xFFFFFF00
T4824 000:373.904 - 0.232ms returns 0
T4824 000:373.912 JLINK_CORESIGHT_WriteAPDPReg(AP reg 0x00, 0x80000002)
T4824 000:374.086 - 0.173ms returns 0
T4824 000:374.093 JLINK_CORESIGHT_WriteAPDPReg(AP reg 0x01, 0x80011140)
T4824 000:374.269 - 0.175ms returns 0
T4824 000:374.282 JLINK_CORESIGHT_ReadAPDPReg(AP reg 0x03)
T4824 000:374.485   Value=0x00000000
T4824 000:374.495 - 0.212ms returns 0
T4824 000:374.502 JLINK_CORESIGHT_WriteAPDPReg(AP reg 0x00, 0x80000002)
T4824 000:374.660 - 0.158ms returns 0
T4824 000:374.668 JLINK_CORESIGHT_WriteAPDPReg(AP reg 0x01, 0x80011130)
T4824 000:374.832 - 0.164ms returns 0
T4824 000:374.841 JLINK_CORESIGHT_ReadAPDPReg(AP reg 0x03)
T4824 000:375.048   Value=0xFFFFFFFF
T4824 000:375.056 - 0.215ms returns 0
T4824 000:375.063 JLINK_CORESIGHT_WriteAPDPReg(AP reg 0x00, 0x80000002)
T4824 000:375.221 - 0.158ms returns 0
T4824 000:375.230 JLINK_CORESIGHT_WriteAPDPReg(AP reg 0x01, 0x80011140)
T4824 000:375.398 - 0.167ms returns 0
T4824 000:375.405 JLINK_CORESIGHT_ReadAPDPReg(AP reg 0x03)
T4824 000:375.594   Value=0x00000000
T4824 000:375.602 - 0.197ms returns 0
T4824 000:375.610 JLINK_CORESIGHT_WriteAPDPReg(AP reg 0x00, 0x80000002)
T4824 000:375.771 - 0.161ms returns 0
T4824 000:375.778 JLINK_CORESIGHT_WriteAPDPReg(AP reg 0x01, 0x80011130)
T4824 000:375.942 - 0.165ms returns 0
T4824 000:375.950 JLINK_CORESIGHT_ReadAPDPReg(AP reg 0x03)
T4824 000:376.240   Value=0x0003B0FF
T4824 000:376.328 - 0.352ms returns 0
T4824 000:376.347 JLINK_CORESIGHT_WriteAPDPReg(AP reg 0x00, 0x80000002)
T4824 000:376.509 - 0.162ms returns 0
T4824 000:376.520 JLINK_CORESIGHT_WriteAPDPReg(AP reg 0x01, 0x80011140)
T4824 000:376.694 - 0.174ms returns 0
T4824 000:376.702 JLINK_CORESIGHT_ReadAPDPReg(AP reg 0x03)
T4824 000:376.911   Value=0x00000002
T4824 000:376.922 - 0.219ms returns 0
T4824 000:376.929 JLINK_CORESIGHT_WriteAPDPReg(AP reg 0x00, 0x80000002)
T4824 000:377.095 - 0.165ms returns 0
T4824 000:377.104 JLINK_CORESIGHT_WriteAPDPReg(AP reg 0x01, 0x80011120)
T4824 000:377.276 - 0.172ms returns 0
T4824 000:377.285 JLINK_CORESIGHT_WriteAPDPReg(AP reg 0x03, 0x4F010001)
T4824 000:377.435 - 0.150ms returns 0
T4824 000:377.442 JLINK_CORESIGHT_WriteAPDPReg(AP reg 0x00, 0x80000002)
T4824 000:377.594 - 0.152ms returns 0
T4824 000:377.601 JLINK_CORESIGHT_WriteAPDPReg(AP reg 0x01, 0x80011140)
T4824 000:377.753 - 0.152ms returns 0
T4824 000:377.761 JLINK_CORESIGHT_ReadAPDPReg(AP reg 0x03)
T4824 000:377.963   Value=0x00000002
T4824 000:377.972 - 0.211ms returns 0
T4824 000:377.979 JLINK_CORESIGHT_WriteAPDPReg(AP reg 0x00, 0x80000002)
T4824 000:378.129 - 0.150ms returns 0
T4824 000:378.137 JLINK_CORESIGHT_WriteAPDPReg(AP reg 0x01, 0x80011120)
T4824 000:378.343 - 0.205ms returns 0
T4824 000:378.351 JLINK_CORESIGHT_WriteAPDPReg(AP reg 0x03, 0x000003B0)
T4824 000:378.503 - 0.152ms returns 0
T4824 000:378.511 JLINK_CORESIGHT_WriteAPDPReg(AP reg 0x00, 0x80000002)
T4824 000:378.665 - 0.154ms returns 0
T4824 000:378.673 JLINK_CORESIGHT_WriteAPDPReg(AP reg 0x01, 0x80011140)
T4824 000:378.861 - 0.187ms returns 0
T4824 000:378.869 JLINK_CORESIGHT_ReadAPDPReg(AP reg 0x03)
T4824 000:379.087   Value=0x00000000
T4824 000:379.115 - 0.245ms returns 0
T4824 000:379.133 JLINK_CORESIGHT_WriteAPDPReg(AP reg 0x00, 0x80000002)
T4824 000:379.365 - 0.231ms returns 0
T4824 000:379.392 JLINK_CORESIGHT_WriteAPDPReg(AP reg 0x01, 0x80011130)
T4824 000:379.576 - 0.184ms returns 0
T4824 000:379.597 JLINK_CORESIGHT_ReadAPDPReg(AP reg 0x03)
T4824 000:379.846   Value=0x4F0B0081
T4824 000:379.872 - 0.275ms returns 0
T4824 000:379.888 JLINK_CORESIGHT_WriteAPDPReg(AP reg 0x00, 0x80000002)
T4824 000:380.066 - 0.178ms returns 0
T4824 000:380.083 JLINK_CORESIGHT_WriteAPDPReg(AP reg 0x01, 0x80011140)
T4824 000:380.268 - 0.185ms returns 0
T4824 000:380.295 JLINK_CORESIGHT_ReadAPDPReg(AP reg 0x03)
T4824 000:380.521   Value=0x00000000
T4824 000:380.546 - 0.251ms returns 0
T4824 000:380.561 JLINK_CORESIGHT_WriteAPDPReg(AP reg 0x00, 0x80000002)
T4824 000:380.723 - 0.161ms returns 0
T4824 000:380.739 JLINK_CORESIGHT_WriteAPDPReg(AP reg 0x01, 0x80011130)
T4824 000:380.903 - 0.163ms returns 0
T4824 000:380.919 JLINK_CORESIGHT_ReadAPDPReg(AP reg 0x03)
T4824 000:381.225   Value=0x20001200
T4824 000:381.249 - 0.330ms returns 0
T4824 000:381.265 JLINK_CORESIGHT_WriteAPDPReg(AP reg 0x00, 0x80000002)
T4824 000:381.430 - 0.165ms returns 0
T4824 000:381.447 JLINK_CORESIGHT_WriteAPDPReg(AP reg 0x01, 0x80011140)
T4824 000:381.601 - 0.154ms returns 0
T4824 000:381.620 JLINK_CORESIGHT_ReadAPDPReg(AP reg 0x03)
T4824 000:381.853   Value=0x00000000
T4824 000:381.874 - 0.254ms returns 0
T4824 000:381.887 JLINK_CORESIGHT_WriteAPDPReg(AP reg 0x00, 0x80000002)
T4824 000:382.067 - 0.179ms returns 0
T4824 000:382.078 JLINK_CORESIGHT_WriteAPDPReg(AP reg 0x01, 0x80011130)
T4824 000:382.265 - 0.186ms returns 0
T4824 000:382.274 JLINK_CORESIGHT_ReadAPDPReg(AP reg 0x03)
T4824 000:382.482   Value=0x0B000000
T4824 000:382.492 - 0.217ms returns 0
T4824 000:382.501 JLINK_CORESIGHT_WriteAPDPReg(AP reg 0x00, 0x80000002)
T4824 000:382.661 - 0.160ms returns 0
T4824 000:382.669 JLINK_CORESIGHT_WriteAPDPReg(AP reg 0x01, 0x80011140)
T4824 000:382.832 - 0.163ms returns 0
T4824 000:382.841 JLINK_CORESIGHT_ReadAPDPReg(AP reg 0x03)
T4824 000:383.048   Value=0x00000000
T4824 000:383.056 - 0.215ms returns 0
T4824 000:383.064 JLINK_CORESIGHT_WriteAPDPReg(AP reg 0x00, 0x80000002)
T4824 000:383.221 - 0.157ms returns 0
T4824 000:383.232 JLINK_CORESIGHT_WriteAPDPReg(AP reg 0x01, 0x80011130)
T4824 000:383.398 - 0.166ms returns 0
T4824 000:383.407 JLINK_CORESIGHT_ReadAPDPReg(AP reg 0x03)
T4824 000:383.641   Value=0x03591000
T4824 000:383.650 - 0.243ms returns 0
T4824 000:383.754 JLINK_CORESIGHT_WriteAPDPReg(AP reg 0x00, 0x80000002)
T4824 000:383.913 - 0.158ms returns 0
T4824 000:383.920 JLINK_CORESIGHT_WriteAPDPReg(AP reg 0x01, 0x80011140)
T4824 000:384.085 - 0.164ms returns 0
T4824 000:384.092 JLINK_CORESIGHT_ReadAPDPReg(AP reg 0x03)
T4824 000:384.304   Value=0x00000002
T4824 000:384.336 - 0.239ms returns 0
T4824 000:384.353 JLINK_CORESIGHT_WriteAPDPReg(AP reg 0x00, 0x80000002)
T4824 000:384.525 - 0.171ms returns 0
T4824 000:384.557 JLINK_CORESIGHT_WriteAPDPReg(AP reg 0x01, 0x80011120)
T4824 000:384.770 - 0.214ms returns 0
T4824 000:384.788 JLINK_CORESIGHT_WriteAPDPReg(AP reg 0x03, 0x4F010001)
T4824 000:385.000 - 0.212ms returns 0
T4824 000:385.021 JLINK_CORESIGHT_WriteAPDPReg(AP reg 0x00, 0x80000002)
T4824 000:385.258 - 0.236ms returns 0
T4824 000:385.280 JLINK_CORESIGHT_WriteAPDPReg(AP reg 0x01, 0x80011140)
T4824 000:385.452 - 0.172ms returns 0
T4824 000:385.472 JLINK_CORESIGHT_ReadAPDPReg(AP reg 0x03)
T4824 000:385.717   Value=0x00000002
T4824 000:385.745 - 0.272ms returns 0
T4824 000:385.760 JLINK_CORESIGHT_WriteAPDPReg(AP reg 0x00, 0x80000002)
T4824 000:385.986 - 0.226ms returns 0
T4824 000:386.002 JLINK_CORESIGHT_WriteAPDPReg(AP reg 0x01, 0x80011120)
T4824 000:386.228 - 0.225ms returns 0
T4824 000:386.254 JLINK_CORESIGHT_WriteAPDPReg(AP reg 0x03, 0x000003B0)
T4824 000:386.492 - 0.238ms returns 0
T4824 000:386.517 JLINK_CORESIGHT_WriteAPDPReg(AP reg 0x00, 0x80000002)
T4824 000:386.724 - 0.206ms returns 0
T4824 000:386.743 JLINK_CORESIGHT_WriteAPDPReg(AP reg 0x01, 0x80011140)
T4824 000:386.915 - 0.172ms returns 0
T4824 000:386.937 JLINK_CORESIGHT_ReadAPDPReg(AP reg 0x03)
T4824 000:387.151   Value=0x00000000
T4824 000:387.175 - 0.238ms returns 0
T4824 000:387.196 JLINK_CORESIGHT_WriteAPDPReg(AP reg 0x00, 0x80000002)
T4824 000:387.379 - 0.183ms returns 0
T4824 000:387.406 JLINK_CORESIGHT_WriteAPDPReg(AP reg 0x01, 0x80011130)
T4824 000:387.567 - 0.161ms returns 0
T4824 000:387.576 JLINK_CORESIGHT_ReadAPDPReg(AP reg 0x03)
T4824 000:387.817   Value=0x4F0B0081
T4824 000:387.826 - 0.250ms returns 0
T4824 000:387.833 JLINK_CORESIGHT_WriteAPDPReg(AP reg 0x00, 0x80000002)
T4824 000:388.018 - 0.185ms returns 0
T4824 000:388.026 JLINK_CORESIGHT_WriteAPDPReg(AP reg 0x01, 0x80011140)
T4824 000:388.225 - 0.198ms returns 0
T4824 000:388.250 JLINK_CORESIGHT_ReadAPDPReg(AP reg 0x03)
T4824 000:388.522   Value=0x00000000
T4824 000:388.547 - 0.296ms returns 0
T4824 000:388.561 JLINK_CORESIGHT_WriteAPDPReg(AP reg 0x00, 0x80000002)
T4824 000:388.780 - 0.219ms returns 0
T4824 000:388.800 JLINK_CORESIGHT_WriteAPDPReg(AP reg 0x01, 0x80011130)
T4824 000:388.963 - 0.163ms returns 0
T4824 000:388.980 JLINK_CORESIGHT_ReadAPDPReg(AP reg 0x03)
T4824 000:389.227   Value=0x20001200
T4824 000:389.247 - 0.266ms returns 0
T4824 000:389.261 JLINK_CORESIGHT_WriteAPDPReg(AP reg 0x00, 0x80000002)
T4824 000:389.439 - 0.178ms returns 0
T4824 000:389.463 JLINK_CORESIGHT_WriteAPDPReg(AP reg 0x01, 0x80011140)
T4824 000:389.655 - 0.191ms returns 0
T4824 000:389.684 JLINK_CORESIGHT_ReadAPDPReg(AP reg 0x03)
T4824 000:389.901   Value=0x00000000
T4824 000:389.927 - 0.242ms returns 0
T4824 000:389.941 JLINK_CORESIGHT_WriteAPDPReg(AP reg 0x00, 0x80000002)
T4824 000:390.129 - 0.188ms returns 0
T4824 000:390.153 JLINK_CORESIGHT_WriteAPDPReg(AP reg 0x01, 0x80011130)
T4824 000:390.375 - 0.222ms returns 0
T4824 000:390.392 JLINK_CORESIGHT_ReadAPDPReg(AP reg 0x03)
T4824 000:390.617   Value=0x0B000000
T4824 000:390.640 - 0.247ms returns 0
T4824 000:390.653 JLINK_CORESIGHT_WriteAPDPReg(AP reg 0x00, 0x80000002)
T4824 000:390.852 - 0.199ms returns 0
T4824 000:390.866 JLINK_CORESIGHT_WriteAPDPReg(AP reg 0x01, 0x80011140)
T4824 000:391.053 - 0.186ms returns 0
T4824 000:391.067 JLINK_CORESIGHT_ReadAPDPReg(AP reg 0x03)
T4824 000:391.276   Value=0x00000000
T4824 000:391.300 - 0.232ms returns 0
T4824 000:391.313 JLINK_CORESIGHT_WriteAPDPReg(AP reg 0x00, 0x80000002)
T4824 000:391.498 - 0.184ms returns 0
T4824 000:391.513 JLINK_CORESIGHT_WriteAPDPReg(AP reg 0x01, 0x80011130)
T4824 000:391.698 - 0.185ms returns 0
T4824 000:391.716 JLINK_CORESIGHT_ReadAPDPReg(AP reg 0x03)
T4824 000:391.948   Value=0x03591000
T4824 000:391.956 - 0.240ms returns 0
T4824 000:391.972 JLINK_CORESIGHT_ReadAPDPReg(DP reg 0x01)
T4824 000:392.126   Value=0xF0000F40
T4824 000:392.135 - 0.163ms returns 0
T4824 000:392.158 JLINK_CORESIGHT_WriteAPDPReg(DP reg 0x01, 0xA0000F40)
T4824 000:392.491 - 0.332ms returns 0
T4824 000:392.517 JLINK_CORESIGHT_ReadAPDPReg(DP reg 0x01)
T4824 000:392.728   Value=0x00000F40
T4824 000:392.752 - 0.235ms returns 0
T4824 000:392.765 JLINK_ClrRESET()
T4824 000:393.224 - 0.457ms 
T4824 000:497.455 JLINK_Close()
T4824 000:510.819 - 13.362ms
T4824 000:510.846   
T4824 000:510.852   Closed
